#
# A fatal error has been detected by the Java Runtime Environment:
#
#  SIGSEGV (0xb) at pc=0x00007fdd7507162b, pid=13324, tid=140589137188672
#
# JRE version: Java(TM) SE Runtime Environment (7.0_75-b13) (build 1.7.0_75-b13)
# Java VM: Java HotSpot(TM) 64-Bit Server VM (24.75-b04 mixed mode linux-amd64 compressed oops)
# Problematic frame:
# C  [libhdfs.so.0.0.0+0x362b]  hdfsFreeBuilder+0x1b
#
# Failed to write core dump. Core dumps have been disabled. To enable core dumping, try "ulimit -c unlimited" before starting Java again
#
# If you would like to submit a bug report, please visit:
#   http://bugreport.sun.com/bugreport/crash.jsp
# The crash happened outside the Java Virtual Machine in native code.
# See problematic frame for where to report the bug.
#

---------------  T H R E A D  ---------------

Current thread (0x0000000000ca7800):  JavaThread "main" [_thread_in_native, id=13324, stack(0x00007fff8dcfe000,0x00007fff8ddfe000)]

siginfo:si_signo=SIGSEGV: si_errno=0, si_code=128 (), si_addr=0x0000000000000000

Registers:
RAX=0x0000000000672920, RBX=0x0000000000c911c0, RCX=0x0000000000000400, RDX=0x00007fdd74c4b768
RSP=0x00007fff8ddf67d0, RBP=0x0000000000c911c0, RSI=0x00007fdd44192000, RDI=0x632e737574617453
R8 =0x00007fdd7449ea90, R9 =0x0000000000000001, R10=0x00007fff8ddf6580, R11=0x00007fdd75071610
R12=0x0000000000429958, R13=0x00007fff8ddf6c40, R14=0x0000000000000000, R15=0x0000000000000000
RIP=0x00007fdd7507162b, EFLAGS=0x0000000000010206, CSGSFS=0x0000000000000033, ERR=0x0000000000000000
  TRAPNO=0x000000000000000d

Top of Stack: (sp=0x00007fff8ddf67d0)
0x00007fff8ddf67d0:   0000000000000001 0000000000c911c0
0x00007fff8ddf67e0:   0000000000000000 000000000042854d
0x00007fff8ddf67f0:   00007fff8ddf6960 000000004d16fb9d
0x00007fff8ddf6800:   00007fdd0000000d 00007fff8ddf6980
0x00007fff8ddf6810:   00007fdd759742c8 00007fdd7575a523
0x00007fff8ddf6820:   0000000000000000 00007fdd75951c18
0x00007fff8ddf6830:   00007fdd00000001 0000000000000000
0x00007fff8ddf6840:   0000000100000001 00007fdd759742c8
0x00007fff8ddf6850:   00000000e1092706 00007fdd75974620
0x00007fff8ddf6860:   00007fff8ddf69d0 000000003413181d
0x00007fff8ddf6870:   00007fdd75951c18 00007fff8ddf69f0
0x00007fff8ddf6880:   0000000000000000 00007fdd75974620
0x00007fff8ddf6890:   0000000100000000 00007fdd75951c18
0x00007fff8ddf68a0:   00007fdd00000001 0000000000411241
0x00007fff8ddf68b0:   0000000000000001 00007fdd759742c8
0x00007fff8ddf68c0:   00007fdd7596d4f8 000000000040f5b9
0x00007fff8ddf68d0:   00007fdd74e6a648 00000000004033e8
0x00007fff8ddf68e0:   0000000100000000 000000010000001c
0x00007fff8ddf68f0:   00007fdd748e16e8 00007fdd75954000
0x00007fff8ddf6900:   000000018ddf6a70 00000000e1092706
0x00007fff8ddf6910:   0000000000000000 00000000004118b6
0x00007fff8ddf6920:   00000000ffffffff 00007fdd7575a523
0x00007fff8ddf6930:   0000000000000000 00000000006733c0
0x00007fff8ddf6940:   0000000000672010 0000000000000000
0x00007fff8ddf6950:   0000000000000000 0000000000000000
0x00007fff8ddf6960:   0000000000000000 0000000000000060
0x00007fff8ddf6970:   0000000000000000 0000003100000004
0x00007fff8ddf6980:   0000006e0000005b 0000007c00000077
0x00007fff8ddf6990:   00000000ffffffff 00007fdd7449c720
0x00007fff8ddf69a0:   0000000000000003 0000000000000030
0x00007fff8ddf69b0:   00000000006724c8 0000000000000002
0x00007fff8ddf69c0:   0000000000000000 00007fdd74166265 

Instructions: (pc=0x00007fdd7507162b)
0x00007fdd7507160b:   ff ff eb e6 90 55 48 89 fd 53 48 83 ec 08 48 8b
0x00007fdd7507161b:   7f 28 48 85 ff 75 09 eb 14 0f 1f 40 00 48 89 df
0x00007fdd7507162b:   48 8b 1f e8 cd e6 ff ff 48 85 db 75 f0 48 83 c4
0x00007fdd7507163b:   08 48 89 ef 5b 5d e9 ba e6 ff ff 66 2e 0f 1f 84 

Register to memory mapping:

RAX=0x0000000000672920: _ZSt4cout+0 in ./uniCAPMaster at 0x0000000000400000
RBX=0x0000000000c911c0 is an unknown value
RCX=0x0000000000000400 is an unknown value
RDX=0x00007fdd74c4b768: _ZTVSo+0x18 in /usr/lib/x86_64-linux-gnu/libstdc++.so.6 at 0x00007fdd748d7000
RSP=0x00007fff8ddf67d0 is pointing into the stack for thread: 0x0000000000ca7800
RBP=0x0000000000c911c0 is an unknown value
RSI=0x00007fdd44192000 is an unknown value
RDI=0x632e737574617453 is an unknown value
R8 =0x00007fdd7449ea90: <offset 0x3baa90> in /lib/x86_64-linux-gnu/libc.so.6 at 0x00007fdd740e4000
R9 =0x0000000000000001 is an unknown value
R10=0x00007fff8ddf6580 is pointing into the stack for thread: 0x0000000000ca7800
R11=0x00007fdd75071610: hdfsFreeBuilder+0 in /usr/lib/libhdfs.so.0.0.0 at 0x00007fdd7506e000
R12=0x0000000000429958: _start+0 in ./uniCAPMaster at 0x0000000000400000
R13=0x00007fff8ddf6c40 is pointing into the stack for thread: 0x0000000000ca7800
R14=0x0000000000000000 is an unknown value
R15=0x0000000000000000 is an unknown value


Stack: [0x00007fff8dcfe000,0x00007fff8ddfe000],  sp=0x00007fff8ddf67d0,  free space=993k
Native frames: (J=compiled Java code, j=interpreted, Vv=VM code, C=native code)
C  [libhdfs.so.0.0.0+0x362b]  hdfsFreeBuilder+0x1b


---------------  P R O C E S S  ---------------

Java Threads: ( => current thread )
  0x0000000001469000 JavaThread "IPC Parameter Sending Thread #0" daemon [_thread_blocked, id=13344, stack(0x00007fdd44193000,0x00007fdd44294000)]
  0x000000000144b800 JavaThread "IPC Client (1604304067) connection to BDP-00/192.168.0.21:9000 from mapred" daemon [_thread_blocked, id=13343, stack(0x00007fdd44294000,0x00007fdd44395000)]
  0x0000000000d44000 JavaThread "Service Thread" daemon [_thread_blocked, id=13341, stack(0x00007fdd45272000,0x00007fdd45373000)]
  0x0000000000d42000 JavaThread "C2 CompilerThread1" daemon [_thread_blocked, id=13340, stack(0x00007fdd45373000,0x00007fdd45474000)]
  0x0000000000d3f000 JavaThread "C2 CompilerThread0" daemon [_thread_blocked, id=13339, stack(0x00007fdd45474000,0x00007fdd45575000)]
  0x0000000000d3c800 JavaThread "Signal Dispatcher" daemon [_thread_blocked, id=13338, stack(0x00007fdd45575000,0x00007fdd45676000)]
  0x0000000000d1b000 JavaThread "Finalizer" daemon [_thread_blocked, id=13337, stack(0x00007fdd45d5a000,0x00007fdd45e5b000)]
  0x0000000000d19000 JavaThread "Reference Handler" daemon [_thread_blocked, id=13336, stack(0x00007fdd45e5b000,0x00007fdd45f5c000)]
=>0x0000000000ca7800 JavaThread "main" [_thread_in_native, id=13324, stack(0x00007fff8dcfe000,0x00007fff8ddfe000)]

Other Threads:
  0x0000000000d14800 VMThread [stack: 0x00007fdd45f5c000,0x00007fdd4605d000] [id=13335]
  0x0000000000d47000 WatcherThread [stack: 0x00007fdd45171000,0x00007fdd45272000] [id=13342]

VM state:not at safepoint (normal execution)

VM Mutex/Monitor currently owned by a thread: None

Heap
 PSYoungGen      total 301056K, used 82776K [0x00000006b0a00000, 0x00000006c5980000, 0x0000000800000000)
  eden space 258560K, 32% used [0x00000006b0a00000,0x00000006b5ad6078,0x00000006c0680000)
  from space 42496K, 0% used [0x00000006c3000000,0x00000006c3000000,0x00000006c5980000)
  to   space 42496K, 0% used [0x00000006c0680000,0x00000006c0680000,0x00000006c3000000)
 ParOldGen       total 686592K, used 0K [0x0000000411e00000, 0x000000043bc80000, 0x00000006b0a00000)
  object space 686592K, 0% used [0x0000000411e00000,0x0000000411e00000,0x000000043bc80000)
 PSPermGen       total 21504K, used 14576K [0x000000040cc00000, 0x000000040e100000, 0x0000000411e00000)
  object space 21504K, 67% used [0x000000040cc00000,0x000000040da3c150,0x000000040e100000)

Card table byte_map: [0x00007fdd6c4e9000,0x00007fdd6e484000] byte_map_base: 0x00007fdd6a483000

Polling page: 0x00007fdd7596c000

Code Cache  [0x00007fdd6e484000, 0x00007fdd6e6f4000, 0x00007fdd71484000)
 total_blobs=450 nmethods=136 adapters=267 free_code_cache=48327Kb largest_free_block=49443520

Compilation events (10 events):
Event: 1.080 Thread 0x0000000000d42000  131             java.lang.StringBuilder::append (8 bytes)
Event: 1.085 Thread 0x0000000000d42000 nmethod 131 0x00007fdd6e54c990 code [0x00007fdd6e54cb00, 0x00007fdd6e54ced8]
Event: 1.085 Thread 0x0000000000d3f000  132             java.io.DataOutputStream::incCount (20 bytes)
Event: 1.085 Thread 0x0000000000d3f000 nmethod 132 0x00007fdd6e53f090 code [0x00007fdd6e53f1c0, 0x00007fdd6e53f238]
Event: 1.089 Thread 0x0000000000d42000  133             java.io.ByteArrayOutputStream::ensureCapacity (16 bytes)
Event: 1.090 Thread 0x0000000000d3f000  134  s          java.io.ByteArrayOutputStream::write (32 bytes)
Event: 1.090 Thread 0x0000000000d42000 nmethod 133 0x00007fdd6e54d250 code [0x00007fdd6e54d3a0, 0x00007fdd6e54d448]
Event: 1.092 Thread 0x0000000000d3f000 nmethod 134 0x00007fdd6e542510 code [0x00007fdd6e542660, 0x00007fdd6e542a48]
Event: 1.119 Thread 0x0000000000d42000  135             java.util.zip.ZStreamRef::address (5 bytes)
Event: 1.119 Thread 0x0000000000d42000 nmethod 135 0x00007fdd6e54c790 code [0x00007fdd6e54c8c0, 0x00007fdd6e54c918]

GC Heap History (0 events):
No events

Deoptimization events (10 events):
Event: 0.383 Thread 0x0000000000ca7800 Uncommon trap: reason=class_check action=maybe_recompile pc=0x00007fdd6e4e3fd4 method=java.lang.String.equals(Ljava/lang/Object;)Z @ 8
Event: 0.383 Thread 0x0000000000ca7800 Uncommon trap: reason=class_check action=maybe_recompile pc=0x00007fdd6e4e3fd4 method=java.lang.String.equals(Ljava/lang/Object;)Z @ 8
Event: 0.412 Thread 0x0000000000ca7800 Uncommon trap: reason=unreached action=reinterpret pc=0x00007fdd6e4ff0a8 method=sun.misc.URLClassPath$JarLoader.ensureOpen()V @ 4
Event: 0.485 Thread 0x0000000000ca7800 Uncommon trap: reason=class_check action=maybe_recompile pc=0x00007fdd6e500d70 method=java.util.Properties$LineReader.readLine()I @ 402
Event: 0.817 Thread 0x0000000000ca7800 Uncommon trap: reason=unreached action=reinterpret pc=0x00007fdd6e502c3c method=sun.misc.URLClassPath$JarLoader.ensureOpen()V @ 4
Event: 0.817 Thread 0x0000000000ca7800 Uncommon trap: reason=unreached action=reinterpret pc=0x00007fdd6e4f9c54 method=sun.misc.URLClassPath$JarLoader.ensureOpen()V @ 4
Event: 0.975 Thread 0x0000000000ca7800 Uncommon trap: reason=class_check action=maybe_recompile pc=0x00007fdd6e5341b4 method=java.util.HashMap.put(Ljava/lang/Object;Ljava/lang/Object;)Ljava/lang/Object; @ 83
Event: 0.975 Thread 0x0000000000ca7800 Uncommon trap: reason=class_check action=maybe_recompile pc=0x00007fdd6e5341b4 method=java.util.HashMap.put(Ljava/lang/Object;Ljava/lang/Object;)Ljava/lang/Object; @ 83
Event: 0.976 Thread 0x0000000000ca7800 Uncommon trap: reason=class_check action=maybe_recompile pc=0x00007fdd6e5341b4 method=java.util.HashMap.put(Ljava/lang/Object;Ljava/lang/Object;)Ljava/lang/Object; @ 83
Event: 0.976 Thread 0x0000000000ca7800 Uncommon trap: reason=class_check action=maybe_recompile pc=0x00007fdd6e5341b4 method=java.util.HashMap.put(Ljava/lang/Object;Ljava/lang/Object;)Ljava/lang/Object; @ 83

Internal exceptions (10 events):
Event: 1.266 Thread 0x0000000000ca7800 Threw 0x00000006b569cb68 at /HUDSON/workspace/7u-2-build-linux-amd64/jdk7u75/1940/hotspot/src/share/vm/prims/jvm.cpp:1281
Event: 1.267 Thread 0x0000000000ca7800 Threw 0x00000006b56a38a0 at /HUDSON/workspace/7u-2-build-linux-amd64/jdk7u75/1940/hotspot/src/share/vm/prims/jvm.cpp:1281
Event: 1.267 Thread 0x0000000000ca7800 Threw 0x00000006b56a9b60 at /HUDSON/workspace/7u-2-build-linux-amd64/jdk7u75/1940/hotspot/src/share/vm/prims/jvm.cpp:1281
Event: 1.267 Thread 0x0000000000ca7800 Threw 0x00000006b56ae5b0 at /HUDSON/workspace/7u-2-build-linux-amd64/jdk7u75/1940/hotspot/src/share/vm/prims/jvm.cpp:1281
Event: 1.268 Thread 0x0000000000ca7800 Threw 0x00000006b56b3a30 at /HUDSON/workspace/7u-2-build-linux-amd64/jdk7u75/1940/hotspot/src/share/vm/prims/jvm.cpp:1281
Event: 1.268 Thread 0x0000000000ca7800 Threw 0x00000006b56bae70 at /HUDSON/workspace/7u-2-build-linux-amd64/jdk7u75/1940/hotspot/src/share/vm/prims/jvm.cpp:1281
Event: 1.269 Thread 0x0000000000ca7800 Threw 0x00000006b56c7ed0 at /HUDSON/workspace/7u-2-build-linux-amd64/jdk7u75/1940/hotspot/src/share/vm/prims/jvm.cpp:1281
Event: 1.269 Thread 0x0000000000ca7800 Threw 0x00000006b56cdf48 at /HUDSON/workspace/7u-2-build-linux-amd64/jdk7u75/1940/hotspot/src/share/vm/prims/jvm.cpp:1281
Event: 1.270 Thread 0x0000000000ca7800 Threw 0x00000006b56db0d8 at /HUDSON/workspace/7u-2-build-linux-amd64/jdk7u75/1940/hotspot/src/share/vm/prims/jvm.cpp:1281
Event: 1.270 Thread 0x0000000000ca7800 Threw 0x00000006b56e0658 at /HUDSON/workspace/7u-2-build-linux-amd64/jdk7u75/1940/hotspot/src/share/vm/prims/jvm.cpp:1281

Events (10 events):
Event: 1.270 loading class 0x00000000013629a0
Event: 1.270 loading class 0x00000000013629a0 done
Event: 1.272 loading class 0x00007fdd7580a590
Event: 1.272 loading class 0x00007fdd7580a590 done
Event: 1.272 loading class 0x00007fdd081d02e0
Event: 1.272 loading class 0x00007fdd081d0340
Event: 1.272 loading class 0x00007fdd081d0340 done
Event: 1.272 loading class 0x00007fdd081d02e0 done
Event: 1.272 loading class 0x00007fdd081d0310
Event: 1.272 loading class 0x00007fdd081d0310 done


Dynamic libraries:
00400000-00472000 r-xp 00000000 08:01 2912291                            /home/mapred/unicap/bin/uniCAPMaster
00671000-00672000 r--p 00071000 08:01 2912291                            /home/mapred/unicap/bin/uniCAPMaster
00672000-00673000 rw-p 00072000 08:01 2912291                            /home/mapred/unicap/bin/uniCAPMaster
00673000-00674000 rw-p 00000000 00:00 0 
00c7d000-014bc000 rw-p 00000000 00:00 0                                  [heap]
40cc00000-40e100000 rw-p 00000000 00:00 0 
40e100000-411e00000 rw-p 00000000 00:00 0 
411e00000-43bc80000 rw-p 00000000 00:00 0 
43bc80000-6b0a00000 rw-p 00000000 00:00 0 
6b0a00000-6c5980000 rw-p 00000000 00:00 0 
6c5980000-800000000 rw-p 00000000 00:00 0 
7fdcf4000000-7fdcf4023000 rw-p 00000000 00:00 0 
7fdcf4023000-7fdcf8000000 ---p 00000000 00:00 0 
7fdcf8000000-7fdcf8021000 rw-p 00000000 00:00 0 
7fdcf8021000-7fdcfc000000 ---p 00000000 00:00 0 
7fdcfc000000-7fdcfc021000 rw-p 00000000 00:00 0 
7fdcfc021000-7fdd00000000 ---p 00000000 00:00 0 
7fdd00000000-7fdd00021000 rw-p 00000000 00:00 0 
7fdd00021000-7fdd04000000 ---p 00000000 00:00 0 
7fdd04000000-7fdd04d4a000 rw-p 00000000 00:00 0 
7fdd04d4a000-7fdd08000000 ---p 00000000 00:00 0 
7fdd08000000-7fdd086bc000 rw-p 00000000 00:00 0 
7fdd086bc000-7fdd0c000000 ---p 00000000 00:00 0 
7fdd0c000000-7fdd0c021000 rw-p 00000000 00:00 0 
7fdd0c021000-7fdd10000000 ---p 00000000 00:00 0 
7fdd10000000-7fdd10021000 rw-p 00000000 00:00 0 
7fdd10021000-7fdd14000000 ---p 00000000 00:00 0 
7fdd14000000-7fdd14021000 rw-p 00000000 00:00 0 
7fdd14021000-7fdd18000000 ---p 00000000 00:00 0 
7fdd18660000-7fdd38000000 rw-p 00000000 00:00 0 
7fdd38000000-7fdd38021000 rw-p 00000000 00:00 0 
7fdd38021000-7fdd3c000000 ---p 00000000 00:00 0 
7fdd3c000000-7fdd3c021000 rw-p 00000000 00:00 0 
7fdd3c021000-7fdd40000000 ---p 00000000 00:00 0 
7fdd40000000-7fdd40021000 rw-p 00000000 00:00 0 
7fdd40021000-7fdd44000000 ---p 00000000 00:00 0 
7fdd44192000-7fdd44193000 rw-p 00000000 00:00 0 
7fdd44193000-7fdd44196000 ---p 00000000 00:00 0 
7fdd44196000-7fdd44294000 rw-p 00000000 00:00 0                          [stack:13344]
7fdd44294000-7fdd44297000 ---p 00000000 00:00 0 
7fdd44297000-7fdd44395000 rw-p 00000000 00:00 0                          [stack:13343]
7fdd44395000-7fdd44399000 r--s 00037000 08:01 658173                     /opt/jdk1.7.0_75/jre/lib/ext/sunpkcs11.jar
7fdd44399000-7fdd4439a000 r--s 00003000 08:01 658172                     /opt/jdk1.7.0_75/jre/lib/ext/sunec.jar
7fdd4439a000-7fdd4439e000 r--s 0008b000 08:01 658164                     /opt/jdk1.7.0_75/jre/lib/jsse.jar
7fdd4439e000-7fdd443a1000 r--s 00019000 08:01 658141                     /opt/jdk1.7.0_75/jre/lib/jce.jar
7fdd443a1000-7fdd443a2000 r-xp 00000000 08:01 657280                     /opt/jdk1.7.0_75/jre/lib/amd64/libjaas_unix.so
7fdd443a2000-7fdd445a1000 ---p 00001000 08:01 657280                     /opt/jdk1.7.0_75/jre/lib/amd64/libjaas_unix.so
7fdd445a1000-7fdd445a2000 rw-p 00000000 08:01 657280                     /opt/jdk1.7.0_75/jre/lib/amd64/libjaas_unix.so
7fdd445a2000-7fdd445ac000 r--s 00251000 08:01 657304                     /opt/jdk1.7.0_75/jre/lib/resources.jar
7fdd445ac000-7fdd445b4000 r-xp 00000000 08:01 657235                     /opt/jdk1.7.0_75/jre/lib/amd64/libmanagement.so
7fdd445b4000-7fdd447b3000 ---p 00008000 08:01 657235                     /opt/jdk1.7.0_75/jre/lib/amd64/libmanagement.so
7fdd447b3000-7fdd447b4000 rw-p 00007000 08:01 657235                     /opt/jdk1.7.0_75/jre/lib/amd64/libmanagement.so
7fdd447b4000-7fdd44935000 rw-p 00000000 00:00 0 
7fdd44935000-7fdd4494b000 r-xp 00000000 08:01 657261                     /opt/jdk1.7.0_75/jre/lib/amd64/libnet.so
7fdd4494b000-7fdd44b4b000 ---p 00016000 08:01 657261                     /opt/jdk1.7.0_75/jre/lib/amd64/libnet.so
7fdd44b4b000-7fdd44b4c000 rw-p 00016000 08:01 657261                     /opt/jdk1.7.0_75/jre/lib/amd64/libnet.so
7fdd44b4c000-7fdd44b5c000 r-xp 00000000 08:01 657227                     /opt/jdk1.7.0_75/jre/lib/amd64/libnio.so
7fdd44b5c000-7fdd44d5c000 ---p 00010000 08:01 657227                     /opt/jdk1.7.0_75/jre/lib/amd64/libnio.so
7fdd44d5c000-7fdd44d5d000 rw-p 00010000 08:01 657227                     /opt/jdk1.7.0_75/jre/lib/amd64/libnio.so
7fdd44d5d000-7fdd44dc8000 r--s 00e22000 08:01 659384                     /opt/jdk1.7.0_75/lib/tools.jar
7fdd44dc8000-7fdd44dce000 r--s 0001e000 08:01 658265                     /opt/jdk1.7.0_75/lib/dt.jar
7fdd44dce000-7fdd44dd0000 r--s 00007000 08:01 2507108                    /usr/lib/parquet/parquet-pig-1.2.5-cdh4.7.0-sources.jar
7fdd44dd0000-7fdd44dd1000 r--s 00000000 08:01 2498634                    /usr/lib/parquet/parquet-scrooge-1.2.5-cdh4.7.0-sources.jar
7fdd44dd1000-7fdd44dd2000 r--s 00003000 08:01 2507115                    /usr/lib/parquet/parquet-scrooge-1.2.5-cdh4.7.0.jar
7fdd44dd2000-7fdd44dd5000 r--s 00024000 08:01 2497992                    /usr/lib/parquet/parquet-pig-1.2.5-cdh4.7.0-javadoc.jar
7fdd44dd5000-7fdd44dd6000 r--s 00000000 08:01 2493611                    /usr/lib/parquet/parquet-format-1.0.0-cdh4.7.0-sources.jar
7fdd44dd6000-7fdd44dd8000 r--s 00001000 08:01 2507109                    /usr/lib/parquet/parquet-cascading-1.2.5-cdh4.7.0-sources.jar
7fdd44dd8000-7fdd44dea000 r--s 000e9000 08:01 2498001                    /usr/lib/parquet/parquet-pig-1.2.5-cdh4.7.0.jar
7fdd44dea000-7fdd44deb000 r--s 0000e000 08:01 2497986                    /usr/lib/parquet/parquet-cascading-1.2.5-cdh4.7.0-javadoc.jar
7fdd44deb000-7fdd44ded000 r--s 00008000 08:01 2498377                    /usr/lib/parquet/parquet-generator-1.2.5-cdh4.7.0-javadoc.jar
7fdd44ded000-7fdd44e05000 r--s 00196000 08:01 2507307                    /usr/lib/hadoop-0.20-mapreduce/hadoop-core-2.0.0-mr1-cdh4.7.0.jar
7fdd44e05000-7fdd44e0e000 r--s 000a4000 08:01 2507449                    /usr/lib/hadoop-0.20-mapreduce/lib/hsqldb-1.8.0.10.jar
7fdd44e0e000-7fdd44e0f000 r--s 00003000 08:01 2507113                    /usr/lib/parquet/parquet-common-1.2.5-cdh4.7.0.jar
7fdd44e0f000-7fdd44e10000 r--s 00000000 08:01 2507107                    /usr/lib/parquet/parquet-pig-bundle-1.2.5-cdh4.7.0-sources.jar
7fdd44e10000-7fdd44e12000 r--s 00011000 08:01 2493615                    /usr/lib/parquet/parquet-hive-1.2.5-cdh4.7.0.jar
7fdd44e12000-7fdd44e41000 r--s 0024e000 08:01 2507119                    /usr/lib/parquet/parquet-pig-bundle-1.2.5-cdh4.7.0.jar
7fdd44e41000-7fdd44e42000 r--s 00001000 08:01 2507116                    /usr/lib/parquet/parquet-common-1.2.5-cdh4.7.0-sources.jar
7fdd44e42000-7fdd44e43000 r--s 0000c000 08:01 2507102                    /usr/lib/parquet/parquet-avro-1.2.5-cdh4.7.0-javadoc.jar
7fdd44e43000-7fdd44e4b000 r--s 00066000 08:01 2491117                    /usr/lib/parquet/parquet-format-1.0.0-cdh4.7.0.jar
7fdd44e4b000-7fdd44e4c000 r--s 00001000 08:01 2497974                    /usr/lib/parquet/parquet-generator-1.2.5-cdh4.7.0-sources.jar
7fdd44e4c000-7fdd44e50000 r--s 00023000 08:01 2507500                    /usr/lib/hadoop-yarn/hadoop-yarn-server-common-2.0.0-cdh4.7.0.jar
7fdd44e50000-7fdd44e52000 r--s 00008000 08:01 2507570                    /usr/lib/hadoop-mapreduce/hadoop-mapreduce-client-jobclient-2.0.0-cdh4.7.0.jar
7fdd44e52000-7fdd44e60000 r--s 000f9000 08:01 2507539                    /usr/lib/hadoop-yarn/hadoop-yarn-common-2.0.0-cdh4.7.0.jar
7fdd44e60000-7fdd44e61000 r--s 00009000 08:01 2507517                    /usr/lib/hadoop-yarn/hadoop-yarn-client-2.0.0-cdh4.7.0.jar
7fdd44e61000-7fdd44e6a000 r--s 0006a000 08:01 2507582                    /usr/lib/hadoop-mapreduce/hadoop-mapreduce-client-app-2.0.0-cdh4.7.0.jar
7fdd44e6a000-7fdd44e74000 r--s 00089000 08:01 2507581                    /usr/lib/hadoop-mapreduce/hadoop-mapreduce-client-common-2.0.0-cdh4.7.0.jar
7fdd44e74000-7fdd44e85000 r--s 00102000 08:01 2507513                    /usr/lib/hadoop-yarn/hadoop-yarn-api-2.0.0-cdh4.7.0.jar
7fdd44e85000-7fdd44e86000 r--s 00006000 08:01 2507579                    /usr/lib/hadoop-mapreduce/hadoop-mapreduce-client-shuffle-2.0.0-cdh4.7.0.jar
7fdd44e86000-7fdd44e95000 r--s 000b2000 08:01 2507527                    /usr/lib/hadoop-yarn/lib/netty-3.2.4.Final.jar
7fdd44e95000-7fdd44eac000 r--s 00145000 08:01 2507563                    /usr/lib/hadoop-mapreduce/hadoop-mapreduce-client-core-2.0.0-cdh4.7.0.jar
7fdd44eac000-7fdd44eb0000 r--s 00042000 08:01 2507106                    /usr/lib/parquet/parquet-thrift-1.2.5-cdh4.7.0-javadoc.jar
7fdd44eb0000-7fdd44eb5000 r--s 00053000 08:01 2507105                    /usr/lib/parquet/parquet-hadoop-1.2.5-cdh4.7.0-javadoc.jar
7fdd44eb5000-7fdd44ec8000 r--s 000fa000 08:01 2498288                    /usr/lib/parquet/parquet-hadoop-1.2.5-cdh4.7.0.jar
7fdd44ec8000-7fdd44ed1000 r--s 000a6000 08:01 2507114                    /usr/lib/parquet/parquet-column-1.2.5-cdh4.7.0-javadoc.jar
7fdd44ed1000-7fdd44ed3000 r--s 0000a000 08:01 2507110                    /usr/lib/parquet/parquet-avro-1.2.5-cdh4.7.0.jar
7fdd44ed3000-7fdd44ed5000 r--s 0000b000 08:01 2507174                    /usr/lib/hadoop/hadoop-auth-2.0.0-cdh4.7.0.jar
7fdd44ed5000-7fdd44eea000 r--s 000fc000 08:01 2507118                    /usr/lib/parquet/parquet-thrift-1.2.5-cdh4.7.0.jar
7fdd44eea000-7fdd44efa000 r--s 0009d000 08:01 2494466                    /usr/lib/parquet/parquet-column-1.2.5-cdh4.7.0.jar
7fdd44efa000-7fdd44f00000 r--s 0003e000 08:01 2497980                    /usr/lib/parquet/parquet-encoding-1.2.5-cdh4.7.0.jar
7fdd44f00000-7fdd44f14000 r--s 00121000 08:01 2507168                    /usr/lib/hadoop/hadoop-common-2.0.0-cdh4.7.0-tests.jar
7fdd44f14000-7fdd44f16000 r--s 0000c000 08:01 2507117                    /usr/lib/parquet/parquet-common-1.2.5-cdh4.7.0-javadoc.jar
7fdd44f16000-7fdd44f18000 r--s 00014000 08:01 2507111                    /usr/lib/parquet/parquet-hadoop-1.2.5-cdh4.7.0-sources.jar
7fdd44f18000-7fdd44f1a000 r--s 0000c000 08:01 2498680                    /usr/lib/parquet/parquet-thrift-1.2.5-cdh4.7.0-sources.jar
7fdd44f1a000-7fdd44f1b000 r--s 00004000 08:01 2507104                    /usr/lib/parquet/parquet-avro-1.2.5-cdh4.7.0-sources.jar
7fdd44f1b000-7fdd44f1c000 r--s 00001000 08:01 2507103                    /usr/lib/parquet/parquet-test-hadoop2-1.2.5-cdh4.7.0.jar
7fdd44f1c000-7fdd44f1e000 r--s 00016000 08:01 2507101                    /usr/lib/parquet/parquet-encoding-1.2.5-cdh4.7.0-javadoc.jar
7fdd44f1e000-7fdd44f20000 r--s 00004000 08:01 2507169                    /usr/lib/hadoop/hadoop-annotations-2.0.0-cdh4.7.0.jar
7fdd44f20000-7fdd44f22000 r--s 00004000 08:01 2493609                    /usr/lib/parquet/parquet-format-1.0.0-cdh4.7.0-javadoc.jar
7fdd44f22000-7fdd44f24000 r--s 00004000 08:01 2497989                    /usr/lib/parquet/parquet-cascading-1.2.5-cdh4.7.0.jar
7fdd44f24000-7fdd44f26000 r--s 00006000 08:01 2498383                    /usr/lib/parquet/parquet-scrooge-1.2.5-cdh4.7.0-javadoc.jar
7fdd44f26000-7fdd44f28000 r--s 00008000 08:01 2507120                    /usr/lib/parquet/parquet-hive-1.2.5-cdh4.7.0-sources.jar
7fdd44f28000-7fdd44f4d000 r--s 00213000 08:01 2507170                    /usr/lib/hadoop/hadoop-common-2.0.0-cdh4.7.0.jar
7fdd44f4d000-7fdd44f53000 r--s 00034000 08:01 2507184                    /usr/lib/hadoop/lib/junit-4.8.2.jar
7fdd44f53000-7fdd44f54000 r--s 00003000 08:01 2507112                    /usr/lib/parquet/parquet-generator-1.2.5-cdh4.7.0.jar
7fdd44f54000-7fdd44f57000 r--s 0002a000 08:01 2497983                    /usr/lib/parquet/parquet-hive-1.2.5-cdh4.7.0-javadoc.jar
7fdd44f57000-7fdd44f5b000 r--s 0001d000 08:01 2497977                    /usr/lib/parquet/parquet-column-1.2.5-cdh4.7.0-sources.jar
7fdd44f5b000-7fdd44f5c000 r--s 00004000 08:01 2498381                    /usr/lib/parquet/parquet-encoding-1.2.5-cdh4.7.0-sources.jar
7fdd44f5c000-7fdd44f5e000 r--s 0000e000 08:01 2507224                    /usr/lib/hadoop/lib/activation-1.1.jar
7fdd44f5e000-7fdd44f63000 r--s 0003e000 08:01 2507179                    /usr/lib/hadoop/lib/commons-net-3.1.jar
7fdd44f63000-7fdd44f64000 r--s 00004000 08:01 2507225                    /usr/lib/hadoop/lib/jackson-jaxrs-1.8.8.jar
7fdd44f64000-7fdd44f68000 r--s 00034000 08:01 2507211                    /usr/lib/hadoop/lib/jackson-core-asl-1.8.8.jar
7fdd44f68000-7fdd44f6a000 r--s 00006000 08:01 2507221                    /usr/lib/hadoop/lib/paranamer-2.3.jar
7fdd44f6a000-7fdd44f74000 r--s 00066000 08:01 2507231                    /usr/lib/hadoop/lib/jersey-core-1.8.jar
7fdd44f74000-7fdd44f78000 r--s 00020000 08:01 2507183                    /usr/lib/hadoop/lib/commons-digester-1.8.jar
7fdd44f78000-7fdd44f7a000 r--s 00005000 08:01 2507176                    /usr/lib/hadoop/lib/slf4j-api-1.6.1.jar
7fdd44f7a000-7fdd44f7c000 r--s 00014000 08:01 2507192                    /usr/lib/hadoop/lib/jline-0.9.94.jar
7fdd44f7c000-7fdd44f8f000 r--s 000c7000 08:01 2507195                    /usr/lib/hadoop/lib/jaxb-impl-2.2.3-1.jar
7fdd44f8f000-7fdd44f96000 r--s 00044000 08:01 2507217                    /usr/lib/hadoop/lib/avro-1.7.4.jar
7fdd44f96000-7fdd44f99000 r--s 00025000 08:01 2507222                    /usr/lib/hadoop/lib/commons-io-2.1.jar
7fdd44f99000-7fdd44f9d000 r--s 00014000 08:01 2507194                    /usr/lib/hadoop/lib/xz-1.0.jar
7fdd44f9d000-7fdd44fbe000 r--s 00172000 08:01 2507218                    /usr/lib/hadoop/lib/guava-11.0.2.jar
7fdd44fbe000-7fdd44fc2000 r--s 0002f000 08:01 2507228                    /usr/lib/hadoop/lib/commons-beanutils-core-1.8.0.jar
7fdd44fc2000-7fdd44fd3000 r--s 000bb000 08:01 2507212                    /usr/lib/hadoop/lib/commons-math-2.1.jar
7fdd44fd3000-7fdd44fd4000 r--s 00002000 08:01 2507185                    /usr/lib/hadoop/lib/kfs-0.3.jar
7fdd44fd4000-7fdd44fe1000 r--s 00097000 08:01 2507180                    /usr/lib/hadoop/lib/jackson-mapper-asl-1.8.8.jar
7fdd44fe1000-7fdd44fe4000 r--s 00017000 08:01 2507214                    /usr/lib/hadoop/lib/jaxb-api-2.2.2.jar
7fdd44fe4000-7fdd44fe9000 r--s 00036000 08:01 2507227                    /usr/lib/hadoop/lib/commons-compress-1.4.1.jar
7fdd44fe9000-7fdd44ffb000 r--s 00131000 08:01 2507049                    /usr/lib/zookeeper/zookeeper-3.4.5-cdh4.7.0.jar
7fdd44ffb000-7fdd44ffe000 r--s 00019000 08:01 2507215                    /usr/lib/hadoop/lib/commons-el-1.0.jar
7fdd44ffe000-7fdd45003000 r--s 0005f000 08:01 2507213                    /usr/lib/hadoop/lib/jasper-compiler-5.5.23.jar
7fdd45003000-7fdd45005000 r--s 0000d000 08:01 2507219                    /usr/lib/hadoop/lib/commons-logging-1.1.1.jar
7fdd45005000-7fdd4500a000 r--s 0002a000 08:01 2507196                    /usr/lib/hadoop/lib/commons-beanutils-1.7.0.jar
7fdd4500a000-7fdd45010000 r--s 00068000 08:01 2507234                    /usr/lib/hadoop/lib/protobuf-java-2.4.0a.jar
7fdd45010000-7fdd45011000 r--s 00007000 08:01 2507186                    /usr/lib/hadoop/lib/jackson-xc-1.8.8.jar
7fdd45011000-7fdd45013000 r--s 00009000 08:01 2507200                    /usr/lib/hadoop/lib/commons-cli-1.2.jar
7fdd45013000-7fdd45015000 r--s 00011000 08:01 2507199                    /usr/lib/hadoop/lib/jasper-runtime-5.5.23.jar
7fdd45015000-7fdd45017000 r--s 0000d000 08:01 2507201                    /usr/lib/hadoop/lib/commons-codec-1.4.jar
7fdd45017000-7fdd45034000 r--s 0013e000 08:01 2507197                    /usr/lib/hadoop/lib/mockito-all-1.8.5.jar
7fdd45034000-7fdd4503a000 r--s 0007e000 08:01 2507178                    /usr/lib/hadoop/lib/jetty-6.1.26.cloudera.2.jar
7fdd4503a000-7fdd4504b000 r--s 00099000 08:01 2507181                    /usr/lib/hadoop/lib/jersey-server-1.8.jar
7fdd4504b000-7fdd4504c000 r--s 00003000 08:01 2507182                    /usr/lib/hadoop/lib/xmlenc-0.52.jar
7fdd4504c000-7fdd4504e000 r--s 00005000 08:01 2507188                    /usr/lib/hadoop/lib/stax-api-1.0.1.jar
7fdd4504e000-7fdd45050000 r--s 00018000 08:01 2507229                    /usr/lib/hadoop/lib/servlet-api-2.5.jar
7fdd45050000-7fdd45054000 r--s 00028000 08:01 2507177                    /usr/lib/hadoop/lib/jetty-util-6.1.26.cloudera.2.jar
7fdd45054000-7fdd4505a000 r--s 00045000 08:01 2507193                    /usr/lib/hadoop/lib/commons-httpclient-3.1.jar
7fdd4505a000-7fdd45060000 r--s 00043000 08:01 2507220                    /usr/lib/hadoop/lib/commons-configuration-1.6.jar
7fdd45060000-7fdd45063000 r--s 0002b000 08:01 2507232                    /usr/lib/hadoop/lib/jsch-0.1.42.jar
7fdd45063000-7fdd45066000 r--s 00006000 08:01 2507191                    /usr/lib/hadoop/lib/jsr305-1.3.9.jar
7fdd45066000-7fdd45067000 r--s 0000a000 08:01 2507210                    /usr/lib/hadoop/lib/asm-3.2.jar
7fdd45067000-7fdd45069000 r--s 0000f000 08:01 2507233                    /usr/lib/hadoop/lib/jettison-1.1.jar
7fdd45069000-7fdd4506e000 r--s 00040000 08:01 2507226                    /usr/lib/hadoop/lib/commons-lang-2.5.jar
7fdd4506e000-7fdd45072000 r--s 00021000 08:01 2507189                    /usr/lib/hadoop/lib/jersey-json-1.8.jar
7fdd45072000-7fdd45074000 r--s 000f2000 08:01 2507216                    /usr/lib/hadoop/lib/snappy-java-1.0.4.1.jar
7fdd45074000-7fdd45077000 r--s 00016000 08:01 2507187                    /usr/lib/hadoop/lib/jsp-api-2.1.jar
7fdd45077000-7fdd4507c000 r--s 0004a000 08:01 2507190                    /usr/lib/hadoop/lib/jets3t-0.6.1.jar
7fdd4507c000-7fdd45085000 r--s 0006f000 08:01 2507198                    /usr/lib/hadoop/lib/log4j-1.2.17.jar
7fdd45085000-7fdd4509f000 r--s 0013b000 08:01 2507223                    /usr/lib/hadoop/lib/cloudera-jets3t-2.0.0-cdh4.7.0.jar
7fdd4509f000-7fdd450ad000 r--s 0007f000 08:01 2507230                    /usr/lib/hadoop/lib/commons-collections-3.2.1.jar
7fdd450ad000-7fdd450c1000 r--s 00193000 08:01 2507248                    /usr/lib/hadoop-hdfs/hadoop-hdfs-2.0.0-cdh4.7.0-tests.jar
7fdd450c1000-7fdd450fc000 r--s 00421000 08:01 2507249                    /usr/lib/hadoop-hdfs/hadoop-hdfs-2.0.0-cdh4.7.0.jar
7fdd450fc000-7fdd450fe000 r--s 00003000 08:01 2507295                    /usr/lib/hadoop-hdfs/lib/commons-daemon-1.0.3.jar
7fdd450fe000-7fdd45102000 r--s 00034000 08:01 2507293                    /usr/lib/hadoop-hdfs/lib/jackson-core-asl-1.8.8.jar
7fdd45102000-7fdd4510c000 r--s 00066000 08:01 2507302                    /usr/lib/hadoop-hdfs/lib/jersey-core-1.8.jar
7fdd4510c000-7fdd4510e000 r--s 00014000 08:01 2507287                    /usr/lib/hadoop-hdfs/lib/jline-0.9.94.jar
7fdd4510e000-7fdd45111000 r--s 00025000 08:01 2507299                    /usr/lib/hadoop-hdfs/lib/commons-io-2.1.jar
7fdd45111000-7fdd45132000 r--s 00172000 08:01 2507297                    /usr/lib/hadoop-hdfs/lib/guava-11.0.2.jar
7fdd45132000-7fdd4513f000 r--s 00097000 08:01 2507282                    /usr/lib/hadoop-hdfs/lib/jackson-mapper-asl-1.8.8.jar
7fdd4513f000-7fdd45151000 r--s 00131000 08:01 2507296                    /usr/lib/hadoop-hdfs/lib/zookeeper-3.4.5-cdh4.7.0.jar
7fdd45151000-7fdd45154000 r--s 00019000 08:01 2507294                    /usr/lib/hadoop-hdfs/lib/commons-el-1.0.jar
7fdd45154000-7fdd45156000 r--s 0000d000 08:01 2507298                    /usr/lib/hadoop-hdfs/lib/commons-logging-1.1.1.jar
7fdd45156000-7fdd4515c000 r--s 00068000 08:01 2507303                    /usr/lib/hadoop-hdfs/lib/protobuf-java-2.4.0a.jar
7fdd4515c000-7fdd4515e000 r--s 00009000 08:01 2507290                    /usr/lib/hadoop-hdfs/lib/commons-cli-1.2.jar
7fdd4515e000-7fdd45160000 r--s 00011000 08:01 2507289                    /usr/lib/hadoop-hdfs/lib/jasper-runtime-5.5.23.jar
7fdd45160000-7fdd45171000 r--s 00099000 08:01 2507283                    /usr/lib/hadoop-hdfs/lib/jersey-server-1.8.jar
7fdd45171000-7fdd45172000 ---p 00000000 00:00 0 
7fdd45172000-7fdd45272000 rw-p 00000000 00:00 0                          [stack:13342]
7fdd45272000-7fdd45275000 ---p 00000000 00:00 0 
7fdd45275000-7fdd45373000 rw-p 00000000 00:00 0                          [stack:13341]
7fdd45373000-7fdd45376000 ---p 00000000 00:00 0 
7fdd45376000-7fdd45474000 rw-p 00000000 00:00 0                          [stack:13340]
7fdd45474000-7fdd45477000 ---p 00000000 00:00 0 
7fdd45477000-7fdd45575000 rw-p 00000000 00:00 0                          [stack:13339]
7fdd45575000-7fdd45578000 ---p 00000000 00:00 0 
7fdd45578000-7fdd45676000 rw-p 00000000 00:00 0                          [stack:13338]
7fdd45676000-7fdd45d5a000 r--p 00000000 08:01 2497244                    /usr/lib/locale/locale-archive
7fdd45d5a000-7fdd45d5d000 ---p 00000000 00:00 0 
7fdd45d5d000-7fdd45e5b000 rw-p 00000000 00:00 0                          [stack:13337]
7fdd45e5b000-7fdd45e5e000 ---p 00000000 00:00 0 
7fdd45e5e000-7fdd45f5c000 rw-p 00000000 00:00 0                          [stack:13336]
7fdd45f5c000-7fdd45f5d000 ---p 00000000 00:00 0 
7fdd45f5d000-7fdd48000000 rw-p 00000000 00:00 0                          [stack:13335]
7fdd48000000-7fdd48021000 rw-p 00000000 00:00 0 
7fdd48021000-7fdd4c000000 ---p 00000000 00:00 0 
7fdd4c000000-7fdd4c021000 rw-p 00000000 00:00 0 
7fdd4c021000-7fdd50000000 ---p 00000000 00:00 0 
7fdd50000000-7fdd50021000 rw-p 00000000 00:00 0 
7fdd50021000-7fdd54000000 ---p 00000000 00:00 0 
7fdd54000000-7fdd54021000 rw-p 00000000 00:00 0 
7fdd54021000-7fdd58000000 ---p 00000000 00:00 0 
7fdd58000000-7fdd58021000 rw-p 00000000 00:00 0 
7fdd58021000-7fdd5c000000 ---p 00000000 00:00 0 
7fdd5c000000-7fdd5c021000 rw-p 00000000 00:00 0 
7fdd5c021000-7fdd60000000 ---p 00000000 00:00 0 
7fdd60000000-7fdd60021000 rw-p 00000000 00:00 0 
7fdd60021000-7fdd64000000 ---p 00000000 00:00 0 
7fdd64000000-7fdd64021000 rw-p 00000000 00:00 0 
7fdd64021000-7fdd68000000 ---p 00000000 00:00 0 
7fdd68000000-7fdd68001000 r--s 00002000 08:01 2507054                    /usr/lib/zookeeper/lib/slf4j-log4j12-1.6.1.jar
7fdd68001000-7fdd68003000 r--s 0000d000 08:01 2507291                    /usr/lib/hadoop-hdfs/lib/commons-codec-1.4.jar
7fdd68003000-7fdd68009000 r--s 0007e000 08:01 2507281                    /usr/lib/hadoop-hdfs/lib/jetty-6.1.26.cloudera.2.jar
7fdd68009000-7fdd6800d000 r--s 00028000 08:01 2507280                    /usr/lib/hadoop-hdfs/lib/jetty-util-6.1.26.cloudera.2.jar
7fdd6800d000-7fdd68010000 r--s 00006000 08:01 2507286                    /usr/lib/hadoop-hdfs/lib/jsr305-1.3.9.jar
7fdd68010000-7fdd68015000 r--s 00040000 08:01 2507300                    /usr/lib/hadoop-hdfs/lib/commons-lang-2.5.jar
7fdd68015000-7fdd682dd000 rw-p 00000000 00:00 0 
7fdd682dd000-7fdd6849c000 r--s 039eb000 08:01 658220                     /opt/jdk1.7.0_75/jre/lib/rt.jar
7fdd6849c000-7fdd6a5e9000 rw-p 00000000 00:00 0 
7fdd6a5e9000-7fdd6a5ea000 ---p 00000000 00:00 0 
7fdd6a5ea000-7fdd6a6ea000 rw-p 00000000 00:00 0                          [stack:13334]
7fdd6a6ea000-7fdd6a6eb000 ---p 00000000 00:00 0 
7fdd6a6eb000-7fdd6a7eb000 rw-p 00000000 00:00 0                          [stack:13333]
7fdd6a7eb000-7fdd6a7ec000 ---p 00000000 00:00 0 
7fdd6a7ec000-7fdd6a8ec000 rw-p 00000000 00:00 0                          [stack:13332]
7fdd6a8ec000-7fdd6a8ed000 ---p 00000000 00:00 0 
7fdd6a8ed000-7fdd6a9ed000 rw-p 00000000 00:00 0                          [stack:13331]
7fdd6a9ed000-7fdd6a9ee000 ---p 00000000 00:00 0 
7fdd6a9ee000-7fdd6aaee000 rw-p 00000000 00:00 0                          [stack:13330]
7fdd6aaee000-7fdd6aaef000 ---p 00000000 00:00 0 
7fdd6aaef000-7fdd6abef000 rw-p 00000000 00:00 0                          [stack:13329]
7fdd6abef000-7fdd6abf0000 ---p 00000000 00:00 0 
7fdd6abf0000-7fdd6acf0000 rw-p 00000000 00:00 0                          [stack:13328]
7fdd6acf0000-7fdd6acf1000 ---p 00000000 00:00 0 
7fdd6acf1000-7fdd6adf1000 rw-p 00000000 00:00 0                          [stack:13327]
7fdd6adf1000-7fdd6adf2000 ---p 00000000 00:00 0 
7fdd6adf2000-7fdd6aef2000 rw-p 00000000 00:00 0                          [stack:13326]
7fdd6aef2000-7fdd6aef3000 ---p 00000000 00:00 0 
7fdd6aef3000-7fdd6b143000 rw-p 00000000 00:00 0                          [stack:13325]
7fdd6b143000-7fdd6c4e9000 rw-p 00000000 00:00 0 
7fdd6c4e9000-7fdd6c4f4000 rw-p 00000000 00:00 0 
7fdd6c4f4000-7fdd6c512000 rw-p 00000000 00:00 0 
7fdd6c512000-7fdd6c662000 rw-p 00000000 00:00 0 
7fdd6c662000-7fdd6da08000 rw-p 00000000 00:00 0 
7fdd6da08000-7fdd6dab0000 rw-p 00000000 00:00 0 
7fdd6dab0000-7fdd6e483000 rw-p 00000000 00:00 0 
7fdd6e483000-7fdd6e484000 rw-p 00000000 00:00 0 
7fdd6e484000-7fdd6e6f4000 rwxp 00000000 00:00 0 
7fdd6e6f4000-7fdd71484000 rw-p 00000000 00:00 0 
7fdd71484000-7fdd7149e000 r-xp 00000000 08:01 657256                     /opt/jdk1.7.0_75/jre/lib/amd64/libzip.so
7fdd7149e000-7fdd7169e000 ---p 0001a000 08:01 657256                     /opt/jdk1.7.0_75/jre/lib/amd64/libzip.so
7fdd7169e000-7fdd7169f000 rw-p 0001a000 08:01 657256                     /opt/jdk1.7.0_75/jre/lib/amd64/libzip.so
7fdd7169f000-7fdd716ab000 r-xp 00000000 08:01 531515                     /lib/x86_64-linux-gnu/libnss_files-2.15.so
7fdd716ab000-7fdd718aa000 ---p 0000c000 08:01 531515                     /lib/x86_64-linux-gnu/libnss_files-2.15.so
7fdd718aa000-7fdd718ab000 r--p 0000b000 08:01 531515                     /lib/x86_64-linux-gnu/libnss_files-2.15.so
7fdd718ab000-7fdd718ac000 rw-p 0000c000 08:01 531515                     /lib/x86_64-linux-gnu/libnss_files-2.15.so
7fdd718ac000-7fdd718b6000 r-xp 00000000 08:01 531511                     /lib/x86_64-linux-gnu/libnss_nis-2.15.so
7fdd718b6000-7fdd71ab6000 ---p 0000a000 08:01 531511                     /lib/x86_64-linux-gnu/libnss_nis-2.15.so
7fdd71ab6000-7fdd71ab7000 r--p 0000a000 08:01 531511                     /lib/x86_64-linux-gnu/libnss_nis-2.15.so
7fdd71ab7000-7fdd71ab8000 rw-p 0000b000 08:01 531511                     /lib/x86_64-linux-gnu/libnss_nis-2.15.so
7fdd71ab8000-7fdd71acf000 r-xp 00000000 08:01 531514                     /lib/x86_64-linux-gnu/libnsl-2.15.so
7fdd71acf000-7fdd71cce000 ---p 00017000 08:01 531514                     /lib/x86_64-linux-gnu/libnsl-2.15.so
7fdd71cce000-7fdd71ccf000 r--p 00016000 08:01 531514                     /lib/x86_64-linux-gnu/libnsl-2.15.so
7fdd71ccf000-7fdd71cd0000 rw-p 00017000 08:01 531514                     /lib/x86_64-linux-gnu/libnsl-2.15.so
7fdd71cd0000-7fdd71cd2000 rw-p 00000000 00:00 0 
7fdd71cd2000-7fdd71cda000 r-xp 00000000 08:01 531517                     /lib/x86_64-linux-gnu/libnss_compat-2.15.so
7fdd71cda000-7fdd71ed9000 ---p 00008000 08:01 531517                     /lib/x86_64-linux-gnu/libnss_compat-2.15.so
7fdd71ed9000-7fdd71eda000 r--p 00007000 08:01 531517                     /lib/x86_64-linux-gnu/libnss_compat-2.15.so
7fdd71eda000-7fdd71edb000 rw-p 00008000 08:01 531517                     /lib/x86_64-linux-gnu/libnss_compat-2.15.so
7fdd71edb000-7fdd71f04000 r-xp 00000000 08:01 657222                     /opt/jdk1.7.0_75/jre/lib/amd64/libjava.so
7fdd71f04000-7fdd72104000 ---p 00029000 08:01 657222                     /opt/jdk1.7.0_75/jre/lib/amd64/libjava.so
7fdd72104000-7fdd72106000 rw-p 00029000 08:01 657222                     /opt/jdk1.7.0_75/jre/lib/amd64/libjava.so
7fdd72106000-7fdd72113000 r-xp 00000000 08:01 657249                     /opt/jdk1.7.0_75/jre/lib/amd64/libverify.so
7fdd72113000-7fdd72312000 ---p 0000d000 08:01 657249                     /opt/jdk1.7.0_75/jre/lib/amd64/libverify.so
7fdd72312000-7fdd72314000 rw-p 0000c000 08:01 657249                     /opt/jdk1.7.0_75/jre/lib/amd64/libverify.so
7fdd72314000-7fdd7231b000 r-xp 00000000 08:01 531506                     /lib/x86_64-linux-gnu/librt-2.15.so
7fdd7231b000-7fdd7251a000 ---p 00007000 08:01 531506                     /lib/x86_64-linux-gnu/librt-2.15.so
7fdd7251a000-7fdd7251b000 r--p 00006000 08:01 531506                     /lib/x86_64-linux-gnu/librt-2.15.so
7fdd7251b000-7fdd7251c000 rw-p 00007000 08:01 531506                     /lib/x86_64-linux-gnu/librt-2.15.so
7fdd7251c000-7fdd72532000 r-xp 00000000 08:01 528394                     /lib/x86_64-linux-gnu/libz.so.1.2.3.4
7fdd72532000-7fdd72731000 ---p 00016000 08:01 528394                     /lib/x86_64-linux-gnu/libz.so.1.2.3.4
7fdd72731000-7fdd72732000 r--p 00015000 08:01 528394                     /lib/x86_64-linux-gnu/libz.so.1.2.3.4
7fdd72732000-7fdd72733000 rw-p 00016000 08:01 528394                     /lib/x86_64-linux-gnu/libz.so.1.2.3.4
7fdd72733000-7fdd72735000 r-xp 00000000 08:01 531523                     /lib/x86_64-linux-gnu/libdl-2.15.so
7fdd72735000-7fdd72935000 ---p 00002000 08:01 531523                     /lib/x86_64-linux-gnu/libdl-2.15.so
7fdd72935000-7fdd72936000 r--p 00002000 08:01 531523                     /lib/x86_64-linux-gnu/libdl-2.15.so
7fdd72936000-7fdd72937000 rw-p 00003000 08:01 531523                     /lib/x86_64-linux-gnu/libdl-2.15.so
7fdd72937000-7fdd734aa000 r-xp 00000000 08:01 657276                     /opt/jdk1.7.0_75/jre/lib/amd64/server/libjvm.so
7fdd734aa000-7fdd736aa000 ---p 00b73000 08:01 657276                     /opt/jdk1.7.0_75/jre/lib/amd64/server/libjvm.so
7fdd736aa000-7fdd7376e000 rw-p 00b73000 08:01 657276                     /opt/jdk1.7.0_75/jre/lib/amd64/server/libjvm.so
7fdd7376e000-7fdd737af000 rw-p 00000000 00:00 0 
7fdd737af000-7fdd738aa000 r-xp 00000000 08:01 531522                     /lib/x86_64-linux-gnu/libm-2.15.so
7fdd738aa000-7fdd73aa9000 ---p 000fb000 08:01 531522                     /lib/x86_64-linux-gnu/libm-2.15.so
7fdd73aa9000-7fdd73aaa000 r--p 000fa000 08:01 531522                     /lib/x86_64-linux-gnu/libm-2.15.so
7fdd73aaa000-7fdd73aab000 rw-p 000fb000 08:01 531522                     /lib/x86_64-linux-gnu/libm-2.15.so
7fdd73aab000-7fdd73c5d000 r-xp 00000000 08:01 528270                     /lib/x86_64-linux-gnu/libcrypto.so.1.0.0
7fdd73c5d000-7fdd73e5c000 ---p 001b2000 08:01 528270                     /lib/x86_64-linux-gnu/libcrypto.so.1.0.0
7fdd73e5c000-7fdd73e77000 r--p 001b1000 08:01 528270                     /lib/x86_64-linux-gnu/libcrypto.so.1.0.0
7fdd73e77000-7fdd73e82000 rw-p 001cc000 08:01 528270                     /lib/x86_64-linux-gnu/libcrypto.so.1.0.0
7fdd73e82000-7fdd73e86000 rw-p 00000000 00:00 0 
7fdd73e86000-7fdd73edb000 r-xp 00000000 08:01 528267                     /lib/x86_64-linux-gnu/libssl.so.1.0.0
7fdd73edb000-7fdd740da000 ---p 00055000 08:01 528267                     /lib/x86_64-linux-gnu/libssl.so.1.0.0
7fdd740da000-7fdd740dd000 r--p 00054000 08:01 528267                     /lib/x86_64-linux-gnu/libssl.so.1.0.0
7fdd740dd000-7fdd740e4000 rw-p 00057000 08:01 528267                     /lib/x86_64-linux-gnu/libssl.so.1.0.0
7fdd740e4000-7fdd74298000 r-xp 00000000 08:01 531512                     /lib/x86_64-linux-gnu/libc-2.15.so
7fdd74298000-7fdd74498000 ---p 001b4000 08:01 531512                     /lib/x86_64-linux-gnu/libc-2.15.so
7fdd74498000-7fdd7449c000 r--p 001b4000 08:01 531512                     /lib/x86_64-linux-gnu/libc-2.15.so
7fdd7449c000-7fdd7449e000 rw-p 001b8000 08:01 531512                     /lib/x86_64-linux-gnu/libc-2.15.so
7fdd7449e000-7fdd744a3000 rw-p 00000000 00:00 0 
7fdd744a3000-7fdd744bb000 r-xp 00000000 08:01 531513                     /lib/x86_64-linux-gnu/libpthread-2.15.so
7fdd744bb000-7fdd746ba000 ---p 00018000 08:01 531513                     /lib/x86_64-linux-gnu/libpthread-2.15.so
7fdd746ba000-7fdd746bb000 r--p 00017000 08:01 531513                     /lib/x86_64-linux-gnu/libpthread-2.15.so
7fdd746bb000-7fdd746bc000 rw-p 00018000 08:01 531513                     /lib/x86_64-linux-gnu/libpthread-2.15.so
7fdd746bc000-7fdd746c0000 rw-p 00000000 00:00 0 
7fdd746c0000-7fdd746d6000 r-xp 00000000 08:01 528271                     /lib/x86_64-linux-gnu/libgcc_s.so.1
7fdd746d6000-7fdd748d5000 ---p 00016000 08:01 528271                     /lib/x86_64-linux-gnu/libgcc_s.so.1
7fdd748d5000-7fdd748d6000 r--p 00015000 08:01 528271                     /lib/x86_64-linux-gnu/libgcc_s.so.1
7fdd748d6000-7fdd748d7000 rw-p 00016000 08:01 528271                     /lib/x86_64-linux-gnu/libgcc_s.so.1
7fdd748d7000-7fdd74a44000 r-xp 00000000 08:01 2521278                    /usr/lib/x86_64-linux-gnu/libstdc++.so.6.0.21
7fdd74a44000-7fdd74c44000 ---p 0016d000 08:01 2521278                    /usr/lib/x86_64-linux-gnu/libstdc++.so.6.0.21
7fdd74c44000-7fdd74c4e000 r--p 0016d000 08:01 2521278                    /usr/lib/x86_64-linux-gnu/libstdc++.so.6.0.21
7fdd74c4e000-7fdd74c50000 rw-p 00177000 08:01 2521278                    /usr/lib/x86_64-linux-gnu/libstdc++.so.6.0.21
7fdd74c50000-7fdd74c54000 rw-p 00000000 00:00 0 
7fdd74c54000-7fdd74c68000 r-xp 00000000 08:01 2525251                    /usr/lib/x86_64-linux-gnu/libboost_filesystem.so.1.55.0
7fdd74c68000-7fdd74e68000 ---p 00014000 08:01 2525251                    /usr/lib/x86_64-linux-gnu/libboost_filesystem.so.1.55.0
7fdd74e68000-7fdd74e69000 r--p 00014000 08:01 2525251                    /usr/lib/x86_64-linux-gnu/libboost_filesystem.so.1.55.0
7fdd74e69000-7fdd74e6a000 rw-p 00015000 08:01 2525251                    /usr/lib/x86_64-linux-gnu/libboost_filesystem.so.1.55.0
7fdd74e6a000-7fdd74e6d000 r-xp 00000000 08:01 2525247                    /usr/lib/x86_64-linux-gnu/libboost_system.so.1.55.0
7fdd74e6d000-7fdd7506c000 ---p 00003000 08:01 2525247                    /usr/lib/x86_64-linux-gnu/libboost_system.so.1.55.0
7fdd7506c000-7fdd7506d000 r--p 00002000 08:01 2525247                    /usr/lib/x86_64-linux-gnu/libboost_system.so.1.55.0
7fdd7506d000-7fdd7506e000 rw-p 00003000 08:01 2525247                    /usr/lib/x86_64-linux-gnu/libboost_system.so.1.55.0
7fdd7506e000-7fdd7507a000 r-xp 00000000 08:01 2507820                    /usr/lib/libhdfs.so.0.0.0
7fdd7507a000-7fdd75279000 ---p 0000c000 08:01 2507820                    /usr/lib/libhdfs.so.0.0.0
7fdd75279000-7fdd7527a000 r--p 0000b000 08:01 2507820                    /usr/lib/libhdfs.so.0.0.0
7fdd7527a000-7fdd7527b000 rw-p 0000c000 08:01 2507820                    /usr/lib/libhdfs.so.0.0.0
7fdd7527b000-7fdd75298000 r-xp 00000000 08:01 2772799                    /usr/local/lib/libglog.so.0.0.0
7fdd75298000-7fdd75497000 ---p 0001d000 08:01 2772799                    /usr/local/lib/libglog.so.0.0.0
7fdd75497000-7fdd75498000 r--p 0001c000 08:01 2772799                    /usr/local/lib/libglog.so.0.0.0
7fdd75498000-7fdd75499000 rw-p 0001d000 08:01 2772799                    /usr/local/lib/libglog.so.0.0.0
7fdd75499000-7fdd754a9000 rw-p 00000000 00:00 0 
7fdd754a9000-7fdd75548000 r-xp 00000000 08:01 2772706                    /usr/local/lib/libthrift-0.9.2.so
7fdd75548000-7fdd75748000 ---p 0009f000 08:01 2772706                    /usr/local/lib/libthrift-0.9.2.so
7fdd75748000-7fdd7574e000 r--p 0009f000 08:01 2772706                    /usr/local/lib/libthrift-0.9.2.so
7fdd7574e000-7fdd75750000 rw-p 000a5000 08:01 2772706                    /usr/local/lib/libthrift-0.9.2.so
7fdd75750000-7fdd75772000 r-xp 00000000 08:01 531521                     /lib/x86_64-linux-gnu/ld-2.15.so
7fdd75772000-7fdd75774000 r--s 00018000 08:01 2507301                    /usr/lib/hadoop-hdfs/lib/servlet-api-2.5.jar
7fdd75774000-7fdd7586e000 rw-p 00000000 00:00 0 
7fdd7586e000-7fdd7588c000 rw-p 00000000 00:00 0 
7fdd7588c000-7fdd75896000 rw-p 00000000 00:00 0 
7fdd75896000-7fdd7594c000 rw-p 00000000 00:00 0 
7fdd7594c000-7fdd75955000 rw-p 00000000 00:00 0 
7fdd75955000-7fdd75956000 r--s 00003000 08:01 2507284                    /usr/lib/hadoop-hdfs/lib/xmlenc-0.52.jar
7fdd75956000-7fdd75957000 r--s 0000a000 08:01 2507292                    /usr/lib/hadoop-hdfs/lib/asm-3.2.jar
7fdd75957000-7fdd7595a000 r--s 00016000 08:01 2507285                    /usr/lib/hadoop-hdfs/lib/jsp-api-2.1.jar
7fdd7595a000-7fdd75963000 r--s 0006f000 08:01 2507288                    /usr/lib/hadoop-hdfs/lib/log4j-1.2.17.jar
7fdd75963000-7fdd7596b000 rw-s 00000000 08:01 2230619                    /tmp/hsperfdata_mapred/13324
7fdd7596b000-7fdd7596c000 rw-p 00000000 00:00 0 
7fdd7596c000-7fdd7596d000 r--p 00000000 00:00 0 
7fdd7596d000-7fdd75970000 rw-p 00000000 00:00 0 
7fdd75970000-7fdd75972000 r-xp 00000000 00:00 0                          [vdso]
7fdd75972000-7fdd75973000 r--p 00022000 08:01 531521                     /lib/x86_64-linux-gnu/ld-2.15.so
7fdd75973000-7fdd75975000 rw-p 00023000 08:01 531521                     /lib/x86_64-linux-gnu/ld-2.15.so
7fff8dcfe000-7fff8dd01000 ---p 00000000 00:00 0 
7fff8dd02000-7fff8ddfe000 rw-p 00000000 00:00 0                          [stack]
ffffffffff600000-ffffffffff601000 r-xp 00000000 00:00 0                  [vsyscall]

VM Arguments:
java_command: <unknown>
Launcher Type: generic

Environment Variables:
JAVA_HOME=/opt/jdk1.7.0_75
JRE_HOME=/opt/jdk1.7.0_75/jre
PATH=/opt/gocode/bin:/opt/jdk1.7.0_75/bin:/opt/jdk1.7.0_75/jre/bin:/usr/local/go/bin:/opt/gocode/bin:/opt/jdk1.6.0_45/bin:/opt/jdk1.6.0_45/jre/bin:/usr/local/go/bin:/usr/local/sbin:/usr/local/bin:/usr/sbin:/usr/bin:/sbin:/bin:/usr/games
LD_LIBRARY_PATH=/opt/jdk1.7.0_75/jre/lib/amd64/server:/c++/Linux-amd64-64/lib:/usr/local/lib:/usr/lib
SHELL=/bin/bash

Signal Handlers:
SIGSEGV: [libjvm.so+0x9a21f0], sa_mask[0]=0x7ffbfeff, sa_flags=0x10000004
SIGBUS: [libjvm.so+0x9a21f0], sa_mask[0]=0x7ffbfeff, sa_flags=0x10000004
SIGFPE: [libjvm.so+0x81ba40], sa_mask[0]=0x7ffbfeff, sa_flags=0x10000004
SIGPIPE: [libjvm.so+0x81ba40], sa_mask[0]=0x7ffbfeff, sa_flags=0x10000004
SIGXFSZ: [libjvm.so+0x81ba40], sa_mask[0]=0x7ffbfeff, sa_flags=0x10000004
SIGILL: [libjvm.so+0x81ba40], sa_mask[0]=0x7ffbfeff, sa_flags=0x10000004
SIGUSR1: SIG_DFL, sa_mask[0]=0x00000000, sa_flags=0x00000000
SIGUSR2: [libjvm.so+0x81d240], sa_mask[0]=0x00000000, sa_flags=0x10000004
SIGHUP: [libjvm.so+0x81e360], sa_mask[0]=0x7ffbfeff, sa_flags=0x10000004
SIGINT: [libjvm.so+0x81e360], sa_mask[0]=0x7ffbfeff, sa_flags=0x10000004
SIGTERM: [libjvm.so+0x81e360], sa_mask[0]=0x7ffbfeff, sa_flags=0x10000004
SIGQUIT: [libjvm.so+0x81e360], sa_mask[0]=0x7ffbfeff, sa_flags=0x10000004


---------------  S Y S T E M  ---------------

OS:wheezy/sid

uname:Linux 3.11.0-15-generic #25~precise1-Ubuntu SMP Thu Jan 30 17:39:31 UTC 2014 x86_64
libc:glibc 2.15 NPTL 2.15 
rlimit: STACK 8192k, CORE 0k, NPROC 65536, NOFILE 32768, AS infinity
load average:1.20 1.36 1.30

/proc/meminfo:
MemTotal:       65929444 kB
MemFree:         2827240 kB
Buffers:          512036 kB
Cached:         56315884 kB
SwapCached:            0 kB
Active:         19840532 kB
Inactive:       40716208 kB
Active(anon):    3254788 kB
Inactive(anon):   480520 kB
Active(file):   16585744 kB
Inactive(file): 40235688 kB
Unevictable:           0 kB
Mlocked:               0 kB
SwapTotal:      67059708 kB
SwapFree:       67059708 kB
Dirty:              1728 kB
Writeback:             4 kB
AnonPages:       3728952 kB
Mapped:           186192 kB
Shmem:              6488 kB
Slab:            2041100 kB
SReclaimable:    1976516 kB
SUnreclaim:        64584 kB
KernelStack:        6752 kB
PageTables:        48672 kB
NFS_Unstable:          0 kB
Bounce:                0 kB
WritebackTmp:          0 kB
CommitLimit:    100024428 kB
Committed_AS:   10108568 kB
VmallocTotal:   34359738367 kB
VmallocUsed:      397028 kB
VmallocChunk:   34359338300 kB
HardwareCorrupted:     0 kB
AnonHugePages:         0 kB
HugePages_Total:       0
HugePages_Free:        0
HugePages_Rsvd:        0
HugePages_Surp:        0
Hugepagesize:       2048 kB
DirectMap4k:       99264 kB
DirectMap2M:     6146048 kB
DirectMap1G:    60817408 kB


CPU:total 12 (6 cores per cpu, 2 threads per core) family 6 model 45 stepping 7, cmov, cx8, fxsr, mmx, sse, sse2, sse3, ssse3, sse4.1, sse4.2, popcnt, avx, aes, ht, tsc, tscinvbit, tscinv

/proc/cpuinfo:
processor	: 0
vendor_id	: GenuineIntel
cpu family	: 6
model		: 45
model name	: Intel(R) Xeon(R) CPU E5-2620 0 @ 2.00GHz
stepping	: 7
microcode	: 0x70b
cpu MHz		: 2000.050
cache size	: 15360 KB
physical id	: 0
siblings	: 12
core id		: 0
cpu cores	: 6
apicid		: 0
initial apicid	: 0
fpu		: yes
fpu_exception	: yes
cpuid level	: 13
wp		: yes
flags		: fpu vme de pse tsc msr pae mce cx8 apic sep mtrr pge mca cmov pat pse36 clflush dts acpi mmx fxsr sse sse2 ss ht tm pbe syscall nx pdpe1gb rdtscp lm constant_tsc arch_perfmon pebs bts rep_good nopl xtopology nonstop_tsc aperfmperf eagerfpu pni pclmulqdq dtes64 monitor ds_cpl vmx smx est tm2 ssse3 cx16 xtpr pdcm pcid dca sse4_1 sse4_2 x2apic popcnt tsc_deadline_timer aes xsave avx lahf_lm ida arat xsaveopt pln pts dtherm tpr_shadow vnmi flexpriority ept vpid
bogomips	: 4000.10
clflush size	: 64
cache_alignment	: 64
address sizes	: 46 bits physical, 48 bits virtual
power management:

processor	: 1
vendor_id	: GenuineIntel
cpu family	: 6
model		: 45
model name	: Intel(R) Xeon(R) CPU E5-2620 0 @ 2.00GHz
stepping	: 7
microcode	: 0x70b
cpu MHz		: 2000.050
cache size	: 15360 KB
physical id	: 0
siblings	: 12
core id		: 1
cpu cores	: 6
apicid		: 2
initial apicid	: 2
fpu		: yes
fpu_exception	: yes
cpuid level	: 13
wp		: yes
flags		: fpu vme de pse tsc msr pae mce cx8 apic sep mtrr pge mca cmov pat pse36 clflush dts acpi mmx fxsr sse sse2 ss ht tm pbe syscall nx pdpe1gb rdtscp lm constant_tsc arch_perfmon pebs bts rep_good nopl xtopology nonstop_tsc aperfmperf eagerfpu pni pclmulqdq dtes64 monitor ds_cpl vmx smx est tm2 ssse3 cx16 xtpr pdcm pcid dca sse4_1 sse4_2 x2apic popcnt tsc_deadline_timer aes xsave avx lahf_lm ida arat xsaveopt pln pts dtherm tpr_shadow vnmi flexpriority ept vpid
bogomips	: 4000.10
clflush size	: 64
cache_alignment	: 64
address sizes	: 46 bits physical, 48 bits virtual
power management:

processor	: 2
vendor_id	: GenuineIntel
cpu family	: 6
model		: 45
model name	: Intel(R) Xeon(R) CPU E5-2620 0 @ 2.00GHz
stepping	: 7
microcode	: 0x70b
cpu MHz		: 2000.050
cache size	: 15360 KB
physical id	: 0
siblings	: 12
core id		: 2
cpu cores	: 6
apicid		: 4
initial apicid	: 4
fpu		: yes
fpu_exception	: yes
cpuid level	: 13
wp		: yes
flags		: fpu vme de pse tsc msr pae mce cx8 apic sep mtrr pge mca cmov pat pse36 clflush dts acpi mmx fxsr sse sse2 ss ht tm pbe syscall nx pdpe1gb rdtscp lm constant_tsc arch_perfmon pebs bts rep_good nopl xtopology nonstop_tsc aperfmperf eagerfpu pni pclmulqdq dtes64 monitor ds_cpl vmx smx est tm2 ssse3 cx16 xtpr pdcm pcid dca sse4_1 sse4_2 x2apic popcnt tsc_deadline_timer aes xsave avx lahf_lm ida arat xsaveopt pln pts dtherm tpr_shadow vnmi flexpriority ept vpid
bogomips	: 4000.10
clflush size	: 64
cache_alignment	: 64
address sizes	: 46 bits physical, 48 bits virtual
power management:

processor	: 3
vendor_id	: GenuineIntel
cpu family	: 6
model		: 45
model name	: Intel(R) Xeon(R) CPU E5-2620 0 @ 2.00GHz
stepping	: 7
microcode	: 0x70b
cpu MHz		: 2000.050
cache size	: 15360 KB
physical id	: 0
siblings	: 12
core id		: 3
cpu cores	: 6
apicid		: 6
initial apicid	: 6
fpu		: yes
fpu_exception	: yes
cpuid level	: 13
wp		: yes
flags		: fpu vme de pse tsc msr pae mce cx8 apic sep mtrr pge mca cmov pat pse36 clflush dts acpi mmx fxsr sse sse2 ss ht tm pbe syscall nx pdpe1gb rdtscp lm constant_tsc arch_perfmon pebs bts rep_good nopl xtopology nonstop_tsc aperfmperf eagerfpu pni pclmulqdq dtes64 monitor ds_cpl vmx smx est tm2 ssse3 cx16 xtpr pdcm pcid dca sse4_1 sse4_2 x2apic popcnt tsc_deadline_timer aes xsave avx lahf_lm ida arat xsaveopt pln pts dtherm tpr_shadow vnmi flexpriority ept vpid
bogomips	: 4000.10
clflush size	: 64
cache_alignment	: 64
address sizes	: 46 bits physical, 48 bits virtual
power management:

processor	: 4
vendor_id	: GenuineIntel
cpu family	: 6
model		: 45
model name	: Intel(R) Xeon(R) CPU E5-2620 0 @ 2.00GHz
stepping	: 7
microcode	: 0x70b
cpu MHz		: 2000.050
cache size	: 15360 KB
physical id	: 0
siblings	: 12
core id		: 4
cpu cores	: 6
apicid		: 8
initial apicid	: 8
fpu		: yes
fpu_exception	: yes
cpuid level	: 13
wp		: yes
flags		: fpu vme de pse tsc msr pae mce cx8 apic sep mtrr pge mca cmov pat pse36 clflush dts acpi mmx fxsr sse sse2 ss ht tm pbe syscall nx pdpe1gb rdtscp lm constant_tsc arch_perfmon pebs bts rep_good nopl xtopology nonstop_tsc aperfmperf eagerfpu pni pclmulqdq dtes64 monitor ds_cpl vmx smx est tm2 ssse3 cx16 xtpr pdcm pcid dca sse4_1 sse4_2 x2apic popcnt tsc_deadline_timer aes xsave avx lahf_lm ida arat xsaveopt pln pts dtherm tpr_shadow vnmi flexpriority ept vpid
bogomips	: 4000.10
clflush size	: 64
cache_alignment	: 64
address sizes	: 46 bits physical, 48 bits virtual
power management:

processor	: 5
vendor_id	: GenuineIntel
cpu family	: 6
model		: 45
model name	: Intel(R) Xeon(R) CPU E5-2620 0 @ 2.00GHz
stepping	: 7
microcode	: 0x70b
cpu MHz		: 2000.050
cache size	: 15360 KB
physical id	: 0
siblings	: 12
core id		: 5
cpu cores	: 6
apicid		: 10
initial apicid	: 10
fpu		: yes
fpu_exception	: yes
cpuid level	: 13
wp		: yes
flags		: fpu vme de pse tsc msr pae mce cx8 apic sep mtrr pge mca cmov pat pse36 clflush dts acpi mmx fxsr sse sse2 ss ht tm pbe syscall nx pdpe1gb rdtscp lm constant_tsc arch_perfmon pebs bts rep_good nopl xtopology nonstop_tsc aperfmperf eagerfpu pni pclmulqdq dtes64 monitor ds_cpl vmx smx est tm2 ssse3 cx16 xtpr pdcm pcid dca sse4_1 sse4_2 x2apic popcnt tsc_deadline_timer aes xsave avx lahf_lm ida arat xsaveopt pln pts dtherm tpr_shadow vnmi flexpriority ept vpid
bogomips	: 4000.10
clflush size	: 64
cache_alignment	: 64
address sizes	: 46 bits physical, 48 bits virtual
power management:

processor	: 6
vendor_id	: GenuineIntel
cpu family	: 6
model		: 45
model name	: Intel(R) Xeon(R) CPU E5-2620 0 @ 2.00GHz
stepping	: 7
microcode	: 0x70b
cpu MHz		: 2000.050
cache size	: 15360 KB
physical id	: 0
siblings	: 12
core id		: 0
cpu cores	: 6
apicid		: 1
initial apicid	: 1
fpu		: yes
fpu_exception	: yes
cpuid level	: 13
wp		: yes
flags		: fpu vme de pse tsc msr pae mce cx8 apic sep mtrr pge mca cmov pat pse36 clflush dts acpi mmx fxsr sse sse2 ss ht tm pbe syscall nx pdpe1gb rdtscp lm constant_tsc arch_perfmon pebs bts rep_good nopl xtopology nonstop_tsc aperfmperf eagerfpu pni pclmulqdq dtes64 monitor ds_cpl vmx smx est tm2 ssse3 cx16 xtpr pdcm pcid dca sse4_1 sse4_2 x2apic popcnt tsc_deadline_timer aes xsave avx lahf_lm ida arat xsaveopt pln pts dtherm tpr_shadow vnmi flexpriority ept vpid
bogomips	: 4000.10
clflush size	: 64
cache_alignment	: 64
address sizes	: 46 bits physical, 48 bits virtual
power management:

processor	: 7
vendor_id	: GenuineIntel
cpu family	: 6
model		: 45
model name	: Intel(R) Xeon(R) CPU E5-2620 0 @ 2.00GHz
stepping	: 7
microcode	: 0x70b
cpu MHz		: 2000.050
cache size	: 15360 KB
physical id	: 0
siblings	: 12
core id		: 1
cpu cores	: 6
apicid		: 3
initial apicid	: 3
fpu		: yes
fpu_exception	: yes
cpuid level	: 13
wp		: yes
flags		: fpu vme de pse tsc msr pae mce cx8 apic sep mtrr pge mca cmov pat pse36 clflush dts acpi mmx fxsr sse sse2 ss ht tm pbe syscall nx pdpe1gb rdtscp lm constant_tsc arch_perfmon pebs bts rep_good nopl xtopology nonstop_tsc aperfmperf eagerfpu pni pclmulqdq dtes64 monitor ds_cpl vmx smx est tm2 ssse3 cx16 xtpr pdcm pcid dca sse4_1 sse4_2 x2apic popcnt tsc_deadline_timer aes xsave avx lahf_lm ida arat xsaveopt pln pts dtherm tpr_shadow vnmi flexpriority ept vpid
bogomips	: 4000.10
clflush size	: 64
cache_alignment	: 64
address sizes	: 46 bits physical, 48 bits virtual
power management:

processor	: 8
vendor_id	: GenuineIntel
cpu family	: 6
model		: 45
model name	: Intel(R) Xeon(R) CPU E5-2620 0 @ 2.00GHz
stepping	: 7
microcode	: 0x70b
cpu MHz		: 2000.050
cache size	: 15360 KB
physical id	: 0
siblings	: 12
core id		: 2
cpu cores	: 6
apicid		: 5
initial apicid	: 5
fpu		: yes
fpu_exception	: yes
cpuid level	: 13
wp		: yes
flags		: fpu vme de pse tsc msr pae mce cx8 apic sep mtrr pge mca cmov pat pse36 clflush dts acpi mmx fxsr sse sse2 ss ht tm pbe syscall nx pdpe1gb rdtscp lm constant_tsc arch_perfmon pebs bts rep_good nopl xtopology nonstop_tsc aperfmperf eagerfpu pni pclmulqdq dtes64 monitor ds_cpl vmx smx est tm2 ssse3 cx16 xtpr pdcm pcid dca sse4_1 sse4_2 x2apic popcnt tsc_deadline_timer aes xsave avx lahf_lm ida arat xsaveopt pln pts dtherm tpr_shadow vnmi flexpriority ept vpid
bogomips	: 4000.10
clflush size	: 64
cache_alignment	: 64
address sizes	: 46 bits physical, 48 bits virtual
power management:

processor	: 9
vendor_id	: GenuineIntel
cpu family	: 6
model		: 45
model name	: Intel(R) Xeon(R) CPU E5-2620 0 @ 2.00GHz
stepping	: 7
microcode	: 0x70b
cpu MHz		: 2000.050
cache size	: 15360 KB
physical id	: 0
siblings	: 12
core id		: 3
cpu cores	: 6
apicid		: 7
initial apicid	: 7
fpu		: yes
fpu_exception	: yes
cpuid level	: 13
wp		: yes
flags		: fpu vme de pse tsc msr pae mce cx8 apic sep mtrr pge mca cmov pat pse36 clflush dts acpi mmx fxsr sse sse2 ss ht tm pbe syscall nx pdpe1gb rdtscp lm constant_tsc arch_perfmon pebs bts rep_good nopl xtopology nonstop_tsc aperfmperf eagerfpu pni pclmulqdq dtes64 monitor ds_cpl vmx smx est tm2 ssse3 cx16 xtpr pdcm pcid dca sse4_1 sse4_2 x2apic popcnt tsc_deadline_timer aes xsave avx lahf_lm ida arat xsaveopt pln pts dtherm tpr_shadow vnmi flexpriority ept vpid
bogomips	: 4000.10
clflush size	: 64
cache_alignment	: 64
address sizes	: 46 bits physical, 48 bits virtual
power management:

processor	: 10
vendor_id	: GenuineIntel
cpu family	: 6
model		: 45
model name	: Intel(R) Xeon(R) CPU E5-2620 0 @ 2.00GHz
stepping	: 7
microcode	: 0x70b
cpu MHz		: 2000.050
cache size	: 15360 KB
physical id	: 0
siblings	: 12
core id		: 4
cpu cores	: 6
apicid		: 9
initial apicid	: 9
fpu		: yes
fpu_exception	: yes
cpuid level	: 13
wp		: yes
flags		: fpu vme de pse tsc msr pae mce cx8 apic sep mtrr pge mca cmov pat pse36 clflush dts acpi mmx fxsr sse sse2 ss ht tm pbe syscall nx pdpe1gb rdtscp lm constant_tsc arch_perfmon pebs bts rep_good nopl xtopology nonstop_tsc aperfmperf eagerfpu pni pclmulqdq dtes64 monitor ds_cpl vmx smx est tm2 ssse3 cx16 xtpr pdcm pcid dca sse4_1 sse4_2 x2apic popcnt tsc_deadline_timer aes xsave avx lahf_lm ida arat xsaveopt pln pts dtherm tpr_shadow vnmi flexpriority ept vpid
bogomips	: 4000.10
clflush size	: 64
cache_alignment	: 64
address sizes	: 46 bits physical, 48 bits virtual
power management:

processor	: 11
vendor_id	: GenuineIntel
cpu family	: 6
model		: 45
model name	: Intel(R) Xeon(R) CPU E5-2620 0 @ 2.00GHz
stepping	: 7
microcode	: 0x70b
cpu MHz		: 2000.050
cache size	: 15360 KB
physical id	: 0
siblings	: 12
core id		: 5
cpu cores	: 6
apicid		: 11
initial apicid	: 11
fpu		: yes
fpu_exception	: yes
cpuid level	: 13
wp		: yes
flags		: fpu vme de pse tsc msr pae mce cx8 apic sep mtrr pge mca cmov pat pse36 clflush dts acpi mmx fxsr sse sse2 ss ht tm pbe syscall nx pdpe1gb rdtscp lm constant_tsc arch_perfmon pebs bts rep_good nopl xtopology nonstop_tsc aperfmperf eagerfpu pni pclmulqdq dtes64 monitor ds_cpl vmx smx est tm2 ssse3 cx16 xtpr pdcm pcid dca sse4_1 sse4_2 x2apic popcnt tsc_deadline_timer aes xsave avx lahf_lm ida arat xsaveopt pln pts dtherm tpr_shadow vnmi flexpriority ept vpid
bogomips	: 4000.10
clflush size	: 64
cache_alignment	: 64
address sizes	: 46 bits physical, 48 bits virtual
power management:



Memory: 4k page, physical 65929444k(2827240k free), swap 67059708k(67059708k free)

vm_info: Java HotSpot(TM) 64-Bit Server VM (24.75-b04) for linux-amd64 JRE (1.7.0_75-b13), built on Dec 18 2014 16:45:18 by "java_re" with gcc 4.3.0 20080428 (Red Hat 4.3.0-8)

time: Wed Sep 16 21:44:45 2015
elapsed time: 1 seconds

