#
# A fatal error has been detected by the Java Runtime Environment:
#
#  SIGSEGV (0xb) at pc=0x00007f1163c9162b, pid=12780, tid=139712674592576
#
# JRE version: Java(TM) SE Runtime Environment (7.0_75-b13) (build 1.7.0_75-b13)
# Java VM: Java HotSpot(TM) 64-Bit Server VM (24.75-b04 mixed mode linux-amd64 compressed oops)
# Problematic frame:
# C  [libhdfs.so.0.0.0+0x362b]  hdfsFreeBuilder+0x1b
#
# Failed to write core dump. Core dumps have been disabled. To enable core dumping, try "ulimit -c unlimited" before starting Java again
#
# If you would like to submit a bug report, please visit:
#   http://bugreport.sun.com/bugreport/crash.jsp
# The crash happened outside the Java Virtual Machine in native code.
# See problematic frame for where to report the bug.
#

---------------  T H R E A D  ---------------

Current thread (0x0000000000fe3800):  JavaThread "main" [_thread_in_native, id=12780, stack(0x00007fffc6450000,0x00007fffc6550000)]

siginfo:si_signo=SIGSEGV: si_errno=0, si_code=128 (), si_addr=0x0000000000000000

Registers:
RAX=0x0000000000672920, RBX=0x0000000000fcd1c0, RCX=0x0000000000000400, RDX=0x00007f116386b768
RSP=0x00007fffc6549b70, RBP=0x0000000000fcd1c0, RSI=0x00007f113ad4f000, RDI=0x632e737574617453
R8 =0x00007f11630bea90, R9 =0x0000000000000001, R10=0x00007fffc6549920, R11=0x00007f1163c91610
R12=0x0000000000429958, R13=0x00007fffc6549fe0, R14=0x0000000000000000, R15=0x0000000000000000
RIP=0x00007f1163c9162b, EFLAGS=0x0000000000010206, CSGSFS=0x0000000000000033, ERR=0x0000000000000000
  TRAPNO=0x000000000000000d

Top of Stack: (sp=0x00007fffc6549b70)
0x00007fffc6549b70:   0000000000000001 0000000000fcd1c0
0x00007fffc6549b80:   0000000000000000 000000000042854d
0x00007fffc6549b90:   00007fffc6549d00 000000004d16fb9d
0x00007fffc6549ba0:   00007f110000000d 00007fffc6549d20
0x00007fffc6549bb0:   00007f11645942c8 00007f116437a523
0x00007fffc6549bc0:   0000000000000000 00007f1164573c18
0x00007fffc6549bd0:   00007f1100000001 0000000000000000
0x00007fffc6549be0:   0000000100000001 00007f11645942c8
0x00007fffc6549bf0:   00000000e1092706 00007f1164594620
0x00007fffc6549c00:   00007fffc6549d70 000000003413181d
0x00007fffc6549c10:   00007f1164573c18 00007fffc6549d90
0x00007fffc6549c20:   0000000000000000 00007f1164594620
0x00007fffc6549c30:   0000000100000000 00007f1164573c18
0x00007fffc6549c40:   00007f1100000001 0000000000411241
0x00007fffc6549c50:   0000000000000001 00007f11645942c8
0x00007fffc6549c60:   00007f116458f4f8 000000000040f5b9
0x00007fffc6549c70:   00007f1163a8a648 00000000004033e8
0x00007fffc6549c80:   0000000100000000 000000010000001c
0x00007fffc6549c90:   00007f11635016e8 00007f1164576000
0x00007fffc6549ca0:   00000001c6549e10 00000000e1092706
0x00007fffc6549cb0:   0000000000000000 00000000004118b6
0x00007fffc6549cc0:   00000000ffffffff 00007f116437a523
0x00007fffc6549cd0:   0000000000000000 00000000006733c0
0x00007fffc6549ce0:   0000000000672010 0000000000000000
0x00007fffc6549cf0:   0000000000000000 0000000000000000
0x00007fffc6549d00:   0000000000000000 0000000000000060
0x00007fffc6549d10:   0000000000000000 0000003100000004
0x00007fffc6549d20:   0000006e0000005b 0000007c00000077
0x00007fffc6549d30:   00000000ffffffff 00007f11630bc720
0x00007fffc6549d40:   0000000000000003 0000000000000030
0x00007fffc6549d50:   00000000006724c8 0000000000000002
0x00007fffc6549d60:   0000000000000000 00007f1162d86265 

Instructions: (pc=0x00007f1163c9162b)
0x00007f1163c9160b:   ff ff eb e6 90 55 48 89 fd 53 48 83 ec 08 48 8b
0x00007f1163c9161b:   7f 28 48 85 ff 75 09 eb 14 0f 1f 40 00 48 89 df
0x00007f1163c9162b:   48 8b 1f e8 cd e6 ff ff 48 85 db 75 f0 48 83 c4
0x00007f1163c9163b:   08 48 89 ef 5b 5d e9 ba e6 ff ff 66 2e 0f 1f 84 

Register to memory mapping:

RAX=0x0000000000672920: _ZSt4cout+0 in ./uniCAPMaster at 0x0000000000400000
RBX=0x0000000000fcd1c0 is an unknown value
RCX=0x0000000000000400 is an unknown value
RDX=0x00007f116386b768: _ZTVSo+0x18 in /usr/lib/x86_64-linux-gnu/libstdc++.so.6 at 0x00007f11634f7000
RSP=0x00007fffc6549b70 is pointing into the stack for thread: 0x0000000000fe3800
RBP=0x0000000000fcd1c0 is an unknown value
RSI=0x00007f113ad4f000 is an unknown value
RDI=0x632e737574617453 is an unknown value
R8 =0x00007f11630bea90: <offset 0x3baa90> in /lib/x86_64-linux-gnu/libc.so.6 at 0x00007f1162d04000
R9 =0x0000000000000001 is an unknown value
R10=0x00007fffc6549920 is pointing into the stack for thread: 0x0000000000fe3800
R11=0x00007f1163c91610: hdfsFreeBuilder+0 in /usr/lib/libhdfs.so.0.0.0 at 0x00007f1163c8e000
R12=0x0000000000429958: _start+0 in ./uniCAPMaster at 0x0000000000400000
R13=0x00007fffc6549fe0 is pointing into the stack for thread: 0x0000000000fe3800
R14=0x0000000000000000 is an unknown value
R15=0x0000000000000000 is an unknown value


Stack: [0x00007fffc6450000,0x00007fffc6550000],  sp=0x00007fffc6549b70,  free space=998k
Native frames: (J=compiled Java code, j=interpreted, Vv=VM code, C=native code)
C  [libhdfs.so.0.0.0+0x362b]  hdfsFreeBuilder+0x1b


---------------  P R O C E S S  ---------------

Java Threads: ( => current thread )
  0x0000000001882800 JavaThread "IPC Parameter Sending Thread #0" daemon [_thread_blocked, id=12800, stack(0x00007f113ad50000,0x00007f113ae51000)]
  0x0000000001862000 JavaThread "IPC Client (954206814) connection to BDP-00/192.168.0.21:9000 from mapred" daemon [_thread_blocked, id=12799, stack(0x00007f113ae51000,0x00007f113af52000)]
  0x0000000001080000 JavaThread "Service Thread" daemon [_thread_blocked, id=12797, stack(0x00007f113bdfe000,0x00007f113beff000)]
  0x000000000107e000 JavaThread "C2 CompilerThread1" daemon [_thread_blocked, id=12796, stack(0x00007f113beff000,0x00007f113c000000)]
  0x000000000107b000 JavaThread "C2 CompilerThread0" daemon [_thread_blocked, id=12795, stack(0x00007f11400a4000,0x00007f11401a5000)]
  0x0000000001078800 JavaThread "Signal Dispatcher" daemon [_thread_blocked, id=12794, stack(0x00007f11401a5000,0x00007f11402a6000)]
  0x0000000001057000 JavaThread "Finalizer" daemon [_thread_blocked, id=12793, stack(0x00007f114098a000,0x00007f1140a8b000)]
  0x0000000001055000 JavaThread "Reference Handler" daemon [_thread_blocked, id=12792, stack(0x00007f1140a8b000,0x00007f1140b8c000)]
=>0x0000000000fe3800 JavaThread "main" [_thread_in_native, id=12780, stack(0x00007fffc6450000,0x00007fffc6550000)]

Other Threads:
  0x0000000001050800 VMThread [stack: 0x00007f1140b8c000,0x00007f1140c8d000] [id=12791]
  0x0000000001093800 WatcherThread [stack: 0x00007f113bcfd000,0x00007f113bdfe000] [id=12798]

VM state:not at safepoint (normal execution)

VM Mutex/Monitor currently owned by a thread: None

Heap
 PSYoungGen      total 301056K, used 88013K [0x00000006b0a00000, 0x00000006c5980000, 0x0000000800000000)
  eden space 258560K, 34% used [0x00000006b0a00000,0x00000006b5ff37c0,0x00000006c0680000)
  from space 42496K, 0% used [0x00000006c3000000,0x00000006c3000000,0x00000006c5980000)
  to   space 42496K, 0% used [0x00000006c0680000,0x00000006c0680000,0x00000006c3000000)
 ParOldGen       total 686592K, used 0K [0x0000000411e00000, 0x000000043bc80000, 0x00000006b0a00000)
  object space 686592K, 0% used [0x0000000411e00000,0x0000000411e00000,0x000000043bc80000)
 PSPermGen       total 21504K, used 14591K [0x000000040cc00000, 0x000000040e100000, 0x0000000411e00000)
  object space 21504K, 67% used [0x000000040cc00000,0x000000040da3fef8,0x000000040e100000)

Card table byte_map: [0x00007f115b109000,0x00007f115d0a4000] byte_map_base: 0x00007f11590a3000

Polling page: 0x00007f116458e000

Code Cache  [0x00007f115d0a4000, 0x00007f115d314000, 0x00007f11600a4000)
 total_blobs=460 nmethods=146 adapters=267 free_code_cache=48233Kb largest_free_block=49353600

Compilation events (10 events):
Event: 1.228 Thread 0x000000000107e000  141             java.net.URL::getHost (5 bytes)
Event: 1.229 Thread 0x000000000107e000 nmethod 141 0x00007f115d174290 code [0x00007f115d1743c0, 0x00007f115d174438]
Event: 1.238 Thread 0x000000000107b000  142             java.util.zip.ZStreamRef::address (5 bytes)
Event: 1.238 Thread 0x000000000107b000 nmethod 142 0x00007f115d17dfd0 code [0x00007f115d17e100, 0x00007f115d17e158]
Event: 1.241 Thread 0x000000000107e000  143             java.lang.String::lastIndexOf (13 bytes)
Event: 1.244 Thread 0x000000000107e000 nmethod 143 0x00007f115d17f550 code [0x00007f115d17f6a0, 0x00007f115d17f808]
Event: 1.301 Thread 0x000000000107b000  144             java.lang.StringBuilder::toString (17 bytes)
Event: 1.304 Thread 0x000000000107b000 nmethod 144 0x00007f115d17e8d0 code [0x00007f115d17ea20, 0x00007f115d17ed18]
Event: 1.323 Thread 0x000000000107e000  145             java.lang.StringBuilder::<init> (7 bytes)
Event: 1.324 Thread 0x000000000107e000 nmethod 145 0x00007f115d17e1d0 code [0x00007f115d17e320, 0x00007f115d17e418]

GC Heap History (0 events):
No events

Deoptimization events (10 events):
Event: 0.449 Thread 0x0000000000fe3800 Uncommon trap: reason=class_check action=maybe_recompile pc=0x00007f115d106958 method=java.lang.String.equals(Ljava/lang/Object;)Z @ 8
Event: 0.449 Thread 0x0000000000fe3800 Uncommon trap: reason=class_check action=maybe_recompile pc=0x00007f115d106958 method=java.lang.String.equals(Ljava/lang/Object;)Z @ 8
Event: 0.484 Thread 0x0000000000fe3800 Uncommon trap: reason=unreached action=reinterpret pc=0x00007f115d129964 method=sun.misc.URLClassPath$JarLoader.ensureOpen()V @ 4
Event: 0.558 Thread 0x0000000000fe3800 Uncommon trap: reason=class_check action=maybe_recompile pc=0x00007f115d1239b0 method=java.util.Properties$LineReader.readLine()I @ 402
Event: 0.908 Thread 0x0000000000fe3800 Uncommon trap: reason=unreached action=reinterpret pc=0x00007f115d11e680 method=sun.misc.URLClassPath$JarLoader.ensureOpen()V @ 4
Event: 0.908 Thread 0x0000000000fe3800 Uncommon trap: reason=unreached action=reinterpret pc=0x00007f115d117314 method=sun.misc.URLClassPath$JarLoader.ensureOpen()V @ 4
Event: 0.911 Thread 0x0000000000fe3800 Uncommon trap: reason=class_check action=maybe_recompile pc=0x00007f115d161c74 method=java.util.HashMap.put(Ljava/lang/Object;Ljava/lang/Object;)Ljava/lang/Object; @ 83
Event: 1.078 Thread 0x0000000000fe3800 Uncommon trap: reason=class_check action=maybe_recompile pc=0x00007f115d161c74 method=java.util.HashMap.put(Ljava/lang/Object;Ljava/lang/Object;)Ljava/lang/Object; @ 83
Event: 1.078 Thread 0x0000000000fe3800 Uncommon trap: reason=class_check action=maybe_recompile pc=0x00007f115d161c74 method=java.util.HashMap.put(Ljava/lang/Object;Ljava/lang/Object;)Ljava/lang/Object; @ 83
Event: 1.078 Thread 0x0000000000fe3800 Uncommon trap: reason=class_check action=maybe_recompile pc=0x00007f115d161c74 method=java.util.HashMap.put(Ljava/lang/Object;Ljava/lang/Object;)Ljava/lang/Object; @ 83

Internal exceptions (10 events):
Event: 1.398 Thread 0x0000000000fe3800 Threw 0x00000006b5c57c48 at /HUDSON/workspace/7u-2-build-linux-amd64/jdk7u75/1940/hotspot/src/share/vm/prims/jvm.cpp:1281
Event: 1.398 Thread 0x0000000000fe3800 Threw 0x00000006b5c5fb98 at /HUDSON/workspace/7u-2-build-linux-amd64/jdk7u75/1940/hotspot/src/share/vm/prims/jvm.cpp:1281
Event: 1.399 Thread 0x0000000000fe3800 Threw 0x00000006b5c67720 at /HUDSON/workspace/7u-2-build-linux-amd64/jdk7u75/1940/hotspot/src/share/vm/prims/jvm.cpp:1281
Event: 1.399 Thread 0x0000000000fe3800 Threw 0x00000006b5c6d588 at /HUDSON/workspace/7u-2-build-linux-amd64/jdk7u75/1940/hotspot/src/share/vm/prims/jvm.cpp:1281
Event: 1.400 Thread 0x0000000000fe3800 Threw 0x00000006b5c73ea0 at /HUDSON/workspace/7u-2-build-linux-amd64/jdk7u75/1940/hotspot/src/share/vm/prims/jvm.cpp:1281
Event: 1.400 Thread 0x0000000000fe3800 Threw 0x00000006b5c7c848 at /HUDSON/workspace/7u-2-build-linux-amd64/jdk7u75/1940/hotspot/src/share/vm/prims/jvm.cpp:1281
Event: 1.401 Thread 0x0000000000fe3800 Threw 0x00000006b5c8b268 at /HUDSON/workspace/7u-2-build-linux-amd64/jdk7u75/1940/hotspot/src/share/vm/prims/jvm.cpp:1281
Event: 1.401 Thread 0x0000000000fe3800 Threw 0x00000006b5c92e70 at /HUDSON/workspace/7u-2-build-linux-amd64/jdk7u75/1940/hotspot/src/share/vm/prims/jvm.cpp:1281
Event: 1.402 Thread 0x0000000000fe3800 Threw 0x00000006b5ca1b70 at /HUDSON/workspace/7u-2-build-linux-amd64/jdk7u75/1940/hotspot/src/share/vm/prims/jvm.cpp:1281
Event: 1.403 Thread 0x0000000000fe3800 Threw 0x00000006b5ca83f0 at /HUDSON/workspace/7u-2-build-linux-amd64/jdk7u75/1940/hotspot/src/share/vm/prims/jvm.cpp:1281

Events (10 events):
Event: 1.403 loading class 0x0000000001737920
Event: 1.403 loading class 0x0000000001737920 done
Event: 1.404 loading class 0x00007f116442c590
Event: 1.404 loading class 0x00007f116442c590 done
Event: 1.404 loading class 0x00007f10f4058e30
Event: 1.404 loading class 0x00007f10f4058e90
Event: 1.404 loading class 0x00007f10f4058e90 done
Event: 1.404 loading class 0x00007f10f4058e30 done
Event: 1.404 loading class 0x00007f10f4058e60
Event: 1.404 loading class 0x00007f10f4058e60 done


Dynamic libraries:
00400000-00472000 r-xp 00000000 08:01 2912271                            /home/mapred/unicap/bin/uniCAPMaster
00671000-00672000 r--p 00071000 08:01 2912271                            /home/mapred/unicap/bin/uniCAPMaster
00672000-00673000 rw-p 00072000 08:01 2912271                            /home/mapred/unicap/bin/uniCAPMaster
00673000-00674000 rw-p 00000000 00:00 0 
00fb9000-018e3000 rw-p 00000000 00:00 0                                  [heap]
40cc00000-40e100000 rw-p 00000000 00:00 0 
40e100000-411e00000 rw-p 00000000 00:00 0 
411e00000-43bc80000 rw-p 00000000 00:00 0 
43bc80000-6b0a00000 rw-p 00000000 00:00 0 
6b0a00000-6c5980000 rw-p 00000000 00:00 0 
6c5980000-800000000 rw-p 00000000 00:00 0 
7f10d8000000-7f10d8021000 rw-p 00000000 00:00 0 
7f10d8021000-7f10dc000000 ---p 00000000 00:00 0 
7f10e0000000-7f10e0021000 rw-p 00000000 00:00 0 
7f10e0021000-7f10e4000000 ---p 00000000 00:00 0 
7f10e4000000-7f10e4023000 rw-p 00000000 00:00 0 
7f10e4023000-7f10e8000000 ---p 00000000 00:00 0 
7f10e8000000-7f10e88c9000 rw-p 00000000 00:00 0 
7f10e88c9000-7f10ec000000 ---p 00000000 00:00 0 
7f10ec000000-7f10ec021000 rw-p 00000000 00:00 0 
7f10ec021000-7f10f0000000 ---p 00000000 00:00 0 
7f10f0000000-7f10f0021000 rw-p 00000000 00:00 0 
7f10f0021000-7f10f4000000 ---p 00000000 00:00 0 
7f10f4000000-7f10f4d05000 rw-p 00000000 00:00 0 
7f10f4d05000-7f10f8000000 ---p 00000000 00:00 0 
7f10f8000000-7f10f8021000 rw-p 00000000 00:00 0 
7f10f8021000-7f10fc000000 ---p 00000000 00:00 0 
7f10fc000000-7f10fc021000 rw-p 00000000 00:00 0 
7f10fc021000-7f1100000000 ---p 00000000 00:00 0 
7f1100000000-7f1100021000 rw-p 00000000 00:00 0 
7f1100021000-7f1104000000 ---p 00000000 00:00 0 
7f1104660000-7f1124000000 rw-p 00000000 00:00 0 
7f1124000000-7f1124021000 rw-p 00000000 00:00 0 
7f1124021000-7f1128000000 ---p 00000000 00:00 0 
7f112c000000-7f112c021000 rw-p 00000000 00:00 0 
7f112c021000-7f1130000000 ---p 00000000 00:00 0 
7f1130000000-7f1130021000 rw-p 00000000 00:00 0 
7f1130021000-7f1134000000 ---p 00000000 00:00 0 
7f1134000000-7f1134021000 rw-p 00000000 00:00 0 
7f1134021000-7f1138000000 ---p 00000000 00:00 0 
7f113ad4f000-7f113ad50000 rw-p 00000000 00:00 0 
7f113ad50000-7f113ad53000 ---p 00000000 00:00 0 
7f113ad53000-7f113ae51000 rw-p 00000000 00:00 0                          [stack:12800]
7f113ae51000-7f113ae54000 ---p 00000000 00:00 0 
7f113ae54000-7f113af52000 rw-p 00000000 00:00 0                          [stack:12799]
7f113af52000-7f113af56000 r--s 00037000 08:01 658173                     /opt/jdk1.7.0_75/jre/lib/ext/sunpkcs11.jar
7f113af56000-7f113af57000 r--s 00003000 08:01 658172                     /opt/jdk1.7.0_75/jre/lib/ext/sunec.jar
7f113af57000-7f113af5b000 r--s 0008b000 08:01 658164                     /opt/jdk1.7.0_75/jre/lib/jsse.jar
7f113af5b000-7f113af5e000 r--s 00019000 08:01 658141                     /opt/jdk1.7.0_75/jre/lib/jce.jar
7f113af5e000-7f113af5f000 r-xp 00000000 08:01 657280                     /opt/jdk1.7.0_75/jre/lib/amd64/libjaas_unix.so
7f113af5f000-7f113b15e000 ---p 00001000 08:01 657280                     /opt/jdk1.7.0_75/jre/lib/amd64/libjaas_unix.so
7f113b15e000-7f113b15f000 rw-p 00000000 08:01 657280                     /opt/jdk1.7.0_75/jre/lib/amd64/libjaas_unix.so
7f113b15f000-7f113b169000 r--s 00251000 08:01 657304                     /opt/jdk1.7.0_75/jre/lib/resources.jar
7f113b169000-7f113b171000 r-xp 00000000 08:01 657235                     /opt/jdk1.7.0_75/jre/lib/amd64/libmanagement.so
7f113b171000-7f113b370000 ---p 00008000 08:01 657235                     /opt/jdk1.7.0_75/jre/lib/amd64/libmanagement.so
7f113b370000-7f113b371000 rw-p 00007000 08:01 657235                     /opt/jdk1.7.0_75/jre/lib/amd64/libmanagement.so
7f113b371000-7f113b4f2000 rw-p 00000000 00:00 0 
7f113b4f2000-7f113b508000 r-xp 00000000 08:01 657261                     /opt/jdk1.7.0_75/jre/lib/amd64/libnet.so
7f113b508000-7f113b708000 ---p 00016000 08:01 657261                     /opt/jdk1.7.0_75/jre/lib/amd64/libnet.so
7f113b708000-7f113b709000 rw-p 00016000 08:01 657261                     /opt/jdk1.7.0_75/jre/lib/amd64/libnet.so
7f113b709000-7f113b719000 r-xp 00000000 08:01 657227                     /opt/jdk1.7.0_75/jre/lib/amd64/libnio.so
7f113b719000-7f113b919000 ---p 00010000 08:01 657227                     /opt/jdk1.7.0_75/jre/lib/amd64/libnio.so
7f113b919000-7f113b91a000 rw-p 00010000 08:01 657227                     /opt/jdk1.7.0_75/jre/lib/amd64/libnio.so
7f113b91a000-7f113b979000 r--s 00bac000 08:01 1317107                    /opt/jdk1.6.0_45/lib/tools.jar
7f113b979000-7f113b97f000 r--s 0001e000 08:01 1317102                    /opt/jdk1.6.0_45/lib/dt.jar
7f113b97f000-7f113b981000 r--s 00007000 08:01 2507108                    /usr/lib/parquet/parquet-pig-1.2.5-cdh4.7.0-sources.jar
7f113b981000-7f113b982000 r--s 00000000 08:01 2498634                    /usr/lib/parquet/parquet-scrooge-1.2.5-cdh4.7.0-sources.jar
7f113b982000-7f113b983000 r--s 00003000 08:01 2507115                    /usr/lib/parquet/parquet-scrooge-1.2.5-cdh4.7.0.jar
7f113b983000-7f113b986000 r--s 00024000 08:01 2497992                    /usr/lib/parquet/parquet-pig-1.2.5-cdh4.7.0-javadoc.jar
7f113b986000-7f113b987000 r--s 00000000 08:01 2493611                    /usr/lib/parquet/parquet-format-1.0.0-cdh4.7.0-sources.jar
7f113b987000-7f113b989000 r--s 00001000 08:01 2507109                    /usr/lib/parquet/parquet-cascading-1.2.5-cdh4.7.0-sources.jar
7f113b989000-7f113b99b000 r--s 000e9000 08:01 2498001                    /usr/lib/parquet/parquet-pig-1.2.5-cdh4.7.0.jar
7f113b99b000-7f113b99c000 r--s 0000e000 08:01 2497986                    /usr/lib/parquet/parquet-cascading-1.2.5-cdh4.7.0-javadoc.jar
7f113b99c000-7f113b99e000 r--s 00008000 08:01 2498377                    /usr/lib/parquet/parquet-generator-1.2.5-cdh4.7.0-javadoc.jar
7f113b99e000-7f113b9b6000 r--s 00196000 08:01 2507307                    /usr/lib/hadoop-0.20-mapreduce/hadoop-core-2.0.0-mr1-cdh4.7.0.jar
7f113b9b6000-7f113b9bf000 r--s 000a4000 08:01 2507449                    /usr/lib/hadoop-0.20-mapreduce/lib/hsqldb-1.8.0.10.jar
7f113b9bf000-7f113b9c0000 r--s 00003000 08:01 2507113                    /usr/lib/parquet/parquet-common-1.2.5-cdh4.7.0.jar
7f113b9c0000-7f113b9c1000 r--s 00000000 08:01 2507107                    /usr/lib/parquet/parquet-pig-bundle-1.2.5-cdh4.7.0-sources.jar
7f113b9c1000-7f113b9c3000 r--s 00011000 08:01 2493615                    /usr/lib/parquet/parquet-hive-1.2.5-cdh4.7.0.jar
7f113b9c3000-7f113b9f2000 r--s 0024e000 08:01 2507119                    /usr/lib/parquet/parquet-pig-bundle-1.2.5-cdh4.7.0.jar
7f113b9f2000-7f113b9f3000 r--s 00001000 08:01 2507116                    /usr/lib/parquet/parquet-common-1.2.5-cdh4.7.0-sources.jar
7f113b9f3000-7f113b9f4000 r--s 0000c000 08:01 2507102                    /usr/lib/parquet/parquet-avro-1.2.5-cdh4.7.0-javadoc.jar
7f113b9f4000-7f113b9fc000 r--s 00066000 08:01 2491117                    /usr/lib/parquet/parquet-format-1.0.0-cdh4.7.0.jar
7f113b9fc000-7f113b9fd000 r--s 00001000 08:01 2497974                    /usr/lib/parquet/parquet-generator-1.2.5-cdh4.7.0-sources.jar
7f113b9fd000-7f113ba01000 r--s 00023000 08:01 2507500                    /usr/lib/hadoop-yarn/hadoop-yarn-server-common-2.0.0-cdh4.7.0.jar
7f113ba01000-7f113ba03000 r--s 00008000 08:01 2507570                    /usr/lib/hadoop-mapreduce/hadoop-mapreduce-client-jobclient-2.0.0-cdh4.7.0.jar
7f113ba03000-7f113ba11000 r--s 000f9000 08:01 2507539                    /usr/lib/hadoop-yarn/hadoop-yarn-common-2.0.0-cdh4.7.0.jar
7f113ba11000-7f113ba12000 r--s 00009000 08:01 2507517                    /usr/lib/hadoop-yarn/hadoop-yarn-client-2.0.0-cdh4.7.0.jar
7f113ba12000-7f113ba1b000 r--s 0006a000 08:01 2507582                    /usr/lib/hadoop-mapreduce/hadoop-mapreduce-client-app-2.0.0-cdh4.7.0.jar
7f113ba1b000-7f113ba25000 r--s 00089000 08:01 2507581                    /usr/lib/hadoop-mapreduce/hadoop-mapreduce-client-common-2.0.0-cdh4.7.0.jar
7f113ba25000-7f113ba36000 r--s 00102000 08:01 2507513                    /usr/lib/hadoop-yarn/hadoop-yarn-api-2.0.0-cdh4.7.0.jar
7f113ba36000-7f113ba37000 r--s 00006000 08:01 2507579                    /usr/lib/hadoop-mapreduce/hadoop-mapreduce-client-shuffle-2.0.0-cdh4.7.0.jar
7f113ba37000-7f113ba46000 r--s 000b2000 08:01 2507527                    /usr/lib/hadoop-yarn/lib/netty-3.2.4.Final.jar
7f113ba46000-7f113ba5d000 r--s 00145000 08:01 2507563                    /usr/lib/hadoop-mapreduce/hadoop-mapreduce-client-core-2.0.0-cdh4.7.0.jar
7f113ba5d000-7f113ba61000 r--s 00042000 08:01 2507106                    /usr/lib/parquet/parquet-thrift-1.2.5-cdh4.7.0-javadoc.jar
7f113ba61000-7f113ba66000 r--s 00053000 08:01 2507105                    /usr/lib/parquet/parquet-hadoop-1.2.5-cdh4.7.0-javadoc.jar
7f113ba66000-7f113ba79000 r--s 000fa000 08:01 2498288                    /usr/lib/parquet/parquet-hadoop-1.2.5-cdh4.7.0.jar
7f113ba79000-7f113ba82000 r--s 000a6000 08:01 2507114                    /usr/lib/parquet/parquet-column-1.2.5-cdh4.7.0-javadoc.jar
7f113ba82000-7f113ba84000 r--s 0000a000 08:01 2507110                    /usr/lib/parquet/parquet-avro-1.2.5-cdh4.7.0.jar
7f113ba84000-7f113ba86000 r--s 0000b000 08:01 2507174                    /usr/lib/hadoop/hadoop-auth-2.0.0-cdh4.7.0.jar
7f113ba86000-7f113ba9b000 r--s 000fc000 08:01 2507118                    /usr/lib/parquet/parquet-thrift-1.2.5-cdh4.7.0.jar
7f113ba9b000-7f113baab000 r--s 0009d000 08:01 2494466                    /usr/lib/parquet/parquet-column-1.2.5-cdh4.7.0.jar
7f113baab000-7f113bab1000 r--s 0003e000 08:01 2497980                    /usr/lib/parquet/parquet-encoding-1.2.5-cdh4.7.0.jar
7f113bab1000-7f113bac5000 r--s 00121000 08:01 2507168                    /usr/lib/hadoop/hadoop-common-2.0.0-cdh4.7.0-tests.jar
7f113bac5000-7f113bac7000 r--s 0000c000 08:01 2507117                    /usr/lib/parquet/parquet-common-1.2.5-cdh4.7.0-javadoc.jar
7f113bac7000-7f113bac9000 r--s 00014000 08:01 2507111                    /usr/lib/parquet/parquet-hadoop-1.2.5-cdh4.7.0-sources.jar
7f113bac9000-7f113bacb000 r--s 0000c000 08:01 2498680                    /usr/lib/parquet/parquet-thrift-1.2.5-cdh4.7.0-sources.jar
7f113bacb000-7f113bacc000 r--s 00004000 08:01 2507104                    /usr/lib/parquet/parquet-avro-1.2.5-cdh4.7.0-sources.jar
7f113bacc000-7f113bacd000 r--s 00001000 08:01 2507103                    /usr/lib/parquet/parquet-test-hadoop2-1.2.5-cdh4.7.0.jar
7f113bacd000-7f113bacf000 r--s 00016000 08:01 2507101                    /usr/lib/parquet/parquet-encoding-1.2.5-cdh4.7.0-javadoc.jar
7f113bacf000-7f113bad1000 r--s 00004000 08:01 2507169                    /usr/lib/hadoop/hadoop-annotations-2.0.0-cdh4.7.0.jar
7f113bad1000-7f113bad3000 r--s 00004000 08:01 2493609                    /usr/lib/parquet/parquet-format-1.0.0-cdh4.7.0-javadoc.jar
7f113bad3000-7f113bad5000 r--s 00004000 08:01 2497989                    /usr/lib/parquet/parquet-cascading-1.2.5-cdh4.7.0.jar
7f113bad5000-7f113bad7000 r--s 00006000 08:01 2498383                    /usr/lib/parquet/parquet-scrooge-1.2.5-cdh4.7.0-javadoc.jar
7f113bad7000-7f113bad9000 r--s 00008000 08:01 2507120                    /usr/lib/parquet/parquet-hive-1.2.5-cdh4.7.0-sources.jar
7f113bad9000-7f113bada000 r--s 00003000 08:01 2507112                    /usr/lib/parquet/parquet-generator-1.2.5-cdh4.7.0.jar
7f113bada000-7f113badd000 r--s 0002a000 08:01 2497983                    /usr/lib/parquet/parquet-hive-1.2.5-cdh4.7.0-javadoc.jar
7f113badd000-7f113bae1000 r--s 0001d000 08:01 2497977                    /usr/lib/parquet/parquet-column-1.2.5-cdh4.7.0-sources.jar
7f113bae1000-7f113bae2000 r--s 00004000 08:01 2498381                    /usr/lib/parquet/parquet-encoding-1.2.5-cdh4.7.0-sources.jar
7f113bae2000-7f113bb07000 r--s 00213000 08:01 2507170                    /usr/lib/hadoop/hadoop-common-2.0.0-cdh4.7.0.jar
7f113bb07000-7f113bb09000 r--s 0000e000 08:01 2507224                    /usr/lib/hadoop/lib/activation-1.1.jar
7f113bb09000-7f113bb0e000 r--s 0003e000 08:01 2507179                    /usr/lib/hadoop/lib/commons-net-3.1.jar
7f113bb0e000-7f113bb0f000 r--s 00004000 08:01 2507225                    /usr/lib/hadoop/lib/jackson-jaxrs-1.8.8.jar
7f113bb0f000-7f113bb13000 r--s 00034000 08:01 2507211                    /usr/lib/hadoop/lib/jackson-core-asl-1.8.8.jar
7f113bb13000-7f113bb15000 r--s 00006000 08:01 2507221                    /usr/lib/hadoop/lib/paranamer-2.3.jar
7f113bb15000-7f113bb1f000 r--s 00066000 08:01 2507231                    /usr/lib/hadoop/lib/jersey-core-1.8.jar
7f113bb1f000-7f113bb25000 r--s 00034000 08:01 2507184                    /usr/lib/hadoop/lib/junit-4.8.2.jar
7f113bb25000-7f113bb29000 r--s 00020000 08:01 2507183                    /usr/lib/hadoop/lib/commons-digester-1.8.jar
7f113bb29000-7f113bb2b000 r--s 00005000 08:01 2507176                    /usr/lib/hadoop/lib/slf4j-api-1.6.1.jar
7f113bb2b000-7f113bb2d000 r--s 00014000 08:01 2507192                    /usr/lib/hadoop/lib/jline-0.9.94.jar
7f113bb2d000-7f113bb40000 r--s 000c7000 08:01 2507195                    /usr/lib/hadoop/lib/jaxb-impl-2.2.3-1.jar
7f113bb40000-7f113bb47000 r--s 00044000 08:01 2507217                    /usr/lib/hadoop/lib/avro-1.7.4.jar
7f113bb47000-7f113bb4a000 r--s 00025000 08:01 2507222                    /usr/lib/hadoop/lib/commons-io-2.1.jar
7f113bb4a000-7f113bb4e000 r--s 00014000 08:01 2507194                    /usr/lib/hadoop/lib/xz-1.0.jar
7f113bb4e000-7f113bb6f000 r--s 00172000 08:01 2507218                    /usr/lib/hadoop/lib/guava-11.0.2.jar
7f113bb6f000-7f113bb73000 r--s 0002f000 08:01 2507228                    /usr/lib/hadoop/lib/commons-beanutils-core-1.8.0.jar
7f113bb73000-7f113bb84000 r--s 000bb000 08:01 2507212                    /usr/lib/hadoop/lib/commons-math-2.1.jar
7f113bb84000-7f113bb85000 r--s 00002000 08:01 2507185                    /usr/lib/hadoop/lib/kfs-0.3.jar
7f113bb85000-7f113bb92000 r--s 00097000 08:01 2507180                    /usr/lib/hadoop/lib/jackson-mapper-asl-1.8.8.jar
7f113bb92000-7f113bb95000 r--s 00017000 08:01 2507214                    /usr/lib/hadoop/lib/jaxb-api-2.2.2.jar
7f113bb95000-7f113bb9a000 r--s 00036000 08:01 2507227                    /usr/lib/hadoop/lib/commons-compress-1.4.1.jar
7f113bb9a000-7f113bbac000 r--s 00131000 08:01 2507049                    /usr/lib/zookeeper/zookeeper-3.4.5-cdh4.7.0.jar
7f113bbac000-7f113bbaf000 r--s 00019000 08:01 2507215                    /usr/lib/hadoop/lib/commons-el-1.0.jar
7f113bbaf000-7f113bbb4000 r--s 0005f000 08:01 2507213                    /usr/lib/hadoop/lib/jasper-compiler-5.5.23.jar
7f113bbb4000-7f113bbb6000 r--s 0000d000 08:01 2507219                    /usr/lib/hadoop/lib/commons-logging-1.1.1.jar
7f113bbb6000-7f113bbbb000 r--s 0002a000 08:01 2507196                    /usr/lib/hadoop/lib/commons-beanutils-1.7.0.jar
7f113bbbb000-7f113bbc1000 r--s 00068000 08:01 2507234                    /usr/lib/hadoop/lib/protobuf-java-2.4.0a.jar
7f113bbc1000-7f113bbc2000 r--s 00007000 08:01 2507186                    /usr/lib/hadoop/lib/jackson-xc-1.8.8.jar
7f113bbc2000-7f113bbc4000 r--s 00009000 08:01 2507200                    /usr/lib/hadoop/lib/commons-cli-1.2.jar
7f113bbc4000-7f113bbc6000 r--s 00011000 08:01 2507199                    /usr/lib/hadoop/lib/jasper-runtime-5.5.23.jar
7f113bbc6000-7f113bbc8000 r--s 0000d000 08:01 2507201                    /usr/lib/hadoop/lib/commons-codec-1.4.jar
7f113bbc8000-7f113bbe5000 r--s 0013e000 08:01 2507197                    /usr/lib/hadoop/lib/mockito-all-1.8.5.jar
7f113bbe5000-7f113bbeb000 r--s 0007e000 08:01 2507178                    /usr/lib/hadoop/lib/jetty-6.1.26.cloudera.2.jar
7f113bbeb000-7f113bbfc000 r--s 00099000 08:01 2507181                    /usr/lib/hadoop/lib/jersey-server-1.8.jar
7f113bbfc000-7f113bbfd000 r--s 00003000 08:01 2507182                    /usr/lib/hadoop/lib/xmlenc-0.52.jar
7f113bbfd000-7f113bbff000 r--s 00005000 08:01 2507188                    /usr/lib/hadoop/lib/stax-api-1.0.1.jar
7f113bbff000-7f113bc01000 r--s 00018000 08:01 2507229                    /usr/lib/hadoop/lib/servlet-api-2.5.jar
7f113bc01000-7f113bc05000 r--s 00028000 08:01 2507177                    /usr/lib/hadoop/lib/jetty-util-6.1.26.cloudera.2.jar
7f113bc05000-7f113bc0b000 r--s 00045000 08:01 2507193                    /usr/lib/hadoop/lib/commons-httpclient-3.1.jar
7f113bc0b000-7f113bc11000 r--s 00043000 08:01 2507220                    /usr/lib/hadoop/lib/commons-configuration-1.6.jar
7f113bc11000-7f113bc14000 r--s 0002b000 08:01 2507232                    /usr/lib/hadoop/lib/jsch-0.1.42.jar
7f113bc14000-7f113bc17000 r--s 00006000 08:01 2507191                    /usr/lib/hadoop/lib/jsr305-1.3.9.jar
7f113bc17000-7f113bc18000 r--s 0000a000 08:01 2507210                    /usr/lib/hadoop/lib/asm-3.2.jar
7f113bc18000-7f113bc1a000 r--s 0000f000 08:01 2507233                    /usr/lib/hadoop/lib/jettison-1.1.jar
7f113bc1a000-7f113bc1f000 r--s 00040000 08:01 2507226                    /usr/lib/hadoop/lib/commons-lang-2.5.jar
7f113bc1f000-7f113bc23000 r--s 00021000 08:01 2507189                    /usr/lib/hadoop/lib/jersey-json-1.8.jar
7f113bc23000-7f113bc25000 r--s 000f2000 08:01 2507216                    /usr/lib/hadoop/lib/snappy-java-1.0.4.1.jar
7f113bc25000-7f113bc28000 r--s 00016000 08:01 2507187                    /usr/lib/hadoop/lib/jsp-api-2.1.jar
7f113bc28000-7f113bc2d000 r--s 0004a000 08:01 2507190                    /usr/lib/hadoop/lib/jets3t-0.6.1.jar
7f113bc2d000-7f113bc36000 r--s 0006f000 08:01 2507198                    /usr/lib/hadoop/lib/log4j-1.2.17.jar
7f113bc36000-7f113bc50000 r--s 0013b000 08:01 2507223                    /usr/lib/hadoop/lib/cloudera-jets3t-2.0.0-cdh4.7.0.jar
7f113bc50000-7f113bc5e000 r--s 0007f000 08:01 2507230                    /usr/lib/hadoop/lib/commons-collections-3.2.1.jar
7f113bc5e000-7f113bc72000 r--s 00193000 08:01 2507248                    /usr/lib/hadoop-hdfs/hadoop-hdfs-2.0.0-cdh4.7.0-tests.jar
7f113bc72000-7f113bcad000 r--s 00421000 08:01 2507249                    /usr/lib/hadoop-hdfs/hadoop-hdfs-2.0.0-cdh4.7.0.jar
7f113bcad000-7f113bcaf000 r--s 00003000 08:01 2507295                    /usr/lib/hadoop-hdfs/lib/commons-daemon-1.0.3.jar
7f113bcaf000-7f113bcb3000 r--s 00034000 08:01 2507293                    /usr/lib/hadoop-hdfs/lib/jackson-core-asl-1.8.8.jar
7f113bcb3000-7f113bcbd000 r--s 00066000 08:01 2507302                    /usr/lib/hadoop-hdfs/lib/jersey-core-1.8.jar
7f113bcbd000-7f113bcde000 r--s 00172000 08:01 2507297                    /usr/lib/hadoop-hdfs/lib/guava-11.0.2.jar
7f113bcde000-7f113bceb000 r--s 00097000 08:01 2507282                    /usr/lib/hadoop-hdfs/lib/jackson-mapper-asl-1.8.8.jar
7f113bceb000-7f113bcfd000 r--s 00131000 08:01 2507296                    /usr/lib/hadoop-hdfs/lib/zookeeper-3.4.5-cdh4.7.0.jar
7f113bcfd000-7f113bcfe000 ---p 00000000 00:00 0 
7f113bcfe000-7f113bdfe000 rw-p 00000000 00:00 0                          [stack:12798]
7f113bdfe000-7f113be01000 ---p 00000000 00:00 0 
7f113be01000-7f113beff000 rw-p 00000000 00:00 0                          [stack:12797]
7f113beff000-7f113bf02000 ---p 00000000 00:00 0 
7f113bf02000-7f113c000000 rw-p 00000000 00:00 0                          [stack:12796]
7f113c000000-7f113c021000 rw-p 00000000 00:00 0 
7f113c021000-7f1140000000 ---p 00000000 00:00 0 
7f1140000000-7f1140001000 r--s 00002000 08:01 2507054                    /usr/lib/zookeeper/lib/slf4j-log4j12-1.6.1.jar
7f1140001000-7f1140003000 r--s 00014000 08:01 2507287                    /usr/lib/hadoop-hdfs/lib/jline-0.9.94.jar
7f1140003000-7f1140006000 r--s 00025000 08:01 2507299                    /usr/lib/hadoop-hdfs/lib/commons-io-2.1.jar
7f1140006000-7f1140009000 r--s 00019000 08:01 2507294                    /usr/lib/hadoop-hdfs/lib/commons-el-1.0.jar
7f1140009000-7f114000b000 r--s 0000d000 08:01 2507298                    /usr/lib/hadoop-hdfs/lib/commons-logging-1.1.1.jar
7f114000b000-7f1140011000 r--s 00068000 08:01 2507303                    /usr/lib/hadoop-hdfs/lib/protobuf-java-2.4.0a.jar
7f1140011000-7f1140013000 r--s 00009000 08:01 2507290                    /usr/lib/hadoop-hdfs/lib/commons-cli-1.2.jar
7f1140013000-7f1140015000 r--s 00011000 08:01 2507289                    /usr/lib/hadoop-hdfs/lib/jasper-runtime-5.5.23.jar
7f1140015000-7f1140017000 r--s 0000d000 08:01 2507291                    /usr/lib/hadoop-hdfs/lib/commons-codec-1.4.jar
7f1140017000-7f114001d000 r--s 0007e000 08:01 2507281                    /usr/lib/hadoop-hdfs/lib/jetty-6.1.26.cloudera.2.jar
7f114001d000-7f114002e000 r--s 00099000 08:01 2507283                    /usr/lib/hadoop-hdfs/lib/jersey-server-1.8.jar
7f114002e000-7f1140030000 r--s 00018000 08:01 2507301                    /usr/lib/hadoop-hdfs/lib/servlet-api-2.5.jar
7f1140030000-7f1140039000 r--s 0006f000 08:01 2507288                    /usr/lib/hadoop-hdfs/lib/log4j-1.2.17.jar
7f1140039000-7f11400a4000 r--s 00e22000 08:01 659384                     /opt/jdk1.7.0_75/lib/tools.jar
7f11400a4000-7f11400a7000 ---p 00000000 00:00 0 
7f11400a7000-7f11401a5000 rw-p 00000000 00:00 0                          [stack:12795]
7f11401a5000-7f11401a8000 ---p 00000000 00:00 0 
7f11401a8000-7f11402a6000 rw-p 00000000 00:00 0                          [stack:12794]
7f11402a6000-7f114098a000 r--p 00000000 08:01 2497244                    /usr/lib/locale/locale-archive
7f114098a000-7f114098d000 ---p 00000000 00:00 0 
7f114098d000-7f1140a8b000 rw-p 00000000 00:00 0                          [stack:12793]
7f1140a8b000-7f1140a8e000 ---p 00000000 00:00 0 
7f1140a8e000-7f1140b8c000 rw-p 00000000 00:00 0                          [stack:12792]
7f1140b8c000-7f1140b8d000 ---p 00000000 00:00 0 
7f1140b8d000-7f1144000000 rw-p 00000000 00:00 0                          [stack:12791]
7f1144000000-7f1144021000 rw-p 00000000 00:00 0 
7f1144021000-7f1148000000 ---p 00000000 00:00 0 
7f1148000000-7f1148021000 rw-p 00000000 00:00 0 
7f1148021000-7f114c000000 ---p 00000000 00:00 0 
7f114c000000-7f114c021000 rw-p 00000000 00:00 0 
7f114c021000-7f1150000000 ---p 00000000 00:00 0 
7f1150000000-7f1150021000 rw-p 00000000 00:00 0 
7f1150021000-7f1154000000 ---p 00000000 00:00 0 
7f1154000000-7f1154021000 rw-p 00000000 00:00 0 
7f1154021000-7f1158000000 ---p 00000000 00:00 0 
7f1158000000-7f1158001000 r--s 00003000 08:01 2507284                    /usr/lib/hadoop-hdfs/lib/xmlenc-0.52.jar
7f1158001000-7f1158005000 r--s 00028000 08:01 2507280                    /usr/lib/hadoop-hdfs/lib/jetty-util-6.1.26.cloudera.2.jar
7f1158005000-7f1158e97000 rw-p 00000000 00:00 0 
7f1158e97000-7f1159056000 r--s 039eb000 08:01 658220                     /opt/jdk1.7.0_75/jre/lib/rt.jar
7f1159056000-7f1159209000 rw-p 00000000 00:00 0 
7f1159209000-7f115920a000 ---p 00000000 00:00 0 
7f115920a000-7f115930a000 rw-p 00000000 00:00 0                          [stack:12790]
7f115930a000-7f115930b000 ---p 00000000 00:00 0 
7f115930b000-7f115940b000 rw-p 00000000 00:00 0                          [stack:12789]
7f115940b000-7f115940c000 ---p 00000000 00:00 0 
7f115940c000-7f115950c000 rw-p 00000000 00:00 0                          [stack:12788]
7f115950c000-7f115950d000 ---p 00000000 00:00 0 
7f115950d000-7f115960d000 rw-p 00000000 00:00 0                          [stack:12787]
7f115960d000-7f115960e000 ---p 00000000 00:00 0 
7f115960e000-7f115970e000 rw-p 00000000 00:00 0                          [stack:12786]
7f115970e000-7f115970f000 ---p 00000000 00:00 0 
7f115970f000-7f115980f000 rw-p 00000000 00:00 0                          [stack:12785]
7f115980f000-7f1159810000 ---p 00000000 00:00 0 
7f1159810000-7f1159910000 rw-p 00000000 00:00 0                          [stack:12784]
7f1159910000-7f1159911000 ---p 00000000 00:00 0 
7f1159911000-7f1159a11000 rw-p 00000000 00:00 0                          [stack:12783]
7f1159a11000-7f1159a12000 ---p 00000000 00:00 0 
7f1159a12000-7f1159b12000 rw-p 00000000 00:00 0                          [stack:12782]
7f1159b12000-7f1159b13000 ---p 00000000 00:00 0 
7f1159b13000-7f1159d63000 rw-p 00000000 00:00 0                          [stack:12781]
7f1159d63000-7f115b109000 rw-p 00000000 00:00 0 
7f115b109000-7f115b114000 rw-p 00000000 00:00 0 
7f115b114000-7f115b132000 rw-p 00000000 00:00 0 
7f115b132000-7f115b282000 rw-p 00000000 00:00 0 
7f115b282000-7f115c628000 rw-p 00000000 00:00 0 
7f115c628000-7f115c6d0000 rw-p 00000000 00:00 0 
7f115c6d0000-7f115d0a3000 rw-p 00000000 00:00 0 
7f115d0a3000-7f115d0a4000 rw-p 00000000 00:00 0 
7f115d0a4000-7f115d314000 rwxp 00000000 00:00 0 
7f115d314000-7f11600a4000 rw-p 00000000 00:00 0 
7f11600a4000-7f11600be000 r-xp 00000000 08:01 657256                     /opt/jdk1.7.0_75/jre/lib/amd64/libzip.so
7f11600be000-7f11602be000 ---p 0001a000 08:01 657256                     /opt/jdk1.7.0_75/jre/lib/amd64/libzip.so
7f11602be000-7f11602bf000 rw-p 0001a000 08:01 657256                     /opt/jdk1.7.0_75/jre/lib/amd64/libzip.so
7f11602bf000-7f11602cb000 r-xp 00000000 08:01 531515                     /lib/x86_64-linux-gnu/libnss_files-2.15.so
7f11602cb000-7f11604ca000 ---p 0000c000 08:01 531515                     /lib/x86_64-linux-gnu/libnss_files-2.15.so
7f11604ca000-7f11604cb000 r--p 0000b000 08:01 531515                     /lib/x86_64-linux-gnu/libnss_files-2.15.so
7f11604cb000-7f11604cc000 rw-p 0000c000 08:01 531515                     /lib/x86_64-linux-gnu/libnss_files-2.15.so
7f11604cc000-7f11604d6000 r-xp 00000000 08:01 531511                     /lib/x86_64-linux-gnu/libnss_nis-2.15.so
7f11604d6000-7f11606d6000 ---p 0000a000 08:01 531511                     /lib/x86_64-linux-gnu/libnss_nis-2.15.so
7f11606d6000-7f11606d7000 r--p 0000a000 08:01 531511                     /lib/x86_64-linux-gnu/libnss_nis-2.15.so
7f11606d7000-7f11606d8000 rw-p 0000b000 08:01 531511                     /lib/x86_64-linux-gnu/libnss_nis-2.15.so
7f11606d8000-7f11606ef000 r-xp 00000000 08:01 531514                     /lib/x86_64-linux-gnu/libnsl-2.15.so
7f11606ef000-7f11608ee000 ---p 00017000 08:01 531514                     /lib/x86_64-linux-gnu/libnsl-2.15.so
7f11608ee000-7f11608ef000 r--p 00016000 08:01 531514                     /lib/x86_64-linux-gnu/libnsl-2.15.so
7f11608ef000-7f11608f0000 rw-p 00017000 08:01 531514                     /lib/x86_64-linux-gnu/libnsl-2.15.so
7f11608f0000-7f11608f2000 rw-p 00000000 00:00 0 
7f11608f2000-7f11608fa000 r-xp 00000000 08:01 531517                     /lib/x86_64-linux-gnu/libnss_compat-2.15.so
7f11608fa000-7f1160af9000 ---p 00008000 08:01 531517                     /lib/x86_64-linux-gnu/libnss_compat-2.15.so
7f1160af9000-7f1160afa000 r--p 00007000 08:01 531517                     /lib/x86_64-linux-gnu/libnss_compat-2.15.so
7f1160afa000-7f1160afb000 rw-p 00008000 08:01 531517                     /lib/x86_64-linux-gnu/libnss_compat-2.15.so
7f1160afb000-7f1160b24000 r-xp 00000000 08:01 657222                     /opt/jdk1.7.0_75/jre/lib/amd64/libjava.so
7f1160b24000-7f1160d24000 ---p 00029000 08:01 657222                     /opt/jdk1.7.0_75/jre/lib/amd64/libjava.so
7f1160d24000-7f1160d26000 rw-p 00029000 08:01 657222                     /opt/jdk1.7.0_75/jre/lib/amd64/libjava.so
7f1160d26000-7f1160d33000 r-xp 00000000 08:01 657249                     /opt/jdk1.7.0_75/jre/lib/amd64/libverify.so
7f1160d33000-7f1160f32000 ---p 0000d000 08:01 657249                     /opt/jdk1.7.0_75/jre/lib/amd64/libverify.so
7f1160f32000-7f1160f34000 rw-p 0000c000 08:01 657249                     /opt/jdk1.7.0_75/jre/lib/amd64/libverify.so
7f1160f34000-7f1160f3b000 r-xp 00000000 08:01 531506                     /lib/x86_64-linux-gnu/librt-2.15.so
7f1160f3b000-7f116113a000 ---p 00007000 08:01 531506                     /lib/x86_64-linux-gnu/librt-2.15.so
7f116113a000-7f116113b000 r--p 00006000 08:01 531506                     /lib/x86_64-linux-gnu/librt-2.15.so
7f116113b000-7f116113c000 rw-p 00007000 08:01 531506                     /lib/x86_64-linux-gnu/librt-2.15.so
7f116113c000-7f1161152000 r-xp 00000000 08:01 528394                     /lib/x86_64-linux-gnu/libz.so.1.2.3.4
7f1161152000-7f1161351000 ---p 00016000 08:01 528394                     /lib/x86_64-linux-gnu/libz.so.1.2.3.4
7f1161351000-7f1161352000 r--p 00015000 08:01 528394                     /lib/x86_64-linux-gnu/libz.so.1.2.3.4
7f1161352000-7f1161353000 rw-p 00016000 08:01 528394                     /lib/x86_64-linux-gnu/libz.so.1.2.3.4
7f1161353000-7f1161355000 r-xp 00000000 08:01 531523                     /lib/x86_64-linux-gnu/libdl-2.15.so
7f1161355000-7f1161555000 ---p 00002000 08:01 531523                     /lib/x86_64-linux-gnu/libdl-2.15.so
7f1161555000-7f1161556000 r--p 00002000 08:01 531523                     /lib/x86_64-linux-gnu/libdl-2.15.so
7f1161556000-7f1161557000 rw-p 00003000 08:01 531523                     /lib/x86_64-linux-gnu/libdl-2.15.so
7f1161557000-7f11620ca000 r-xp 00000000 08:01 657276                     /opt/jdk1.7.0_75/jre/lib/amd64/server/libjvm.so
7f11620ca000-7f11622ca000 ---p 00b73000 08:01 657276                     /opt/jdk1.7.0_75/jre/lib/amd64/server/libjvm.so
7f11622ca000-7f116238e000 rw-p 00b73000 08:01 657276                     /opt/jdk1.7.0_75/jre/lib/amd64/server/libjvm.so
7f116238e000-7f11623cf000 rw-p 00000000 00:00 0 
7f11623cf000-7f11624ca000 r-xp 00000000 08:01 531522                     /lib/x86_64-linux-gnu/libm-2.15.so
7f11624ca000-7f11626c9000 ---p 000fb000 08:01 531522                     /lib/x86_64-linux-gnu/libm-2.15.so
7f11626c9000-7f11626ca000 r--p 000fa000 08:01 531522                     /lib/x86_64-linux-gnu/libm-2.15.so
7f11626ca000-7f11626cb000 rw-p 000fb000 08:01 531522                     /lib/x86_64-linux-gnu/libm-2.15.so
7f11626cb000-7f116287d000 r-xp 00000000 08:01 528270                     /lib/x86_64-linux-gnu/libcrypto.so.1.0.0
7f116287d000-7f1162a7c000 ---p 001b2000 08:01 528270                     /lib/x86_64-linux-gnu/libcrypto.so.1.0.0
7f1162a7c000-7f1162a97000 r--p 001b1000 08:01 528270                     /lib/x86_64-linux-gnu/libcrypto.so.1.0.0
7f1162a97000-7f1162aa2000 rw-p 001cc000 08:01 528270                     /lib/x86_64-linux-gnu/libcrypto.so.1.0.0
7f1162aa2000-7f1162aa6000 rw-p 00000000 00:00 0 
7f1162aa6000-7f1162afb000 r-xp 00000000 08:01 528267                     /lib/x86_64-linux-gnu/libssl.so.1.0.0
7f1162afb000-7f1162cfa000 ---p 00055000 08:01 528267                     /lib/x86_64-linux-gnu/libssl.so.1.0.0
7f1162cfa000-7f1162cfd000 r--p 00054000 08:01 528267                     /lib/x86_64-linux-gnu/libssl.so.1.0.0
7f1162cfd000-7f1162d04000 rw-p 00057000 08:01 528267                     /lib/x86_64-linux-gnu/libssl.so.1.0.0
7f1162d04000-7f1162eb8000 r-xp 00000000 08:01 531512                     /lib/x86_64-linux-gnu/libc-2.15.so
7f1162eb8000-7f11630b8000 ---p 001b4000 08:01 531512                     /lib/x86_64-linux-gnu/libc-2.15.so
7f11630b8000-7f11630bc000 r--p 001b4000 08:01 531512                     /lib/x86_64-linux-gnu/libc-2.15.so
7f11630bc000-7f11630be000 rw-p 001b8000 08:01 531512                     /lib/x86_64-linux-gnu/libc-2.15.so
7f11630be000-7f11630c3000 rw-p 00000000 00:00 0 
7f11630c3000-7f11630db000 r-xp 00000000 08:01 531513                     /lib/x86_64-linux-gnu/libpthread-2.15.so
7f11630db000-7f11632da000 ---p 00018000 08:01 531513                     /lib/x86_64-linux-gnu/libpthread-2.15.so
7f11632da000-7f11632db000 r--p 00017000 08:01 531513                     /lib/x86_64-linux-gnu/libpthread-2.15.so
7f11632db000-7f11632dc000 rw-p 00018000 08:01 531513                     /lib/x86_64-linux-gnu/libpthread-2.15.so
7f11632dc000-7f11632e0000 rw-p 00000000 00:00 0 
7f11632e0000-7f11632f6000 r-xp 00000000 08:01 528271                     /lib/x86_64-linux-gnu/libgcc_s.so.1
7f11632f6000-7f11634f5000 ---p 00016000 08:01 528271                     /lib/x86_64-linux-gnu/libgcc_s.so.1
7f11634f5000-7f11634f6000 r--p 00015000 08:01 528271                     /lib/x86_64-linux-gnu/libgcc_s.so.1
7f11634f6000-7f11634f7000 rw-p 00016000 08:01 528271                     /lib/x86_64-linux-gnu/libgcc_s.so.1
7f11634f7000-7f1163664000 r-xp 00000000 08:01 2521278                    /usr/lib/x86_64-linux-gnu/libstdc++.so.6.0.21
7f1163664000-7f1163864000 ---p 0016d000 08:01 2521278                    /usr/lib/x86_64-linux-gnu/libstdc++.so.6.0.21
7f1163864000-7f116386e000 r--p 0016d000 08:01 2521278                    /usr/lib/x86_64-linux-gnu/libstdc++.so.6.0.21
7f116386e000-7f1163870000 rw-p 00177000 08:01 2521278                    /usr/lib/x86_64-linux-gnu/libstdc++.so.6.0.21
7f1163870000-7f1163874000 rw-p 00000000 00:00 0 
7f1163874000-7f1163888000 r-xp 00000000 08:01 2525251                    /usr/lib/x86_64-linux-gnu/libboost_filesystem.so.1.55.0
7f1163888000-7f1163a88000 ---p 00014000 08:01 2525251                    /usr/lib/x86_64-linux-gnu/libboost_filesystem.so.1.55.0
7f1163a88000-7f1163a89000 r--p 00014000 08:01 2525251                    /usr/lib/x86_64-linux-gnu/libboost_filesystem.so.1.55.0
7f1163a89000-7f1163a8a000 rw-p 00015000 08:01 2525251                    /usr/lib/x86_64-linux-gnu/libboost_filesystem.so.1.55.0
7f1163a8a000-7f1163a8d000 r-xp 00000000 08:01 2525247                    /usr/lib/x86_64-linux-gnu/libboost_system.so.1.55.0
7f1163a8d000-7f1163c8c000 ---p 00003000 08:01 2525247                    /usr/lib/x86_64-linux-gnu/libboost_system.so.1.55.0
7f1163c8c000-7f1163c8d000 r--p 00002000 08:01 2525247                    /usr/lib/x86_64-linux-gnu/libboost_system.so.1.55.0
7f1163c8d000-7f1163c8e000 rw-p 00003000 08:01 2525247                    /usr/lib/x86_64-linux-gnu/libboost_system.so.1.55.0
7f1163c8e000-7f1163c9a000 r-xp 00000000 08:01 2507820                    /usr/lib/libhdfs.so.0.0.0
7f1163c9a000-7f1163e99000 ---p 0000c000 08:01 2507820                    /usr/lib/libhdfs.so.0.0.0
7f1163e99000-7f1163e9a000 r--p 0000b000 08:01 2507820                    /usr/lib/libhdfs.so.0.0.0
7f1163e9a000-7f1163e9b000 rw-p 0000c000 08:01 2507820                    /usr/lib/libhdfs.so.0.0.0
7f1163e9b000-7f1163eb8000 r-xp 00000000 08:01 2772799                    /usr/local/lib/libglog.so.0.0.0
7f1163eb8000-7f11640b7000 ---p 0001d000 08:01 2772799                    /usr/local/lib/libglog.so.0.0.0
7f11640b7000-7f11640b8000 r--p 0001c000 08:01 2772799                    /usr/local/lib/libglog.so.0.0.0
7f11640b8000-7f11640b9000 rw-p 0001d000 08:01 2772799                    /usr/local/lib/libglog.so.0.0.0
7f11640b9000-7f11640c9000 rw-p 00000000 00:00 0 
7f11640c9000-7f1164168000 r-xp 00000000 08:01 2772706                    /usr/local/lib/libthrift-0.9.2.so
7f1164168000-7f1164368000 ---p 0009f000 08:01 2772706                    /usr/local/lib/libthrift-0.9.2.so
7f1164368000-7f116436e000 r--p 0009f000 08:01 2772706                    /usr/local/lib/libthrift-0.9.2.so
7f116436e000-7f1164370000 rw-p 000a5000 08:01 2772706                    /usr/local/lib/libthrift-0.9.2.so
7f1164370000-7f1164392000 r-xp 00000000 08:01 531521                     /lib/x86_64-linux-gnu/ld-2.15.so
7f1164392000-7f1164395000 r--s 00006000 08:01 2507286                    /usr/lib/hadoop-hdfs/lib/jsr305-1.3.9.jar
7f1164395000-7f1164396000 r--s 0000a000 08:01 2507292                    /usr/lib/hadoop-hdfs/lib/asm-3.2.jar
7f1164396000-7f1164490000 rw-p 00000000 00:00 0 
7f1164490000-7f11644ae000 rw-p 00000000 00:00 0 
7f11644ae000-7f11644b8000 rw-p 00000000 00:00 0 
7f11644b8000-7f116456e000 rw-p 00000000 00:00 0 
7f116456e000-7f1164577000 rw-p 00000000 00:00 0 
7f1164577000-7f116457c000 r--s 00040000 08:01 2507300                    /usr/lib/hadoop-hdfs/lib/commons-lang-2.5.jar
7f116457c000-7f116457f000 r--s 00016000 08:01 2507285                    /usr/lib/hadoop-hdfs/lib/jsp-api-2.1.jar
7f116457f000-7f1164585000 r--s 0001e000 08:01 658265                     /opt/jdk1.7.0_75/lib/dt.jar
7f1164585000-7f116458d000 rw-s 00000000 08:01 2230619                    /tmp/hsperfdata_mapred/12780
7f116458d000-7f116458e000 rw-p 00000000 00:00 0 
7f116458e000-7f116458f000 r--p 00000000 00:00 0 
7f116458f000-7f1164592000 rw-p 00000000 00:00 0 
7f1164592000-7f1164593000 r--p 00022000 08:01 531521                     /lib/x86_64-linux-gnu/ld-2.15.so
7f1164593000-7f1164595000 rw-p 00023000 08:01 531521                     /lib/x86_64-linux-gnu/ld-2.15.so
7fffc6450000-7fffc6453000 ---p 00000000 00:00 0 
7fffc6454000-7fffc6550000 rw-p 00000000 00:00 0                          [stack]
7fffc65fe000-7fffc6600000 r-xp 00000000 00:00 0                          [vdso]
ffffffffff600000-ffffffffff601000 r-xp 00000000 00:00 0                  [vsyscall]

VM Arguments:
java_command: <unknown>
Launcher Type: generic

Environment Variables:
JAVA_HOME=/opt/jdk1.7.0_75
JRE_HOME=/opt/jdk1.7.0_75/jre
PATH=/opt/gocode/bin:/opt/jdk1.7.0_75/bin:/opt/jdk1.7.0_75/jre/bin:/usr/local/go/bin:/opt/gocode/bin:/opt/jdk1.6.0_45/bin:/opt/jdk1.6.0_45/jre/bin:/usr/local/go/bin:/usr/local/sbin:/usr/local/bin:/usr/sbin:/usr/bin:/sbin:/bin:/usr/games
LD_LIBRARY_PATH=/opt/jdk1.7.0_75/jre/lib/amd64/server:/c++/Linux-amd64-64/lib:/usr/local/lib:/usr/lib
SHELL=/bin/bash

Signal Handlers:
SIGSEGV: [libjvm.so+0x9a21f0], sa_mask[0]=0x7ffbfeff, sa_flags=0x10000004
SIGBUS: [libjvm.so+0x9a21f0], sa_mask[0]=0x7ffbfeff, sa_flags=0x10000004
SIGFPE: [libjvm.so+0x81ba40], sa_mask[0]=0x7ffbfeff, sa_flags=0x10000004
SIGPIPE: [libjvm.so+0x81ba40], sa_mask[0]=0x7ffbfeff, sa_flags=0x10000004
SIGXFSZ: [libjvm.so+0x81ba40], sa_mask[0]=0x7ffbfeff, sa_flags=0x10000004
SIGILL: [libjvm.so+0x81ba40], sa_mask[0]=0x7ffbfeff, sa_flags=0x10000004
SIGUSR1: SIG_DFL, sa_mask[0]=0x00000000, sa_flags=0x00000000
SIGUSR2: [libjvm.so+0x81d240], sa_mask[0]=0x00000000, sa_flags=0x10000004
SIGHUP: [libjvm.so+0x81e360], sa_mask[0]=0x7ffbfeff, sa_flags=0x10000004
SIGINT: [libjvm.so+0x81e360], sa_mask[0]=0x7ffbfeff, sa_flags=0x10000004
SIGTERM: [libjvm.so+0x81e360], sa_mask[0]=0x7ffbfeff, sa_flags=0x10000004
SIGQUIT: [libjvm.so+0x81e360], sa_mask[0]=0x7ffbfeff, sa_flags=0x10000004


---------------  S Y S T E M  ---------------

OS:wheezy/sid

uname:Linux 3.11.0-15-generic #25~precise1-Ubuntu SMP Thu Jan 30 17:39:31 UTC 2014 x86_64
libc:glibc 2.15 NPTL 2.15 
rlimit: STACK 8192k, CORE 0k, NPROC 65536, NOFILE 32768, AS infinity
load average:1.12 1.17 1.22

/proc/meminfo:
MemTotal:       65929444 kB
MemFree:         2638016 kB
Buffers:          512036 kB
Cached:         56492592 kB
SwapCached:            0 kB
Active:         19807732 kB
Inactive:       40932308 kB
Active(anon):    3266488 kB
Inactive(anon):   475912 kB
Active(file):   16541244 kB
Inactive(file): 40456396 kB
Unevictable:           0 kB
Mlocked:               0 kB
SwapTotal:      67059708 kB
SwapFree:       67059708 kB
Dirty:               324 kB
Writeback:             0 kB
AnonPages:       3735768 kB
Mapped:           186436 kB
Shmem:              6488 kB
Slab:            2045652 kB
SReclaimable:    1981664 kB
SUnreclaim:        63988 kB
KernelStack:        6840 kB
PageTables:        48800 kB
NFS_Unstable:          0 kB
Bounce:                0 kB
WritebackTmp:          0 kB
CommitLimit:    100024428 kB
Committed_AS:   10100000 kB
VmallocTotal:   34359738367 kB
VmallocUsed:      397028 kB
VmallocChunk:   34359338300 kB
HardwareCorrupted:     0 kB
AnonHugePages:         0 kB
HugePages_Total:       0
HugePages_Free:        0
HugePages_Rsvd:        0
HugePages_Surp:        0
Hugepagesize:       2048 kB
DirectMap4k:       99264 kB
DirectMap2M:     6146048 kB
DirectMap1G:    60817408 kB


CPU:total 12 (6 cores per cpu, 2 threads per core) family 6 model 45 stepping 7, cmov, cx8, fxsr, mmx, sse, sse2, sse3, ssse3, sse4.1, sse4.2, popcnt, avx, aes, ht, tsc, tscinvbit, tscinv

/proc/cpuinfo:
processor	: 0
vendor_id	: GenuineIntel
cpu family	: 6
model		: 45
model name	: Intel(R) Xeon(R) CPU E5-2620 0 @ 2.00GHz
stepping	: 7
microcode	: 0x70b
cpu MHz		: 2000.050
cache size	: 15360 KB
physical id	: 0
siblings	: 12
core id		: 0
cpu cores	: 6
apicid		: 0
initial apicid	: 0
fpu		: yes
fpu_exception	: yes
cpuid level	: 13
wp		: yes
flags		: fpu vme de pse tsc msr pae mce cx8 apic sep mtrr pge mca cmov pat pse36 clflush dts acpi mmx fxsr sse sse2 ss ht tm pbe syscall nx pdpe1gb rdtscp lm constant_tsc arch_perfmon pebs bts rep_good nopl xtopology nonstop_tsc aperfmperf eagerfpu pni pclmulqdq dtes64 monitor ds_cpl vmx smx est tm2 ssse3 cx16 xtpr pdcm pcid dca sse4_1 sse4_2 x2apic popcnt tsc_deadline_timer aes xsave avx lahf_lm ida arat xsaveopt pln pts dtherm tpr_shadow vnmi flexpriority ept vpid
bogomips	: 4000.10
clflush size	: 64
cache_alignment	: 64
address sizes	: 46 bits physical, 48 bits virtual
power management:

processor	: 1
vendor_id	: GenuineIntel
cpu family	: 6
model		: 45
model name	: Intel(R) Xeon(R) CPU E5-2620 0 @ 2.00GHz
stepping	: 7
microcode	: 0x70b
cpu MHz		: 2000.050
cache size	: 15360 KB
physical id	: 0
siblings	: 12
core id		: 1
cpu cores	: 6
apicid		: 2
initial apicid	: 2
fpu		: yes
fpu_exception	: yes
cpuid level	: 13
wp		: yes
flags		: fpu vme de pse tsc msr pae mce cx8 apic sep mtrr pge mca cmov pat pse36 clflush dts acpi mmx fxsr sse sse2 ss ht tm pbe syscall nx pdpe1gb rdtscp lm constant_tsc arch_perfmon pebs bts rep_good nopl xtopology nonstop_tsc aperfmperf eagerfpu pni pclmulqdq dtes64 monitor ds_cpl vmx smx est tm2 ssse3 cx16 xtpr pdcm pcid dca sse4_1 sse4_2 x2apic popcnt tsc_deadline_timer aes xsave avx lahf_lm ida arat xsaveopt pln pts dtherm tpr_shadow vnmi flexpriority ept vpid
bogomips	: 4000.10
clflush size	: 64
cache_alignment	: 64
address sizes	: 46 bits physical, 48 bits virtual
power management:

processor	: 2
vendor_id	: GenuineIntel
cpu family	: 6
model		: 45
model name	: Intel(R) Xeon(R) CPU E5-2620 0 @ 2.00GHz
stepping	: 7
microcode	: 0x70b
cpu MHz		: 2000.050
cache size	: 15360 KB
physical id	: 0
siblings	: 12
core id		: 2
cpu cores	: 6
apicid		: 4
initial apicid	: 4
fpu		: yes
fpu_exception	: yes
cpuid level	: 13
wp		: yes
flags		: fpu vme de pse tsc msr pae mce cx8 apic sep mtrr pge mca cmov pat pse36 clflush dts acpi mmx fxsr sse sse2 ss ht tm pbe syscall nx pdpe1gb rdtscp lm constant_tsc arch_perfmon pebs bts rep_good nopl xtopology nonstop_tsc aperfmperf eagerfpu pni pclmulqdq dtes64 monitor ds_cpl vmx smx est tm2 ssse3 cx16 xtpr pdcm pcid dca sse4_1 sse4_2 x2apic popcnt tsc_deadline_timer aes xsave avx lahf_lm ida arat xsaveopt pln pts dtherm tpr_shadow vnmi flexpriority ept vpid
bogomips	: 4000.10
clflush size	: 64
cache_alignment	: 64
address sizes	: 46 bits physical, 48 bits virtual
power management:

processor	: 3
vendor_id	: GenuineIntel
cpu family	: 6
model		: 45
model name	: Intel(R) Xeon(R) CPU E5-2620 0 @ 2.00GHz
stepping	: 7
microcode	: 0x70b
cpu MHz		: 2000.050
cache size	: 15360 KB
physical id	: 0
siblings	: 12
core id		: 3
cpu cores	: 6
apicid		: 6
initial apicid	: 6
fpu		: yes
fpu_exception	: yes
cpuid level	: 13
wp		: yes
flags		: fpu vme de pse tsc msr pae mce cx8 apic sep mtrr pge mca cmov pat pse36 clflush dts acpi mmx fxsr sse sse2 ss ht tm pbe syscall nx pdpe1gb rdtscp lm constant_tsc arch_perfmon pebs bts rep_good nopl xtopology nonstop_tsc aperfmperf eagerfpu pni pclmulqdq dtes64 monitor ds_cpl vmx smx est tm2 ssse3 cx16 xtpr pdcm pcid dca sse4_1 sse4_2 x2apic popcnt tsc_deadline_timer aes xsave avx lahf_lm ida arat xsaveopt pln pts dtherm tpr_shadow vnmi flexpriority ept vpid
bogomips	: 4000.10
clflush size	: 64
cache_alignment	: 64
address sizes	: 46 bits physical, 48 bits virtual
power management:

processor	: 4
vendor_id	: GenuineIntel
cpu family	: 6
model		: 45
model name	: Intel(R) Xeon(R) CPU E5-2620 0 @ 2.00GHz
stepping	: 7
microcode	: 0x70b
cpu MHz		: 2000.050
cache size	: 15360 KB
physical id	: 0
siblings	: 12
core id		: 4
cpu cores	: 6
apicid		: 8
initial apicid	: 8
fpu		: yes
fpu_exception	: yes
cpuid level	: 13
wp		: yes
flags		: fpu vme de pse tsc msr pae mce cx8 apic sep mtrr pge mca cmov pat pse36 clflush dts acpi mmx fxsr sse sse2 ss ht tm pbe syscall nx pdpe1gb rdtscp lm constant_tsc arch_perfmon pebs bts rep_good nopl xtopology nonstop_tsc aperfmperf eagerfpu pni pclmulqdq dtes64 monitor ds_cpl vmx smx est tm2 ssse3 cx16 xtpr pdcm pcid dca sse4_1 sse4_2 x2apic popcnt tsc_deadline_timer aes xsave avx lahf_lm ida arat xsaveopt pln pts dtherm tpr_shadow vnmi flexpriority ept vpid
bogomips	: 4000.10
clflush size	: 64
cache_alignment	: 64
address sizes	: 46 bits physical, 48 bits virtual
power management:

processor	: 5
vendor_id	: GenuineIntel
cpu family	: 6
model		: 45
model name	: Intel(R) Xeon(R) CPU E5-2620 0 @ 2.00GHz
stepping	: 7
microcode	: 0x70b
cpu MHz		: 2000.050
cache size	: 15360 KB
physical id	: 0
siblings	: 12
core id		: 5
cpu cores	: 6
apicid		: 10
initial apicid	: 10
fpu		: yes
fpu_exception	: yes
cpuid level	: 13
wp		: yes
flags		: fpu vme de pse tsc msr pae mce cx8 apic sep mtrr pge mca cmov pat pse36 clflush dts acpi mmx fxsr sse sse2 ss ht tm pbe syscall nx pdpe1gb rdtscp lm constant_tsc arch_perfmon pebs bts rep_good nopl xtopology nonstop_tsc aperfmperf eagerfpu pni pclmulqdq dtes64 monitor ds_cpl vmx smx est tm2 ssse3 cx16 xtpr pdcm pcid dca sse4_1 sse4_2 x2apic popcnt tsc_deadline_timer aes xsave avx lahf_lm ida arat xsaveopt pln pts dtherm tpr_shadow vnmi flexpriority ept vpid
bogomips	: 4000.10
clflush size	: 64
cache_alignment	: 64
address sizes	: 46 bits physical, 48 bits virtual
power management:

processor	: 6
vendor_id	: GenuineIntel
cpu family	: 6
model		: 45
model name	: Intel(R) Xeon(R) CPU E5-2620 0 @ 2.00GHz
stepping	: 7
microcode	: 0x70b
cpu MHz		: 2000.050
cache size	: 15360 KB
physical id	: 0
siblings	: 12
core id		: 0
cpu cores	: 6
apicid		: 1
initial apicid	: 1
fpu		: yes
fpu_exception	: yes
cpuid level	: 13
wp		: yes
flags		: fpu vme de pse tsc msr pae mce cx8 apic sep mtrr pge mca cmov pat pse36 clflush dts acpi mmx fxsr sse sse2 ss ht tm pbe syscall nx pdpe1gb rdtscp lm constant_tsc arch_perfmon pebs bts rep_good nopl xtopology nonstop_tsc aperfmperf eagerfpu pni pclmulqdq dtes64 monitor ds_cpl vmx smx est tm2 ssse3 cx16 xtpr pdcm pcid dca sse4_1 sse4_2 x2apic popcnt tsc_deadline_timer aes xsave avx lahf_lm ida arat xsaveopt pln pts dtherm tpr_shadow vnmi flexpriority ept vpid
bogomips	: 4000.10
clflush size	: 64
cache_alignment	: 64
address sizes	: 46 bits physical, 48 bits virtual
power management:

processor	: 7
vendor_id	: GenuineIntel
cpu family	: 6
model		: 45
model name	: Intel(R) Xeon(R) CPU E5-2620 0 @ 2.00GHz
stepping	: 7
microcode	: 0x70b
cpu MHz		: 2000.050
cache size	: 15360 KB
physical id	: 0
siblings	: 12
core id		: 1
cpu cores	: 6
apicid		: 3
initial apicid	: 3
fpu		: yes
fpu_exception	: yes
cpuid level	: 13
wp		: yes
flags		: fpu vme de pse tsc msr pae mce cx8 apic sep mtrr pge mca cmov pat pse36 clflush dts acpi mmx fxsr sse sse2 ss ht tm pbe syscall nx pdpe1gb rdtscp lm constant_tsc arch_perfmon pebs bts rep_good nopl xtopology nonstop_tsc aperfmperf eagerfpu pni pclmulqdq dtes64 monitor ds_cpl vmx smx est tm2 ssse3 cx16 xtpr pdcm pcid dca sse4_1 sse4_2 x2apic popcnt tsc_deadline_timer aes xsave avx lahf_lm ida arat xsaveopt pln pts dtherm tpr_shadow vnmi flexpriority ept vpid
bogomips	: 4000.10
clflush size	: 64
cache_alignment	: 64
address sizes	: 46 bits physical, 48 bits virtual
power management:

processor	: 8
vendor_id	: GenuineIntel
cpu family	: 6
model		: 45
model name	: Intel(R) Xeon(R) CPU E5-2620 0 @ 2.00GHz
stepping	: 7
microcode	: 0x70b
cpu MHz		: 2000.050
cache size	: 15360 KB
physical id	: 0
siblings	: 12
core id		: 2
cpu cores	: 6
apicid		: 5
initial apicid	: 5
fpu		: yes
fpu_exception	: yes
cpuid level	: 13
wp		: yes
flags		: fpu vme de pse tsc msr pae mce cx8 apic sep mtrr pge mca cmov pat pse36 clflush dts acpi mmx fxsr sse sse2 ss ht tm pbe syscall nx pdpe1gb rdtscp lm constant_tsc arch_perfmon pebs bts rep_good nopl xtopology nonstop_tsc aperfmperf eagerfpu pni pclmulqdq dtes64 monitor ds_cpl vmx smx est tm2 ssse3 cx16 xtpr pdcm pcid dca sse4_1 sse4_2 x2apic popcnt tsc_deadline_timer aes xsave avx lahf_lm ida arat xsaveopt pln pts dtherm tpr_shadow vnmi flexpriority ept vpid
bogomips	: 4000.10
clflush size	: 64
cache_alignment	: 64
address sizes	: 46 bits physical, 48 bits virtual
power management:

processor	: 9
vendor_id	: GenuineIntel
cpu family	: 6
model		: 45
model name	: Intel(R) Xeon(R) CPU E5-2620 0 @ 2.00GHz
stepping	: 7
microcode	: 0x70b
cpu MHz		: 2000.050
cache size	: 15360 KB
physical id	: 0
siblings	: 12
core id		: 3
cpu cores	: 6
apicid		: 7
initial apicid	: 7
fpu		: yes
fpu_exception	: yes
cpuid level	: 13
wp		: yes
flags		: fpu vme de pse tsc msr pae mce cx8 apic sep mtrr pge mca cmov pat pse36 clflush dts acpi mmx fxsr sse sse2 ss ht tm pbe syscall nx pdpe1gb rdtscp lm constant_tsc arch_perfmon pebs bts rep_good nopl xtopology nonstop_tsc aperfmperf eagerfpu pni pclmulqdq dtes64 monitor ds_cpl vmx smx est tm2 ssse3 cx16 xtpr pdcm pcid dca sse4_1 sse4_2 x2apic popcnt tsc_deadline_timer aes xsave avx lahf_lm ida arat xsaveopt pln pts dtherm tpr_shadow vnmi flexpriority ept vpid
bogomips	: 4000.10
clflush size	: 64
cache_alignment	: 64
address sizes	: 46 bits physical, 48 bits virtual
power management:

processor	: 10
vendor_id	: GenuineIntel
cpu family	: 6
model		: 45
model name	: Intel(R) Xeon(R) CPU E5-2620 0 @ 2.00GHz
stepping	: 7
microcode	: 0x70b
cpu MHz		: 2000.050
cache size	: 15360 KB
physical id	: 0
siblings	: 12
core id		: 4
cpu cores	: 6
apicid		: 9
initial apicid	: 9
fpu		: yes
fpu_exception	: yes
cpuid level	: 13
wp		: yes
flags		: fpu vme de pse tsc msr pae mce cx8 apic sep mtrr pge mca cmov pat pse36 clflush dts acpi mmx fxsr sse sse2 ss ht tm pbe syscall nx pdpe1gb rdtscp lm constant_tsc arch_perfmon pebs bts rep_good nopl xtopology nonstop_tsc aperfmperf eagerfpu pni pclmulqdq dtes64 monitor ds_cpl vmx smx est tm2 ssse3 cx16 xtpr pdcm pcid dca sse4_1 sse4_2 x2apic popcnt tsc_deadline_timer aes xsave avx lahf_lm ida arat xsaveopt pln pts dtherm tpr_shadow vnmi flexpriority ept vpid
bogomips	: 4000.10
clflush size	: 64
cache_alignment	: 64
address sizes	: 46 bits physical, 48 bits virtual
power management:

processor	: 11
vendor_id	: GenuineIntel
cpu family	: 6
model		: 45
model name	: Intel(R) Xeon(R) CPU E5-2620 0 @ 2.00GHz
stepping	: 7
microcode	: 0x70b
cpu MHz		: 2000.050
cache size	: 15360 KB
physical id	: 0
siblings	: 12
core id		: 5
cpu cores	: 6
apicid		: 11
initial apicid	: 11
fpu		: yes
fpu_exception	: yes
cpuid level	: 13
wp		: yes
flags		: fpu vme de pse tsc msr pae mce cx8 apic sep mtrr pge mca cmov pat pse36 clflush dts acpi mmx fxsr sse sse2 ss ht tm pbe syscall nx pdpe1gb rdtscp lm constant_tsc arch_perfmon pebs bts rep_good nopl xtopology nonstop_tsc aperfmperf eagerfpu pni pclmulqdq dtes64 monitor ds_cpl vmx smx est tm2 ssse3 cx16 xtpr pdcm pcid dca sse4_1 sse4_2 x2apic popcnt tsc_deadline_timer aes xsave avx lahf_lm ida arat xsaveopt pln pts dtherm tpr_shadow vnmi flexpriority ept vpid
bogomips	: 4000.10
clflush size	: 64
cache_alignment	: 64
address sizes	: 46 bits physical, 48 bits virtual
power management:



Memory: 4k page, physical 65929444k(2638016k free), swap 67059708k(67059708k free)

vm_info: Java HotSpot(TM) 64-Bit Server VM (24.75-b04) for linux-amd64 JRE (1.7.0_75-b13), built on Dec 18 2014 16:45:18 by "java_re" with gcc 4.3.0 20080428 (Red Hat 4.3.0-8)

time: Wed Sep 16 21:40:06 2015
elapsed time: 1 seconds

