#
# A fatal error has been detected by the Java Runtime Environment:
#
#  SIGSEGV (0xb) at pc=0x00007ff4b770062b, pid=13216, tid=140689035618112
#
# JRE version: Java(TM) SE Runtime Environment (7.0_75-b13) (build 1.7.0_75-b13)
# Java VM: Java HotSpot(TM) 64-Bit Server VM (24.75-b04 mixed mode linux-amd64 compressed oops)
# Problematic frame:
# C  [libhdfs.so.0.0.0+0x362b]  hdfsFreeBuilder+0x1b
#
# Failed to write core dump. Core dumps have been disabled. To enable core dumping, try "ulimit -c unlimited" before starting Java again
#
# If you would like to submit a bug report, please visit:
#   http://bugreport.sun.com/bugreport/crash.jsp
# The crash happened outside the Java Virtual Machine in native code.
# See problematic frame for where to report the bug.
#

---------------  T H R E A D  ---------------

Current thread (0x0000000000da9800):  JavaThread "main" [_thread_in_native, id=13216, stack(0x00007fff5b1a9000,0x00007fff5b2a9000)]

siginfo:si_signo=SIGSEGV: si_errno=0, si_code=128 (), si_addr=0x0000000000000000

Registers:
RAX=0x0000000000672920, RBX=0x0000000000d931c0, RCX=0x0000000000000400, RDX=0x00007ff4b72da768
RSP=0x00007fff5b2a1c50, RBP=0x0000000000d931c0, RSI=0x00007ff49e7be000, RDI=0x632e737574617453
R8 =0x00007ff4b6b2da90, R9 =0x0000000000000001, R10=0x00007fff5b2a1a00, R11=0x00007ff4b7700610
R12=0x0000000000429958, R13=0x00007fff5b2a20c0, R14=0x0000000000000000, R15=0x0000000000000000
RIP=0x00007ff4b770062b, EFLAGS=0x0000000000010206, CSGSFS=0x0000000000000033, ERR=0x0000000000000000
  TRAPNO=0x000000000000000d

Top of Stack: (sp=0x00007fff5b2a1c50)
0x00007fff5b2a1c50:   0000000000000001 0000000000d931c0
0x00007fff5b2a1c60:   0000000000000000 000000000042854d
0x00007fff5b2a1c70:   00007fff5b2a1de0 000000004d16fb9d
0x00007fff5b2a1c80:   00007ff40000000d 00007fff5b2a1e00
0x00007fff5b2a1c90:   00007ff4b80032c8 00007ff4b7de9523
0x00007fff5b2a1ca0:   0000000000000000 00007ff4b7fe2c18
0x00007fff5b2a1cb0:   00007ff400000001 0000000000000000
0x00007fff5b2a1cc0:   0000000100000001 00007ff4b80032c8
0x00007fff5b2a1cd0:   00000000e1092706 00007ff4b8003620
0x00007fff5b2a1ce0:   00007fff5b2a1e50 000000003413181d
0x00007fff5b2a1cf0:   00007ff4b7fe2c18 00007fff5b2a1e70
0x00007fff5b2a1d00:   0000000000000000 00007ff4b8003620
0x00007fff5b2a1d10:   0000000100000000 00007ff4b7fe2c18
0x00007fff5b2a1d20:   00007ff400000001 0000000000411241
0x00007fff5b2a1d30:   0000000000000001 00007ff4b80032c8
0x00007fff5b2a1d40:   00007ff4b7ffe4f8 000000000040f5b9
0x00007fff5b2a1d50:   00007ff4b74f9648 00000000004033e8
0x00007fff5b2a1d60:   0000000100000000 000000010000001c
0x00007fff5b2a1d70:   00007ff4b6f706e8 00007ff4b7fe5000
0x00007fff5b2a1d80:   000000015b2a1ef0 00000000e1092706
0x00007fff5b2a1d90:   0000000000000000 00000000004118b6
0x00007fff5b2a1da0:   00000000ffffffff 00007ff4b7de9523
0x00007fff5b2a1db0:   0000000000000000 00000000006733c0
0x00007fff5b2a1dc0:   0000000000672010 0000000000000000
0x00007fff5b2a1dd0:   0000000000000000 0000000000000000
0x00007fff5b2a1de0:   0000000000000000 0000000000000060
0x00007fff5b2a1df0:   0000000000000000 0000003100000004
0x00007fff5b2a1e00:   0000006e0000005b 0000007c00000077
0x00007fff5b2a1e10:   00000000ffffffff 00007ff4b6b2b720
0x00007fff5b2a1e20:   0000000000000003 0000000000000030
0x00007fff5b2a1e30:   00000000006724c8 0000000000000002
0x00007fff5b2a1e40:   0000000000000000 00007ff4b67f5265 

Instructions: (pc=0x00007ff4b770062b)
0x00007ff4b770060b:   ff ff eb e6 90 55 48 89 fd 53 48 83 ec 08 48 8b
0x00007ff4b770061b:   7f 28 48 85 ff 75 09 eb 14 0f 1f 40 00 48 89 df
0x00007ff4b770062b:   48 8b 1f e8 cd e6 ff ff 48 85 db 75 f0 48 83 c4
0x00007ff4b770063b:   08 48 89 ef 5b 5d e9 ba e6 ff ff 66 2e 0f 1f 84 

Register to memory mapping:

RAX=0x0000000000672920: _ZSt4cout+0 in ./uniCAPMaster at 0x0000000000400000
RBX=0x0000000000d931c0 is an unknown value
RCX=0x0000000000000400 is an unknown value
RDX=0x00007ff4b72da768: _ZTVSo+0x18 in /usr/lib/x86_64-linux-gnu/libstdc++.so.6 at 0x00007ff4b6f66000
RSP=0x00007fff5b2a1c50 is pointing into the stack for thread: 0x0000000000da9800
RBP=0x0000000000d931c0 is an unknown value
RSI=0x00007ff49e7be000 is an unknown value
RDI=0x632e737574617453 is an unknown value
R8 =0x00007ff4b6b2da90: <offset 0x3baa90> in /lib/x86_64-linux-gnu/libc.so.6 at 0x00007ff4b6773000
R9 =0x0000000000000001 is an unknown value
R10=0x00007fff5b2a1a00 is pointing into the stack for thread: 0x0000000000da9800
R11=0x00007ff4b7700610: hdfsFreeBuilder+0 in /usr/lib/libhdfs.so.0.0.0 at 0x00007ff4b76fd000
R12=0x0000000000429958: _start+0 in ./uniCAPMaster at 0x0000000000400000
R13=0x00007fff5b2a20c0 is pointing into the stack for thread: 0x0000000000da9800
R14=0x0000000000000000 is an unknown value
R15=0x0000000000000000 is an unknown value


Stack: [0x00007fff5b1a9000,0x00007fff5b2a9000],  sp=0x00007fff5b2a1c50,  free space=995k
Native frames: (J=compiled Java code, j=interpreted, Vv=VM code, C=native code)
C  [libhdfs.so.0.0.0+0x362b]  hdfsFreeBuilder+0x1b


---------------  P R O C E S S  ---------------

Java Threads: ( => current thread )
  0x0000000001689000 JavaThread "IPC Parameter Sending Thread #0" daemon [_thread_blocked, id=13236, stack(0x00007ff49e7bf000,0x00007ff49e8c0000)]
  0x0000000001667800 JavaThread "IPC Client (2093530749) connection to BDP-00/192.168.0.21:9000 from mapred" daemon [_thread_blocked, id=13235, stack(0x00007ff49e8c0000,0x00007ff49e9c1000)]
  0x0000000000e46000 JavaThread "Service Thread" daemon [_thread_blocked, id=13233, stack(0x00007ff49f81b000,0x00007ff49f91c000)]
  0x0000000000e44000 JavaThread "C2 CompilerThread1" daemon [_thread_blocked, id=13232, stack(0x00007ff4a40e4000,0x00007ff4a41e5000)]
  0x0000000000e41000 JavaThread "C2 CompilerThread0" daemon [_thread_blocked, id=13231, stack(0x00007ff4a41e5000,0x00007ff4a42e6000)]
  0x0000000000e3e800 JavaThread "Signal Dispatcher" daemon [_thread_blocked, id=13230, stack(0x00007ff4a42e6000,0x00007ff4a43e7000)]
  0x0000000000e1d000 JavaThread "Finalizer" daemon [_thread_blocked, id=13229, stack(0x00007ff4a43e7000,0x00007ff4a44e8000)]
  0x0000000000e1b000 JavaThread "Reference Handler" daemon [_thread_blocked, id=13228, stack(0x00007ff4a44e8000,0x00007ff4a45e9000)]
=>0x0000000000da9800 JavaThread "main" [_thread_in_native, id=13216, stack(0x00007fff5b1a9000,0x00007fff5b2a9000)]

Other Threads:
  0x0000000000e16800 VMThread [stack: 0x00007ff4a45e9000,0x00007ff4a46ea000] [id=13227]
  0x0000000000e59800 WatcherThread [stack: 0x00007ff49f71a000,0x00007ff49f81b000] [id=13234]

VM state:not at safepoint (normal execution)

VM Mutex/Monitor currently owned by a thread: None

Heap
 PSYoungGen      total 301056K, used 88013K [0x00000006b0a00000, 0x00000006c5980000, 0x0000000800000000)
  eden space 258560K, 34% used [0x00000006b0a00000,0x00000006b5ff3770,0x00000006c0680000)
  from space 42496K, 0% used [0x00000006c3000000,0x00000006c3000000,0x00000006c5980000)
  to   space 42496K, 0% used [0x00000006c0680000,0x00000006c0680000,0x00000006c3000000)
 ParOldGen       total 686592K, used 0K [0x0000000411e00000, 0x000000043bc80000, 0x00000006b0a00000)
  object space 686592K, 0% used [0x0000000411e00000,0x0000000411e00000,0x000000043bc80000)
 PSPermGen       total 21504K, used 14592K [0x000000040cc00000, 0x000000040e100000, 0x0000000411e00000)
  object space 21504K, 67% used [0x000000040cc00000,0x000000040da40198,0x000000040e100000)

Card table byte_map: [0x00007ff4aeb78000,0x00007ff4b0b13000] byte_map_base: 0x00007ff4acb12000

Polling page: 0x00007ff4b7ffd000

Code Cache  [0x00007ff4b0b13000, 0x00007ff4b0d83000, 0x00007ff4b3b13000)
 total_blobs=458 nmethods=144 adapters=267 free_code_cache=48236Kb largest_free_block=49349312

Compilation events (10 events):
Event: 1.155 Thread 0x0000000000e41000  139  s          java.io.ByteArrayOutputStream::write (32 bytes)
Event: 1.157 Thread 0x0000000000e44000  140             java.io.DataOutputStream::incCount (20 bytes)
Event: 1.157 Thread 0x0000000000e44000 nmethod 140 0x00007ff4b0be4350 code [0x00007ff4b0be4480, 0x00007ff4b0be44f8]
Event: 1.157 Thread 0x0000000000e41000 nmethod 139 0x00007ff4b0be0990 code [0x00007ff4b0be0ae0, 0x00007ff4b0be0ec8]
Event: 1.182 Thread 0x0000000000e44000  141             java.net.URL::getHost (5 bytes)
Event: 1.183 Thread 0x0000000000e44000 nmethod 141 0x00007ff4b0be0790 code [0x00007ff4b0be08c0, 0x00007ff4b0be0938]
Event: 1.192 Thread 0x0000000000e41000  142             java.util.zip.ZStreamRef::address (5 bytes)
Event: 1.192 Thread 0x0000000000e41000 nmethod 142 0x00007ff4b0be0590 code [0x00007ff4b0be06c0, 0x00007ff4b0be0718]
Event: 1.196 Thread 0x0000000000e44000  143             java.lang.String::lastIndexOf (13 bytes)
Event: 1.198 Thread 0x0000000000e44000 nmethod 143 0x00007ff4b0be01d0 code [0x00007ff4b0be0320, 0x00007ff4b0be0488]

GC Heap History (0 events):
No events

Deoptimization events (10 events):
Event: 0.423 Thread 0x0000000000da9800 Uncommon trap: reason=class_check action=maybe_recompile pc=0x00007ff4b0b7c3d8 method=java.lang.String.equals(Ljava/lang/Object;)Z @ 8
Event: 0.423 Thread 0x0000000000da9800 Uncommon trap: reason=class_check action=maybe_recompile pc=0x00007ff4b0b7c3d8 method=java.lang.String.equals(Ljava/lang/Object;)Z @ 8
Event: 0.454 Thread 0x0000000000da9800 Uncommon trap: reason=unreached action=reinterpret pc=0x00007ff4b0b98e24 method=sun.misc.URLClassPath$JarLoader.ensureOpen()V @ 4
Event: 0.527 Thread 0x0000000000da9800 Uncommon trap: reason=class_check action=maybe_recompile pc=0x00007ff4b0b92e70 method=java.util.Properties$LineReader.readLine()I @ 402
Event: 0.866 Thread 0x0000000000da9800 Uncommon trap: reason=unreached action=reinterpret pc=0x00007ff4b0b8db40 method=sun.misc.URLClassPath$JarLoader.ensureOpen()V @ 4
Event: 0.866 Thread 0x0000000000da9800 Uncommon trap: reason=unreached action=reinterpret pc=0x00007ff4b0b867d4 method=sun.misc.URLClassPath$JarLoader.ensureOpen()V @ 4
Event: 1.032 Thread 0x0000000000da9800 Uncommon trap: reason=class_check action=maybe_recompile pc=0x00007ff4b0bd1134 method=java.util.HashMap.put(Ljava/lang/Object;Ljava/lang/Object;)Ljava/lang/Object; @ 83
Event: 1.033 Thread 0x0000000000da9800 Uncommon trap: reason=class_check action=maybe_recompile pc=0x00007ff4b0bd1134 method=java.util.HashMap.put(Ljava/lang/Object;Ljava/lang/Object;)Ljava/lang/Object; @ 83
Event: 1.033 Thread 0x0000000000da9800 Uncommon trap: reason=class_check action=maybe_recompile pc=0x00007ff4b0bd1134 method=java.util.HashMap.put(Ljava/lang/Object;Ljava/lang/Object;)Ljava/lang/Object; @ 83
Event: 1.033 Thread 0x0000000000da9800 Uncommon trap: reason=class_check action=maybe_recompile pc=0x00007ff4b0bd1134 method=java.util.HashMap.put(Ljava/lang/Object;Ljava/lang/Object;)Ljava/lang/Object; @ 83

Internal exceptions (10 events):
Event: 1.353 Thread 0x0000000000da9800 Threw 0x00000006b5c57bf8 at /HUDSON/workspace/7u-2-build-linux-amd64/jdk7u75/1940/hotspot/src/share/vm/prims/jvm.cpp:1281
Event: 1.353 Thread 0x0000000000da9800 Threw 0x00000006b5c5fb48 at /HUDSON/workspace/7u-2-build-linux-amd64/jdk7u75/1940/hotspot/src/share/vm/prims/jvm.cpp:1281
Event: 1.353 Thread 0x0000000000da9800 Threw 0x00000006b5c676d0 at /HUDSON/workspace/7u-2-build-linux-amd64/jdk7u75/1940/hotspot/src/share/vm/prims/jvm.cpp:1281
Event: 1.354 Thread 0x0000000000da9800 Threw 0x00000006b5c6d538 at /HUDSON/workspace/7u-2-build-linux-amd64/jdk7u75/1940/hotspot/src/share/vm/prims/jvm.cpp:1281
Event: 1.354 Thread 0x0000000000da9800 Threw 0x00000006b5c73e50 at /HUDSON/workspace/7u-2-build-linux-amd64/jdk7u75/1940/hotspot/src/share/vm/prims/jvm.cpp:1281
Event: 1.355 Thread 0x0000000000da9800 Threw 0x00000006b5c7c7f8 at /HUDSON/workspace/7u-2-build-linux-amd64/jdk7u75/1940/hotspot/src/share/vm/prims/jvm.cpp:1281
Event: 1.355 Thread 0x0000000000da9800 Threw 0x00000006b5c8b218 at /HUDSON/workspace/7u-2-build-linux-amd64/jdk7u75/1940/hotspot/src/share/vm/prims/jvm.cpp:1281
Event: 1.356 Thread 0x0000000000da9800 Threw 0x00000006b5c92e20 at /HUDSON/workspace/7u-2-build-linux-amd64/jdk7u75/1940/hotspot/src/share/vm/prims/jvm.cpp:1281
Event: 1.357 Thread 0x0000000000da9800 Threw 0x00000006b5ca1b20 at /HUDSON/workspace/7u-2-build-linux-amd64/jdk7u75/1940/hotspot/src/share/vm/prims/jvm.cpp:1281
Event: 1.357 Thread 0x0000000000da9800 Threw 0x00000006b5ca83a0 at /HUDSON/workspace/7u-2-build-linux-amd64/jdk7u75/1940/hotspot/src/share/vm/prims/jvm.cpp:1281

Events (10 events):
Event: 1.357 loading class 0x000000000154ab20
Event: 1.357 loading class 0x000000000154ab20 done
Event: 1.359 loading class 0x00007ff4b7e9b590
Event: 1.359 loading class 0x00007ff4b7e9b590 done
Event: 1.359 loading class 0x00007ff42c2faba0
Event: 1.359 loading class 0x00007ff42c2fac00
Event: 1.359 loading class 0x00007ff42c2fac00 done
Event: 1.359 loading class 0x00007ff42c2faba0 done
Event: 1.359 loading class 0x00007ff42c2fabd0
Event: 1.359 loading class 0x00007ff42c2fabd0 done


Dynamic libraries:
00400000-00472000 r-xp 00000000 08:01 2912291                            /home/mapred/unicap/bin/uniCAPMaster
00671000-00672000 r--p 00071000 08:01 2912291                            /home/mapred/unicap/bin/uniCAPMaster
00672000-00673000 rw-p 00072000 08:01 2912291                            /home/mapred/unicap/bin/uniCAPMaster
00673000-00674000 rw-p 00000000 00:00 0 
00d7f000-016dc000 rw-p 00000000 00:00 0                                  [heap]
40cc00000-40e100000 rw-p 00000000 00:00 0 
40e100000-411e00000 rw-p 00000000 00:00 0 
411e00000-43bc80000 rw-p 00000000 00:00 0 
43bc80000-6b0a00000 rw-p 00000000 00:00 0 
6b0a00000-6c5980000 rw-p 00000000 00:00 0 
6c5980000-800000000 rw-p 00000000 00:00 0 
7ff41c000000-7ff41c023000 rw-p 00000000 00:00 0 
7ff41c023000-7ff420000000 ---p 00000000 00:00 0 
7ff420000000-7ff420021000 rw-p 00000000 00:00 0 
7ff420021000-7ff424000000 ---p 00000000 00:00 0 
7ff424000000-7ff424021000 rw-p 00000000 00:00 0 
7ff424021000-7ff428000000 ---p 00000000 00:00 0 
7ff428000000-7ff428021000 rw-p 00000000 00:00 0 
7ff428021000-7ff42c000000 ---p 00000000 00:00 0 
7ff42c000000-7ff42c824000 rw-p 00000000 00:00 0 
7ff42c824000-7ff430000000 ---p 00000000 00:00 0 
7ff430000000-7ff430d01000 rw-p 00000000 00:00 0 
7ff430d01000-7ff434000000 ---p 00000000 00:00 0 
7ff434000000-7ff434021000 rw-p 00000000 00:00 0 
7ff434021000-7ff438000000 ---p 00000000 00:00 0 
7ff438000000-7ff438021000 rw-p 00000000 00:00 0 
7ff438021000-7ff43c000000 ---p 00000000 00:00 0 
7ff43c000000-7ff43c021000 rw-p 00000000 00:00 0 
7ff43c021000-7ff440000000 ---p 00000000 00:00 0 
7ff440660000-7ff460000000 rw-p 00000000 00:00 0 
7ff460000000-7ff460021000 rw-p 00000000 00:00 0 
7ff460021000-7ff464000000 ---p 00000000 00:00 0 
7ff464000000-7ff464021000 rw-p 00000000 00:00 0 
7ff464021000-7ff468000000 ---p 00000000 00:00 0 
7ff468000000-7ff468021000 rw-p 00000000 00:00 0 
7ff468021000-7ff46c000000 ---p 00000000 00:00 0 
7ff470000000-7ff470021000 rw-p 00000000 00:00 0 
7ff470021000-7ff474000000 ---p 00000000 00:00 0 
7ff478000000-7ff478021000 rw-p 00000000 00:00 0 
7ff478021000-7ff47c000000 ---p 00000000 00:00 0 
7ff480000000-7ff480021000 rw-p 00000000 00:00 0 
7ff480021000-7ff484000000 ---p 00000000 00:00 0 
7ff488000000-7ff488021000 rw-p 00000000 00:00 0 
7ff488021000-7ff48c000000 ---p 00000000 00:00 0 
7ff490000000-7ff490021000 rw-p 00000000 00:00 0 
7ff490021000-7ff494000000 ---p 00000000 00:00 0 
7ff498000000-7ff498021000 rw-p 00000000 00:00 0 
7ff498021000-7ff49c000000 ---p 00000000 00:00 0 
7ff49e7be000-7ff49e7bf000 rw-p 00000000 00:00 0 
7ff49e7bf000-7ff49e7c2000 ---p 00000000 00:00 0 
7ff49e7c2000-7ff49e8c0000 rw-p 00000000 00:00 0                          [stack:13236]
7ff49e8c0000-7ff49e8c3000 ---p 00000000 00:00 0 
7ff49e8c3000-7ff49e9c1000 rw-p 00000000 00:00 0                          [stack:13235]
7ff49e9c1000-7ff49e9c5000 r--s 00037000 08:01 658173                     /opt/jdk1.7.0_75/jre/lib/ext/sunpkcs11.jar
7ff49e9c5000-7ff49e9c6000 r--s 00003000 08:01 658172                     /opt/jdk1.7.0_75/jre/lib/ext/sunec.jar
7ff49e9c6000-7ff49e9ca000 r--s 0008b000 08:01 658164                     /opt/jdk1.7.0_75/jre/lib/jsse.jar
7ff49e9ca000-7ff49e9cd000 r--s 00019000 08:01 658141                     /opt/jdk1.7.0_75/jre/lib/jce.jar
7ff49e9cd000-7ff49e9ce000 r-xp 00000000 08:01 657280                     /opt/jdk1.7.0_75/jre/lib/amd64/libjaas_unix.so
7ff49e9ce000-7ff49ebcd000 ---p 00001000 08:01 657280                     /opt/jdk1.7.0_75/jre/lib/amd64/libjaas_unix.so
7ff49ebcd000-7ff49ebce000 rw-p 00000000 08:01 657280                     /opt/jdk1.7.0_75/jre/lib/amd64/libjaas_unix.so
7ff49ebce000-7ff49ebd8000 r--s 00251000 08:01 657304                     /opt/jdk1.7.0_75/jre/lib/resources.jar
7ff49ebd8000-7ff49ebe0000 r-xp 00000000 08:01 657235                     /opt/jdk1.7.0_75/jre/lib/amd64/libmanagement.so
7ff49ebe0000-7ff49eddf000 ---p 00008000 08:01 657235                     /opt/jdk1.7.0_75/jre/lib/amd64/libmanagement.so
7ff49eddf000-7ff49ede0000 rw-p 00007000 08:01 657235                     /opt/jdk1.7.0_75/jre/lib/amd64/libmanagement.so
7ff49ede0000-7ff49ef61000 rw-p 00000000 00:00 0 
7ff49ef61000-7ff49ef77000 r-xp 00000000 08:01 657261                     /opt/jdk1.7.0_75/jre/lib/amd64/libnet.so
7ff49ef77000-7ff49f177000 ---p 00016000 08:01 657261                     /opt/jdk1.7.0_75/jre/lib/amd64/libnet.so
7ff49f177000-7ff49f178000 rw-p 00016000 08:01 657261                     /opt/jdk1.7.0_75/jre/lib/amd64/libnet.so
7ff49f178000-7ff49f188000 r-xp 00000000 08:01 657227                     /opt/jdk1.7.0_75/jre/lib/amd64/libnio.so
7ff49f188000-7ff49f388000 ---p 00010000 08:01 657227                     /opt/jdk1.7.0_75/jre/lib/amd64/libnio.so
7ff49f388000-7ff49f389000 rw-p 00010000 08:01 657227                     /opt/jdk1.7.0_75/jre/lib/amd64/libnio.so
7ff49f389000-7ff49f3e8000 r--s 00bac000 08:01 1317107                    /opt/jdk1.6.0_45/lib/tools.jar
7ff49f3e8000-7ff49f3ee000 r--s 0001e000 08:01 1317102                    /opt/jdk1.6.0_45/lib/dt.jar
7ff49f3ee000-7ff49f3f0000 r--s 00007000 08:01 2507108                    /usr/lib/parquet/parquet-pig-1.2.5-cdh4.7.0-sources.jar
7ff49f3f0000-7ff49f3f1000 r--s 00000000 08:01 2498634                    /usr/lib/parquet/parquet-scrooge-1.2.5-cdh4.7.0-sources.jar
7ff49f3f1000-7ff49f3f2000 r--s 00003000 08:01 2507115                    /usr/lib/parquet/parquet-scrooge-1.2.5-cdh4.7.0.jar
7ff49f3f2000-7ff49f3f5000 r--s 00024000 08:01 2497992                    /usr/lib/parquet/parquet-pig-1.2.5-cdh4.7.0-javadoc.jar
7ff49f3f5000-7ff49f3f6000 r--s 00000000 08:01 2493611                    /usr/lib/parquet/parquet-format-1.0.0-cdh4.7.0-sources.jar
7ff49f3f6000-7ff49f3f8000 r--s 00001000 08:01 2507109                    /usr/lib/parquet/parquet-cascading-1.2.5-cdh4.7.0-sources.jar
7ff49f3f8000-7ff49f40a000 r--s 000e9000 08:01 2498001                    /usr/lib/parquet/parquet-pig-1.2.5-cdh4.7.0.jar
7ff49f40a000-7ff49f40b000 r--s 0000e000 08:01 2497986                    /usr/lib/parquet/parquet-cascading-1.2.5-cdh4.7.0-javadoc.jar
7ff49f40b000-7ff49f40d000 r--s 00008000 08:01 2498377                    /usr/lib/parquet/parquet-generator-1.2.5-cdh4.7.0-javadoc.jar
7ff49f40d000-7ff49f425000 r--s 00196000 08:01 2507307                    /usr/lib/hadoop-0.20-mapreduce/hadoop-core-2.0.0-mr1-cdh4.7.0.jar
7ff49f425000-7ff49f42e000 r--s 000a4000 08:01 2507449                    /usr/lib/hadoop-0.20-mapreduce/lib/hsqldb-1.8.0.10.jar
7ff49f42e000-7ff49f42f000 r--s 00003000 08:01 2507113                    /usr/lib/parquet/parquet-common-1.2.5-cdh4.7.0.jar
7ff49f42f000-7ff49f430000 r--s 00000000 08:01 2507107                    /usr/lib/parquet/parquet-pig-bundle-1.2.5-cdh4.7.0-sources.jar
7ff49f430000-7ff49f432000 r--s 00011000 08:01 2493615                    /usr/lib/parquet/parquet-hive-1.2.5-cdh4.7.0.jar
7ff49f432000-7ff49f461000 r--s 0024e000 08:01 2507119                    /usr/lib/parquet/parquet-pig-bundle-1.2.5-cdh4.7.0.jar
7ff49f461000-7ff49f462000 r--s 00001000 08:01 2507116                    /usr/lib/parquet/parquet-common-1.2.5-cdh4.7.0-sources.jar
7ff49f462000-7ff49f463000 r--s 0000c000 08:01 2507102                    /usr/lib/parquet/parquet-avro-1.2.5-cdh4.7.0-javadoc.jar
7ff49f463000-7ff49f46b000 r--s 00066000 08:01 2491117                    /usr/lib/parquet/parquet-format-1.0.0-cdh4.7.0.jar
7ff49f46b000-7ff49f46c000 r--s 00001000 08:01 2497974                    /usr/lib/parquet/parquet-generator-1.2.5-cdh4.7.0-sources.jar
7ff49f46c000-7ff49f470000 r--s 00023000 08:01 2507500                    /usr/lib/hadoop-yarn/hadoop-yarn-server-common-2.0.0-cdh4.7.0.jar
7ff49f470000-7ff49f472000 r--s 00008000 08:01 2507570                    /usr/lib/hadoop-mapreduce/hadoop-mapreduce-client-jobclient-2.0.0-cdh4.7.0.jar
7ff49f472000-7ff49f480000 r--s 000f9000 08:01 2507539                    /usr/lib/hadoop-yarn/hadoop-yarn-common-2.0.0-cdh4.7.0.jar
7ff49f480000-7ff49f481000 r--s 00009000 08:01 2507517                    /usr/lib/hadoop-yarn/hadoop-yarn-client-2.0.0-cdh4.7.0.jar
7ff49f481000-7ff49f48a000 r--s 0006a000 08:01 2507582                    /usr/lib/hadoop-mapreduce/hadoop-mapreduce-client-app-2.0.0-cdh4.7.0.jar
7ff49f48a000-7ff49f494000 r--s 00089000 08:01 2507581                    /usr/lib/hadoop-mapreduce/hadoop-mapreduce-client-common-2.0.0-cdh4.7.0.jar
7ff49f494000-7ff49f4a5000 r--s 00102000 08:01 2507513                    /usr/lib/hadoop-yarn/hadoop-yarn-api-2.0.0-cdh4.7.0.jar
7ff49f4a5000-7ff49f4a6000 r--s 00006000 08:01 2507579                    /usr/lib/hadoop-mapreduce/hadoop-mapreduce-client-shuffle-2.0.0-cdh4.7.0.jar
7ff49f4a6000-7ff49f4b5000 r--s 000b2000 08:01 2507527                    /usr/lib/hadoop-yarn/lib/netty-3.2.4.Final.jar
7ff49f4b5000-7ff49f4cc000 r--s 00145000 08:01 2507563                    /usr/lib/hadoop-mapreduce/hadoop-mapreduce-client-core-2.0.0-cdh4.7.0.jar
7ff49f4cc000-7ff49f4d0000 r--s 00042000 08:01 2507106                    /usr/lib/parquet/parquet-thrift-1.2.5-cdh4.7.0-javadoc.jar
7ff49f4d0000-7ff49f4d5000 r--s 00053000 08:01 2507105                    /usr/lib/parquet/parquet-hadoop-1.2.5-cdh4.7.0-javadoc.jar
7ff49f4d5000-7ff49f4e8000 r--s 000fa000 08:01 2498288                    /usr/lib/parquet/parquet-hadoop-1.2.5-cdh4.7.0.jar
7ff49f4e8000-7ff49f4f1000 r--s 000a6000 08:01 2507114                    /usr/lib/parquet/parquet-column-1.2.5-cdh4.7.0-javadoc.jar
7ff49f4f1000-7ff49f4f3000 r--s 0000a000 08:01 2507110                    /usr/lib/parquet/parquet-avro-1.2.5-cdh4.7.0.jar
7ff49f4f3000-7ff49f4f5000 r--s 0000b000 08:01 2507174                    /usr/lib/hadoop/hadoop-auth-2.0.0-cdh4.7.0.jar
7ff49f4f5000-7ff49f50a000 r--s 000fc000 08:01 2507118                    /usr/lib/parquet/parquet-thrift-1.2.5-cdh4.7.0.jar
7ff49f50a000-7ff49f51a000 r--s 0009d000 08:01 2494466                    /usr/lib/parquet/parquet-column-1.2.5-cdh4.7.0.jar
7ff49f51a000-7ff49f520000 r--s 0003e000 08:01 2497980                    /usr/lib/parquet/parquet-encoding-1.2.5-cdh4.7.0.jar
7ff49f520000-7ff49f534000 r--s 00121000 08:01 2507168                    /usr/lib/hadoop/hadoop-common-2.0.0-cdh4.7.0-tests.jar
7ff49f534000-7ff49f536000 r--s 0000c000 08:01 2507117                    /usr/lib/parquet/parquet-common-1.2.5-cdh4.7.0-javadoc.jar
7ff49f536000-7ff49f538000 r--s 00014000 08:01 2507111                    /usr/lib/parquet/parquet-hadoop-1.2.5-cdh4.7.0-sources.jar
7ff49f538000-7ff49f53a000 r--s 0000c000 08:01 2498680                    /usr/lib/parquet/parquet-thrift-1.2.5-cdh4.7.0-sources.jar
7ff49f53a000-7ff49f53b000 r--s 00004000 08:01 2507104                    /usr/lib/parquet/parquet-avro-1.2.5-cdh4.7.0-sources.jar
7ff49f53b000-7ff49f53c000 r--s 00001000 08:01 2507103                    /usr/lib/parquet/parquet-test-hadoop2-1.2.5-cdh4.7.0.jar
7ff49f53c000-7ff49f53e000 r--s 00016000 08:01 2507101                    /usr/lib/parquet/parquet-encoding-1.2.5-cdh4.7.0-javadoc.jar
7ff49f53e000-7ff49f540000 r--s 00004000 08:01 2507169                    /usr/lib/hadoop/hadoop-annotations-2.0.0-cdh4.7.0.jar
7ff49f540000-7ff49f542000 r--s 00004000 08:01 2493609                    /usr/lib/parquet/parquet-format-1.0.0-cdh4.7.0-javadoc.jar
7ff49f542000-7ff49f544000 r--s 00004000 08:01 2497989                    /usr/lib/parquet/parquet-cascading-1.2.5-cdh4.7.0.jar
7ff49f544000-7ff49f546000 r--s 00006000 08:01 2498383                    /usr/lib/parquet/parquet-scrooge-1.2.5-cdh4.7.0-javadoc.jar
7ff49f546000-7ff49f548000 r--s 00008000 08:01 2507120                    /usr/lib/parquet/parquet-hive-1.2.5-cdh4.7.0-sources.jar
7ff49f548000-7ff49f549000 r--s 00003000 08:01 2507112                    /usr/lib/parquet/parquet-generator-1.2.5-cdh4.7.0.jar
7ff49f549000-7ff49f54c000 r--s 0002a000 08:01 2497983                    /usr/lib/parquet/parquet-hive-1.2.5-cdh4.7.0-javadoc.jar
7ff49f54c000-7ff49f550000 r--s 0001d000 08:01 2497977                    /usr/lib/parquet/parquet-column-1.2.5-cdh4.7.0-sources.jar
7ff49f550000-7ff49f551000 r--s 00004000 08:01 2498381                    /usr/lib/parquet/parquet-encoding-1.2.5-cdh4.7.0-sources.jar
7ff49f551000-7ff49f576000 r--s 00213000 08:01 2507170                    /usr/lib/hadoop/hadoop-common-2.0.0-cdh4.7.0.jar
7ff49f576000-7ff49f578000 r--s 0000e000 08:01 2507224                    /usr/lib/hadoop/lib/activation-1.1.jar
7ff49f578000-7ff49f57d000 r--s 0003e000 08:01 2507179                    /usr/lib/hadoop/lib/commons-net-3.1.jar
7ff49f57d000-7ff49f57e000 r--s 00004000 08:01 2507225                    /usr/lib/hadoop/lib/jackson-jaxrs-1.8.8.jar
7ff49f57e000-7ff49f582000 r--s 00034000 08:01 2507211                    /usr/lib/hadoop/lib/jackson-core-asl-1.8.8.jar
7ff49f582000-7ff49f584000 r--s 00006000 08:01 2507221                    /usr/lib/hadoop/lib/paranamer-2.3.jar
7ff49f584000-7ff49f58e000 r--s 00066000 08:01 2507231                    /usr/lib/hadoop/lib/jersey-core-1.8.jar
7ff49f58e000-7ff49f594000 r--s 00034000 08:01 2507184                    /usr/lib/hadoop/lib/junit-4.8.2.jar
7ff49f594000-7ff49f598000 r--s 00020000 08:01 2507183                    /usr/lib/hadoop/lib/commons-digester-1.8.jar
7ff49f598000-7ff49f59a000 r--s 00005000 08:01 2507176                    /usr/lib/hadoop/lib/slf4j-api-1.6.1.jar
7ff49f59a000-7ff49f59c000 r--s 00014000 08:01 2507192                    /usr/lib/hadoop/lib/jline-0.9.94.jar
7ff49f59c000-7ff49f5af000 r--s 000c7000 08:01 2507195                    /usr/lib/hadoop/lib/jaxb-impl-2.2.3-1.jar
7ff49f5af000-7ff49f5b6000 r--s 00044000 08:01 2507217                    /usr/lib/hadoop/lib/avro-1.7.4.jar
7ff49f5b6000-7ff49f5b9000 r--s 00025000 08:01 2507222                    /usr/lib/hadoop/lib/commons-io-2.1.jar
7ff49f5b9000-7ff49f5bd000 r--s 00014000 08:01 2507194                    /usr/lib/hadoop/lib/xz-1.0.jar
7ff49f5bd000-7ff49f5de000 r--s 00172000 08:01 2507218                    /usr/lib/hadoop/lib/guava-11.0.2.jar
7ff49f5de000-7ff49f5e2000 r--s 0002f000 08:01 2507228                    /usr/lib/hadoop/lib/commons-beanutils-core-1.8.0.jar
7ff49f5e2000-7ff49f5f3000 r--s 000bb000 08:01 2507212                    /usr/lib/hadoop/lib/commons-math-2.1.jar
7ff49f5f3000-7ff49f5f4000 r--s 00002000 08:01 2507185                    /usr/lib/hadoop/lib/kfs-0.3.jar
7ff49f5f4000-7ff49f601000 r--s 00097000 08:01 2507180                    /usr/lib/hadoop/lib/jackson-mapper-asl-1.8.8.jar
7ff49f601000-7ff49f604000 r--s 00017000 08:01 2507214                    /usr/lib/hadoop/lib/jaxb-api-2.2.2.jar
7ff49f604000-7ff49f609000 r--s 00036000 08:01 2507227                    /usr/lib/hadoop/lib/commons-compress-1.4.1.jar
7ff49f609000-7ff49f61b000 r--s 00131000 08:01 2507049                    /usr/lib/zookeeper/zookeeper-3.4.5-cdh4.7.0.jar
7ff49f61b000-7ff49f61e000 r--s 00019000 08:01 2507215                    /usr/lib/hadoop/lib/commons-el-1.0.jar
7ff49f61e000-7ff49f623000 r--s 0005f000 08:01 2507213                    /usr/lib/hadoop/lib/jasper-compiler-5.5.23.jar
7ff49f623000-7ff49f625000 r--s 0000d000 08:01 2507219                    /usr/lib/hadoop/lib/commons-logging-1.1.1.jar
7ff49f625000-7ff49f62a000 r--s 0002a000 08:01 2507196                    /usr/lib/hadoop/lib/commons-beanutils-1.7.0.jar
7ff49f62a000-7ff49f630000 r--s 00068000 08:01 2507234                    /usr/lib/hadoop/lib/protobuf-java-2.4.0a.jar
7ff49f630000-7ff49f631000 r--s 00007000 08:01 2507186                    /usr/lib/hadoop/lib/jackson-xc-1.8.8.jar
7ff49f631000-7ff49f633000 r--s 00009000 08:01 2507200                    /usr/lib/hadoop/lib/commons-cli-1.2.jar
7ff49f633000-7ff49f635000 r--s 00011000 08:01 2507199                    /usr/lib/hadoop/lib/jasper-runtime-5.5.23.jar
7ff49f635000-7ff49f637000 r--s 0000d000 08:01 2507201                    /usr/lib/hadoop/lib/commons-codec-1.4.jar
7ff49f637000-7ff49f654000 r--s 0013e000 08:01 2507197                    /usr/lib/hadoop/lib/mockito-all-1.8.5.jar
7ff49f654000-7ff49f65a000 r--s 0007e000 08:01 2507178                    /usr/lib/hadoop/lib/jetty-6.1.26.cloudera.2.jar
7ff49f65a000-7ff49f66b000 r--s 00099000 08:01 2507181                    /usr/lib/hadoop/lib/jersey-server-1.8.jar
7ff49f66b000-7ff49f66d000 r--s 00005000 08:01 2507188                    /usr/lib/hadoop/lib/stax-api-1.0.1.jar
7ff49f66d000-7ff49f66f000 r--s 00018000 08:01 2507229                    /usr/lib/hadoop/lib/servlet-api-2.5.jar
7ff49f66f000-7ff49f675000 r--s 00045000 08:01 2507193                    /usr/lib/hadoop/lib/commons-httpclient-3.1.jar
7ff49f675000-7ff49f67b000 r--s 00043000 08:01 2507220                    /usr/lib/hadoop/lib/commons-configuration-1.6.jar
7ff49f67b000-7ff49f695000 r--s 0013b000 08:01 2507223                    /usr/lib/hadoop/lib/cloudera-jets3t-2.0.0-cdh4.7.0.jar
7ff49f695000-7ff49f696000 r--s 00003000 08:01 2507182                    /usr/lib/hadoop/lib/xmlenc-0.52.jar
7ff49f696000-7ff49f69a000 r--s 00028000 08:01 2507177                    /usr/lib/hadoop/lib/jetty-util-6.1.26.cloudera.2.jar
7ff49f69a000-7ff49f69d000 r--s 0002b000 08:01 2507232                    /usr/lib/hadoop/lib/jsch-0.1.42.jar
7ff49f69d000-7ff49f6a0000 r--s 00006000 08:01 2507191                    /usr/lib/hadoop/lib/jsr305-1.3.9.jar
7ff49f6a0000-7ff49f6a1000 r--s 0000a000 08:01 2507210                    /usr/lib/hadoop/lib/asm-3.2.jar
7ff49f6a1000-7ff49f6a3000 r--s 0000f000 08:01 2507233                    /usr/lib/hadoop/lib/jettison-1.1.jar
7ff49f6a3000-7ff49f6a8000 r--s 00040000 08:01 2507226                    /usr/lib/hadoop/lib/commons-lang-2.5.jar
7ff49f6a8000-7ff49f6ac000 r--s 00021000 08:01 2507189                    /usr/lib/hadoop/lib/jersey-json-1.8.jar
7ff49f6ac000-7ff49f6af000 r--s 00016000 08:01 2507187                    /usr/lib/hadoop/lib/jsp-api-2.1.jar
7ff49f6af000-7ff49f6b4000 r--s 0004a000 08:01 2507190                    /usr/lib/hadoop/lib/jets3t-0.6.1.jar
7ff49f6b4000-7ff49f6bd000 r--s 0006f000 08:01 2507198                    /usr/lib/hadoop/lib/log4j-1.2.17.jar
7ff49f6bd000-7ff49f6cb000 r--s 0007f000 08:01 2507230                    /usr/lib/hadoop/lib/commons-collections-3.2.1.jar
7ff49f6cb000-7ff49f6df000 r--s 00193000 08:01 2507248                    /usr/lib/hadoop-hdfs/hadoop-hdfs-2.0.0-cdh4.7.0-tests.jar
7ff49f6df000-7ff49f71a000 r--s 00421000 08:01 2507249                    /usr/lib/hadoop-hdfs/hadoop-hdfs-2.0.0-cdh4.7.0.jar
7ff49f71a000-7ff49f71b000 ---p 00000000 00:00 0 
7ff49f71b000-7ff49f81b000 rw-p 00000000 00:00 0                          [stack:13234]
7ff49f81b000-7ff49f81e000 ---p 00000000 00:00 0 
7ff49f81e000-7ff49f91c000 rw-p 00000000 00:00 0                          [stack:13233]
7ff49f91c000-7ff4a0000000 r--p 00000000 08:01 2497244                    /usr/lib/locale/locale-archive
7ff4a0000000-7ff4a0021000 rw-p 00000000 00:00 0 
7ff4a0021000-7ff4a4000000 ---p 00000000 00:00 0 
7ff4a4000000-7ff4a4002000 r--s 000f2000 08:01 2507216                    /usr/lib/hadoop/lib/snappy-java-1.0.4.1.jar
7ff4a4002000-7ff4a4004000 r--s 00003000 08:01 2507295                    /usr/lib/hadoop-hdfs/lib/commons-daemon-1.0.3.jar
7ff4a4004000-7ff4a4008000 r--s 00034000 08:01 2507293                    /usr/lib/hadoop-hdfs/lib/jackson-core-asl-1.8.8.jar
7ff4a4008000-7ff4a4012000 r--s 00066000 08:01 2507302                    /usr/lib/hadoop-hdfs/lib/jersey-core-1.8.jar
7ff4a4012000-7ff4a4014000 r--s 00014000 08:01 2507287                    /usr/lib/hadoop-hdfs/lib/jline-0.9.94.jar
7ff4a4014000-7ff4a4017000 r--s 00025000 08:01 2507299                    /usr/lib/hadoop-hdfs/lib/commons-io-2.1.jar
7ff4a4017000-7ff4a4024000 r--s 00097000 08:01 2507282                    /usr/lib/hadoop-hdfs/lib/jackson-mapper-asl-1.8.8.jar
7ff4a4024000-7ff4a4045000 r--s 00172000 08:01 2507297                    /usr/lib/hadoop-hdfs/lib/guava-11.0.2.jar
7ff4a4045000-7ff4a4057000 r--s 00131000 08:01 2507296                    /usr/lib/hadoop-hdfs/lib/zookeeper-3.4.5-cdh4.7.0.jar
7ff4a4057000-7ff4a405a000 r--s 00019000 08:01 2507294                    /usr/lib/hadoop-hdfs/lib/commons-el-1.0.jar
7ff4a405a000-7ff4a405c000 r--s 0000d000 08:01 2507298                    /usr/lib/hadoop-hdfs/lib/commons-logging-1.1.1.jar
7ff4a405c000-7ff4a4062000 r--s 00068000 08:01 2507303                    /usr/lib/hadoop-hdfs/lib/protobuf-java-2.4.0a.jar
7ff4a4062000-7ff4a4064000 r--s 00009000 08:01 2507290                    /usr/lib/hadoop-hdfs/lib/commons-cli-1.2.jar
7ff4a4064000-7ff4a4066000 r--s 00011000 08:01 2507289                    /usr/lib/hadoop-hdfs/lib/jasper-runtime-5.5.23.jar
7ff4a4066000-7ff4a4068000 r--s 0000d000 08:01 2507291                    /usr/lib/hadoop-hdfs/lib/commons-codec-1.4.jar
7ff4a4068000-7ff4a4079000 r--s 00099000 08:01 2507283                    /usr/lib/hadoop-hdfs/lib/jersey-server-1.8.jar
7ff4a4079000-7ff4a40e4000 r--s 00e22000 08:01 659384                     /opt/jdk1.7.0_75/lib/tools.jar
7ff4a40e4000-7ff4a40e7000 ---p 00000000 00:00 0 
7ff4a40e7000-7ff4a41e5000 rw-p 00000000 00:00 0                          [stack:13232]
7ff4a41e5000-7ff4a41e8000 ---p 00000000 00:00 0 
7ff4a41e8000-7ff4a42e6000 rw-p 00000000 00:00 0                          [stack:13231]
7ff4a42e6000-7ff4a42e9000 ---p 00000000 00:00 0 
7ff4a42e9000-7ff4a43e7000 rw-p 00000000 00:00 0                          [stack:13230]
7ff4a43e7000-7ff4a43ea000 ---p 00000000 00:00 0 
7ff4a43ea000-7ff4a44e8000 rw-p 00000000 00:00 0                          [stack:13229]
7ff4a44e8000-7ff4a44eb000 ---p 00000000 00:00 0 
7ff4a44eb000-7ff4a45e9000 rw-p 00000000 00:00 0                          [stack:13228]
7ff4a45e9000-7ff4a45ea000 ---p 00000000 00:00 0 
7ff4a45ea000-7ff4a8000000 rw-p 00000000 00:00 0                          [stack:13227]
7ff4a8000000-7ff4a8021000 rw-p 00000000 00:00 0 
7ff4a8021000-7ff4ac000000 ---p 00000000 00:00 0 
7ff4ac000000-7ff4ac001000 r--s 00002000 08:01 2507054                    /usr/lib/zookeeper/lib/slf4j-log4j12-1.6.1.jar
7ff4ac001000-7ff4ac007000 r--s 0007e000 08:01 2507281                    /usr/lib/hadoop-hdfs/lib/jetty-6.1.26.cloudera.2.jar
7ff4ac007000-7ff4ac008000 r--s 00003000 08:01 2507284                    /usr/lib/hadoop-hdfs/lib/xmlenc-0.52.jar
7ff4ac008000-7ff4ac00a000 r--s 00018000 08:01 2507301                    /usr/lib/hadoop-hdfs/lib/servlet-api-2.5.jar
7ff4ac00a000-7ff4ac00e000 r--s 00028000 08:01 2507280                    /usr/lib/hadoop-hdfs/lib/jetty-util-6.1.26.cloudera.2.jar
7ff4ac00e000-7ff4ac017000 r--s 0006f000 08:01 2507288                    /usr/lib/hadoop-hdfs/lib/log4j-1.2.17.jar
7ff4ac017000-7ff4ac906000 rw-p 00000000 00:00 0 
7ff4ac906000-7ff4acac5000 r--s 039eb000 08:01 658220                     /opt/jdk1.7.0_75/jre/lib/rt.jar
7ff4acac5000-7ff4acc78000 rw-p 00000000 00:00 0 
7ff4acc78000-7ff4acc79000 ---p 00000000 00:00 0 
7ff4acc79000-7ff4acd79000 rw-p 00000000 00:00 0                          [stack:13226]
7ff4acd79000-7ff4acd7a000 ---p 00000000 00:00 0 
7ff4acd7a000-7ff4ace7a000 rw-p 00000000 00:00 0                          [stack:13225]
7ff4ace7a000-7ff4ace7b000 ---p 00000000 00:00 0 
7ff4ace7b000-7ff4acf7b000 rw-p 00000000 00:00 0                          [stack:13224]
7ff4acf7b000-7ff4acf7c000 ---p 00000000 00:00 0 
7ff4acf7c000-7ff4ad07c000 rw-p 00000000 00:00 0                          [stack:13223]
7ff4ad07c000-7ff4ad07d000 ---p 00000000 00:00 0 
7ff4ad07d000-7ff4ad17d000 rw-p 00000000 00:00 0                          [stack:13222]
7ff4ad17d000-7ff4ad17e000 ---p 00000000 00:00 0 
7ff4ad17e000-7ff4ad27e000 rw-p 00000000 00:00 0                          [stack:13221]
7ff4ad27e000-7ff4ad27f000 ---p 00000000 00:00 0 
7ff4ad27f000-7ff4ad37f000 rw-p 00000000 00:00 0                          [stack:13220]
7ff4ad37f000-7ff4ad380000 ---p 00000000 00:00 0 
7ff4ad380000-7ff4ad480000 rw-p 00000000 00:00 0                          [stack:13219]
7ff4ad480000-7ff4ad481000 ---p 00000000 00:00 0 
7ff4ad481000-7ff4ad581000 rw-p 00000000 00:00 0                          [stack:13218]
7ff4ad581000-7ff4ad582000 ---p 00000000 00:00 0 
7ff4ad582000-7ff4ad7d2000 rw-p 00000000 00:00 0                          [stack:13217]
7ff4ad7d2000-7ff4aeb78000 rw-p 00000000 00:00 0 
7ff4aeb78000-7ff4aeb83000 rw-p 00000000 00:00 0 
7ff4aeb83000-7ff4aeba1000 rw-p 00000000 00:00 0 
7ff4aeba1000-7ff4aecf1000 rw-p 00000000 00:00 0 
7ff4aecf1000-7ff4b0097000 rw-p 00000000 00:00 0 
7ff4b0097000-7ff4b013f000 rw-p 00000000 00:00 0 
7ff4b013f000-7ff4b0b12000 rw-p 00000000 00:00 0 
7ff4b0b12000-7ff4b0b13000 rw-p 00000000 00:00 0 
7ff4b0b13000-7ff4b0d83000 rwxp 00000000 00:00 0 
7ff4b0d83000-7ff4b3b13000 rw-p 00000000 00:00 0 
7ff4b3b13000-7ff4b3b2d000 r-xp 00000000 08:01 657256                     /opt/jdk1.7.0_75/jre/lib/amd64/libzip.so
7ff4b3b2d000-7ff4b3d2d000 ---p 0001a000 08:01 657256                     /opt/jdk1.7.0_75/jre/lib/amd64/libzip.so
7ff4b3d2d000-7ff4b3d2e000 rw-p 0001a000 08:01 657256                     /opt/jdk1.7.0_75/jre/lib/amd64/libzip.so
7ff4b3d2e000-7ff4b3d3a000 r-xp 00000000 08:01 531515                     /lib/x86_64-linux-gnu/libnss_files-2.15.so
7ff4b3d3a000-7ff4b3f39000 ---p 0000c000 08:01 531515                     /lib/x86_64-linux-gnu/libnss_files-2.15.so
7ff4b3f39000-7ff4b3f3a000 r--p 0000b000 08:01 531515                     /lib/x86_64-linux-gnu/libnss_files-2.15.so
7ff4b3f3a000-7ff4b3f3b000 rw-p 0000c000 08:01 531515                     /lib/x86_64-linux-gnu/libnss_files-2.15.so
7ff4b3f3b000-7ff4b3f45000 r-xp 00000000 08:01 531511                     /lib/x86_64-linux-gnu/libnss_nis-2.15.so
7ff4b3f45000-7ff4b4145000 ---p 0000a000 08:01 531511                     /lib/x86_64-linux-gnu/libnss_nis-2.15.so
7ff4b4145000-7ff4b4146000 r--p 0000a000 08:01 531511                     /lib/x86_64-linux-gnu/libnss_nis-2.15.so
7ff4b4146000-7ff4b4147000 rw-p 0000b000 08:01 531511                     /lib/x86_64-linux-gnu/libnss_nis-2.15.so
7ff4b4147000-7ff4b415e000 r-xp 00000000 08:01 531514                     /lib/x86_64-linux-gnu/libnsl-2.15.so
7ff4b415e000-7ff4b435d000 ---p 00017000 08:01 531514                     /lib/x86_64-linux-gnu/libnsl-2.15.so
7ff4b435d000-7ff4b435e000 r--p 00016000 08:01 531514                     /lib/x86_64-linux-gnu/libnsl-2.15.so
7ff4b435e000-7ff4b435f000 rw-p 00017000 08:01 531514                     /lib/x86_64-linux-gnu/libnsl-2.15.so
7ff4b435f000-7ff4b4361000 rw-p 00000000 00:00 0 
7ff4b4361000-7ff4b4369000 r-xp 00000000 08:01 531517                     /lib/x86_64-linux-gnu/libnss_compat-2.15.so
7ff4b4369000-7ff4b4568000 ---p 00008000 08:01 531517                     /lib/x86_64-linux-gnu/libnss_compat-2.15.so
7ff4b4568000-7ff4b4569000 r--p 00007000 08:01 531517                     /lib/x86_64-linux-gnu/libnss_compat-2.15.so
7ff4b4569000-7ff4b456a000 rw-p 00008000 08:01 531517                     /lib/x86_64-linux-gnu/libnss_compat-2.15.so
7ff4b456a000-7ff4b4593000 r-xp 00000000 08:01 657222                     /opt/jdk1.7.0_75/jre/lib/amd64/libjava.so
7ff4b4593000-7ff4b4793000 ---p 00029000 08:01 657222                     /opt/jdk1.7.0_75/jre/lib/amd64/libjava.so
7ff4b4793000-7ff4b4795000 rw-p 00029000 08:01 657222                     /opt/jdk1.7.0_75/jre/lib/amd64/libjava.so
7ff4b4795000-7ff4b47a2000 r-xp 00000000 08:01 657249                     /opt/jdk1.7.0_75/jre/lib/amd64/libverify.so
7ff4b47a2000-7ff4b49a1000 ---p 0000d000 08:01 657249                     /opt/jdk1.7.0_75/jre/lib/amd64/libverify.so
7ff4b49a1000-7ff4b49a3000 rw-p 0000c000 08:01 657249                     /opt/jdk1.7.0_75/jre/lib/amd64/libverify.so
7ff4b49a3000-7ff4b49aa000 r-xp 00000000 08:01 531506                     /lib/x86_64-linux-gnu/librt-2.15.so
7ff4b49aa000-7ff4b4ba9000 ---p 00007000 08:01 531506                     /lib/x86_64-linux-gnu/librt-2.15.so
7ff4b4ba9000-7ff4b4baa000 r--p 00006000 08:01 531506                     /lib/x86_64-linux-gnu/librt-2.15.so
7ff4b4baa000-7ff4b4bab000 rw-p 00007000 08:01 531506                     /lib/x86_64-linux-gnu/librt-2.15.so
7ff4b4bab000-7ff4b4bc1000 r-xp 00000000 08:01 528394                     /lib/x86_64-linux-gnu/libz.so.1.2.3.4
7ff4b4bc1000-7ff4b4dc0000 ---p 00016000 08:01 528394                     /lib/x86_64-linux-gnu/libz.so.1.2.3.4
7ff4b4dc0000-7ff4b4dc1000 r--p 00015000 08:01 528394                     /lib/x86_64-linux-gnu/libz.so.1.2.3.4
7ff4b4dc1000-7ff4b4dc2000 rw-p 00016000 08:01 528394                     /lib/x86_64-linux-gnu/libz.so.1.2.3.4
7ff4b4dc2000-7ff4b4dc4000 r-xp 00000000 08:01 531523                     /lib/x86_64-linux-gnu/libdl-2.15.so
7ff4b4dc4000-7ff4b4fc4000 ---p 00002000 08:01 531523                     /lib/x86_64-linux-gnu/libdl-2.15.so
7ff4b4fc4000-7ff4b4fc5000 r--p 00002000 08:01 531523                     /lib/x86_64-linux-gnu/libdl-2.15.so
7ff4b4fc5000-7ff4b4fc6000 rw-p 00003000 08:01 531523                     /lib/x86_64-linux-gnu/libdl-2.15.so
7ff4b4fc6000-7ff4b5b39000 r-xp 00000000 08:01 657276                     /opt/jdk1.7.0_75/jre/lib/amd64/server/libjvm.so
7ff4b5b39000-7ff4b5d39000 ---p 00b73000 08:01 657276                     /opt/jdk1.7.0_75/jre/lib/amd64/server/libjvm.so
7ff4b5d39000-7ff4b5dfd000 rw-p 00b73000 08:01 657276                     /opt/jdk1.7.0_75/jre/lib/amd64/server/libjvm.so
7ff4b5dfd000-7ff4b5e3e000 rw-p 00000000 00:00 0 
7ff4b5e3e000-7ff4b5f39000 r-xp 00000000 08:01 531522                     /lib/x86_64-linux-gnu/libm-2.15.so
7ff4b5f39000-7ff4b6138000 ---p 000fb000 08:01 531522                     /lib/x86_64-linux-gnu/libm-2.15.so
7ff4b6138000-7ff4b6139000 r--p 000fa000 08:01 531522                     /lib/x86_64-linux-gnu/libm-2.15.so
7ff4b6139000-7ff4b613a000 rw-p 000fb000 08:01 531522                     /lib/x86_64-linux-gnu/libm-2.15.so
7ff4b613a000-7ff4b62ec000 r-xp 00000000 08:01 528270                     /lib/x86_64-linux-gnu/libcrypto.so.1.0.0
7ff4b62ec000-7ff4b64eb000 ---p 001b2000 08:01 528270                     /lib/x86_64-linux-gnu/libcrypto.so.1.0.0
7ff4b64eb000-7ff4b6506000 r--p 001b1000 08:01 528270                     /lib/x86_64-linux-gnu/libcrypto.so.1.0.0
7ff4b6506000-7ff4b6511000 rw-p 001cc000 08:01 528270                     /lib/x86_64-linux-gnu/libcrypto.so.1.0.0
7ff4b6511000-7ff4b6515000 rw-p 00000000 00:00 0 
7ff4b6515000-7ff4b656a000 r-xp 00000000 08:01 528267                     /lib/x86_64-linux-gnu/libssl.so.1.0.0
7ff4b656a000-7ff4b6769000 ---p 00055000 08:01 528267                     /lib/x86_64-linux-gnu/libssl.so.1.0.0
7ff4b6769000-7ff4b676c000 r--p 00054000 08:01 528267                     /lib/x86_64-linux-gnu/libssl.so.1.0.0
7ff4b676c000-7ff4b6773000 rw-p 00057000 08:01 528267                     /lib/x86_64-linux-gnu/libssl.so.1.0.0
7ff4b6773000-7ff4b6927000 r-xp 00000000 08:01 531512                     /lib/x86_64-linux-gnu/libc-2.15.so
7ff4b6927000-7ff4b6b27000 ---p 001b4000 08:01 531512                     /lib/x86_64-linux-gnu/libc-2.15.so
7ff4b6b27000-7ff4b6b2b000 r--p 001b4000 08:01 531512                     /lib/x86_64-linux-gnu/libc-2.15.so
7ff4b6b2b000-7ff4b6b2d000 rw-p 001b8000 08:01 531512                     /lib/x86_64-linux-gnu/libc-2.15.so
7ff4b6b2d000-7ff4b6b32000 rw-p 00000000 00:00 0 
7ff4b6b32000-7ff4b6b4a000 r-xp 00000000 08:01 531513                     /lib/x86_64-linux-gnu/libpthread-2.15.so
7ff4b6b4a000-7ff4b6d49000 ---p 00018000 08:01 531513                     /lib/x86_64-linux-gnu/libpthread-2.15.so
7ff4b6d49000-7ff4b6d4a000 r--p 00017000 08:01 531513                     /lib/x86_64-linux-gnu/libpthread-2.15.so
7ff4b6d4a000-7ff4b6d4b000 rw-p 00018000 08:01 531513                     /lib/x86_64-linux-gnu/libpthread-2.15.so
7ff4b6d4b000-7ff4b6d4f000 rw-p 00000000 00:00 0 
7ff4b6d4f000-7ff4b6d65000 r-xp 00000000 08:01 528271                     /lib/x86_64-linux-gnu/libgcc_s.so.1
7ff4b6d65000-7ff4b6f64000 ---p 00016000 08:01 528271                     /lib/x86_64-linux-gnu/libgcc_s.so.1
7ff4b6f64000-7ff4b6f65000 r--p 00015000 08:01 528271                     /lib/x86_64-linux-gnu/libgcc_s.so.1
7ff4b6f65000-7ff4b6f66000 rw-p 00016000 08:01 528271                     /lib/x86_64-linux-gnu/libgcc_s.so.1
7ff4b6f66000-7ff4b70d3000 r-xp 00000000 08:01 2521278                    /usr/lib/x86_64-linux-gnu/libstdc++.so.6.0.21
7ff4b70d3000-7ff4b72d3000 ---p 0016d000 08:01 2521278                    /usr/lib/x86_64-linux-gnu/libstdc++.so.6.0.21
7ff4b72d3000-7ff4b72dd000 r--p 0016d000 08:01 2521278                    /usr/lib/x86_64-linux-gnu/libstdc++.so.6.0.21
7ff4b72dd000-7ff4b72df000 rw-p 00177000 08:01 2521278                    /usr/lib/x86_64-linux-gnu/libstdc++.so.6.0.21
7ff4b72df000-7ff4b72e3000 rw-p 00000000 00:00 0 
7ff4b72e3000-7ff4b72f7000 r-xp 00000000 08:01 2525251                    /usr/lib/x86_64-linux-gnu/libboost_filesystem.so.1.55.0
7ff4b72f7000-7ff4b74f7000 ---p 00014000 08:01 2525251                    /usr/lib/x86_64-linux-gnu/libboost_filesystem.so.1.55.0
7ff4b74f7000-7ff4b74f8000 r--p 00014000 08:01 2525251                    /usr/lib/x86_64-linux-gnu/libboost_filesystem.so.1.55.0
7ff4b74f8000-7ff4b74f9000 rw-p 00015000 08:01 2525251                    /usr/lib/x86_64-linux-gnu/libboost_filesystem.so.1.55.0
7ff4b74f9000-7ff4b74fc000 r-xp 00000000 08:01 2525247                    /usr/lib/x86_64-linux-gnu/libboost_system.so.1.55.0
7ff4b74fc000-7ff4b76fb000 ---p 00003000 08:01 2525247                    /usr/lib/x86_64-linux-gnu/libboost_system.so.1.55.0
7ff4b76fb000-7ff4b76fc000 r--p 00002000 08:01 2525247                    /usr/lib/x86_64-linux-gnu/libboost_system.so.1.55.0
7ff4b76fc000-7ff4b76fd000 rw-p 00003000 08:01 2525247                    /usr/lib/x86_64-linux-gnu/libboost_system.so.1.55.0
7ff4b76fd000-7ff4b7709000 r-xp 00000000 08:01 2507820                    /usr/lib/libhdfs.so.0.0.0
7ff4b7709000-7ff4b7908000 ---p 0000c000 08:01 2507820                    /usr/lib/libhdfs.so.0.0.0
7ff4b7908000-7ff4b7909000 r--p 0000b000 08:01 2507820                    /usr/lib/libhdfs.so.0.0.0
7ff4b7909000-7ff4b790a000 rw-p 0000c000 08:01 2507820                    /usr/lib/libhdfs.so.0.0.0
7ff4b790a000-7ff4b7927000 r-xp 00000000 08:01 2772799                    /usr/local/lib/libglog.so.0.0.0
7ff4b7927000-7ff4b7b26000 ---p 0001d000 08:01 2772799                    /usr/local/lib/libglog.so.0.0.0
7ff4b7b26000-7ff4b7b27000 r--p 0001c000 08:01 2772799                    /usr/local/lib/libglog.so.0.0.0
7ff4b7b27000-7ff4b7b28000 rw-p 0001d000 08:01 2772799                    /usr/local/lib/libglog.so.0.0.0
7ff4b7b28000-7ff4b7b38000 rw-p 00000000 00:00 0 
7ff4b7b38000-7ff4b7bd7000 r-xp 00000000 08:01 2772706                    /usr/local/lib/libthrift-0.9.2.so
7ff4b7bd7000-7ff4b7dd7000 ---p 0009f000 08:01 2772706                    /usr/local/lib/libthrift-0.9.2.so
7ff4b7dd7000-7ff4b7ddd000 r--p 0009f000 08:01 2772706                    /usr/local/lib/libthrift-0.9.2.so
7ff4b7ddd000-7ff4b7ddf000 rw-p 000a5000 08:01 2772706                    /usr/local/lib/libthrift-0.9.2.so
7ff4b7ddf000-7ff4b7e01000 r-xp 00000000 08:01 531521                     /lib/x86_64-linux-gnu/ld-2.15.so
7ff4b7e01000-7ff4b7e04000 r--s 00006000 08:01 2507286                    /usr/lib/hadoop-hdfs/lib/jsr305-1.3.9.jar
7ff4b7e04000-7ff4b7e05000 r--s 0000a000 08:01 2507292                    /usr/lib/hadoop-hdfs/lib/asm-3.2.jar
7ff4b7e05000-7ff4b7eff000 rw-p 00000000 00:00 0 
7ff4b7eff000-7ff4b7f1d000 rw-p 00000000 00:00 0 
7ff4b7f1d000-7ff4b7f27000 rw-p 00000000 00:00 0 
7ff4b7f27000-7ff4b7fdd000 rw-p 00000000 00:00 0 
7ff4b7fdd000-7ff4b7fe6000 rw-p 00000000 00:00 0 
7ff4b7fe6000-7ff4b7feb000 r--s 00040000 08:01 2507300                    /usr/lib/hadoop-hdfs/lib/commons-lang-2.5.jar
7ff4b7feb000-7ff4b7fee000 r--s 00016000 08:01 2507285                    /usr/lib/hadoop-hdfs/lib/jsp-api-2.1.jar
7ff4b7fee000-7ff4b7ff4000 r--s 0001e000 08:01 658265                     /opt/jdk1.7.0_75/lib/dt.jar
7ff4b7ff4000-7ff4b7ffc000 rw-s 00000000 08:01 2230619                    /tmp/hsperfdata_mapred/13216
7ff4b7ffc000-7ff4b7ffd000 rw-p 00000000 00:00 0 
7ff4b7ffd000-7ff4b7ffe000 r--p 00000000 00:00 0 
7ff4b7ffe000-7ff4b8001000 rw-p 00000000 00:00 0 
7ff4b8001000-7ff4b8002000 r--p 00022000 08:01 531521                     /lib/x86_64-linux-gnu/ld-2.15.so
7ff4b8002000-7ff4b8004000 rw-p 00023000 08:01 531521                     /lib/x86_64-linux-gnu/ld-2.15.so
7fff5b1a9000-7fff5b1ac000 ---p 00000000 00:00 0 
7fff5b1ad000-7fff5b2a9000 rw-p 00000000 00:00 0                          [stack]
7fff5b307000-7fff5b309000 r-xp 00000000 00:00 0                          [vdso]
ffffffffff600000-ffffffffff601000 r-xp 00000000 00:00 0                  [vsyscall]

VM Arguments:
java_command: <unknown>
Launcher Type: generic

Environment Variables:
JAVA_HOME=/opt/jdk1.7.0_75
JRE_HOME=/opt/jdk1.7.0_75/jre
PATH=/opt/gocode/bin:/opt/jdk1.7.0_75/bin:/opt/jdk1.7.0_75/jre/bin:/usr/local/go/bin:/opt/gocode/bin:/opt/jdk1.6.0_45/bin:/opt/jdk1.6.0_45/jre/bin:/usr/local/go/bin:/usr/local/sbin:/usr/local/bin:/usr/sbin:/usr/bin:/sbin:/bin:/usr/games
LD_LIBRARY_PATH=/opt/jdk1.7.0_75/jre/lib/amd64/server:/c++/Linux-amd64-64/lib:/usr/local/lib:/usr/lib
SHELL=/bin/bash

Signal Handlers:
SIGSEGV: [libjvm.so+0x9a21f0], sa_mask[0]=0x7ffbfeff, sa_flags=0x10000004
SIGBUS: [libjvm.so+0x9a21f0], sa_mask[0]=0x7ffbfeff, sa_flags=0x10000004
SIGFPE: [libjvm.so+0x81ba40], sa_mask[0]=0x7ffbfeff, sa_flags=0x10000004
SIGPIPE: [libjvm.so+0x81ba40], sa_mask[0]=0x7ffbfeff, sa_flags=0x10000004
SIGXFSZ: [libjvm.so+0x81ba40], sa_mask[0]=0x7ffbfeff, sa_flags=0x10000004
SIGILL: [libjvm.so+0x81ba40], sa_mask[0]=0x7ffbfeff, sa_flags=0x10000004
SIGUSR1: SIG_DFL, sa_mask[0]=0x00000000, sa_flags=0x00000000
SIGUSR2: [libjvm.so+0x81d240], sa_mask[0]=0x00000000, sa_flags=0x10000004
SIGHUP: [libjvm.so+0x81e360], sa_mask[0]=0x7ffbfeff, sa_flags=0x10000004
SIGINT: [libjvm.so+0x81e360], sa_mask[0]=0x7ffbfeff, sa_flags=0x10000004
SIGTERM: [libjvm.so+0x81e360], sa_mask[0]=0x7ffbfeff, sa_flags=0x10000004
SIGQUIT: [libjvm.so+0x81e360], sa_mask[0]=0x7ffbfeff, sa_flags=0x10000004


---------------  S Y S T E M  ---------------

OS:wheezy/sid

uname:Linux 3.11.0-15-generic #25~precise1-Ubuntu SMP Thu Jan 30 17:39:31 UTC 2014 x86_64
libc:glibc 2.15 NPTL 2.15 
rlimit: STACK 8192k, CORE 0k, NPROC 65536, NOFILE 32768, AS infinity
load average:2.74 1.56 1.34

/proc/meminfo:
MemTotal:       65929444 kB
MemFree:         2819176 kB
Buffers:          512036 kB
Cached:         56315620 kB
SwapCached:            0 kB
Active:         19847712 kB
Inactive:       40716236 kB
Active(anon):    3262260 kB
Inactive(anon):   480520 kB
Active(file):   16585452 kB
Inactive(file): 40235716 kB
Unevictable:           0 kB
Mlocked:               0 kB
SwapTotal:      67059708 kB
SwapFree:       67059708 kB
Dirty:              6672 kB
Writeback:             0 kB
AnonPages:       3736628 kB
Mapped:           186420 kB
Shmem:              6488 kB
Slab:            2041124 kB
SReclaimable:    1976608 kB
SUnreclaim:        64516 kB
KernelStack:        6832 kB
PageTables:        48764 kB
NFS_Unstable:          0 kB
Bounce:                0 kB
WritebackTmp:          0 kB
CommitLimit:    100024428 kB
Committed_AS:   10114680 kB
VmallocTotal:   34359738367 kB
VmallocUsed:      397028 kB
VmallocChunk:   34359338300 kB
HardwareCorrupted:     0 kB
AnonHugePages:         0 kB
HugePages_Total:       0
HugePages_Free:        0
HugePages_Rsvd:        0
HugePages_Surp:        0
Hugepagesize:       2048 kB
DirectMap4k:       99264 kB
DirectMap2M:     6146048 kB
DirectMap1G:    60817408 kB


CPU:total 12 (6 cores per cpu, 2 threads per core) family 6 model 45 stepping 7, cmov, cx8, fxsr, mmx, sse, sse2, sse3, ssse3, sse4.1, sse4.2, popcnt, avx, aes, ht, tsc, tscinvbit, tscinv

/proc/cpuinfo:
processor	: 0
vendor_id	: GenuineIntel
cpu family	: 6
model		: 45
model name	: Intel(R) Xeon(R) CPU E5-2620 0 @ 2.00GHz
stepping	: 7
microcode	: 0x70b
cpu MHz		: 2000.050
cache size	: 15360 KB
physical id	: 0
siblings	: 12
core id		: 0
cpu cores	: 6
apicid		: 0
initial apicid	: 0
fpu		: yes
fpu_exception	: yes
cpuid level	: 13
wp		: yes
flags		: fpu vme de pse tsc msr pae mce cx8 apic sep mtrr pge mca cmov pat pse36 clflush dts acpi mmx fxsr sse sse2 ss ht tm pbe syscall nx pdpe1gb rdtscp lm constant_tsc arch_perfmon pebs bts rep_good nopl xtopology nonstop_tsc aperfmperf eagerfpu pni pclmulqdq dtes64 monitor ds_cpl vmx smx est tm2 ssse3 cx16 xtpr pdcm pcid dca sse4_1 sse4_2 x2apic popcnt tsc_deadline_timer aes xsave avx lahf_lm ida arat xsaveopt pln pts dtherm tpr_shadow vnmi flexpriority ept vpid
bogomips	: 4000.10
clflush size	: 64
cache_alignment	: 64
address sizes	: 46 bits physical, 48 bits virtual
power management:

processor	: 1
vendor_id	: GenuineIntel
cpu family	: 6
model		: 45
model name	: Intel(R) Xeon(R) CPU E5-2620 0 @ 2.00GHz
stepping	: 7
microcode	: 0x70b
cpu MHz		: 2000.050
cache size	: 15360 KB
physical id	: 0
siblings	: 12
core id		: 1
cpu cores	: 6
apicid		: 2
initial apicid	: 2
fpu		: yes
fpu_exception	: yes
cpuid level	: 13
wp		: yes
flags		: fpu vme de pse tsc msr pae mce cx8 apic sep mtrr pge mca cmov pat pse36 clflush dts acpi mmx fxsr sse sse2 ss ht tm pbe syscall nx pdpe1gb rdtscp lm constant_tsc arch_perfmon pebs bts rep_good nopl xtopology nonstop_tsc aperfmperf eagerfpu pni pclmulqdq dtes64 monitor ds_cpl vmx smx est tm2 ssse3 cx16 xtpr pdcm pcid dca sse4_1 sse4_2 x2apic popcnt tsc_deadline_timer aes xsave avx lahf_lm ida arat xsaveopt pln pts dtherm tpr_shadow vnmi flexpriority ept vpid
bogomips	: 4000.10
clflush size	: 64
cache_alignment	: 64
address sizes	: 46 bits physical, 48 bits virtual
power management:

processor	: 2
vendor_id	: GenuineIntel
cpu family	: 6
model		: 45
model name	: Intel(R) Xeon(R) CPU E5-2620 0 @ 2.00GHz
stepping	: 7
microcode	: 0x70b
cpu MHz		: 2000.050
cache size	: 15360 KB
physical id	: 0
siblings	: 12
core id		: 2
cpu cores	: 6
apicid		: 4
initial apicid	: 4
fpu		: yes
fpu_exception	: yes
cpuid level	: 13
wp		: yes
flags		: fpu vme de pse tsc msr pae mce cx8 apic sep mtrr pge mca cmov pat pse36 clflush dts acpi mmx fxsr sse sse2 ss ht tm pbe syscall nx pdpe1gb rdtscp lm constant_tsc arch_perfmon pebs bts rep_good nopl xtopology nonstop_tsc aperfmperf eagerfpu pni pclmulqdq dtes64 monitor ds_cpl vmx smx est tm2 ssse3 cx16 xtpr pdcm pcid dca sse4_1 sse4_2 x2apic popcnt tsc_deadline_timer aes xsave avx lahf_lm ida arat xsaveopt pln pts dtherm tpr_shadow vnmi flexpriority ept vpid
bogomips	: 4000.10
clflush size	: 64
cache_alignment	: 64
address sizes	: 46 bits physical, 48 bits virtual
power management:

processor	: 3
vendor_id	: GenuineIntel
cpu family	: 6
model		: 45
model name	: Intel(R) Xeon(R) CPU E5-2620 0 @ 2.00GHz
stepping	: 7
microcode	: 0x70b
cpu MHz		: 2000.050
cache size	: 15360 KB
physical id	: 0
siblings	: 12
core id		: 3
cpu cores	: 6
apicid		: 6
initial apicid	: 6
fpu		: yes
fpu_exception	: yes
cpuid level	: 13
wp		: yes
flags		: fpu vme de pse tsc msr pae mce cx8 apic sep mtrr pge mca cmov pat pse36 clflush dts acpi mmx fxsr sse sse2 ss ht tm pbe syscall nx pdpe1gb rdtscp lm constant_tsc arch_perfmon pebs bts rep_good nopl xtopology nonstop_tsc aperfmperf eagerfpu pni pclmulqdq dtes64 monitor ds_cpl vmx smx est tm2 ssse3 cx16 xtpr pdcm pcid dca sse4_1 sse4_2 x2apic popcnt tsc_deadline_timer aes xsave avx lahf_lm ida arat xsaveopt pln pts dtherm tpr_shadow vnmi flexpriority ept vpid
bogomips	: 4000.10
clflush size	: 64
cache_alignment	: 64
address sizes	: 46 bits physical, 48 bits virtual
power management:

processor	: 4
vendor_id	: GenuineIntel
cpu family	: 6
model		: 45
model name	: Intel(R) Xeon(R) CPU E5-2620 0 @ 2.00GHz
stepping	: 7
microcode	: 0x70b
cpu MHz		: 2000.050
cache size	: 15360 KB
physical id	: 0
siblings	: 12
core id		: 4
cpu cores	: 6
apicid		: 8
initial apicid	: 8
fpu		: yes
fpu_exception	: yes
cpuid level	: 13
wp		: yes
flags		: fpu vme de pse tsc msr pae mce cx8 apic sep mtrr pge mca cmov pat pse36 clflush dts acpi mmx fxsr sse sse2 ss ht tm pbe syscall nx pdpe1gb rdtscp lm constant_tsc arch_perfmon pebs bts rep_good nopl xtopology nonstop_tsc aperfmperf eagerfpu pni pclmulqdq dtes64 monitor ds_cpl vmx smx est tm2 ssse3 cx16 xtpr pdcm pcid dca sse4_1 sse4_2 x2apic popcnt tsc_deadline_timer aes xsave avx lahf_lm ida arat xsaveopt pln pts dtherm tpr_shadow vnmi flexpriority ept vpid
bogomips	: 4000.10
clflush size	: 64
cache_alignment	: 64
address sizes	: 46 bits physical, 48 bits virtual
power management:

processor	: 5
vendor_id	: GenuineIntel
cpu family	: 6
model		: 45
model name	: Intel(R) Xeon(R) CPU E5-2620 0 @ 2.00GHz
stepping	: 7
microcode	: 0x70b
cpu MHz		: 2000.050
cache size	: 15360 KB
physical id	: 0
siblings	: 12
core id		: 5
cpu cores	: 6
apicid		: 10
initial apicid	: 10
fpu		: yes
fpu_exception	: yes
cpuid level	: 13
wp		: yes
flags		: fpu vme de pse tsc msr pae mce cx8 apic sep mtrr pge mca cmov pat pse36 clflush dts acpi mmx fxsr sse sse2 ss ht tm pbe syscall nx pdpe1gb rdtscp lm constant_tsc arch_perfmon pebs bts rep_good nopl xtopology nonstop_tsc aperfmperf eagerfpu pni pclmulqdq dtes64 monitor ds_cpl vmx smx est tm2 ssse3 cx16 xtpr pdcm pcid dca sse4_1 sse4_2 x2apic popcnt tsc_deadline_timer aes xsave avx lahf_lm ida arat xsaveopt pln pts dtherm tpr_shadow vnmi flexpriority ept vpid
bogomips	: 4000.10
clflush size	: 64
cache_alignment	: 64
address sizes	: 46 bits physical, 48 bits virtual
power management:

processor	: 6
vendor_id	: GenuineIntel
cpu family	: 6
model		: 45
model name	: Intel(R) Xeon(R) CPU E5-2620 0 @ 2.00GHz
stepping	: 7
microcode	: 0x70b
cpu MHz		: 2000.050
cache size	: 15360 KB
physical id	: 0
siblings	: 12
core id		: 0
cpu cores	: 6
apicid		: 1
initial apicid	: 1
fpu		: yes
fpu_exception	: yes
cpuid level	: 13
wp		: yes
flags		: fpu vme de pse tsc msr pae mce cx8 apic sep mtrr pge mca cmov pat pse36 clflush dts acpi mmx fxsr sse sse2 ss ht tm pbe syscall nx pdpe1gb rdtscp lm constant_tsc arch_perfmon pebs bts rep_good nopl xtopology nonstop_tsc aperfmperf eagerfpu pni pclmulqdq dtes64 monitor ds_cpl vmx smx est tm2 ssse3 cx16 xtpr pdcm pcid dca sse4_1 sse4_2 x2apic popcnt tsc_deadline_timer aes xsave avx lahf_lm ida arat xsaveopt pln pts dtherm tpr_shadow vnmi flexpriority ept vpid
bogomips	: 4000.10
clflush size	: 64
cache_alignment	: 64
address sizes	: 46 bits physical, 48 bits virtual
power management:

processor	: 7
vendor_id	: GenuineIntel
cpu family	: 6
model		: 45
model name	: Intel(R) Xeon(R) CPU E5-2620 0 @ 2.00GHz
stepping	: 7
microcode	: 0x70b
cpu MHz		: 2000.050
cache size	: 15360 KB
physical id	: 0
siblings	: 12
core id		: 1
cpu cores	: 6
apicid		: 3
initial apicid	: 3
fpu		: yes
fpu_exception	: yes
cpuid level	: 13
wp		: yes
flags		: fpu vme de pse tsc msr pae mce cx8 apic sep mtrr pge mca cmov pat pse36 clflush dts acpi mmx fxsr sse sse2 ss ht tm pbe syscall nx pdpe1gb rdtscp lm constant_tsc arch_perfmon pebs bts rep_good nopl xtopology nonstop_tsc aperfmperf eagerfpu pni pclmulqdq dtes64 monitor ds_cpl vmx smx est tm2 ssse3 cx16 xtpr pdcm pcid dca sse4_1 sse4_2 x2apic popcnt tsc_deadline_timer aes xsave avx lahf_lm ida arat xsaveopt pln pts dtherm tpr_shadow vnmi flexpriority ept vpid
bogomips	: 4000.10
clflush size	: 64
cache_alignment	: 64
address sizes	: 46 bits physical, 48 bits virtual
power management:

processor	: 8
vendor_id	: GenuineIntel
cpu family	: 6
model		: 45
model name	: Intel(R) Xeon(R) CPU E5-2620 0 @ 2.00GHz
stepping	: 7
microcode	: 0x70b
cpu MHz		: 2000.050
cache size	: 15360 KB
physical id	: 0
siblings	: 12
core id		: 2
cpu cores	: 6
apicid		: 5
initial apicid	: 5
fpu		: yes
fpu_exception	: yes
cpuid level	: 13
wp		: yes
flags		: fpu vme de pse tsc msr pae mce cx8 apic sep mtrr pge mca cmov pat pse36 clflush dts acpi mmx fxsr sse sse2 ss ht tm pbe syscall nx pdpe1gb rdtscp lm constant_tsc arch_perfmon pebs bts rep_good nopl xtopology nonstop_tsc aperfmperf eagerfpu pni pclmulqdq dtes64 monitor ds_cpl vmx smx est tm2 ssse3 cx16 xtpr pdcm pcid dca sse4_1 sse4_2 x2apic popcnt tsc_deadline_timer aes xsave avx lahf_lm ida arat xsaveopt pln pts dtherm tpr_shadow vnmi flexpriority ept vpid
bogomips	: 4000.10
clflush size	: 64
cache_alignment	: 64
address sizes	: 46 bits physical, 48 bits virtual
power management:

processor	: 9
vendor_id	: GenuineIntel
cpu family	: 6
model		: 45
model name	: Intel(R) Xeon(R) CPU E5-2620 0 @ 2.00GHz
stepping	: 7
microcode	: 0x70b
cpu MHz		: 2000.050
cache size	: 15360 KB
physical id	: 0
siblings	: 12
core id		: 3
cpu cores	: 6
apicid		: 7
initial apicid	: 7
fpu		: yes
fpu_exception	: yes
cpuid level	: 13
wp		: yes
flags		: fpu vme de pse tsc msr pae mce cx8 apic sep mtrr pge mca cmov pat pse36 clflush dts acpi mmx fxsr sse sse2 ss ht tm pbe syscall nx pdpe1gb rdtscp lm constant_tsc arch_perfmon pebs bts rep_good nopl xtopology nonstop_tsc aperfmperf eagerfpu pni pclmulqdq dtes64 monitor ds_cpl vmx smx est tm2 ssse3 cx16 xtpr pdcm pcid dca sse4_1 sse4_2 x2apic popcnt tsc_deadline_timer aes xsave avx lahf_lm ida arat xsaveopt pln pts dtherm tpr_shadow vnmi flexpriority ept vpid
bogomips	: 4000.10
clflush size	: 64
cache_alignment	: 64
address sizes	: 46 bits physical, 48 bits virtual
power management:

processor	: 10
vendor_id	: GenuineIntel
cpu family	: 6
model		: 45
model name	: Intel(R) Xeon(R) CPU E5-2620 0 @ 2.00GHz
stepping	: 7
microcode	: 0x70b
cpu MHz		: 2000.050
cache size	: 15360 KB
physical id	: 0
siblings	: 12
core id		: 4
cpu cores	: 6
apicid		: 9
initial apicid	: 9
fpu		: yes
fpu_exception	: yes
cpuid level	: 13
wp		: yes
flags		: fpu vme de pse tsc msr pae mce cx8 apic sep mtrr pge mca cmov pat pse36 clflush dts acpi mmx fxsr sse sse2 ss ht tm pbe syscall nx pdpe1gb rdtscp lm constant_tsc arch_perfmon pebs bts rep_good nopl xtopology nonstop_tsc aperfmperf eagerfpu pni pclmulqdq dtes64 monitor ds_cpl vmx smx est tm2 ssse3 cx16 xtpr pdcm pcid dca sse4_1 sse4_2 x2apic popcnt tsc_deadline_timer aes xsave avx lahf_lm ida arat xsaveopt pln pts dtherm tpr_shadow vnmi flexpriority ept vpid
bogomips	: 4000.10
clflush size	: 64
cache_alignment	: 64
address sizes	: 46 bits physical, 48 bits virtual
power management:

processor	: 11
vendor_id	: GenuineIntel
cpu family	: 6
model		: 45
model name	: Intel(R) Xeon(R) CPU E5-2620 0 @ 2.00GHz
stepping	: 7
microcode	: 0x70b
cpu MHz		: 2000.050
cache size	: 15360 KB
physical id	: 0
siblings	: 12
core id		: 5
cpu cores	: 6
apicid		: 11
initial apicid	: 11
fpu		: yes
fpu_exception	: yes
cpuid level	: 13
wp		: yes
flags		: fpu vme de pse tsc msr pae mce cx8 apic sep mtrr pge mca cmov pat pse36 clflush dts acpi mmx fxsr sse sse2 ss ht tm pbe syscall nx pdpe1gb rdtscp lm constant_tsc arch_perfmon pebs bts rep_good nopl xtopology nonstop_tsc aperfmperf eagerfpu pni pclmulqdq dtes64 monitor ds_cpl vmx smx est tm2 ssse3 cx16 xtpr pdcm pcid dca sse4_1 sse4_2 x2apic popcnt tsc_deadline_timer aes xsave avx lahf_lm ida arat xsaveopt pln pts dtherm tpr_shadow vnmi flexpriority ept vpid
bogomips	: 4000.10
clflush size	: 64
cache_alignment	: 64
address sizes	: 46 bits physical, 48 bits virtual
power management:



Memory: 4k page, physical 65929444k(2819176k free), swap 67059708k(67059708k free)

vm_info: Java HotSpot(TM) 64-Bit Server VM (24.75-b04) for linux-amd64 JRE (1.7.0_75-b13), built on Dec 18 2014 16:45:18 by "java_re" with gcc 4.3.0 20080428 (Red Hat 4.3.0-8)

time: Wed Sep 16 21:42:27 2015
elapsed time: 1 seconds

