#
# A fatal error has been detected by the Java Runtime Environment:
#
#  SIGSEGV (0xb) at pc=0x00007f034ed6262b, pid=14436, tid=139652193584960
#
# JRE version: 6.0_45-b06
# Java VM: Java HotSpot(TM) 64-Bit Server VM (20.45-b01 mixed mode linux-amd64 compressed oops)
# Problematic frame:
# C  [libhdfs.so.0.0.0+0x362b]  unsigned char+0x1b
#
# If you would like to submit a bug report, please visit:
#   http://java.sun.com/webapps/bugreport/crash.jsp
# The crash happened outside the Java Virtual Machine in native code.
# See problematic frame for where to report the bug.
#

---------------  T H R E A D  ---------------

Current thread (0x00000000016dc800):  JavaThread "main" [_thread_in_native, id=14436, stack(0x00007fff813c5000,0x00007fff814c5000)]

siginfo:si_signo=SIGSEGV: si_errno=0, si_code=128 (), si_addr=0x0000000000000000

Registers:
RAX=0x0000000000672920, RBX=0x00000000016c87b0, RCX=0x0000000000000400, RDX=0x00007f034e93c768
RSP=0x00007fff814c4280, RBP=0x00000000016c87b0, RSI=0x00007f031e81a000, RDI=0x676e697473694c79
R8 =0x00007f034e18fa90, R9 =0x0000000000000001, R10=0x00007fff814c4030, R11=0x00007f034ed62610
R12=0x0000000000429958, R13=0x00007fff814c46f0, R14=0x0000000000000000, R15=0x0000000000000000
RIP=0x00007f034ed6262b, EFLAGS=0x0000000000010202, CSGSFS=0x0000000000000033, ERR=0x0000000000000000
  TRAPNO=0x000000000000000d

Top of Stack: (sp=0x00007fff814c4280)
0x00007fff814c4280:   0000000000000001 00000000016c87b0
0x00007fff814c4290:   0000000000000000 000000000042854d
0x00007fff814c42a0:   00007fff814c4410 000000004d16fb9d
0x00007fff814c42b0:   00007f030000000d 00007fff814c4430
0x00007fff814c42c0:   00007f034f6652c8 00007f034f44b523
0x00007fff814c42d0:   0000000000000000 00007f034f644c08
0x00007fff814c42e0:   00007f0300000001 0000000000000000
0x00007fff814c42f0:   0000000100000001 00007f034f6652c8
0x00007fff814c4300:   00000000e1092706 00007f034f665620
0x00007fff814c4310:   00007fff814c4480 000000003413181d
0x00007fff814c4320:   00007f034f644c08 00007fff814c44a0
0x00007fff814c4330:   0000000000000000 00007f034f665620
0x00007fff814c4340:   0000000100000000 00007f034f644c08
0x00007fff814c4350:   00007f0300000001 0000000000411241
0x00007fff814c4360:   0000000000000001 00007f034f6652c8
0x00007fff814c4370:   00007f034f6604f8 000000000040f5b9
0x00007fff814c4380:   00007f034eb5b648 00000000004033e8
0x00007fff814c4390:   0000000100000000 000000010000001c
0x00007fff814c43a0:   00007f034e5d26e8 00007f034f647000
0x00007fff814c43b0:   00000001814c4520 00000000e1092706
0x00007fff814c43c0:   0000000000000000 00000000004118b6
0x00007fff814c43d0:   00000000ffffffff 00007f034f44b523
0x00007fff814c43e0:   0000000000000000 00000000006733c0
0x00007fff814c43f0:   0000000000672010 0000000000000000
0x00007fff814c4400:   0000000000000000 0000000000000000
0x00007fff814c4410:   0000000000000000 0000000000000060
0x00007fff814c4420:   0000000000000000 0000003100000004
0x00007fff814c4430:   0000006e0000005b 0000007c00000077
0x00007fff814c4440:   00000000ffffffff 00007f034e18d720
0x00007fff814c4450:   0000000000000003 0000000000000030
0x00007fff814c4460:   00000000006724c8 0000000000000002
0x00007fff814c4470:   0000000000000000 00007f034de57265 

Instructions: (pc=0x00007f034ed6262b)
0x00007f034ed6260b:   ff ff eb e6 90 55 48 89 fd 53 48 83 ec 08 48 8b
0x00007f034ed6261b:   7f 28 48 85 ff 75 09 eb 14 0f 1f 40 00 48 89 df
0x00007f034ed6262b:   48 8b 1f e8 cd e6 ff ff 48 85 db 75 f0 48 83 c4
0x00007f034ed6263b:   08 48 89 ef 5b 5d e9 ba e6 ff ff 66 2e 0f 1f 84 

Register to memory mapping:

RAX=0x0000000000672920: _ZSt4cout+0 in ./uniCAPMaster at 0x0000000000400000
RBX=0x00000000016c87b0 is an unknown value
RCX=0x0000000000000400 is an unknown value
RDX=0x00007f034e93c768: _ZTVSo+0x18 in /usr/lib/x86_64-linux-gnu/libstdc++.so.6 at 0x00007f034e5c8000
RSP=0x00007fff814c4280 is pointing into the stack for thread: 0x00000000016dc800
RBP=0x00000000016c87b0 is an unknown value
RSI=0x00007f031e81a000 is an unknown value
RDI=0x676e697473694c79 is an unknown value
R8 =0x00007f034e18fa90: <offset 0x3baa90> in /lib/x86_64-linux-gnu/libc.so.6 at 0x00007f034ddd5000
R9 =0x0000000000000001 is an unknown value
R10=0x00007fff814c4030 is pointing into the stack for thread: 0x00000000016dc800
R11=0x00007f034ed62610: hdfsFreeBuilder+0 in /usr/lib/libhdfs.so.0.0.0 at 0x00007f034ed5f000
R12=0x0000000000429958: _start+0 in ./uniCAPMaster at 0x0000000000400000
R13=0x00007fff814c46f0 is pointing into the stack for thread: 0x00000000016dc800
R14=0x0000000000000000 is an unknown value
R15=0x0000000000000000 is an unknown value


Stack: [0x00007fff813c5000,0x00007fff814c5000],  sp=0x00007fff814c4280,  free space=1020k
Native frames: (J=compiled Java code, j=interpreted, Vv=VM code, C=native code)
C  [libhdfs.so.0.0.0+0x362b]  unsigned char+0x1b


---------------  P R O C E S S  ---------------

Java Threads: ( => current thread )
  0x0000000002086000 JavaThread "IPC Parameter Sending Thread #0" daemon [_thread_blocked, id=14456, stack(0x00007f031e126000,0x00007f031e227000)]
  0x0000000001f55800 JavaThread "IPC Client (381312122) connection to BDP-00/192.168.0.21:9000 from mapred" daemon [_thread_blocked, id=14455, stack(0x00007f031e227000,0x00007f031e328000)]
  0x0000000001772000 JavaThread "Low Memory Detector" daemon [_thread_blocked, id=14453, stack(0x00007f031ee11000,0x00007f031ef12000)]
  0x0000000001770000 JavaThread "C2 CompilerThread1" daemon [_thread_blocked, id=14452, stack(0x00007f031ef12000,0x00007f031f013000)]
  0x000000000176d000 JavaThread "C2 CompilerThread0" daemon [_thread_in_native, id=14451, stack(0x00007f031f013000,0x00007f031f114000)]
  0x000000000176b000 JavaThread "Signal Dispatcher" daemon [_thread_blocked, id=14450, stack(0x00007f031f114000,0x00007f031f215000)]
  0x000000000174f000 JavaThread "Finalizer" daemon [_thread_blocked, id=14449, stack(0x00007f031f8f9000,0x00007f031f9fa000)]
  0x000000000174d000 JavaThread "Reference Handler" daemon [_thread_blocked, id=14448, stack(0x00007f031f9fa000,0x00007f031fafb000)]
=>0x00000000016dc800 JavaThread "main" [_thread_in_native, id=14436, stack(0x00007fff813c5000,0x00007fff814c5000)]

Other Threads:
  0x0000000001746000 VMThread [stack: 0x00007f031fafb000,0x00007f031fbfc000] [id=14447]
  0x0000000001785000 WatcherThread [stack: 0x00007f031ed10000,0x00007f031ee11000] [id=14454]

VM state:not at safepoint (normal execution)

VM Mutex/Monitor currently owned by a thread: None

Heap
 PSYoungGen      total 300480K, used 46393K [0x00000006b0a00000, 0x00000006c5950000, 0x0000000800000000)
  eden space 257600K, 18% used [0x00000006b0a00000,0x00000006b374e5c8,0x00000006c0590000)
  from space 42880K, 0% used [0x00000006c2f70000,0x00000006c2f70000,0x00000006c5950000)
  to   space 42880K, 0% used [0x00000006c0590000,0x00000006c0590000,0x00000006c2f70000)
 PSOldGen        total 686848K, used 0K [0x0000000411e00000, 0x000000043bcc0000, 0x00000006b0a00000)
  object space 686848K, 0% used [0x0000000411e00000,0x0000000411e00000,0x000000043bcc0000)
 PSPermGen       total 21248K, used 17145K [0x000000040cc00000, 0x000000040e0c0000, 0x0000000411e00000)
  object space 21248K, 80% used [0x000000040cc00000,0x000000040dcbe690,0x000000040e0c0000)

Code Cache  [0x00007f03487ee000, 0x00007f0348a5e000, 0x00007f034b7ee000)
 total_blobs=407 nmethods=119 adapters=242 free_code_cache=49489216 largest_free_block=30720

Dynamic libraries:
00400000-00472000 r-xp 00000000 08:01 2912291                            /home/mapred/unicap/bin/uniCAPMaster
00671000-00672000 r--p 00071000 08:01 2912291                            /home/mapred/unicap/bin/uniCAPMaster
00672000-00673000 rw-p 00072000 08:01 2912291                            /home/mapred/unicap/bin/uniCAPMaster
00673000-00674000 rw-p 00000000 00:00 0 
016b5000-02208000 rw-p 00000000 00:00 0                                  [heap]
40cc00000-40e0c0000 rw-p 00000000 00:00 0 
40e0c0000-411e00000 rw-p 00000000 00:00 0 
411e00000-43bcc0000 rw-p 00000000 00:00 0 
43bcc0000-6b0a00000 rw-p 00000000 00:00 0 
6b0a00000-6c5950000 rw-p 00000000 00:00 0 
6c5950000-800000000 rw-p 00000000 00:00 0 
7f02ec000000-7f02ec021000 rw-p 00000000 00:00 0 
7f02ec021000-7f02f0000000 ---p 00000000 00:00 0 
7f02f4000000-7f02f4021000 rw-p 00000000 00:00 0 
7f02f4021000-7f02f8000000 ---p 00000000 00:00 0 
7f02f8000000-7f02f8022000 rw-p 00000000 00:00 0 
7f02f8022000-7f02fc000000 ---p 00000000 00:00 0 
7f02fc000000-7f02fc790000 rw-p 00000000 00:00 0 
7f02fc790000-7f0300000000 ---p 00000000 00:00 0 
7f0300000000-7f0300021000 rw-p 00000000 00:00 0 
7f0300021000-7f0304000000 ---p 00000000 00:00 0 
7f0304000000-7f0304021000 rw-p 00000000 00:00 0 
7f0304021000-7f0308000000 ---p 00000000 00:00 0 
7f0308000000-7f03095c1000 rw-p 00000000 00:00 0 
7f03095c1000-7f030c000000 ---p 00000000 00:00 0 
7f030c000000-7f030c021000 rw-p 00000000 00:00 0 
7f030c021000-7f0310000000 ---p 00000000 00:00 0 
7f0310000000-7f0310021000 rw-p 00000000 00:00 0 
7f0310021000-7f0314000000 ---p 00000000 00:00 0 
7f0314000000-7f0314021000 rw-p 00000000 00:00 0 
7f0314021000-7f0318000000 ---p 00000000 00:00 0 
7f0318000000-7f0318021000 rw-p 00000000 00:00 0 
7f0318021000-7f031c000000 ---p 00000000 00:00 0 
7f031e126000-7f031e129000 ---p 00000000 00:00 0 
7f031e129000-7f031e227000 rwxp 00000000 00:00 0                          [stack:14456]
7f031e227000-7f031e22a000 ---p 00000000 00:00 0 
7f031e22a000-7f031e328000 rwxp 00000000 00:00 0                          [stack:14455]
7f031e328000-7f031e32f000 r-xp 00000000 08:01 1186966                    /opt/jdk1.6.0_45/jre/lib/amd64/libnio.so
7f031e32f000-7f031e42e000 ---p 00007000 08:01 1186966                    /opt/jdk1.6.0_45/jre/lib/amd64/libnio.so
7f031e42e000-7f031e430000 rw-p 00006000 08:01 1186966                    /opt/jdk1.6.0_45/jre/lib/amd64/libnio.so
7f031e430000-7f031e5b1000 rw-p 00000000 00:00 0 
7f031e5b1000-7f031e5c4000 r-xp 00000000 08:01 1186965                    /opt/jdk1.6.0_45/jre/lib/amd64/libnet.so
7f031e5c4000-7f031e6c5000 ---p 00013000 08:01 1186965                    /opt/jdk1.6.0_45/jre/lib/amd64/libnet.so
7f031e6c5000-7f031e6c8000 rw-p 00014000 08:01 1186965                    /opt/jdk1.6.0_45/jre/lib/amd64/libnet.so
7f031e6c8000-7f031e6cb000 r--s 00013000 08:01 1187046                    /opt/jdk1.6.0_45/jre/lib/jce.jar
7f031e6cb000-7f031e6cc000 r-xp 00000000 08:01 1186968                    /opt/jdk1.6.0_45/jre/lib/amd64/libjaas_unix.so
7f031e6cc000-7f031e7cb000 ---p 00001000 08:01 1186968                    /opt/jdk1.6.0_45/jre/lib/amd64/libjaas_unix.so
7f031e7cb000-7f031e7cd000 rw-p 00000000 08:01 1186968                    /opt/jdk1.6.0_45/jre/lib/amd64/libjaas_unix.so
7f031e81a000-7f031e81b000 rw-p 00000000 00:00 0 
7f031e81b000-7f031e81e000 r--s 00036000 08:01 1186861                    /opt/jdk1.6.0_45/jre/lib/ext/sunpkcs11.jar
7f031e81e000-7f031e824000 r-xp 00000000 08:01 1187006                    /opt/jdk1.6.0_45/jre/lib/amd64/libmanagement.so
7f031e824000-7f031e923000 ---p 00006000 08:01 1187006                    /opt/jdk1.6.0_45/jre/lib/amd64/libmanagement.so
7f031e923000-7f031e925000 rw-p 00005000 08:01 1187006                    /opt/jdk1.6.0_45/jre/lib/amd64/libmanagement.so
7f031e925000-7f031e92c000 r--s 00096000 08:01 1187010                    /opt/jdk1.6.0_45/jre/lib/jsse.jar
7f031e92c000-7f031e98b000 r--s 00bac000 08:01 1317107                    /opt/jdk1.6.0_45/lib/tools.jar
7f031e98b000-7f031e991000 r--s 0001e000 08:01 1317102                    /opt/jdk1.6.0_45/lib/dt.jar
7f031e991000-7f031e993000 r--s 00007000 08:01 2507108                    /usr/lib/parquet/parquet-pig-1.2.5-cdh4.7.0-sources.jar
7f031e993000-7f031e994000 r--s 00000000 08:01 2498634                    /usr/lib/parquet/parquet-scrooge-1.2.5-cdh4.7.0-sources.jar
7f031e994000-7f031e995000 r--s 00003000 08:01 2507115                    /usr/lib/parquet/parquet-scrooge-1.2.5-cdh4.7.0.jar
7f031e995000-7f031e998000 r--s 00024000 08:01 2497992                    /usr/lib/parquet/parquet-pig-1.2.5-cdh4.7.0-javadoc.jar
7f031e998000-7f031e999000 r--s 00000000 08:01 2493611                    /usr/lib/parquet/parquet-format-1.0.0-cdh4.7.0-sources.jar
7f031e999000-7f031e99b000 r--s 00001000 08:01 2507109                    /usr/lib/parquet/parquet-cascading-1.2.5-cdh4.7.0-sources.jar
7f031e99b000-7f031e9ad000 r--s 000e9000 08:01 2498001                    /usr/lib/parquet/parquet-pig-1.2.5-cdh4.7.0.jar
7f031e9ad000-7f031e9ae000 r--s 0000e000 08:01 2497986                    /usr/lib/parquet/parquet-cascading-1.2.5-cdh4.7.0-javadoc.jar
7f031e9ae000-7f031e9b0000 r--s 00008000 08:01 2498377                    /usr/lib/parquet/parquet-generator-1.2.5-cdh4.7.0-javadoc.jar
7f031e9b0000-7f031e9c8000 r--s 00196000 08:01 2507307                    /usr/lib/hadoop-0.20-mapreduce/hadoop-core-2.0.0-mr1-cdh4.7.0.jar
7f031e9c8000-7f031e9d1000 r--s 000a4000 08:01 2507449                    /usr/lib/hadoop-0.20-mapreduce/lib/hsqldb-1.8.0.10.jar
7f031e9d1000-7f031e9d2000 r--s 00003000 08:01 2507113                    /usr/lib/parquet/parquet-common-1.2.5-cdh4.7.0.jar
7f031e9d2000-7f031e9d3000 r--s 00000000 08:01 2507107                    /usr/lib/parquet/parquet-pig-bundle-1.2.5-cdh4.7.0-sources.jar
7f031e9d3000-7f031e9d5000 r--s 00011000 08:01 2493615                    /usr/lib/parquet/parquet-hive-1.2.5-cdh4.7.0.jar
7f031e9d5000-7f031ea04000 r--s 0024e000 08:01 2507119                    /usr/lib/parquet/parquet-pig-bundle-1.2.5-cdh4.7.0.jar
7f031ea04000-7f031ea05000 r--s 00001000 08:01 2507116                    /usr/lib/parquet/parquet-common-1.2.5-cdh4.7.0-sources.jar
7f031ea05000-7f031ea06000 r--s 0000c000 08:01 2507102                    /usr/lib/parquet/parquet-avro-1.2.5-cdh4.7.0-javadoc.jar
7f031ea06000-7f031ea0e000 r--s 00066000 08:01 2491117                    /usr/lib/parquet/parquet-format-1.0.0-cdh4.7.0.jar
7f031ea0e000-7f031ea0f000 r--s 00001000 08:01 2497974                    /usr/lib/parquet/parquet-generator-1.2.5-cdh4.7.0-sources.jar
7f031ea0f000-7f031ea13000 r--s 00023000 08:01 2507500                    /usr/lib/hadoop-yarn/hadoop-yarn-server-common-2.0.0-cdh4.7.0.jar
7f031ea13000-7f031ea15000 r--s 00008000 08:01 2507570                    /usr/lib/hadoop-mapreduce/hadoop-mapreduce-client-jobclient-2.0.0-cdh4.7.0.jar
7f031ea15000-7f031ea23000 r--s 000f9000 08:01 2507539                    /usr/lib/hadoop-yarn/hadoop-yarn-common-2.0.0-cdh4.7.0.jar
7f031ea23000-7f031ea24000 r--s 00009000 08:01 2507517                    /usr/lib/hadoop-yarn/hadoop-yarn-client-2.0.0-cdh4.7.0.jar
7f031ea24000-7f031ea2d000 r--s 0006a000 08:01 2507582                    /usr/lib/hadoop-mapreduce/hadoop-mapreduce-client-app-2.0.0-cdh4.7.0.jar
7f031ea2d000-7f031ea37000 r--s 00089000 08:01 2507581                    /usr/lib/hadoop-mapreduce/hadoop-mapreduce-client-common-2.0.0-cdh4.7.0.jar
7f031ea37000-7f031ea48000 r--s 00102000 08:01 2507513                    /usr/lib/hadoop-yarn/hadoop-yarn-api-2.0.0-cdh4.7.0.jar
7f031ea48000-7f031ea49000 r--s 00006000 08:01 2507579                    /usr/lib/hadoop-mapreduce/hadoop-mapreduce-client-shuffle-2.0.0-cdh4.7.0.jar
7f031ea49000-7f031ea58000 r--s 000b2000 08:01 2507527                    /usr/lib/hadoop-yarn/lib/netty-3.2.4.Final.jar
7f031ea58000-7f031ea6f000 r--s 00145000 08:01 2507563                    /usr/lib/hadoop-mapreduce/hadoop-mapreduce-client-core-2.0.0-cdh4.7.0.jar
7f031ea6f000-7f031ea73000 r--s 00042000 08:01 2507106                    /usr/lib/parquet/parquet-thrift-1.2.5-cdh4.7.0-javadoc.jar
7f031ea73000-7f031ea78000 r--s 00053000 08:01 2507105                    /usr/lib/parquet/parquet-hadoop-1.2.5-cdh4.7.0-javadoc.jar
7f031ea78000-7f031ea8b000 r--s 000fa000 08:01 2498288                    /usr/lib/parquet/parquet-hadoop-1.2.5-cdh4.7.0.jar
7f031ea8b000-7f031ea94000 r--s 000a6000 08:01 2507114                    /usr/lib/parquet/parquet-column-1.2.5-cdh4.7.0-javadoc.jar
7f031ea94000-7f031ea96000 r--s 0000a000 08:01 2507110                    /usr/lib/parquet/parquet-avro-1.2.5-cdh4.7.0.jar
7f031ea96000-7f031ea98000 r--s 0000b000 08:01 2507174                    /usr/lib/hadoop/hadoop-auth-2.0.0-cdh4.7.0.jar
7f031ea98000-7f031eaad000 r--s 000fc000 08:01 2507118                    /usr/lib/parquet/parquet-thrift-1.2.5-cdh4.7.0.jar
7f031eaad000-7f031eabd000 r--s 0009d000 08:01 2494466                    /usr/lib/parquet/parquet-column-1.2.5-cdh4.7.0.jar
7f031eabd000-7f031eac3000 r--s 0003e000 08:01 2497980                    /usr/lib/parquet/parquet-encoding-1.2.5-cdh4.7.0.jar
7f031eac3000-7f031ead7000 r--s 00121000 08:01 2507168                    /usr/lib/hadoop/hadoop-common-2.0.0-cdh4.7.0-tests.jar
7f031ead7000-7f031ead9000 r--s 0000c000 08:01 2507117                    /usr/lib/parquet/parquet-common-1.2.5-cdh4.7.0-javadoc.jar
7f031ead9000-7f031eadb000 r--s 00014000 08:01 2507111                    /usr/lib/parquet/parquet-hadoop-1.2.5-cdh4.7.0-sources.jar
7f031eadb000-7f031eadd000 r--s 0000c000 08:01 2498680                    /usr/lib/parquet/parquet-thrift-1.2.5-cdh4.7.0-sources.jar
7f031eadd000-7f031eade000 r--s 00004000 08:01 2507104                    /usr/lib/parquet/parquet-avro-1.2.5-cdh4.7.0-sources.jar
7f031eade000-7f031eadf000 r--s 00001000 08:01 2507103                    /usr/lib/parquet/parquet-test-hadoop2-1.2.5-cdh4.7.0.jar
7f031eadf000-7f031eae1000 r--s 00016000 08:01 2507101                    /usr/lib/parquet/parquet-encoding-1.2.5-cdh4.7.0-javadoc.jar
7f031eae1000-7f031eae3000 r--s 00004000 08:01 2507169                    /usr/lib/hadoop/hadoop-annotations-2.0.0-cdh4.7.0.jar
7f031eae3000-7f031eae5000 r--s 00004000 08:01 2493609                    /usr/lib/parquet/parquet-format-1.0.0-cdh4.7.0-javadoc.jar
7f031eae5000-7f031eae7000 r--s 00004000 08:01 2497989                    /usr/lib/parquet/parquet-cascading-1.2.5-cdh4.7.0.jar
7f031eae7000-7f031eae9000 r--s 00006000 08:01 2498383                    /usr/lib/parquet/parquet-scrooge-1.2.5-cdh4.7.0-javadoc.jar
7f031eae9000-7f031eaeb000 r--s 00008000 08:01 2507120                    /usr/lib/parquet/parquet-hive-1.2.5-cdh4.7.0-sources.jar
7f031eaeb000-7f031eaec000 r--s 00003000 08:01 2507112                    /usr/lib/parquet/parquet-generator-1.2.5-cdh4.7.0.jar
7f031eaec000-7f031eaef000 r--s 0002a000 08:01 2497983                    /usr/lib/parquet/parquet-hive-1.2.5-cdh4.7.0-javadoc.jar
7f031eaef000-7f031eaf3000 r--s 0001d000 08:01 2497977                    /usr/lib/parquet/parquet-column-1.2.5-cdh4.7.0-sources.jar
7f031eaf3000-7f031eaf4000 r--s 00004000 08:01 2498381                    /usr/lib/parquet/parquet-encoding-1.2.5-cdh4.7.0-sources.jar
7f031eaf4000-7f031eb19000 r--s 00213000 08:01 2507170                    /usr/lib/hadoop/hadoop-common-2.0.0-cdh4.7.0.jar
7f031eb19000-7f031eb1b000 r--s 0000e000 08:01 2507224                    /usr/lib/hadoop/lib/activation-1.1.jar
7f031eb1b000-7f031eb20000 r--s 0003e000 08:01 2507179                    /usr/lib/hadoop/lib/commons-net-3.1.jar
7f031eb20000-7f031eb21000 r--s 00004000 08:01 2507225                    /usr/lib/hadoop/lib/jackson-jaxrs-1.8.8.jar
7f031eb21000-7f031eb25000 r--s 00034000 08:01 2507211                    /usr/lib/hadoop/lib/jackson-core-asl-1.8.8.jar
7f031eb25000-7f031eb27000 r--s 00006000 08:01 2507221                    /usr/lib/hadoop/lib/paranamer-2.3.jar
7f031eb27000-7f031eb31000 r--s 00066000 08:01 2507231                    /usr/lib/hadoop/lib/jersey-core-1.8.jar
7f031eb31000-7f031eb37000 r--s 00034000 08:01 2507184                    /usr/lib/hadoop/lib/junit-4.8.2.jar
7f031eb37000-7f031eb3b000 r--s 00020000 08:01 2507183                    /usr/lib/hadoop/lib/commons-digester-1.8.jar
7f031eb3b000-7f031eb3d000 r--s 00005000 08:01 2507176                    /usr/lib/hadoop/lib/slf4j-api-1.6.1.jar
7f031eb3d000-7f031eb3f000 r--s 00014000 08:01 2507192                    /usr/lib/hadoop/lib/jline-0.9.94.jar
7f031eb3f000-7f031eb52000 r--s 000c7000 08:01 2507195                    /usr/lib/hadoop/lib/jaxb-impl-2.2.3-1.jar
7f031eb52000-7f031eb59000 r--s 00044000 08:01 2507217                    /usr/lib/hadoop/lib/avro-1.7.4.jar
7f031eb59000-7f031eb5c000 r--s 00025000 08:01 2507222                    /usr/lib/hadoop/lib/commons-io-2.1.jar
7f031eb5c000-7f031eb60000 r--s 00014000 08:01 2507194                    /usr/lib/hadoop/lib/xz-1.0.jar
7f031eb60000-7f031eb81000 r--s 00172000 08:01 2507218                    /usr/lib/hadoop/lib/guava-11.0.2.jar
7f031eb81000-7f031eb85000 r--s 0002f000 08:01 2507228                    /usr/lib/hadoop/lib/commons-beanutils-core-1.8.0.jar
7f031eb85000-7f031eb96000 r--s 000bb000 08:01 2507212                    /usr/lib/hadoop/lib/commons-math-2.1.jar
7f031eb96000-7f031eb97000 r--s 00002000 08:01 2507185                    /usr/lib/hadoop/lib/kfs-0.3.jar
7f031eb97000-7f031eba4000 r--s 00097000 08:01 2507180                    /usr/lib/hadoop/lib/jackson-mapper-asl-1.8.8.jar
7f031eba4000-7f031eba7000 r--s 00017000 08:01 2507214                    /usr/lib/hadoop/lib/jaxb-api-2.2.2.jar
7f031eba7000-7f031ebac000 r--s 00036000 08:01 2507227                    /usr/lib/hadoop/lib/commons-compress-1.4.1.jar
7f031ebac000-7f031ebbe000 r--s 00131000 08:01 2507049                    /usr/lib/zookeeper/zookeeper-3.4.5-cdh4.7.0.jar
7f031ebbe000-7f031ebc1000 r--s 00019000 08:01 2507215                    /usr/lib/hadoop/lib/commons-el-1.0.jar
7f031ebc1000-7f031ebc6000 r--s 0005f000 08:01 2507213                    /usr/lib/hadoop/lib/jasper-compiler-5.5.23.jar
7f031ebc6000-7f031ebc8000 r--s 0000d000 08:01 2507219                    /usr/lib/hadoop/lib/commons-logging-1.1.1.jar
7f031ebc8000-7f031ebcd000 r--s 0002a000 08:01 2507196                    /usr/lib/hadoop/lib/commons-beanutils-1.7.0.jar
7f031ebcd000-7f031ebd3000 r--s 00068000 08:01 2507234                    /usr/lib/hadoop/lib/protobuf-java-2.4.0a.jar
7f031ebd3000-7f031ebd4000 r--s 00007000 08:01 2507186                    /usr/lib/hadoop/lib/jackson-xc-1.8.8.jar
7f031ebd4000-7f031ebd6000 r--s 00009000 08:01 2507200                    /usr/lib/hadoop/lib/commons-cli-1.2.jar
7f031ebd6000-7f031ebd8000 r--s 00011000 08:01 2507199                    /usr/lib/hadoop/lib/jasper-runtime-5.5.23.jar
7f031ebd8000-7f031ebda000 r--s 0000d000 08:01 2507201                    /usr/lib/hadoop/lib/commons-codec-1.4.jar
7f031ebda000-7f031ebf7000 r--s 0013e000 08:01 2507197                    /usr/lib/hadoop/lib/mockito-all-1.8.5.jar
7f031ebf7000-7f031ebfd000 r--s 0007e000 08:01 2507178                    /usr/lib/hadoop/lib/jetty-6.1.26.cloudera.2.jar
7f031ebfd000-7f031ec0e000 r--s 00099000 08:01 2507181                    /usr/lib/hadoop/lib/jersey-server-1.8.jar
7f031ec0e000-7f031ec0f000 r--s 00003000 08:01 2507182                    /usr/lib/hadoop/lib/xmlenc-0.52.jar
7f031ec0f000-7f031ec11000 r--s 00005000 08:01 2507188                    /usr/lib/hadoop/lib/stax-api-1.0.1.jar
7f031ec11000-7f031ec13000 r--s 00018000 08:01 2507229                    /usr/lib/hadoop/lib/servlet-api-2.5.jar
7f031ec13000-7f031ec17000 r--s 00028000 08:01 2507177                    /usr/lib/hadoop/lib/jetty-util-6.1.26.cloudera.2.jar
7f031ec17000-7f031ec1d000 r--s 00045000 08:01 2507193                    /usr/lib/hadoop/lib/commons-httpclient-3.1.jar
7f031ec1d000-7f031ec23000 r--s 00043000 08:01 2507220                    /usr/lib/hadoop/lib/commons-configuration-1.6.jar
7f031ec23000-7f031ec26000 r--s 0002b000 08:01 2507232                    /usr/lib/hadoop/lib/jsch-0.1.42.jar
7f031ec26000-7f031ec29000 r--s 00006000 08:01 2507191                    /usr/lib/hadoop/lib/jsr305-1.3.9.jar
7f031ec29000-7f031ec2b000 r--s 0000f000 08:01 2507233                    /usr/lib/hadoop/lib/jettison-1.1.jar
7f031ec2b000-7f031ec30000 r--s 00040000 08:01 2507226                    /usr/lib/hadoop/lib/commons-lang-2.5.jar
7f031ec30000-7f031ec34000 r--s 00021000 08:01 2507189                    /usr/lib/hadoop/lib/jersey-json-1.8.jar
7f031ec34000-7f031ec36000 r--s 000f2000 08:01 2507216                    /usr/lib/hadoop/lib/snappy-java-1.0.4.1.jar
7f031ec36000-7f031ec39000 r--s 00016000 08:01 2507187                    /usr/lib/hadoop/lib/jsp-api-2.1.jar
7f031ec39000-7f031ec3e000 r--s 0004a000 08:01 2507190                    /usr/lib/hadoop/lib/jets3t-0.6.1.jar
7f031ec3e000-7f031ec47000 r--s 0006f000 08:01 2507198                    /usr/lib/hadoop/lib/log4j-1.2.17.jar
7f031ec47000-7f031ec61000 r--s 0013b000 08:01 2507223                    /usr/lib/hadoop/lib/cloudera-jets3t-2.0.0-cdh4.7.0.jar
7f031ec61000-7f031ec6f000 r--s 0007f000 08:01 2507230                    /usr/lib/hadoop/lib/commons-collections-3.2.1.jar
7f031ec6f000-7f031ec83000 r--s 00193000 08:01 2507248                    /usr/lib/hadoop-hdfs/hadoop-hdfs-2.0.0-cdh4.7.0-tests.jar
7f031ec83000-7f031ecbe000 r--s 00421000 08:01 2507249                    /usr/lib/hadoop-hdfs/hadoop-hdfs-2.0.0-cdh4.7.0.jar
7f031ecbe000-7f031ecc0000 r--s 00003000 08:01 2507295                    /usr/lib/hadoop-hdfs/lib/commons-daemon-1.0.3.jar
7f031ecc0000-7f031ecc4000 r--s 00034000 08:01 2507293                    /usr/lib/hadoop-hdfs/lib/jackson-core-asl-1.8.8.jar
7f031ecc4000-7f031ecce000 r--s 00066000 08:01 2507302                    /usr/lib/hadoop-hdfs/lib/jersey-core-1.8.jar
7f031ecce000-7f031ecd0000 r--s 00014000 08:01 2507287                    /usr/lib/hadoop-hdfs/lib/jline-0.9.94.jar
7f031ecd0000-7f031ecf1000 r--s 00172000 08:01 2507297                    /usr/lib/hadoop-hdfs/lib/guava-11.0.2.jar
7f031ecf1000-7f031ecfe000 r--s 00097000 08:01 2507282                    /usr/lib/hadoop-hdfs/lib/jackson-mapper-asl-1.8.8.jar
7f031ecfe000-7f031ed10000 r--s 00131000 08:01 2507296                    /usr/lib/hadoop-hdfs/lib/zookeeper-3.4.5-cdh4.7.0.jar
7f031ed10000-7f031ed11000 ---p 00000000 00:00 0 
7f031ed11000-7f031ee11000 rwxp 00000000 00:00 0                          [stack:14454]
7f031ee11000-7f031ee14000 ---p 00000000 00:00 0 
7f031ee14000-7f031ef12000 rwxp 00000000 00:00 0                          [stack:14453]
7f031ef12000-7f031ef15000 ---p 00000000 00:00 0 
7f031ef15000-7f031f013000 rwxp 00000000 00:00 0                          [stack:14452]
7f031f013000-7f031f016000 ---p 00000000 00:00 0 
7f031f016000-7f031f114000 rwxp 00000000 00:00 0                          [stack:14451]
7f031f114000-7f031f117000 ---p 00000000 00:00 0 
7f031f117000-7f031f215000 rwxp 00000000 00:00 0                          [stack:14450]
7f031f215000-7f031f8f9000 r--p 00000000 08:01 2497244                    /usr/lib/locale/locale-archive
7f031f8f9000-7f031f8fc000 ---p 00000000 00:00 0 
7f031f8fc000-7f031f9fa000 rwxp 00000000 00:00 0                          [stack:14449]
7f031f9fa000-7f031f9fd000 ---p 00000000 00:00 0 
7f031f9fd000-7f031fafb000 rwxp 00000000 00:00 0                          [stack:14448]
7f031fafb000-7f031fafc000 ---p 00000000 00:00 0 
7f031fafc000-7f031fbfc000 rwxp 00000000 00:00 0                          [stack:14447]
7f031fbfc000-7f0320000000 rw-p 00000000 00:00 0 
7f0320000000-7f0320021000 rw-p 00000000 00:00 0 
7f0320021000-7f0324000000 ---p 00000000 00:00 0 
7f0324000000-7f0324021000 rw-p 00000000 00:00 0 
7f0324021000-7f0328000000 ---p 00000000 00:00 0 
7f0328000000-7f0328021000 rw-p 00000000 00:00 0 
7f0328021000-7f032c000000 ---p 00000000 00:00 0 
7f032c000000-7f032c021000 rw-p 00000000 00:00 0 
7f032c021000-7f0330000000 ---p 00000000 00:00 0 
7f0330000000-7f0330021000 rw-p 00000000 00:00 0 
7f0330021000-7f0334000000 ---p 00000000 00:00 0 
7f0334000000-7f0334021000 rw-p 00000000 00:00 0 
7f0334021000-7f0338000000 ---p 00000000 00:00 0 
7f0338000000-7f0338021000 rw-p 00000000 00:00 0 
7f0338021000-7f033c000000 ---p 00000000 00:00 0 
7f033c000000-7f033c021000 rw-p 00000000 00:00 0 
7f033c021000-7f0340000000 ---p 00000000 00:00 0 
7f0340000000-7f0340021000 rw-p 00000000 00:00 0 
7f0340021000-7f0344000000 ---p 00000000 00:00 0 
7f0344000000-7f0344001000 r--s 0000a000 08:01 2507210                    /usr/lib/hadoop/lib/asm-3.2.jar
7f0344001000-7f0344004000 r--s 00025000 08:01 2507299                    /usr/lib/hadoop-hdfs/lib/commons-io-2.1.jar
7f0344004000-7f0344007000 r--s 00019000 08:01 2507294                    /usr/lib/hadoop-hdfs/lib/commons-el-1.0.jar
7f0344007000-7f0344009000 r--s 0000d000 08:01 2507298                    /usr/lib/hadoop-hdfs/lib/commons-logging-1.1.1.jar
7f0344009000-7f034400f000 r--s 00068000 08:01 2507303                    /usr/lib/hadoop-hdfs/lib/protobuf-java-2.4.0a.jar
7f034400f000-7f0344011000 r--s 00009000 08:01 2507290                    /usr/lib/hadoop-hdfs/lib/commons-cli-1.2.jar
7f0344011000-7f0344013000 r--s 00011000 08:01 2507289                    /usr/lib/hadoop-hdfs/lib/jasper-runtime-5.5.23.jar
7f0344013000-7f0344015000 r--s 0000d000 08:01 2507291                    /usr/lib/hadoop-hdfs/lib/commons-codec-1.4.jar
7f0344015000-7f034401b000 r--s 0007e000 08:01 2507281                    /usr/lib/hadoop-hdfs/lib/jetty-6.1.26.cloudera.2.jar
7f034401b000-7f034402c000 r--s 00099000 08:01 2507283                    /usr/lib/hadoop-hdfs/lib/jersey-server-1.8.jar
7f034402c000-7f034402e000 r--s 00018000 08:01 2507301                    /usr/lib/hadoop-hdfs/lib/servlet-api-2.5.jar
7f034402e000-7f0344769000 rw-p 00000000 00:00 0 
7f0344769000-7f0344902000 r--s 03087000 08:01 1187055                    /opt/jdk1.6.0_45/jre/lib/rt.jar
7f0344902000-7f034492a000 rw-p 00000000 00:00 0 
7f034492a000-7f034492b000 ---p 00000000 00:00 0 
7f034492b000-7f0344a2b000 rwxp 00000000 00:00 0                          [stack:14446]
7f0344a2b000-7f0344a2c000 ---p 00000000 00:00 0 
7f0344a2c000-7f0344b2c000 rwxp 00000000 00:00 0                          [stack:14445]
7f0344b2c000-7f0344b2d000 ---p 00000000 00:00 0 
7f0344b2d000-7f0344c2d000 rwxp 00000000 00:00 0                          [stack:14444]
7f0344c2d000-7f0344c2e000 ---p 00000000 00:00 0 
7f0344c2e000-7f0344d2e000 rwxp 00000000 00:00 0                          [stack:14443]
7f0344d2e000-7f0344d2f000 ---p 00000000 00:00 0 
7f0344d2f000-7f0344e2f000 rwxp 00000000 00:00 0                          [stack:14442]
7f0344e2f000-7f0344e30000 ---p 00000000 00:00 0 
7f0344e30000-7f0344f30000 rwxp 00000000 00:00 0                          [stack:14441]
7f0344f30000-7f0344f31000 ---p 00000000 00:00 0 
7f0344f31000-7f0345031000 rwxp 00000000 00:00 0                          [stack:14440]
7f0345031000-7f0345032000 ---p 00000000 00:00 0 
7f0345032000-7f0345132000 rwxp 00000000 00:00 0                          [stack:14439]
7f0345132000-7f0345133000 ---p 00000000 00:00 0 
7f0345133000-7f0345233000 rwxp 00000000 00:00 0                          [stack:14438]
7f0345233000-7f0345234000 ---p 00000000 00:00 0 
7f0345234000-7f0345334000 rwxp 00000000 00:00 0                          [stack:14437]
7f0345334000-7f034533f000 rw-p 00000000 00:00 0 
7f034533f000-7f034535d000 rw-p 00000000 00:00 0 
7f034535d000-7f03454ad000 rw-p 00000000 00:00 0 
7f03454ad000-7f0346853000 rw-p 00000000 00:00 0 
7f0346853000-7f034685e000 rw-p 00000000 00:00 0 
7f034685e000-7f034687c000 rw-p 00000000 00:00 0 
7f034687c000-7f03469cc000 rw-p 00000000 00:00 0 
7f03469cc000-7f0347d72000 rw-p 00000000 00:00 0 
7f0347d72000-7f0347e1a000 rw-p 00000000 00:00 0 
7f0347e1a000-7f03487ed000 rw-p 00000000 00:00 0 
7f03487ed000-7f03487ee000 rw-p 00000000 00:00 0 
7f03487ee000-7f0348a5e000 rwxp 00000000 00:00 0 
7f0348a5e000-7f034b7ee000 rw-p 00000000 00:00 0 
7f034b7ee000-7f034b7fc000 r-xp 00000000 08:01 1186976                    /opt/jdk1.6.0_45/jre/lib/amd64/libzip.so
7f034b7fc000-7f034b8fe000 ---p 0000e000 08:01 1186976                    /opt/jdk1.6.0_45/jre/lib/amd64/libzip.so
7f034b8fe000-7f034b901000 rw-p 00010000 08:01 1186976                    /opt/jdk1.6.0_45/jre/lib/amd64/libzip.so
7f034b901000-7f034b902000 rw-p 00000000 00:00 0 
7f034b902000-7f034b90e000 r-xp 00000000 08:01 531515                     /lib/x86_64-linux-gnu/libnss_files-2.15.so
7f034b90e000-7f034bb0d000 ---p 0000c000 08:01 531515                     /lib/x86_64-linux-gnu/libnss_files-2.15.so
7f034bb0d000-7f034bb0e000 r--p 0000b000 08:01 531515                     /lib/x86_64-linux-gnu/libnss_files-2.15.so
7f034bb0e000-7f034bb0f000 rw-p 0000c000 08:01 531515                     /lib/x86_64-linux-gnu/libnss_files-2.15.so
7f034bb0f000-7f034bb19000 r-xp 00000000 08:01 531511                     /lib/x86_64-linux-gnu/libnss_nis-2.15.so
7f034bb19000-7f034bd19000 ---p 0000a000 08:01 531511                     /lib/x86_64-linux-gnu/libnss_nis-2.15.so
7f034bd19000-7f034bd1a000 r--p 0000a000 08:01 531511                     /lib/x86_64-linux-gnu/libnss_nis-2.15.so
7f034bd1a000-7f034bd1b000 rw-p 0000b000 08:01 531511                     /lib/x86_64-linux-gnu/libnss_nis-2.15.so
7f034bd1b000-7f034bd23000 r-xp 00000000 08:01 531517                     /lib/x86_64-linux-gnu/libnss_compat-2.15.so
7f034bd23000-7f034bf22000 ---p 00008000 08:01 531517                     /lib/x86_64-linux-gnu/libnss_compat-2.15.so
7f034bf22000-7f034bf23000 r--p 00007000 08:01 531517                     /lib/x86_64-linux-gnu/libnss_compat-2.15.so
7f034bf23000-7f034bf24000 rw-p 00008000 08:01 531517                     /lib/x86_64-linux-gnu/libnss_compat-2.15.so
7f034bf24000-7f034bf3b000 r-xp 00000000 08:01 531514                     /lib/x86_64-linux-gnu/libnsl-2.15.so
7f034bf3b000-7f034c13a000 ---p 00017000 08:01 531514                     /lib/x86_64-linux-gnu/libnsl-2.15.so
7f034c13a000-7f034c13b000 r--p 00016000 08:01 531514                     /lib/x86_64-linux-gnu/libnsl-2.15.so
7f034c13b000-7f034c13c000 rw-p 00017000 08:01 531514                     /lib/x86_64-linux-gnu/libnsl-2.15.so
7f034c13c000-7f034c13e000 rw-p 00000000 00:00 0 
7f034c13e000-7f034c167000 r-xp 00000000 08:01 1186989                    /opt/jdk1.6.0_45/jre/lib/amd64/libjava.so
7f034c167000-7f034c266000 ---p 00029000 08:01 1186989                    /opt/jdk1.6.0_45/jre/lib/amd64/libjava.so
7f034c266000-7f034c26d000 rw-p 00028000 08:01 1186989                    /opt/jdk1.6.0_45/jre/lib/amd64/libjava.so
7f034c26d000-7f034c274000 r-xp 00000000 08:01 531506                     /lib/x86_64-linux-gnu/librt-2.15.so
7f034c274000-7f034c473000 ---p 00007000 08:01 531506                     /lib/x86_64-linux-gnu/librt-2.15.so
7f034c473000-7f034c474000 r--p 00006000 08:01 531506                     /lib/x86_64-linux-gnu/librt-2.15.so
7f034c474000-7f034c475000 rw-p 00007000 08:01 531506                     /lib/x86_64-linux-gnu/librt-2.15.so
7f034c475000-7f034c48b000 r-xp 00000000 08:01 528394                     /lib/x86_64-linux-gnu/libz.so.1.2.3.4
7f034c48b000-7f034c68a000 ---p 00016000 08:01 528394                     /lib/x86_64-linux-gnu/libz.so.1.2.3.4
7f034c68a000-7f034c68b000 r--p 00015000 08:01 528394                     /lib/x86_64-linux-gnu/libz.so.1.2.3.4
7f034c68b000-7f034c68c000 rw-p 00016000 08:01 528394                     /lib/x86_64-linux-gnu/libz.so.1.2.3.4
7f034c68c000-7f034c68e000 r-xp 00000000 08:01 531523                     /lib/x86_64-linux-gnu/libdl-2.15.so
7f034c68e000-7f034c88e000 ---p 00002000 08:01 531523                     /lib/x86_64-linux-gnu/libdl-2.15.so
7f034c88e000-7f034c88f000 r--p 00002000 08:01 531523                     /lib/x86_64-linux-gnu/libdl-2.15.so
7f034c88f000-7f034c890000 rw-p 00003000 08:01 531523                     /lib/x86_64-linux-gnu/libdl-2.15.so
7f034c890000-7f034d1ae000 r-xp 00000000 08:01 1316642                    /opt/jdk1.6.0_45/jre/lib/amd64/server/libjvm.so
7f034d1ae000-7f034d2b0000 ---p 0091e000 08:01 1316642                    /opt/jdk1.6.0_45/jre/lib/amd64/server/libjvm.so
7f034d2b0000-7f034d466000 rw-p 00920000 08:01 1316642                    /opt/jdk1.6.0_45/jre/lib/amd64/server/libjvm.so
7f034d466000-7f034d4a0000 rw-p 00000000 00:00 0 
7f034d4a0000-7f034d59b000 r-xp 00000000 08:01 531522                     /lib/x86_64-linux-gnu/libm-2.15.so
7f034d59b000-7f034d79a000 ---p 000fb000 08:01 531522                     /lib/x86_64-linux-gnu/libm-2.15.so
7f034d79a000-7f034d79b000 r--p 000fa000 08:01 531522                     /lib/x86_64-linux-gnu/libm-2.15.so
7f034d79b000-7f034d79c000 rw-p 000fb000 08:01 531522                     /lib/x86_64-linux-gnu/libm-2.15.so
7f034d79c000-7f034d94e000 r-xp 00000000 08:01 528270                     /lib/x86_64-linux-gnu/libcrypto.so.1.0.0
7f034d94e000-7f034db4d000 ---p 001b2000 08:01 528270                     /lib/x86_64-linux-gnu/libcrypto.so.1.0.0
7f034db4d000-7f034db68000 r--p 001b1000 08:01 528270                     /lib/x86_64-linux-gnu/libcrypto.so.1.0.0
7f034db68000-7f034db73000 rw-p 001cc000 08:01 528270                     /lib/x86_64-linux-gnu/libcrypto.so.1.0.0
7f034db73000-7f034db77000 rw-p 00000000 00:00 0 
7f034db77000-7f034dbcc000 r-xp 00000000 08:01 528267                     /lib/x86_64-linux-gnu/libssl.so.1.0.0
7f034dbcc000-7f034ddcb000 ---p 00055000 08:01 528267                     /lib/x86_64-linux-gnu/libssl.so.1.0.0
7f034ddcb000-7f034ddce000 r--p 00054000 08:01 528267                     /lib/x86_64-linux-gnu/libssl.so.1.0.0
7f034ddce000-7f034ddd5000 rw-p 00057000 08:01 528267                     /lib/x86_64-linux-gnu/libssl.so.1.0.0
7f034ddd5000-7f034df89000 r-xp 00000000 08:01 531512                     /lib/x86_64-linux-gnu/libc-2.15.so
7f034df89000-7f034e189000 ---p 001b4000 08:01 531512                     /lib/x86_64-linux-gnu/libc-2.15.so
7f034e189000-7f034e18d000 r--p 001b4000 08:01 531512                     /lib/x86_64-linux-gnu/libc-2.15.so
7f034e18d000-7f034e18f000 rw-p 001b8000 08:01 531512                     /lib/x86_64-linux-gnu/libc-2.15.so
7f034e18f000-7f034e194000 rw-p 00000000 00:00 0 
7f034e194000-7f034e1ac000 r-xp 00000000 08:01 531513                     /lib/x86_64-linux-gnu/libpthread-2.15.so
7f034e1ac000-7f034e3ab000 ---p 00018000 08:01 531513                     /lib/x86_64-linux-gnu/libpthread-2.15.so
7f034e3ab000-7f034e3ac000 r--p 00017000 08:01 531513                     /lib/x86_64-linux-gnu/libpthread-2.15.so
7f034e3ac000-7f034e3ad000 rw-p 00018000 08:01 531513                     /lib/x86_64-linux-gnu/libpthread-2.15.so
7f034e3ad000-7f034e3b1000 rw-p 00000000 00:00 0 
7f034e3b1000-7f034e3c7000 r-xp 00000000 08:01 528271                     /lib/x86_64-linux-gnu/libgcc_s.so.1
7f034e3c7000-7f034e5c6000 ---p 00016000 08:01 528271                     /lib/x86_64-linux-gnu/libgcc_s.so.1
7f034e5c6000-7f034e5c7000 r--p 00015000 08:01 528271                     /lib/x86_64-linux-gnu/libgcc_s.so.1
7f034e5c7000-7f034e5c8000 rw-p 00016000 08:01 528271                     /lib/x86_64-linux-gnu/libgcc_s.so.1
7f034e5c8000-7f034e735000 r-xp 00000000 08:01 2521278                    /usr/lib/x86_64-linux-gnu/libstdc++.so.6.0.21
7f034e735000-7f034e935000 ---p 0016d000 08:01 2521278                    /usr/lib/x86_64-linux-gnu/libstdc++.so.6.0.21
7f034e935000-7f034e93f000 r--p 0016d000 08:01 2521278                    /usr/lib/x86_64-linux-gnu/libstdc++.so.6.0.21
7f034e93f000-7f034e941000 rw-p 00177000 08:01 2521278                    /usr/lib/x86_64-linux-gnu/libstdc++.so.6.0.21
7f034e941000-7f034e945000 rw-p 00000000 00:00 0 
7f034e945000-7f034e959000 r-xp 00000000 08:01 2525251                    /usr/lib/x86_64-linux-gnu/libboost_filesystem.so.1.55.0
7f034e959000-7f034eb59000 ---p 00014000 08:01 2525251                    /usr/lib/x86_64-linux-gnu/libboost_filesystem.so.1.55.0
7f034eb59000-7f034eb5a000 r--p 00014000 08:01 2525251                    /usr/lib/x86_64-linux-gnu/libboost_filesystem.so.1.55.0
7f034eb5a000-7f034eb5b000 rw-p 00015000 08:01 2525251                    /usr/lib/x86_64-linux-gnu/libboost_filesystem.so.1.55.0
7f034eb5b000-7f034eb5e000 r-xp 00000000 08:01 2525247                    /usr/lib/x86_64-linux-gnu/libboost_system.so.1.55.0
7f034eb5e000-7f034ed5d000 ---p 00003000 08:01 2525247                    /usr/lib/x86_64-linux-gnu/libboost_system.so.1.55.0
7f034ed5d000-7f034ed5e000 r--p 00002000 08:01 2525247                    /usr/lib/x86_64-linux-gnu/libboost_system.so.1.55.0
7f034ed5e000-7f034ed5f000 rw-p 00003000 08:01 2525247                    /usr/lib/x86_64-linux-gnu/libboost_system.so.1.55.0
7f034ed5f000-7f034ed6b000 r-xp 00000000 08:01 2507820                    /usr/lib/libhdfs.so.0.0.0
7f034ed6b000-7f034ef6a000 ---p 0000c000 08:01 2507820                    /usr/lib/libhdfs.so.0.0.0
7f034ef6a000-7f034ef6b000 r--p 0000b000 08:01 2507820                    /usr/lib/libhdfs.so.0.0.0
7f034ef6b000-7f034ef6c000 rw-p 0000c000 08:01 2507820                    /usr/lib/libhdfs.so.0.0.0
7f034ef6c000-7f034ef89000 r-xp 00000000 08:01 2772799                    /usr/local/lib/libglog.so.0.0.0
7f034ef89000-7f034f188000 ---p 0001d000 08:01 2772799                    /usr/local/lib/libglog.so.0.0.0
7f034f188000-7f034f189000 r--p 0001c000 08:01 2772799                    /usr/local/lib/libglog.so.0.0.0
7f034f189000-7f034f18a000 rw-p 0001d000 08:01 2772799                    /usr/local/lib/libglog.so.0.0.0
7f034f18a000-7f034f19a000 rw-p 00000000 00:00 0 
7f034f19a000-7f034f239000 r-xp 00000000 08:01 2772706                    /usr/local/lib/libthrift-0.9.2.so
7f034f239000-7f034f439000 ---p 0009f000 08:01 2772706                    /usr/local/lib/libthrift-0.9.2.so
7f034f439000-7f034f43f000 r--p 0009f000 08:01 2772706                    /usr/local/lib/libthrift-0.9.2.so
7f034f43f000-7f034f441000 rw-p 000a5000 08:01 2772706                    /usr/local/lib/libthrift-0.9.2.so
7f034f441000-7f034f463000 r-xp 00000000 08:01 531521                     /lib/x86_64-linux-gnu/ld-2.15.so
7f034f463000-7f034f464000 r--s 00002000 08:01 2507054                    /usr/lib/zookeeper/lib/slf4j-log4j12-1.6.1.jar
7f034f464000-7f034f468000 r--s 00028000 08:01 2507280                    /usr/lib/hadoop-hdfs/lib/jetty-util-6.1.26.cloudera.2.jar
7f034f468000-7f034f46b000 r--s 00006000 08:01 2507286                    /usr/lib/hadoop-hdfs/lib/jsr305-1.3.9.jar
7f034f46b000-7f034f470000 r--s 00040000 08:01 2507300                    /usr/lib/hadoop-hdfs/lib/commons-lang-2.5.jar
7f034f470000-7f034f47a000 rw-p 00000000 00:00 0 
7f034f47a000-7f034f530000 rw-p 00000000 00:00 0 
7f034f530000-7f034f53d000 r-xp 00000000 08:01 1186971                    /opt/jdk1.6.0_45/jre/lib/amd64/libverify.so
7f034f53d000-7f034f63c000 ---p 0000d000 08:01 1186971                    /opt/jdk1.6.0_45/jre/lib/amd64/libverify.so
7f034f63c000-7f034f63f000 rw-p 0000c000 08:01 1186971                    /opt/jdk1.6.0_45/jre/lib/amd64/libverify.so
7f034f63f000-7f034f648000 rw-p 00000000 00:00 0 
7f034f648000-7f034f649000 r--s 00003000 08:01 2507284                    /usr/lib/hadoop-hdfs/lib/xmlenc-0.52.jar
7f034f649000-7f034f64a000 r--s 0000a000 08:01 2507292                    /usr/lib/hadoop-hdfs/lib/asm-3.2.jar
7f034f64a000-7f034f64d000 r--s 00016000 08:01 2507285                    /usr/lib/hadoop-hdfs/lib/jsp-api-2.1.jar
7f034f64d000-7f034f656000 r--s 0006f000 08:01 2507288                    /usr/lib/hadoop-hdfs/lib/log4j-1.2.17.jar
7f034f656000-7f034f65e000 rw-s 00000000 08:01 2230619                    /tmp/hsperfdata_mapred/14436
7f034f65e000-7f034f65f000 rw-p 00000000 00:00 0 
7f034f65f000-7f034f660000 r--p 00000000 00:00 0 
7f034f660000-7f034f663000 rw-p 00000000 00:00 0 
7f034f663000-7f034f664000 r--p 00022000 08:01 531521                     /lib/x86_64-linux-gnu/ld-2.15.so
7f034f664000-7f034f666000 rw-p 00023000 08:01 531521                     /lib/x86_64-linux-gnu/ld-2.15.so
7fff813c5000-7fff813c8000 ---p 00000000 00:00 0 
7fff813c9000-7fff814c5000 rwxp 00000000 00:00 0                          [stack]
7fff814c5000-7fff814ca000 rw-p 00000000 00:00 0 
7fff815fe000-7fff81600000 r-xp 00000000 00:00 0                          [vdso]
ffffffffff600000-ffffffffff601000 r-xp 00000000 00:00 0                  [vsyscall]

VM Arguments:
java_command: <unknown>
Launcher Type: generic

Environment Variables:
JAVA_HOME=/opt/jdk1.6.0_45
JRE_HOME=/opt/jdk1.6.0_45/jre
PATH=/opt/gocode/bin:/opt/jdk1.6.0_45/bin:/opt/jdk1.6.0_45/jre/bin:/usr/local/go/bin:/usr/local/sbin:/usr/local/bin:/usr/sbin:/usr/bin:/sbin:/bin:/usr/games
LD_LIBRARY_PATH=/opt/jdk1.6.0_45/jre/lib/amd64/server:/c++/Linux-amd64-64/lib:/usr/local/lib:/usr/lib
SHELL=/bin/bash

Signal Handlers:
SIGSEGV: [libjvm.so+0x862a30], sa_mask[0]=0x7ffbfeff, sa_flags=0x10000004
SIGBUS: [libjvm.so+0x862a30], sa_mask[0]=0x7ffbfeff, sa_flags=0x10000004
SIGFPE: [libjvm.so+0x7106f0], sa_mask[0]=0x7ffbfeff, sa_flags=0x10000004
SIGPIPE: [libjvm.so+0x7106f0], sa_mask[0]=0x7ffbfeff, sa_flags=0x10000004
SIGXFSZ: [libjvm.so+0x7106f0], sa_mask[0]=0x7ffbfeff, sa_flags=0x10000004
SIGILL: [libjvm.so+0x7106f0], sa_mask[0]=0x7ffbfeff, sa_flags=0x10000004
SIGUSR1: SIG_DFL, sa_mask[0]=0x00000000, sa_flags=0x00000000
SIGUSR2: [libjvm.so+0x713520], sa_mask[0]=0x00000000, sa_flags=0x10000004
SIGHUP: [libjvm.so+0x713120], sa_mask[0]=0x7ffbfeff, sa_flags=0x10000004
SIGINT: [libjvm.so+0x713120], sa_mask[0]=0x7ffbfeff, sa_flags=0x10000004
SIGTERM: [libjvm.so+0x713120], sa_mask[0]=0x7ffbfeff, sa_flags=0x10000004
SIGQUIT: [libjvm.so+0x713120], sa_mask[0]=0x7ffbfeff, sa_flags=0x10000004


---------------  S Y S T E M  ---------------

OS:wheezy/sid

uname:Linux 3.11.0-15-generic #25~precise1-Ubuntu SMP Thu Jan 30 17:39:31 UTC 2014 x86_64
libc:glibc 2.15 NPTL 2.15 
rlimit: STACK 8192k, CORE 0k, NPROC 65536, NOFILE 32768, AS infinity
load average:1.18 1.19 1.23

/proc/meminfo:
MemTotal:       65929444 kB
MemFree:         2833868 kB
Buffers:          512116 kB
Cached:         56315756 kB
SwapCached:            0 kB
Active:         19834528 kB
Inactive:       40715984 kB
Active(anon):    3248620 kB
Inactive(anon):   480520 kB
Active(file):   16585908 kB
Inactive(file): 40235464 kB
Unevictable:           0 kB
Mlocked:               0 kB
SwapTotal:      67059708 kB
SwapFree:       67059708 kB
Dirty:              1872 kB
Writeback:             0 kB
AnonPages:       3723268 kB
Mapped:           185760 kB
Shmem:              6488 kB
Slab:            2040896 kB
SReclaimable:    1976556 kB
SUnreclaim:        64340 kB
KernelStack:        6680 kB
PageTables:        48316 kB
NFS_Unstable:          0 kB
Bounce:                0 kB
WritebackTmp:          0 kB
CommitLimit:    100024428 kB
Committed_AS:    9548520 kB
VmallocTotal:   34359738367 kB
VmallocUsed:      397028 kB
VmallocChunk:   34359338300 kB
HardwareCorrupted:     0 kB
AnonHugePages:         0 kB
HugePages_Total:       0
HugePages_Free:        0
HugePages_Rsvd:        0
HugePages_Surp:        0
Hugepagesize:       2048 kB
DirectMap4k:       99264 kB
DirectMap2M:     6146048 kB
DirectMap1G:    60817408 kB


CPU:total 12 (6 cores per cpu, 2 threads per core) family 6 model 45 stepping 7, cmov, cx8, fxsr, mmx, sse, sse2, sse3, ssse3, sse4.1, sse4.2, popcnt, ht

/proc/cpuinfo:
processor	: 0
vendor_id	: GenuineIntel
cpu family	: 6
model		: 45
model name	: Intel(R) Xeon(R) CPU E5-2620 0 @ 2.00GHz
stepping	: 7
microcode	: 0x70b
cpu MHz		: 2000.050
cache size	: 15360 KB
physical id	: 0
siblings	: 12
core id		: 0
cpu cores	: 6
apicid		: 0
initial apicid	: 0
fpu		: yes
fpu_exception	: yes
cpuid level	: 13
wp		: yes
flags		: fpu vme de pse tsc msr pae mce cx8 apic sep mtrr pge mca cmov pat pse36 clflush dts acpi mmx fxsr sse sse2 ss ht tm pbe syscall nx pdpe1gb rdtscp lm constant_tsc arch_perfmon pebs bts rep_good nopl xtopology nonstop_tsc aperfmperf eagerfpu pni pclmulqdq dtes64 monitor ds_cpl vmx smx est tm2 ssse3 cx16 xtpr pdcm pcid dca sse4_1 sse4_2 x2apic popcnt tsc_deadline_timer aes xsave avx lahf_lm ida arat xsaveopt pln pts dtherm tpr_shadow vnmi flexpriority ept vpid
bogomips	: 4000.10
clflush size	: 64
cache_alignment	: 64
address sizes	: 46 bits physical, 48 bits virtual
power management:

processor	: 1
vendor_id	: GenuineIntel
cpu family	: 6
model		: 45
model name	: Intel(R) Xeon(R) CPU E5-2620 0 @ 2.00GHz
stepping	: 7
microcode	: 0x70b
cpu MHz		: 2000.050
cache size	: 15360 KB
physical id	: 0
siblings	: 12
core id		: 1
cpu cores	: 6
apicid		: 2
initial apicid	: 2
fpu		: yes
fpu_exception	: yes
cpuid level	: 13
wp		: yes
flags		: fpu vme de pse tsc msr pae mce cx8 apic sep mtrr pge mca cmov pat pse36 clflush dts acpi mmx fxsr sse sse2 ss ht tm pbe syscall nx pdpe1gb rdtscp lm constant_tsc arch_perfmon pebs bts rep_good nopl xtopology nonstop_tsc aperfmperf eagerfpu pni pclmulqdq dtes64 monitor ds_cpl vmx smx est tm2 ssse3 cx16 xtpr pdcm pcid dca sse4_1 sse4_2 x2apic popcnt tsc_deadline_timer aes xsave avx lahf_lm ida arat xsaveopt pln pts dtherm tpr_shadow vnmi flexpriority ept vpid
bogomips	: 4000.10
clflush size	: 64
cache_alignment	: 64
address sizes	: 46 bits physical, 48 bits virtual
power management:

processor	: 2
vendor_id	: GenuineIntel
cpu family	: 6
model		: 45
model name	: Intel(R) Xeon(R) CPU E5-2620 0 @ 2.00GHz
stepping	: 7
microcode	: 0x70b
cpu MHz		: 2000.050
cache size	: 15360 KB
physical id	: 0
siblings	: 12
core id		: 2
cpu cores	: 6
apicid		: 4
initial apicid	: 4
fpu		: yes
fpu_exception	: yes
cpuid level	: 13
wp		: yes
flags		: fpu vme de pse tsc msr pae mce cx8 apic sep mtrr pge mca cmov pat pse36 clflush dts acpi mmx fxsr sse sse2 ss ht tm pbe syscall nx pdpe1gb rdtscp lm constant_tsc arch_perfmon pebs bts rep_good nopl xtopology nonstop_tsc aperfmperf eagerfpu pni pclmulqdq dtes64 monitor ds_cpl vmx smx est tm2 ssse3 cx16 xtpr pdcm pcid dca sse4_1 sse4_2 x2apic popcnt tsc_deadline_timer aes xsave avx lahf_lm ida arat xsaveopt pln pts dtherm tpr_shadow vnmi flexpriority ept vpid
bogomips	: 4000.10
clflush size	: 64
cache_alignment	: 64
address sizes	: 46 bits physical, 48 bits virtual
power management:

processor	: 3
vendor_id	: GenuineIntel
cpu family	: 6
model		: 45
model name	: Intel(R) Xeon(R) CPU E5-2620 0 @ 2.00GHz
stepping	: 7
microcode	: 0x70b
cpu MHz		: 2000.050
cache size	: 15360 KB
physical id	: 0
siblings	: 12
core id		: 3
cpu cores	: 6
apicid		: 6
initial apicid	: 6
fpu		: yes
fpu_exception	: yes
cpuid level	: 13
wp		: yes
flags		: fpu vme de pse tsc msr pae mce cx8 apic sep mtrr pge mca cmov pat pse36 clflush dts acpi mmx fxsr sse sse2 ss ht tm pbe syscall nx pdpe1gb rdtscp lm constant_tsc arch_perfmon pebs bts rep_good nopl xtopology nonstop_tsc aperfmperf eagerfpu pni pclmulqdq dtes64 monitor ds_cpl vmx smx est tm2 ssse3 cx16 xtpr pdcm pcid dca sse4_1 sse4_2 x2apic popcnt tsc_deadline_timer aes xsave avx lahf_lm ida arat xsaveopt pln pts dtherm tpr_shadow vnmi flexpriority ept vpid
bogomips	: 4000.10
clflush size	: 64
cache_alignment	: 64
address sizes	: 46 bits physical, 48 bits virtual
power management:

processor	: 4
vendor_id	: GenuineIntel
cpu family	: 6
model		: 45
model name	: Intel(R) Xeon(R) CPU E5-2620 0 @ 2.00GHz
stepping	: 7
microcode	: 0x70b
cpu MHz		: 2000.050
cache size	: 15360 KB
physical id	: 0
siblings	: 12
core id		: 4
cpu cores	: 6
apicid		: 8
initial apicid	: 8
fpu		: yes
fpu_exception	: yes
cpuid level	: 13
wp		: yes
flags		: fpu vme de pse tsc msr pae mce cx8 apic sep mtrr pge mca cmov pat pse36 clflush dts acpi mmx fxsr sse sse2 ss ht tm pbe syscall nx pdpe1gb rdtscp lm constant_tsc arch_perfmon pebs bts rep_good nopl xtopology nonstop_tsc aperfmperf eagerfpu pni pclmulqdq dtes64 monitor ds_cpl vmx smx est tm2 ssse3 cx16 xtpr pdcm pcid dca sse4_1 sse4_2 x2apic popcnt tsc_deadline_timer aes xsave avx lahf_lm ida arat xsaveopt pln pts dtherm tpr_shadow vnmi flexpriority ept vpid
bogomips	: 4000.10
clflush size	: 64
cache_alignment	: 64
address sizes	: 46 bits physical, 48 bits virtual
power management:

processor	: 5
vendor_id	: GenuineIntel
cpu family	: 6
model		: 45
model name	: Intel(R) Xeon(R) CPU E5-2620 0 @ 2.00GHz
stepping	: 7
microcode	: 0x70b
cpu MHz		: 2000.050
cache size	: 15360 KB
physical id	: 0
siblings	: 12
core id		: 5
cpu cores	: 6
apicid		: 10
initial apicid	: 10
fpu		: yes
fpu_exception	: yes
cpuid level	: 13
wp		: yes
flags		: fpu vme de pse tsc msr pae mce cx8 apic sep mtrr pge mca cmov pat pse36 clflush dts acpi mmx fxsr sse sse2 ss ht tm pbe syscall nx pdpe1gb rdtscp lm constant_tsc arch_perfmon pebs bts rep_good nopl xtopology nonstop_tsc aperfmperf eagerfpu pni pclmulqdq dtes64 monitor ds_cpl vmx smx est tm2 ssse3 cx16 xtpr pdcm pcid dca sse4_1 sse4_2 x2apic popcnt tsc_deadline_timer aes xsave avx lahf_lm ida arat xsaveopt pln pts dtherm tpr_shadow vnmi flexpriority ept vpid
bogomips	: 4000.10
clflush size	: 64
cache_alignment	: 64
address sizes	: 46 bits physical, 48 bits virtual
power management:

processor	: 6
vendor_id	: GenuineIntel
cpu family	: 6
model		: 45
model name	: Intel(R) Xeon(R) CPU E5-2620 0 @ 2.00GHz
stepping	: 7
microcode	: 0x70b
cpu MHz		: 2000.050
cache size	: 15360 KB
physical id	: 0
siblings	: 12
core id		: 0
cpu cores	: 6
apicid		: 1
initial apicid	: 1
fpu		: yes
fpu_exception	: yes
cpuid level	: 13
wp		: yes
flags		: fpu vme de pse tsc msr pae mce cx8 apic sep mtrr pge mca cmov pat pse36 clflush dts acpi mmx fxsr sse sse2 ss ht tm pbe syscall nx pdpe1gb rdtscp lm constant_tsc arch_perfmon pebs bts rep_good nopl xtopology nonstop_tsc aperfmperf eagerfpu pni pclmulqdq dtes64 monitor ds_cpl vmx smx est tm2 ssse3 cx16 xtpr pdcm pcid dca sse4_1 sse4_2 x2apic popcnt tsc_deadline_timer aes xsave avx lahf_lm ida arat xsaveopt pln pts dtherm tpr_shadow vnmi flexpriority ept vpid
bogomips	: 4000.10
clflush size	: 64
cache_alignment	: 64
address sizes	: 46 bits physical, 48 bits virtual
power management:

processor	: 7
vendor_id	: GenuineIntel
cpu family	: 6
model		: 45
model name	: Intel(R) Xeon(R) CPU E5-2620 0 @ 2.00GHz
stepping	: 7
microcode	: 0x70b
cpu MHz		: 2000.050
cache size	: 15360 KB
physical id	: 0
siblings	: 12
core id		: 1
cpu cores	: 6
apicid		: 3
initial apicid	: 3
fpu		: yes
fpu_exception	: yes
cpuid level	: 13
wp		: yes
flags		: fpu vme de pse tsc msr pae mce cx8 apic sep mtrr pge mca cmov pat pse36 clflush dts acpi mmx fxsr sse sse2 ss ht tm pbe syscall nx pdpe1gb rdtscp lm constant_tsc arch_perfmon pebs bts rep_good nopl xtopology nonstop_tsc aperfmperf eagerfpu pni pclmulqdq dtes64 monitor ds_cpl vmx smx est tm2 ssse3 cx16 xtpr pdcm pcid dca sse4_1 sse4_2 x2apic popcnt tsc_deadline_timer aes xsave avx lahf_lm ida arat xsaveopt pln pts dtherm tpr_shadow vnmi flexpriority ept vpid
bogomips	: 4000.10
clflush size	: 64
cache_alignment	: 64
address sizes	: 46 bits physical, 48 bits virtual
power management:

processor	: 8
vendor_id	: GenuineIntel
cpu family	: 6
model		: 45
model name	: Intel(R) Xeon(R) CPU E5-2620 0 @ 2.00GHz
stepping	: 7
microcode	: 0x70b
cpu MHz		: 2000.050
cache size	: 15360 KB
physical id	: 0
siblings	: 12
core id		: 2
cpu cores	: 6
apicid		: 5
initial apicid	: 5
fpu		: yes
fpu_exception	: yes
cpuid level	: 13
wp		: yes
flags		: fpu vme de pse tsc msr pae mce cx8 apic sep mtrr pge mca cmov pat pse36 clflush dts acpi mmx fxsr sse sse2 ss ht tm pbe syscall nx pdpe1gb rdtscp lm constant_tsc arch_perfmon pebs bts rep_good nopl xtopology nonstop_tsc aperfmperf eagerfpu pni pclmulqdq dtes64 monitor ds_cpl vmx smx est tm2 ssse3 cx16 xtpr pdcm pcid dca sse4_1 sse4_2 x2apic popcnt tsc_deadline_timer aes xsave avx lahf_lm ida arat xsaveopt pln pts dtherm tpr_shadow vnmi flexpriority ept vpid
bogomips	: 4000.10
clflush size	: 64
cache_alignment	: 64
address sizes	: 46 bits physical, 48 bits virtual
power management:

processor	: 9
vendor_id	: GenuineIntel
cpu family	: 6
model		: 45
model name	: Intel(R) Xeon(R) CPU E5-2620 0 @ 2.00GHz
stepping	: 7
microcode	: 0x70b
cpu MHz		: 2000.050
cache size	: 15360 KB
physical id	: 0
siblings	: 12
core id		: 3
cpu cores	: 6
apicid		: 7
initial apicid	: 7
fpu		: yes
fpu_exception	: yes
cpuid level	: 13
wp		: yes
flags		: fpu vme de pse tsc msr pae mce cx8 apic sep mtrr pge mca cmov pat pse36 clflush dts acpi mmx fxsr sse sse2 ss ht tm pbe syscall nx pdpe1gb rdtscp lm constant_tsc arch_perfmon pebs bts rep_good nopl xtopology nonstop_tsc aperfmperf eagerfpu pni pclmulqdq dtes64 monitor ds_cpl vmx smx est tm2 ssse3 cx16 xtpr pdcm pcid dca sse4_1 sse4_2 x2apic popcnt tsc_deadline_timer aes xsave avx lahf_lm ida arat xsaveopt pln pts dtherm tpr_shadow vnmi flexpriority ept vpid
bogomips	: 4000.10
clflush size	: 64
cache_alignment	: 64
address sizes	: 46 bits physical, 48 bits virtual
power management:

processor	: 10
vendor_id	: GenuineIntel
cpu family	: 6
model		: 45
model name	: Intel(R) Xeon(R) CPU E5-2620 0 @ 2.00GHz
stepping	: 7
microcode	: 0x70b
cpu MHz		: 2000.050
cache size	: 15360 KB
physical id	: 0
siblings	: 12
core id		: 4
cpu cores	: 6
apicid		: 9
initial apicid	: 9
fpu		: yes
fpu_exception	: yes
cpuid level	: 13
wp		: yes
flags		: fpu vme de pse tsc msr pae mce cx8 apic sep mtrr pge mca cmov pat pse36 clflush dts acpi mmx fxsr sse sse2 ss ht tm pbe syscall nx pdpe1gb rdtscp lm constant_tsc arch_perfmon pebs bts rep_good nopl xtopology nonstop_tsc aperfmperf eagerfpu pni pclmulqdq dtes64 monitor ds_cpl vmx smx est tm2 ssse3 cx16 xtpr pdcm pcid dca sse4_1 sse4_2 x2apic popcnt tsc_deadline_timer aes xsave avx lahf_lm ida arat xsaveopt pln pts dtherm tpr_shadow vnmi flexpriority ept vpid
bogomips	: 4000.10
clflush size	: 64
cache_alignment	: 64
address sizes	: 46 bits physical, 48 bits virtual
power management:

processor	: 11
vendor_id	: GenuineIntel
cpu family	: 6
model		: 45
model name	: Intel(R) Xeon(R) CPU E5-2620 0 @ 2.00GHz
stepping	: 7
microcode	: 0x70b
cpu MHz		: 2000.050
cache size	: 15360 KB
physical id	: 0
siblings	: 12
core id		: 5
cpu cores	: 6
apicid		: 11
initial apicid	: 11
fpu		: yes
fpu_exception	: yes
cpuid level	: 13
wp		: yes
flags		: fpu vme de pse tsc msr pae mce cx8 apic sep mtrr pge mca cmov pat pse36 clflush dts acpi mmx fxsr sse sse2 ss ht tm pbe syscall nx pdpe1gb rdtscp lm constant_tsc arch_perfmon pebs bts rep_good nopl xtopology nonstop_tsc aperfmperf eagerfpu pni pclmulqdq dtes64 monitor ds_cpl vmx smx est tm2 ssse3 cx16 xtpr pdcm pcid dca sse4_1 sse4_2 x2apic popcnt tsc_deadline_timer aes xsave avx lahf_lm ida arat xsaveopt pln pts dtherm tpr_shadow vnmi flexpriority ept vpid
bogomips	: 4000.10
clflush size	: 64
cache_alignment	: 64
address sizes	: 46 bits physical, 48 bits virtual
power management:



Memory: 4k page, physical 65929444k(2833868k free), swap 67059708k(67059708k free)

vm_info: Java HotSpot(TM) 64-Bit Server VM (20.45-b01) for linux-amd64 JRE (1.6.0_45-b06), built on Mar 26 2013 14:07:02 by "java_re" with gcc 3.2.2 (SuSE Linux)

time: Wed Sep 16 21:51:36 2015
elapsed time: 1 seconds

