#
# A fatal error has been detected by the Java Runtime Environment:
#
#  SIGSEGV (0xb) at pc=0x00007f2a9104762b, pid=12565, tid=139820807640896
#
# JRE version: 6.0_45-b06
# Java VM: Java HotSpot(TM) 64-Bit Server VM (20.45-b01 mixed mode linux-amd64 compressed oops)
# Problematic frame:
# C  [libhdfs.so.0.0.0+0x362b]  unsigned char+0x1b
#
# If you would like to submit a bug report, please visit:
#   http://java.sun.com/webapps/bugreport/crash.jsp
# The crash happened outside the Java Virtual Machine in native code.
# See problematic frame for where to report the bug.
#

---------------  T H R E A D  ---------------

Current thread (0x00000000021b9800):  JavaThread "main" [_thread_in_native, id=12565, stack(0x00007fff0254b000,0x00007fff0264b000)]

siginfo:si_signo=SIGSEGV: si_errno=0, si_code=128 (), si_addr=0x0000000000000000

Registers:
RAX=0x0000000000672920, RBX=0x00000000021a57b0, RCX=0x0000000000000400, RDX=0x00007f2a90c21768
RSP=0x00007fff0264a750, RBP=0x00000000021a57b0, RSI=0x00007f2a84aff000, RDI=0x30393a30302d5044
R8 =0x00007f2a90474a90, R9 =0x0000000000000001, R10=0x00007fff0264a500, R11=0x00007f2a91047610
R12=0x0000000000429958, R13=0x00007fff0264abc0, R14=0x0000000000000000, R15=0x0000000000000000
RIP=0x00007f2a9104762b, EFLAGS=0x0000000000010206, CSGSFS=0x0000000000000033, ERR=0x0000000000000000
  TRAPNO=0x000000000000000d

Top of Stack: (sp=0x00007fff0264a750)
0x00007fff0264a750:   0000000000000001 00000000021a57b0
0x00007fff0264a760:   0000000000000000 000000000042854d
0x00007fff0264a770:   00007fff0264a8e0 000000004d16fb9d
0x00007fff0264a780:   00007f2a0000000d 00007fff0264a900
0x00007fff0264a790:   00007f2a9194a2c8 00007f2a91730523
0x00007fff0264a7a0:   0000000000000000 00007f2a91929c08
0x00007fff0264a7b0:   00007f2a00000001 0000000000000000
0x00007fff0264a7c0:   0000000100000001 00007f2a9194a2c8
0x00007fff0264a7d0:   00000000e1092706 00007f2a9194a620
0x00007fff0264a7e0:   00007fff0264a950 000000003413181d
0x00007fff0264a7f0:   00007f2a91929c08 00007fff0264a970
0x00007fff0264a800:   0000000000000000 00007f2a9194a620
0x00007fff0264a810:   0000000100000000 00007f2a91929c08
0x00007fff0264a820:   00007f2a00000001 0000000000411241
0x00007fff0264a830:   0000000000000001 00007f2a9194a2c8
0x00007fff0264a840:   00007f2a919454f8 000000000040f5b9
0x00007fff0264a850:   00007f2a90e40648 00000000004033e8
0x00007fff0264a860:   0000000100000000 000000010000001c
0x00007fff0264a870:   00007f2a908b76e8 00007f2a9192c000
0x00007fff0264a880:   000000010264a9f0 00000000e1092706
0x00007fff0264a890:   0000000000000000 00000000004118b6
0x00007fff0264a8a0:   00000000ffffffff 00007f2a91730523
0x00007fff0264a8b0:   0000000000000000 00000000006733c0
0x00007fff0264a8c0:   0000000000672010 0000000000000000
0x00007fff0264a8d0:   0000000000000000 0000000000000000
0x00007fff0264a8e0:   0000000000000000 0000000000000060
0x00007fff0264a8f0:   0000000000000000 0000003100000004
0x00007fff0264a900:   0000006e0000005b 0000007c00000077
0x00007fff0264a910:   00000000ffffffff 00007f2a90472720
0x00007fff0264a920:   0000000000000003 0000000000000030
0x00007fff0264a930:   00000000006724c8 0000000000000002
0x00007fff0264a940:   0000000000000000 00007f2a9013c265 

Instructions: (pc=0x00007f2a9104762b)
0x00007f2a9104760b:   ff ff eb e6 90 55 48 89 fd 53 48 83 ec 08 48 8b
0x00007f2a9104761b:   7f 28 48 85 ff 75 09 eb 14 0f 1f 40 00 48 89 df
0x00007f2a9104762b:   48 8b 1f e8 cd e6 ff ff 48 85 db 75 f0 48 83 c4
0x00007f2a9104763b:   08 48 89 ef 5b 5d e9 ba e6 ff ff 66 2e 0f 1f 84 

Register to memory mapping:

RAX=0x0000000000672920: _ZSt4cout+0 in ./uniCAPMaster at 0x0000000000400000
RBX=0x00000000021a57b0 is an unknown value
RCX=0x0000000000000400 is an unknown value
RDX=0x00007f2a90c21768: _ZTVSo+0x18 in /usr/lib/x86_64-linux-gnu/libstdc++.so.6 at 0x00007f2a908ad000
RSP=0x00007fff0264a750 is pointing into the stack for thread: 0x00000000021b9800
RBP=0x00000000021a57b0 is an unknown value
RSI=0x00007f2a84aff000 is an unknown value
RDI=0x30393a30302d5044 is an unknown value
R8 =0x00007f2a90474a90: <offset 0x3baa90> in /lib/x86_64-linux-gnu/libc.so.6 at 0x00007f2a900ba000
R9 =0x0000000000000001 is an unknown value
R10=0x00007fff0264a500 is pointing into the stack for thread: 0x00000000021b9800
R11=0x00007f2a91047610: hdfsFreeBuilder+0 in /usr/lib/libhdfs.so.0.0.0 at 0x00007f2a91044000
R12=0x0000000000429958: _start+0 in ./uniCAPMaster at 0x0000000000400000
R13=0x00007fff0264abc0 is pointing into the stack for thread: 0x00000000021b9800
R14=0x0000000000000000 is an unknown value
R15=0x0000000000000000 is an unknown value


Stack: [0x00007fff0254b000,0x00007fff0264b000],  sp=0x00007fff0264a750,  free space=1021k
Native frames: (J=compiled Java code, j=interpreted, Vv=VM code, C=native code)
C  [libhdfs.so.0.0.0+0x362b]  unsigned char+0x1b


---------------  P R O C E S S  ---------------

Java Threads: ( => current thread )
  0x0000000002a9c800 JavaThread "IPC Parameter Sending Thread #0" daemon [_thread_blocked, id=12585, stack(0x00007f2a8440b000,0x00007f2a8450c000)]
  0x00000000029b4000 JavaThread "IPC Client (381312122) connection to BDP-00/192.168.0.21:9000 from mapred" daemon [_thread_blocked, id=12584, stack(0x00007f2a8450c000,0x00007f2a8460d000)]
  0x000000000224f000 JavaThread "Low Memory Detector" daemon [_thread_blocked, id=12582, stack(0x00007f2a85124000,0x00007f2a85225000)]
  0x000000000224d000 JavaThread "C2 CompilerThread1" daemon [_thread_in_native, id=12581, stack(0x00007f2a85225000,0x00007f2a85326000)]
  0x000000000224a000 JavaThread "C2 CompilerThread0" daemon [_thread_blocked, id=12580, stack(0x00007f2a85326000,0x00007f2a85427000)]
  0x0000000002248000 JavaThread "Signal Dispatcher" daemon [_thread_blocked, id=12579, stack(0x00007f2a85427000,0x00007f2a85528000)]
  0x000000000222c000 JavaThread "Finalizer" daemon [_thread_blocked, id=12578, stack(0x00007f2a85c0c000,0x00007f2a85d0d000)]
  0x000000000222a000 JavaThread "Reference Handler" daemon [_thread_blocked, id=12577, stack(0x00007f2a85d0d000,0x00007f2a85e0e000)]
=>0x00000000021b9800 JavaThread "main" [_thread_in_native, id=12565, stack(0x00007fff0254b000,0x00007fff0264b000)]

Other Threads:
  0x0000000002223000 VMThread [stack: 0x00007f2a85e0e000,0x00007f2a85f0f000] [id=12576]
  0x000000000225a000 WatcherThread [stack: 0x00007f2a85023000,0x00007f2a85124000] [id=12583]

VM state:not at safepoint (normal execution)

VM Mutex/Monitor currently owned by a thread: None

Heap
 PSYoungGen      total 300480K, used 46393K [0x00000006b0a00000, 0x00000006c5950000, 0x0000000800000000)
  eden space 257600K, 18% used [0x00000006b0a00000,0x00000006b374e5c8,0x00000006c0590000)
  from space 42880K, 0% used [0x00000006c2f70000,0x00000006c2f70000,0x00000006c5950000)
  to   space 42880K, 0% used [0x00000006c0590000,0x00000006c0590000,0x00000006c2f70000)
 PSOldGen        total 686848K, used 0K [0x0000000411e00000, 0x000000043bcc0000, 0x00000006b0a00000)
  object space 686848K, 0% used [0x0000000411e00000,0x0000000411e00000,0x000000043bcc0000)
 PSPermGen       total 21248K, used 17145K [0x000000040cc00000, 0x000000040e0c0000, 0x0000000411e00000)
  object space 21248K, 80% used [0x000000040cc00000,0x000000040dcbe690,0x000000040e0c0000)

Code Cache  [0x00007f2a8aad3000, 0x00007f2a8ad43000, 0x00007f2a8dad3000)
 total_blobs=407 nmethods=119 adapters=242 free_code_cache=49490048 largest_free_block=31488

Dynamic libraries:
00400000-00472000 r-xp 00000000 08:01 2912271                            /home/mapred/unicap/bin/uniCAPMaster
00671000-00672000 r--p 00071000 08:01 2912271                            /home/mapred/unicap/bin/uniCAPMaster
00672000-00673000 rw-p 00072000 08:01 2912271                            /home/mapred/unicap/bin/uniCAPMaster
00673000-00674000 rw-p 00000000 00:00 0 
02192000-02c4b000 rw-p 00000000 00:00 0                                  [heap]
40cc00000-40e0c0000 rw-p 00000000 00:00 0 
40e0c0000-411e00000 rw-p 00000000 00:00 0 
411e00000-43bcc0000 rw-p 00000000 00:00 0 
43bcc0000-6b0a00000 rw-p 00000000 00:00 0 
6b0a00000-6c5950000 rw-p 00000000 00:00 0 
6c5950000-800000000 rw-p 00000000 00:00 0 
7f2a30000000-7f2a30021000 rw-p 00000000 00:00 0 
7f2a30021000-7f2a34000000 ---p 00000000 00:00 0 
7f2a38000000-7f2a38021000 rw-p 00000000 00:00 0 
7f2a38021000-7f2a3c000000 ---p 00000000 00:00 0 
7f2a3c000000-7f2a3c022000 rw-p 00000000 00:00 0 
7f2a3c022000-7f2a40000000 ---p 00000000 00:00 0 
7f2a40000000-7f2a407da000 rw-p 00000000 00:00 0 
7f2a407da000-7f2a44000000 ---p 00000000 00:00 0 
7f2a44000000-7f2a44021000 rw-p 00000000 00:00 0 
7f2a44021000-7f2a48000000 ---p 00000000 00:00 0 
7f2a48000000-7f2a48021000 rw-p 00000000 00:00 0 
7f2a48021000-7f2a4c000000 ---p 00000000 00:00 0 
7f2a4c000000-7f2a4d5e2000 rw-p 00000000 00:00 0 
7f2a4d5e2000-7f2a50000000 ---p 00000000 00:00 0 
7f2a50000000-7f2a50021000 rw-p 00000000 00:00 0 
7f2a50021000-7f2a54000000 ---p 00000000 00:00 0 
7f2a54000000-7f2a54021000 rw-p 00000000 00:00 0 
7f2a54021000-7f2a58000000 ---p 00000000 00:00 0 
7f2a58000000-7f2a58021000 rw-p 00000000 00:00 0 
7f2a58021000-7f2a5c000000 ---p 00000000 00:00 0 
7f2a5c000000-7f2a5c021000 rw-p 00000000 00:00 0 
7f2a5c021000-7f2a60000000 ---p 00000000 00:00 0 
7f2a60000000-7f2a60021000 rw-p 00000000 00:00 0 
7f2a60021000-7f2a64000000 ---p 00000000 00:00 0 
7f2a64000000-7f2a64021000 rw-p 00000000 00:00 0 
7f2a64021000-7f2a68000000 ---p 00000000 00:00 0 
7f2a68000000-7f2a68021000 rw-p 00000000 00:00 0 
7f2a68021000-7f2a6c000000 ---p 00000000 00:00 0 
7f2a6c000000-7f2a6c021000 rw-p 00000000 00:00 0 
7f2a6c021000-7f2a70000000 ---p 00000000 00:00 0 
7f2a70000000-7f2a70021000 rw-p 00000000 00:00 0 
7f2a70021000-7f2a74000000 ---p 00000000 00:00 0 
7f2a74000000-7f2a74021000 rw-p 00000000 00:00 0 
7f2a74021000-7f2a78000000 ---p 00000000 00:00 0 
7f2a78000000-7f2a78021000 rw-p 00000000 00:00 0 
7f2a78021000-7f2a7c000000 ---p 00000000 00:00 0 
7f2a7c000000-7f2a7c021000 rw-p 00000000 00:00 0 
7f2a7c021000-7f2a80000000 ---p 00000000 00:00 0 
7f2a80000000-7f2a80021000 rw-p 00000000 00:00 0 
7f2a80021000-7f2a84000000 ---p 00000000 00:00 0 
7f2a8440b000-7f2a8440e000 ---p 00000000 00:00 0 
7f2a8440e000-7f2a8450c000 rwxp 00000000 00:00 0                          [stack:12585]
7f2a8450c000-7f2a8450f000 ---p 00000000 00:00 0 
7f2a8450f000-7f2a8460d000 rwxp 00000000 00:00 0                          [stack:12584]
7f2a8460d000-7f2a84614000 r-xp 00000000 08:01 1186966                    /opt/jdk1.6.0_45/jre/lib/amd64/libnio.so
7f2a84614000-7f2a84713000 ---p 00007000 08:01 1186966                    /opt/jdk1.6.0_45/jre/lib/amd64/libnio.so
7f2a84713000-7f2a84715000 rw-p 00006000 08:01 1186966                    /opt/jdk1.6.0_45/jre/lib/amd64/libnio.so
7f2a84715000-7f2a84896000 rw-p 00000000 00:00 0 
7f2a84896000-7f2a848a9000 r-xp 00000000 08:01 1186965                    /opt/jdk1.6.0_45/jre/lib/amd64/libnet.so
7f2a848a9000-7f2a849aa000 ---p 00013000 08:01 1186965                    /opt/jdk1.6.0_45/jre/lib/amd64/libnet.so
7f2a849aa000-7f2a849ad000 rw-p 00014000 08:01 1186965                    /opt/jdk1.6.0_45/jre/lib/amd64/libnet.so
7f2a849ad000-7f2a849b0000 r--s 00013000 08:01 1187046                    /opt/jdk1.6.0_45/jre/lib/jce.jar
7f2a849b0000-7f2a849b1000 r-xp 00000000 08:01 1186968                    /opt/jdk1.6.0_45/jre/lib/amd64/libjaas_unix.so
7f2a849b1000-7f2a84ab0000 ---p 00001000 08:01 1186968                    /opt/jdk1.6.0_45/jre/lib/amd64/libjaas_unix.so
7f2a84ab0000-7f2a84ab2000 rw-p 00000000 08:01 1186968                    /opt/jdk1.6.0_45/jre/lib/amd64/libjaas_unix.so
7f2a84aff000-7f2a84b00000 rw-p 00000000 00:00 0 
7f2a84b00000-7f2a84b03000 r--s 00036000 08:01 1186861                    /opt/jdk1.6.0_45/jre/lib/ext/sunpkcs11.jar
7f2a84b03000-7f2a84b09000 r-xp 00000000 08:01 1187006                    /opt/jdk1.6.0_45/jre/lib/amd64/libmanagement.so
7f2a84b09000-7f2a84c08000 ---p 00006000 08:01 1187006                    /opt/jdk1.6.0_45/jre/lib/amd64/libmanagement.so
7f2a84c08000-7f2a84c0a000 rw-p 00005000 08:01 1187006                    /opt/jdk1.6.0_45/jre/lib/amd64/libmanagement.so
7f2a84c0a000-7f2a84c11000 r--s 00096000 08:01 1187010                    /opt/jdk1.6.0_45/jre/lib/jsse.jar
7f2a84c11000-7f2a84c70000 r--s 00bac000 08:01 1317107                    /opt/jdk1.6.0_45/lib/tools.jar
7f2a84c70000-7f2a84c76000 r--s 0001e000 08:01 1317102                    /opt/jdk1.6.0_45/lib/dt.jar
7f2a84c76000-7f2a84c78000 r--s 00007000 08:01 2507108                    /usr/lib/parquet/parquet-pig-1.2.5-cdh4.7.0-sources.jar
7f2a84c78000-7f2a84c79000 r--s 00000000 08:01 2498634                    /usr/lib/parquet/parquet-scrooge-1.2.5-cdh4.7.0-sources.jar
7f2a84c79000-7f2a84c7a000 r--s 00003000 08:01 2507115                    /usr/lib/parquet/parquet-scrooge-1.2.5-cdh4.7.0.jar
7f2a84c7a000-7f2a84c7d000 r--s 00024000 08:01 2497992                    /usr/lib/parquet/parquet-pig-1.2.5-cdh4.7.0-javadoc.jar
7f2a84c7d000-7f2a84c7e000 r--s 00000000 08:01 2493611                    /usr/lib/parquet/parquet-format-1.0.0-cdh4.7.0-sources.jar
7f2a84c7e000-7f2a84c80000 r--s 00001000 08:01 2507109                    /usr/lib/parquet/parquet-cascading-1.2.5-cdh4.7.0-sources.jar
7f2a84c80000-7f2a84c92000 r--s 000e9000 08:01 2498001                    /usr/lib/parquet/parquet-pig-1.2.5-cdh4.7.0.jar
7f2a84c92000-7f2a84c93000 r--s 0000e000 08:01 2497986                    /usr/lib/parquet/parquet-cascading-1.2.5-cdh4.7.0-javadoc.jar
7f2a84c93000-7f2a84c95000 r--s 00008000 08:01 2498377                    /usr/lib/parquet/parquet-generator-1.2.5-cdh4.7.0-javadoc.jar
7f2a84c95000-7f2a84cad000 r--s 00196000 08:01 2507307                    /usr/lib/hadoop-0.20-mapreduce/hadoop-core-2.0.0-mr1-cdh4.7.0.jar
7f2a84cad000-7f2a84cb6000 r--s 000a4000 08:01 2507449                    /usr/lib/hadoop-0.20-mapreduce/lib/hsqldb-1.8.0.10.jar
7f2a84cb6000-7f2a84cb7000 r--s 00003000 08:01 2507113                    /usr/lib/parquet/parquet-common-1.2.5-cdh4.7.0.jar
7f2a84cb7000-7f2a84cb8000 r--s 00000000 08:01 2507107                    /usr/lib/parquet/parquet-pig-bundle-1.2.5-cdh4.7.0-sources.jar
7f2a84cb8000-7f2a84cba000 r--s 00011000 08:01 2493615                    /usr/lib/parquet/parquet-hive-1.2.5-cdh4.7.0.jar
7f2a84cba000-7f2a84ce9000 r--s 0024e000 08:01 2507119                    /usr/lib/parquet/parquet-pig-bundle-1.2.5-cdh4.7.0.jar
7f2a84ce9000-7f2a84cea000 r--s 00001000 08:01 2507116                    /usr/lib/parquet/parquet-common-1.2.5-cdh4.7.0-sources.jar
7f2a84cea000-7f2a84ceb000 r--s 0000c000 08:01 2507102                    /usr/lib/parquet/parquet-avro-1.2.5-cdh4.7.0-javadoc.jar
7f2a84ceb000-7f2a84cf3000 r--s 00066000 08:01 2491117                    /usr/lib/parquet/parquet-format-1.0.0-cdh4.7.0.jar
7f2a84cf3000-7f2a84cf4000 r--s 00001000 08:01 2497974                    /usr/lib/parquet/parquet-generator-1.2.5-cdh4.7.0-sources.jar
7f2a84cf4000-7f2a84cf8000 r--s 00023000 08:01 2507500                    /usr/lib/hadoop-yarn/hadoop-yarn-server-common-2.0.0-cdh4.7.0.jar
7f2a84cf8000-7f2a84cfa000 r--s 00008000 08:01 2507570                    /usr/lib/hadoop-mapreduce/hadoop-mapreduce-client-jobclient-2.0.0-cdh4.7.0.jar
7f2a84cfa000-7f2a84d08000 r--s 000f9000 08:01 2507539                    /usr/lib/hadoop-yarn/hadoop-yarn-common-2.0.0-cdh4.7.0.jar
7f2a84d08000-7f2a84d09000 r--s 00009000 08:01 2507517                    /usr/lib/hadoop-yarn/hadoop-yarn-client-2.0.0-cdh4.7.0.jar
7f2a84d09000-7f2a84d12000 r--s 0006a000 08:01 2507582                    /usr/lib/hadoop-mapreduce/hadoop-mapreduce-client-app-2.0.0-cdh4.7.0.jar
7f2a84d12000-7f2a84d1c000 r--s 00089000 08:01 2507581                    /usr/lib/hadoop-mapreduce/hadoop-mapreduce-client-common-2.0.0-cdh4.7.0.jar
7f2a84d1c000-7f2a84d2d000 r--s 00102000 08:01 2507513                    /usr/lib/hadoop-yarn/hadoop-yarn-api-2.0.0-cdh4.7.0.jar
7f2a84d2d000-7f2a84d2e000 r--s 00006000 08:01 2507579                    /usr/lib/hadoop-mapreduce/hadoop-mapreduce-client-shuffle-2.0.0-cdh4.7.0.jar
7f2a84d2e000-7f2a84d3d000 r--s 000b2000 08:01 2507527                    /usr/lib/hadoop-yarn/lib/netty-3.2.4.Final.jar
7f2a84d3d000-7f2a84d54000 r--s 00145000 08:01 2507563                    /usr/lib/hadoop-mapreduce/hadoop-mapreduce-client-core-2.0.0-cdh4.7.0.jar
7f2a84d54000-7f2a84d58000 r--s 00042000 08:01 2507106                    /usr/lib/parquet/parquet-thrift-1.2.5-cdh4.7.0-javadoc.jar
7f2a84d58000-7f2a84d5d000 r--s 00053000 08:01 2507105                    /usr/lib/parquet/parquet-hadoop-1.2.5-cdh4.7.0-javadoc.jar
7f2a84d5d000-7f2a84d70000 r--s 000fa000 08:01 2498288                    /usr/lib/parquet/parquet-hadoop-1.2.5-cdh4.7.0.jar
7f2a84d70000-7f2a84d79000 r--s 000a6000 08:01 2507114                    /usr/lib/parquet/parquet-column-1.2.5-cdh4.7.0-javadoc.jar
7f2a84d79000-7f2a84d7b000 r--s 0000a000 08:01 2507110                    /usr/lib/parquet/parquet-avro-1.2.5-cdh4.7.0.jar
7f2a84d7b000-7f2a84d7d000 r--s 0000b000 08:01 2507174                    /usr/lib/hadoop/hadoop-auth-2.0.0-cdh4.7.0.jar
7f2a84d7d000-7f2a84d92000 r--s 000fc000 08:01 2507118                    /usr/lib/parquet/parquet-thrift-1.2.5-cdh4.7.0.jar
7f2a84d92000-7f2a84da2000 r--s 0009d000 08:01 2494466                    /usr/lib/parquet/parquet-column-1.2.5-cdh4.7.0.jar
7f2a84da2000-7f2a84da8000 r--s 0003e000 08:01 2497980                    /usr/lib/parquet/parquet-encoding-1.2.5-cdh4.7.0.jar
7f2a84da8000-7f2a84dbc000 r--s 00121000 08:01 2507168                    /usr/lib/hadoop/hadoop-common-2.0.0-cdh4.7.0-tests.jar
7f2a84dbc000-7f2a84dbe000 r--s 0000c000 08:01 2507117                    /usr/lib/parquet/parquet-common-1.2.5-cdh4.7.0-javadoc.jar
7f2a84dbe000-7f2a84dc0000 r--s 00014000 08:01 2507111                    /usr/lib/parquet/parquet-hadoop-1.2.5-cdh4.7.0-sources.jar
7f2a84dc0000-7f2a84dc2000 r--s 0000c000 08:01 2498680                    /usr/lib/parquet/parquet-thrift-1.2.5-cdh4.7.0-sources.jar
7f2a84dc2000-7f2a84dc3000 r--s 00004000 08:01 2507104                    /usr/lib/parquet/parquet-avro-1.2.5-cdh4.7.0-sources.jar
7f2a84dc3000-7f2a84dc4000 r--s 00001000 08:01 2507103                    /usr/lib/parquet/parquet-test-hadoop2-1.2.5-cdh4.7.0.jar
7f2a84dc4000-7f2a84dc6000 r--s 00016000 08:01 2507101                    /usr/lib/parquet/parquet-encoding-1.2.5-cdh4.7.0-javadoc.jar
7f2a84dc6000-7f2a84dc8000 r--s 00004000 08:01 2507169                    /usr/lib/hadoop/hadoop-annotations-2.0.0-cdh4.7.0.jar
7f2a84dc8000-7f2a84dca000 r--s 00004000 08:01 2493609                    /usr/lib/parquet/parquet-format-1.0.0-cdh4.7.0-javadoc.jar
7f2a84dca000-7f2a84dcc000 r--s 00004000 08:01 2497989                    /usr/lib/parquet/parquet-cascading-1.2.5-cdh4.7.0.jar
7f2a84dcc000-7f2a84dce000 r--s 00006000 08:01 2498383                    /usr/lib/parquet/parquet-scrooge-1.2.5-cdh4.7.0-javadoc.jar
7f2a84dce000-7f2a84dd0000 r--s 00008000 08:01 2507120                    /usr/lib/parquet/parquet-hive-1.2.5-cdh4.7.0-sources.jar
7f2a84dd0000-7f2a84dd1000 r--s 00003000 08:01 2507112                    /usr/lib/parquet/parquet-generator-1.2.5-cdh4.7.0.jar
7f2a84dd1000-7f2a84dd4000 r--s 0002a000 08:01 2497983                    /usr/lib/parquet/parquet-hive-1.2.5-cdh4.7.0-javadoc.jar
7f2a84dd4000-7f2a84dd8000 r--s 0001d000 08:01 2497977                    /usr/lib/parquet/parquet-column-1.2.5-cdh4.7.0-sources.jar
7f2a84dd8000-7f2a84dd9000 r--s 00004000 08:01 2498381                    /usr/lib/parquet/parquet-encoding-1.2.5-cdh4.7.0-sources.jar
7f2a84dd9000-7f2a84dfe000 r--s 00213000 08:01 2507170                    /usr/lib/hadoop/hadoop-common-2.0.0-cdh4.7.0.jar
7f2a84dfe000-7f2a84e00000 r--s 0000e000 08:01 2507224                    /usr/lib/hadoop/lib/activation-1.1.jar
7f2a84e00000-7f2a84e05000 r--s 0003e000 08:01 2507179                    /usr/lib/hadoop/lib/commons-net-3.1.jar
7f2a84e05000-7f2a84e06000 r--s 00004000 08:01 2507225                    /usr/lib/hadoop/lib/jackson-jaxrs-1.8.8.jar
7f2a84e06000-7f2a84e0a000 r--s 00034000 08:01 2507211                    /usr/lib/hadoop/lib/jackson-core-asl-1.8.8.jar
7f2a84e0a000-7f2a84e0c000 r--s 00006000 08:01 2507221                    /usr/lib/hadoop/lib/paranamer-2.3.jar
7f2a84e0c000-7f2a84e16000 r--s 00066000 08:01 2507231                    /usr/lib/hadoop/lib/jersey-core-1.8.jar
7f2a84e16000-7f2a84e1c000 r--s 00034000 08:01 2507184                    /usr/lib/hadoop/lib/junit-4.8.2.jar
7f2a84e1c000-7f2a84e20000 r--s 00020000 08:01 2507183                    /usr/lib/hadoop/lib/commons-digester-1.8.jar
7f2a84e20000-7f2a84e22000 r--s 00005000 08:01 2507176                    /usr/lib/hadoop/lib/slf4j-api-1.6.1.jar
7f2a84e22000-7f2a84e24000 r--s 00014000 08:01 2507192                    /usr/lib/hadoop/lib/jline-0.9.94.jar
7f2a84e24000-7f2a84e37000 r--s 000c7000 08:01 2507195                    /usr/lib/hadoop/lib/jaxb-impl-2.2.3-1.jar
7f2a84e37000-7f2a84e3e000 r--s 00044000 08:01 2507217                    /usr/lib/hadoop/lib/avro-1.7.4.jar
7f2a84e3e000-7f2a84e41000 r--s 00025000 08:01 2507222                    /usr/lib/hadoop/lib/commons-io-2.1.jar
7f2a84e41000-7f2a84e45000 r--s 00014000 08:01 2507194                    /usr/lib/hadoop/lib/xz-1.0.jar
7f2a84e45000-7f2a84e66000 r--s 00172000 08:01 2507218                    /usr/lib/hadoop/lib/guava-11.0.2.jar
7f2a84e66000-7f2a84e6a000 r--s 0002f000 08:01 2507228                    /usr/lib/hadoop/lib/commons-beanutils-core-1.8.0.jar
7f2a84e6a000-7f2a84e7b000 r--s 000bb000 08:01 2507212                    /usr/lib/hadoop/lib/commons-math-2.1.jar
7f2a84e7b000-7f2a84e7c000 r--s 00002000 08:01 2507185                    /usr/lib/hadoop/lib/kfs-0.3.jar
7f2a84e7c000-7f2a84e89000 r--s 00097000 08:01 2507180                    /usr/lib/hadoop/lib/jackson-mapper-asl-1.8.8.jar
7f2a84e89000-7f2a84e8c000 r--s 00017000 08:01 2507214                    /usr/lib/hadoop/lib/jaxb-api-2.2.2.jar
7f2a84e8c000-7f2a84e91000 r--s 00036000 08:01 2507227                    /usr/lib/hadoop/lib/commons-compress-1.4.1.jar
7f2a84e91000-7f2a84ea3000 r--s 00131000 08:01 2507049                    /usr/lib/zookeeper/zookeeper-3.4.5-cdh4.7.0.jar
7f2a84ea3000-7f2a84ec0000 r--s 0013e000 08:01 2507197                    /usr/lib/hadoop/lib/mockito-all-1.8.5.jar
7f2a84ec0000-7f2a84ed1000 r--s 00099000 08:01 2507181                    /usr/lib/hadoop/lib/jersey-server-1.8.jar
7f2a84ed1000-7f2a84ed4000 r--s 00019000 08:01 2507215                    /usr/lib/hadoop/lib/commons-el-1.0.jar
7f2a84ed4000-7f2a84ed9000 r--s 0005f000 08:01 2507213                    /usr/lib/hadoop/lib/jasper-compiler-5.5.23.jar
7f2a84ed9000-7f2a84edb000 r--s 0000d000 08:01 2507219                    /usr/lib/hadoop/lib/commons-logging-1.1.1.jar
7f2a84edb000-7f2a84ee0000 r--s 0002a000 08:01 2507196                    /usr/lib/hadoop/lib/commons-beanutils-1.7.0.jar
7f2a84ee0000-7f2a84ee6000 r--s 00068000 08:01 2507234                    /usr/lib/hadoop/lib/protobuf-java-2.4.0a.jar
7f2a84ee6000-7f2a84ee7000 r--s 00007000 08:01 2507186                    /usr/lib/hadoop/lib/jackson-xc-1.8.8.jar
7f2a84ee7000-7f2a84ee9000 r--s 00009000 08:01 2507200                    /usr/lib/hadoop/lib/commons-cli-1.2.jar
7f2a84ee9000-7f2a84eeb000 r--s 00011000 08:01 2507199                    /usr/lib/hadoop/lib/jasper-runtime-5.5.23.jar
7f2a84eeb000-7f2a84eed000 r--s 0000d000 08:01 2507201                    /usr/lib/hadoop/lib/commons-codec-1.4.jar
7f2a84eed000-7f2a84ef3000 r--s 0007e000 08:01 2507178                    /usr/lib/hadoop/lib/jetty-6.1.26.cloudera.2.jar
7f2a84ef3000-7f2a84ef4000 r--s 00003000 08:01 2507182                    /usr/lib/hadoop/lib/xmlenc-0.52.jar
7f2a84ef4000-7f2a84ef6000 r--s 00005000 08:01 2507188                    /usr/lib/hadoop/lib/stax-api-1.0.1.jar
7f2a84ef6000-7f2a84ef8000 r--s 00018000 08:01 2507229                    /usr/lib/hadoop/lib/servlet-api-2.5.jar
7f2a84ef8000-7f2a84efc000 r--s 00028000 08:01 2507177                    /usr/lib/hadoop/lib/jetty-util-6.1.26.cloudera.2.jar
7f2a84efc000-7f2a84f02000 r--s 00045000 08:01 2507193                    /usr/lib/hadoop/lib/commons-httpclient-3.1.jar
7f2a84f02000-7f2a84f08000 r--s 00043000 08:01 2507220                    /usr/lib/hadoop/lib/commons-configuration-1.6.jar
7f2a84f08000-7f2a84f0b000 r--s 0002b000 08:01 2507232                    /usr/lib/hadoop/lib/jsch-0.1.42.jar
7f2a84f0b000-7f2a84f0e000 r--s 00006000 08:01 2507191                    /usr/lib/hadoop/lib/jsr305-1.3.9.jar
7f2a84f0e000-7f2a84f0f000 r--s 0000a000 08:01 2507210                    /usr/lib/hadoop/lib/asm-3.2.jar
7f2a84f0f000-7f2a84f11000 r--s 0000f000 08:01 2507233                    /usr/lib/hadoop/lib/jettison-1.1.jar
7f2a84f11000-7f2a84f16000 r--s 00040000 08:01 2507226                    /usr/lib/hadoop/lib/commons-lang-2.5.jar
7f2a84f16000-7f2a84f1a000 r--s 00021000 08:01 2507189                    /usr/lib/hadoop/lib/jersey-json-1.8.jar
7f2a84f1a000-7f2a84f1c000 r--s 000f2000 08:01 2507216                    /usr/lib/hadoop/lib/snappy-java-1.0.4.1.jar
7f2a84f1c000-7f2a84f1f000 r--s 00016000 08:01 2507187                    /usr/lib/hadoop/lib/jsp-api-2.1.jar
7f2a84f1f000-7f2a84f24000 r--s 0004a000 08:01 2507190                    /usr/lib/hadoop/lib/jets3t-0.6.1.jar
7f2a84f24000-7f2a84f2d000 r--s 0006f000 08:01 2507198                    /usr/lib/hadoop/lib/log4j-1.2.17.jar
7f2a84f2d000-7f2a84f47000 r--s 0013b000 08:01 2507223                    /usr/lib/hadoop/lib/cloudera-jets3t-2.0.0-cdh4.7.0.jar
7f2a84f47000-7f2a84f55000 r--s 0007f000 08:01 2507230                    /usr/lib/hadoop/lib/commons-collections-3.2.1.jar
7f2a84f55000-7f2a84f69000 r--s 00193000 08:01 2507248                    /usr/lib/hadoop-hdfs/hadoop-hdfs-2.0.0-cdh4.7.0-tests.jar
7f2a84f69000-7f2a84fa4000 r--s 00421000 08:01 2507249                    /usr/lib/hadoop-hdfs/hadoop-hdfs-2.0.0-cdh4.7.0.jar
7f2a84fa4000-7f2a84fa6000 r--s 00003000 08:01 2507295                    /usr/lib/hadoop-hdfs/lib/commons-daemon-1.0.3.jar
7f2a84fa6000-7f2a84faa000 r--s 00034000 08:01 2507293                    /usr/lib/hadoop-hdfs/lib/jackson-core-asl-1.8.8.jar
7f2a84faa000-7f2a84fb4000 r--s 00066000 08:01 2507302                    /usr/lib/hadoop-hdfs/lib/jersey-core-1.8.jar
7f2a84fb4000-7f2a84fb6000 r--s 00014000 08:01 2507287                    /usr/lib/hadoop-hdfs/lib/jline-0.9.94.jar
7f2a84fb6000-7f2a84fb9000 r--s 00025000 08:01 2507299                    /usr/lib/hadoop-hdfs/lib/commons-io-2.1.jar
7f2a84fb9000-7f2a84fda000 r--s 00172000 08:01 2507297                    /usr/lib/hadoop-hdfs/lib/guava-11.0.2.jar
7f2a84fda000-7f2a84fe7000 r--s 00097000 08:01 2507282                    /usr/lib/hadoop-hdfs/lib/jackson-mapper-asl-1.8.8.jar
7f2a84fe7000-7f2a84ff9000 r--s 00131000 08:01 2507296                    /usr/lib/hadoop-hdfs/lib/zookeeper-3.4.5-cdh4.7.0.jar
7f2a84ff9000-7f2a84ffc000 r--s 00019000 08:01 2507294                    /usr/lib/hadoop-hdfs/lib/commons-el-1.0.jar
7f2a84ffc000-7f2a84ffe000 r--s 0000d000 08:01 2507298                    /usr/lib/hadoop-hdfs/lib/commons-logging-1.1.1.jar
7f2a84ffe000-7f2a85004000 r--s 00068000 08:01 2507303                    /usr/lib/hadoop-hdfs/lib/protobuf-java-2.4.0a.jar
7f2a85004000-7f2a85006000 r--s 00009000 08:01 2507290                    /usr/lib/hadoop-hdfs/lib/commons-cli-1.2.jar
7f2a85006000-7f2a85008000 r--s 00011000 08:01 2507289                    /usr/lib/hadoop-hdfs/lib/jasper-runtime-5.5.23.jar
7f2a85008000-7f2a8500a000 r--s 0000d000 08:01 2507291                    /usr/lib/hadoop-hdfs/lib/commons-codec-1.4.jar
7f2a8500a000-7f2a85010000 r--s 0007e000 08:01 2507281                    /usr/lib/hadoop-hdfs/lib/jetty-6.1.26.cloudera.2.jar
7f2a85010000-7f2a85021000 r--s 00099000 08:01 2507283                    /usr/lib/hadoop-hdfs/lib/jersey-server-1.8.jar
7f2a85021000-7f2a85023000 r--s 00018000 08:01 2507301                    /usr/lib/hadoop-hdfs/lib/servlet-api-2.5.jar
7f2a85023000-7f2a85024000 ---p 00000000 00:00 0 
7f2a85024000-7f2a85124000 rwxp 00000000 00:00 0                          [stack:12583]
7f2a85124000-7f2a85127000 ---p 00000000 00:00 0 
7f2a85127000-7f2a85225000 rwxp 00000000 00:00 0                          [stack:12582]
7f2a85225000-7f2a85228000 ---p 00000000 00:00 0 
7f2a85228000-7f2a85326000 rwxp 00000000 00:00 0                          [stack:12581]
7f2a85326000-7f2a85329000 ---p 00000000 00:00 0 
7f2a85329000-7f2a85427000 rwxp 00000000 00:00 0                          [stack:12580]
7f2a85427000-7f2a8542a000 ---p 00000000 00:00 0 
7f2a8542a000-7f2a85528000 rwxp 00000000 00:00 0                          [stack:12579]
7f2a85528000-7f2a85c0c000 r--p 00000000 08:01 2497244                    /usr/lib/locale/locale-archive
7f2a85c0c000-7f2a85c0f000 ---p 00000000 00:00 0 
7f2a85c0f000-7f2a85d0d000 rwxp 00000000 00:00 0                          [stack:12578]
7f2a85d0d000-7f2a85d10000 ---p 00000000 00:00 0 
7f2a85d10000-7f2a85e0e000 rwxp 00000000 00:00 0                          [stack:12577]
7f2a85e0e000-7f2a85e0f000 ---p 00000000 00:00 0 
7f2a85e0f000-7f2a85f0f000 rwxp 00000000 00:00 0                          [stack:12576]
7f2a85f0f000-7f2a86a4e000 rw-p 00000000 00:00 0 
7f2a86a4e000-7f2a86be7000 r--s 03087000 08:01 1187055                    /opt/jdk1.6.0_45/jre/lib/rt.jar
7f2a86be7000-7f2a86c0f000 rw-p 00000000 00:00 0 
7f2a86c0f000-7f2a86c10000 ---p 00000000 00:00 0 
7f2a86c10000-7f2a86d10000 rwxp 00000000 00:00 0                          [stack:12575]
7f2a86d10000-7f2a86d11000 ---p 00000000 00:00 0 
7f2a86d11000-7f2a86e11000 rwxp 00000000 00:00 0                          [stack:12574]
7f2a86e11000-7f2a86e12000 ---p 00000000 00:00 0 
7f2a86e12000-7f2a86f12000 rwxp 00000000 00:00 0                          [stack:12573]
7f2a86f12000-7f2a86f13000 ---p 00000000 00:00 0 
7f2a86f13000-7f2a87013000 rwxp 00000000 00:00 0                          [stack:12572]
7f2a87013000-7f2a87014000 ---p 00000000 00:00 0 
7f2a87014000-7f2a87114000 rwxp 00000000 00:00 0                          [stack:12571]
7f2a87114000-7f2a87115000 ---p 00000000 00:00 0 
7f2a87115000-7f2a87215000 rwxp 00000000 00:00 0                          [stack:12570]
7f2a87215000-7f2a87216000 ---p 00000000 00:00 0 
7f2a87216000-7f2a87316000 rwxp 00000000 00:00 0                          [stack:12569]
7f2a87316000-7f2a87317000 ---p 00000000 00:00 0 
7f2a87317000-7f2a87417000 rwxp 00000000 00:00 0                          [stack:12568]
7f2a87417000-7f2a87418000 ---p 00000000 00:00 0 
7f2a87418000-7f2a87518000 rwxp 00000000 00:00 0                          [stack:12567]
7f2a87518000-7f2a87519000 ---p 00000000 00:00 0 
7f2a87519000-7f2a87619000 rwxp 00000000 00:00 0                          [stack:12566]
7f2a87619000-7f2a87624000 rw-p 00000000 00:00 0 
7f2a87624000-7f2a87642000 rw-p 00000000 00:00 0 
7f2a87642000-7f2a87792000 rw-p 00000000 00:00 0 
7f2a87792000-7f2a88b38000 rw-p 00000000 00:00 0 
7f2a88b38000-7f2a88b43000 rw-p 00000000 00:00 0 
7f2a88b43000-7f2a88b61000 rw-p 00000000 00:00 0 
7f2a88b61000-7f2a88cb1000 rw-p 00000000 00:00 0 
7f2a88cb1000-7f2a8a057000 rw-p 00000000 00:00 0 
7f2a8a057000-7f2a8a0ff000 rw-p 00000000 00:00 0 
7f2a8a0ff000-7f2a8aad2000 rw-p 00000000 00:00 0 
7f2a8aad2000-7f2a8aad3000 rw-p 00000000 00:00 0 
7f2a8aad3000-7f2a8ad43000 rwxp 00000000 00:00 0 
7f2a8ad43000-7f2a8dad3000 rw-p 00000000 00:00 0 
7f2a8dad3000-7f2a8dae1000 r-xp 00000000 08:01 1186976                    /opt/jdk1.6.0_45/jre/lib/amd64/libzip.so
7f2a8dae1000-7f2a8dbe3000 ---p 0000e000 08:01 1186976                    /opt/jdk1.6.0_45/jre/lib/amd64/libzip.so
7f2a8dbe3000-7f2a8dbe6000 rw-p 00010000 08:01 1186976                    /opt/jdk1.6.0_45/jre/lib/amd64/libzip.so
7f2a8dbe6000-7f2a8dbe7000 rw-p 00000000 00:00 0 
7f2a8dbe7000-7f2a8dbf3000 r-xp 00000000 08:01 531515                     /lib/x86_64-linux-gnu/libnss_files-2.15.so
7f2a8dbf3000-7f2a8ddf2000 ---p 0000c000 08:01 531515                     /lib/x86_64-linux-gnu/libnss_files-2.15.so
7f2a8ddf2000-7f2a8ddf3000 r--p 0000b000 08:01 531515                     /lib/x86_64-linux-gnu/libnss_files-2.15.so
7f2a8ddf3000-7f2a8ddf4000 rw-p 0000c000 08:01 531515                     /lib/x86_64-linux-gnu/libnss_files-2.15.so
7f2a8ddf4000-7f2a8ddfe000 r-xp 00000000 08:01 531511                     /lib/x86_64-linux-gnu/libnss_nis-2.15.so
7f2a8ddfe000-7f2a8dffe000 ---p 0000a000 08:01 531511                     /lib/x86_64-linux-gnu/libnss_nis-2.15.so
7f2a8dffe000-7f2a8dfff000 r--p 0000a000 08:01 531511                     /lib/x86_64-linux-gnu/libnss_nis-2.15.so
7f2a8dfff000-7f2a8e000000 rw-p 0000b000 08:01 531511                     /lib/x86_64-linux-gnu/libnss_nis-2.15.so
7f2a8e000000-7f2a8e008000 r-xp 00000000 08:01 531517                     /lib/x86_64-linux-gnu/libnss_compat-2.15.so
7f2a8e008000-7f2a8e207000 ---p 00008000 08:01 531517                     /lib/x86_64-linux-gnu/libnss_compat-2.15.so
7f2a8e207000-7f2a8e208000 r--p 00007000 08:01 531517                     /lib/x86_64-linux-gnu/libnss_compat-2.15.so
7f2a8e208000-7f2a8e209000 rw-p 00008000 08:01 531517                     /lib/x86_64-linux-gnu/libnss_compat-2.15.so
7f2a8e209000-7f2a8e220000 r-xp 00000000 08:01 531514                     /lib/x86_64-linux-gnu/libnsl-2.15.so
7f2a8e220000-7f2a8e41f000 ---p 00017000 08:01 531514                     /lib/x86_64-linux-gnu/libnsl-2.15.so
7f2a8e41f000-7f2a8e420000 r--p 00016000 08:01 531514                     /lib/x86_64-linux-gnu/libnsl-2.15.so
7f2a8e420000-7f2a8e421000 rw-p 00017000 08:01 531514                     /lib/x86_64-linux-gnu/libnsl-2.15.so
7f2a8e421000-7f2a8e423000 rw-p 00000000 00:00 0 
7f2a8e423000-7f2a8e44c000 r-xp 00000000 08:01 1186989                    /opt/jdk1.6.0_45/jre/lib/amd64/libjava.so
7f2a8e44c000-7f2a8e54b000 ---p 00029000 08:01 1186989                    /opt/jdk1.6.0_45/jre/lib/amd64/libjava.so
7f2a8e54b000-7f2a8e552000 rw-p 00028000 08:01 1186989                    /opt/jdk1.6.0_45/jre/lib/amd64/libjava.so
7f2a8e552000-7f2a8e559000 r-xp 00000000 08:01 531506                     /lib/x86_64-linux-gnu/librt-2.15.so
7f2a8e559000-7f2a8e758000 ---p 00007000 08:01 531506                     /lib/x86_64-linux-gnu/librt-2.15.so
7f2a8e758000-7f2a8e759000 r--p 00006000 08:01 531506                     /lib/x86_64-linux-gnu/librt-2.15.so
7f2a8e759000-7f2a8e75a000 rw-p 00007000 08:01 531506                     /lib/x86_64-linux-gnu/librt-2.15.so
7f2a8e75a000-7f2a8e770000 r-xp 00000000 08:01 528394                     /lib/x86_64-linux-gnu/libz.so.1.2.3.4
7f2a8e770000-7f2a8e96f000 ---p 00016000 08:01 528394                     /lib/x86_64-linux-gnu/libz.so.1.2.3.4
7f2a8e96f000-7f2a8e970000 r--p 00015000 08:01 528394                     /lib/x86_64-linux-gnu/libz.so.1.2.3.4
7f2a8e970000-7f2a8e971000 rw-p 00016000 08:01 528394                     /lib/x86_64-linux-gnu/libz.so.1.2.3.4
7f2a8e971000-7f2a8e973000 r-xp 00000000 08:01 531523                     /lib/x86_64-linux-gnu/libdl-2.15.so
7f2a8e973000-7f2a8eb73000 ---p 00002000 08:01 531523                     /lib/x86_64-linux-gnu/libdl-2.15.so
7f2a8eb73000-7f2a8eb74000 r--p 00002000 08:01 531523                     /lib/x86_64-linux-gnu/libdl-2.15.so
7f2a8eb74000-7f2a8eb75000 rw-p 00003000 08:01 531523                     /lib/x86_64-linux-gnu/libdl-2.15.so
7f2a8eb75000-7f2a8f493000 r-xp 00000000 08:01 1316642                    /opt/jdk1.6.0_45/jre/lib/amd64/server/libjvm.so
7f2a8f493000-7f2a8f595000 ---p 0091e000 08:01 1316642                    /opt/jdk1.6.0_45/jre/lib/amd64/server/libjvm.so
7f2a8f595000-7f2a8f74b000 rw-p 00920000 08:01 1316642                    /opt/jdk1.6.0_45/jre/lib/amd64/server/libjvm.so
7f2a8f74b000-7f2a8f785000 rw-p 00000000 00:00 0 
7f2a8f785000-7f2a8f880000 r-xp 00000000 08:01 531522                     /lib/x86_64-linux-gnu/libm-2.15.so
7f2a8f880000-7f2a8fa7f000 ---p 000fb000 08:01 531522                     /lib/x86_64-linux-gnu/libm-2.15.so
7f2a8fa7f000-7f2a8fa80000 r--p 000fa000 08:01 531522                     /lib/x86_64-linux-gnu/libm-2.15.so
7f2a8fa80000-7f2a8fa81000 rw-p 000fb000 08:01 531522                     /lib/x86_64-linux-gnu/libm-2.15.so
7f2a8fa81000-7f2a8fc33000 r-xp 00000000 08:01 528270                     /lib/x86_64-linux-gnu/libcrypto.so.1.0.0
7f2a8fc33000-7f2a8fe32000 ---p 001b2000 08:01 528270                     /lib/x86_64-linux-gnu/libcrypto.so.1.0.0
7f2a8fe32000-7f2a8fe4d000 r--p 001b1000 08:01 528270                     /lib/x86_64-linux-gnu/libcrypto.so.1.0.0
7f2a8fe4d000-7f2a8fe58000 rw-p 001cc000 08:01 528270                     /lib/x86_64-linux-gnu/libcrypto.so.1.0.0
7f2a8fe58000-7f2a8fe5c000 rw-p 00000000 00:00 0 
7f2a8fe5c000-7f2a8feb1000 r-xp 00000000 08:01 528267                     /lib/x86_64-linux-gnu/libssl.so.1.0.0
7f2a8feb1000-7f2a900b0000 ---p 00055000 08:01 528267                     /lib/x86_64-linux-gnu/libssl.so.1.0.0
7f2a900b0000-7f2a900b3000 r--p 00054000 08:01 528267                     /lib/x86_64-linux-gnu/libssl.so.1.0.0
7f2a900b3000-7f2a900ba000 rw-p 00057000 08:01 528267                     /lib/x86_64-linux-gnu/libssl.so.1.0.0
7f2a900ba000-7f2a9026e000 r-xp 00000000 08:01 531512                     /lib/x86_64-linux-gnu/libc-2.15.so
7f2a9026e000-7f2a9046e000 ---p 001b4000 08:01 531512                     /lib/x86_64-linux-gnu/libc-2.15.so
7f2a9046e000-7f2a90472000 r--p 001b4000 08:01 531512                     /lib/x86_64-linux-gnu/libc-2.15.so
7f2a90472000-7f2a90474000 rw-p 001b8000 08:01 531512                     /lib/x86_64-linux-gnu/libc-2.15.so
7f2a90474000-7f2a90479000 rw-p 00000000 00:00 0 
7f2a90479000-7f2a90491000 r-xp 00000000 08:01 531513                     /lib/x86_64-linux-gnu/libpthread-2.15.so
7f2a90491000-7f2a90690000 ---p 00018000 08:01 531513                     /lib/x86_64-linux-gnu/libpthread-2.15.so
7f2a90690000-7f2a90691000 r--p 00017000 08:01 531513                     /lib/x86_64-linux-gnu/libpthread-2.15.so
7f2a90691000-7f2a90692000 rw-p 00018000 08:01 531513                     /lib/x86_64-linux-gnu/libpthread-2.15.so
7f2a90692000-7f2a90696000 rw-p 00000000 00:00 0 
7f2a90696000-7f2a906ac000 r-xp 00000000 08:01 528271                     /lib/x86_64-linux-gnu/libgcc_s.so.1
7f2a906ac000-7f2a908ab000 ---p 00016000 08:01 528271                     /lib/x86_64-linux-gnu/libgcc_s.so.1
7f2a908ab000-7f2a908ac000 r--p 00015000 08:01 528271                     /lib/x86_64-linux-gnu/libgcc_s.so.1
7f2a908ac000-7f2a908ad000 rw-p 00016000 08:01 528271                     /lib/x86_64-linux-gnu/libgcc_s.so.1
7f2a908ad000-7f2a90a1a000 r-xp 00000000 08:01 2521278                    /usr/lib/x86_64-linux-gnu/libstdc++.so.6.0.21
7f2a90a1a000-7f2a90c1a000 ---p 0016d000 08:01 2521278                    /usr/lib/x86_64-linux-gnu/libstdc++.so.6.0.21
7f2a90c1a000-7f2a90c24000 r--p 0016d000 08:01 2521278                    /usr/lib/x86_64-linux-gnu/libstdc++.so.6.0.21
7f2a90c24000-7f2a90c26000 rw-p 00177000 08:01 2521278                    /usr/lib/x86_64-linux-gnu/libstdc++.so.6.0.21
7f2a90c26000-7f2a90c2a000 rw-p 00000000 00:00 0 
7f2a90c2a000-7f2a90c3e000 r-xp 00000000 08:01 2525251                    /usr/lib/x86_64-linux-gnu/libboost_filesystem.so.1.55.0
7f2a90c3e000-7f2a90e3e000 ---p 00014000 08:01 2525251                    /usr/lib/x86_64-linux-gnu/libboost_filesystem.so.1.55.0
7f2a90e3e000-7f2a90e3f000 r--p 00014000 08:01 2525251                    /usr/lib/x86_64-linux-gnu/libboost_filesystem.so.1.55.0
7f2a90e3f000-7f2a90e40000 rw-p 00015000 08:01 2525251                    /usr/lib/x86_64-linux-gnu/libboost_filesystem.so.1.55.0
7f2a90e40000-7f2a90e43000 r-xp 00000000 08:01 2525247                    /usr/lib/x86_64-linux-gnu/libboost_system.so.1.55.0
7f2a90e43000-7f2a91042000 ---p 00003000 08:01 2525247                    /usr/lib/x86_64-linux-gnu/libboost_system.so.1.55.0
7f2a91042000-7f2a91043000 r--p 00002000 08:01 2525247                    /usr/lib/x86_64-linux-gnu/libboost_system.so.1.55.0
7f2a91043000-7f2a91044000 rw-p 00003000 08:01 2525247                    /usr/lib/x86_64-linux-gnu/libboost_system.so.1.55.0
7f2a91044000-7f2a91050000 r-xp 00000000 08:01 2507820                    /usr/lib/libhdfs.so.0.0.0
7f2a91050000-7f2a9124f000 ---p 0000c000 08:01 2507820                    /usr/lib/libhdfs.so.0.0.0
7f2a9124f000-7f2a91250000 r--p 0000b000 08:01 2507820                    /usr/lib/libhdfs.so.0.0.0
7f2a91250000-7f2a91251000 rw-p 0000c000 08:01 2507820                    /usr/lib/libhdfs.so.0.0.0
7f2a91251000-7f2a9126e000 r-xp 00000000 08:01 2772799                    /usr/local/lib/libglog.so.0.0.0
7f2a9126e000-7f2a9146d000 ---p 0001d000 08:01 2772799                    /usr/local/lib/libglog.so.0.0.0
7f2a9146d000-7f2a9146e000 r--p 0001c000 08:01 2772799                    /usr/local/lib/libglog.so.0.0.0
7f2a9146e000-7f2a9146f000 rw-p 0001d000 08:01 2772799                    /usr/local/lib/libglog.so.0.0.0
7f2a9146f000-7f2a9147f000 rw-p 00000000 00:00 0 
7f2a9147f000-7f2a9151e000 r-xp 00000000 08:01 2772706                    /usr/local/lib/libthrift-0.9.2.so
7f2a9151e000-7f2a9171e000 ---p 0009f000 08:01 2772706                    /usr/local/lib/libthrift-0.9.2.so
7f2a9171e000-7f2a91724000 r--p 0009f000 08:01 2772706                    /usr/local/lib/libthrift-0.9.2.so
7f2a91724000-7f2a91726000 rw-p 000a5000 08:01 2772706                    /usr/local/lib/libthrift-0.9.2.so
7f2a91726000-7f2a91748000 r-xp 00000000 08:01 531521                     /lib/x86_64-linux-gnu/ld-2.15.so
7f2a91748000-7f2a91749000 r--s 00002000 08:01 2507054                    /usr/lib/zookeeper/lib/slf4j-log4j12-1.6.1.jar
7f2a91749000-7f2a9174d000 r--s 00028000 08:01 2507280                    /usr/lib/hadoop-hdfs/lib/jetty-util-6.1.26.cloudera.2.jar
7f2a9174d000-7f2a91750000 r--s 00006000 08:01 2507286                    /usr/lib/hadoop-hdfs/lib/jsr305-1.3.9.jar
7f2a91750000-7f2a91755000 r--s 00040000 08:01 2507300                    /usr/lib/hadoop-hdfs/lib/commons-lang-2.5.jar
7f2a91755000-7f2a9175f000 rw-p 00000000 00:00 0 
7f2a9175f000-7f2a91815000 rw-p 00000000 00:00 0 
7f2a91815000-7f2a91822000 r-xp 00000000 08:01 1186971                    /opt/jdk1.6.0_45/jre/lib/amd64/libverify.so
7f2a91822000-7f2a91921000 ---p 0000d000 08:01 1186971                    /opt/jdk1.6.0_45/jre/lib/amd64/libverify.so
7f2a91921000-7f2a91924000 rw-p 0000c000 08:01 1186971                    /opt/jdk1.6.0_45/jre/lib/amd64/libverify.so
7f2a91924000-7f2a9192d000 rw-p 00000000 00:00 0 
7f2a9192d000-7f2a9192e000 r--s 00003000 08:01 2507284                    /usr/lib/hadoop-hdfs/lib/xmlenc-0.52.jar
7f2a9192e000-7f2a9192f000 r--s 0000a000 08:01 2507292                    /usr/lib/hadoop-hdfs/lib/asm-3.2.jar
7f2a9192f000-7f2a91932000 r--s 00016000 08:01 2507285                    /usr/lib/hadoop-hdfs/lib/jsp-api-2.1.jar
7f2a91932000-7f2a9193b000 r--s 0006f000 08:01 2507288                    /usr/lib/hadoop-hdfs/lib/log4j-1.2.17.jar
7f2a9193b000-7f2a91943000 rw-s 00000000 08:01 2230619                    /tmp/hsperfdata_mapred/12565
7f2a91943000-7f2a91944000 rw-p 00000000 00:00 0 
7f2a91944000-7f2a91945000 r--p 00000000 00:00 0 
7f2a91945000-7f2a91948000 rw-p 00000000 00:00 0 
7f2a91948000-7f2a91949000 r--p 00022000 08:01 531521                     /lib/x86_64-linux-gnu/ld-2.15.so
7f2a91949000-7f2a9194b000 rw-p 00023000 08:01 531521                     /lib/x86_64-linux-gnu/ld-2.15.so
7fff0254b000-7fff0254e000 ---p 00000000 00:00 0 
7fff0254f000-7fff0264b000 rwxp 00000000 00:00 0                          [stack]
7fff0264b000-7fff02650000 rw-p 00000000 00:00 0 
7fff02705000-7fff02707000 r-xp 00000000 00:00 0                          [vdso]
ffffffffff600000-ffffffffff601000 r-xp 00000000 00:00 0                  [vsyscall]

VM Arguments:
java_command: <unknown>
Launcher Type: generic

Environment Variables:
JAVA_HOME=/opt/jdk1.7.0_75
JRE_HOME=/opt/jdk1.6.0_45/jre
PATH=/opt/gocode/bin:/opt/jdk1.6.0_45/bin:/opt/jdk1.6.0_45/jre/bin:/usr/local/go/bin:/usr/local/sbin:/usr/local/bin:/usr/sbin:/usr/bin:/sbin:/bin:/usr/games
LD_LIBRARY_PATH=/opt/jdk1.6.0_45/jre/lib/amd64/server:/c++/Linux-amd64-64/lib:/usr/local/lib:/usr/lib
SHELL=/bin/bash

Signal Handlers:
SIGSEGV: [libjvm.so+0x862a30], sa_mask[0]=0x7ffbfeff, sa_flags=0x10000004
SIGBUS: [libjvm.so+0x862a30], sa_mask[0]=0x7ffbfeff, sa_flags=0x10000004
SIGFPE: [libjvm.so+0x7106f0], sa_mask[0]=0x7ffbfeff, sa_flags=0x10000004
SIGPIPE: [libjvm.so+0x7106f0], sa_mask[0]=0x7ffbfeff, sa_flags=0x10000004
SIGXFSZ: [libjvm.so+0x7106f0], sa_mask[0]=0x7ffbfeff, sa_flags=0x10000004
SIGILL: [libjvm.so+0x7106f0], sa_mask[0]=0x7ffbfeff, sa_flags=0x10000004
SIGUSR1: SIG_DFL, sa_mask[0]=0x00000000, sa_flags=0x00000000
SIGUSR2: [libjvm.so+0x713520], sa_mask[0]=0x00000000, sa_flags=0x10000004
SIGHUP: [libjvm.so+0x713120], sa_mask[0]=0x7ffbfeff, sa_flags=0x10000004
SIGINT: [libjvm.so+0x713120], sa_mask[0]=0x7ffbfeff, sa_flags=0x10000004
SIGTERM: [libjvm.so+0x713120], sa_mask[0]=0x7ffbfeff, sa_flags=0x10000004
SIGQUIT: [libjvm.so+0x713120], sa_mask[0]=0x7ffbfeff, sa_flags=0x10000004


---------------  S Y S T E M  ---------------

OS:wheezy/sid

uname:Linux 3.11.0-15-generic #25~precise1-Ubuntu SMP Thu Jan 30 17:39:31 UTC 2014 x86_64
libc:glibc 2.15 NPTL 2.15 
rlimit: STACK 8192k, CORE 0k, NPROC 65536, NOFILE 32768, AS infinity
load average:1.10 1.26 1.26

/proc/meminfo:
MemTotal:       65929444 kB
MemFree:         2658296 kB
Buffers:          512036 kB
Cached:         56489716 kB
SwapCached:            0 kB
Active:         19790076 kB
Inactive:       40930552 kB
Active(anon):    3249452 kB
Inactive(anon):   475912 kB
Active(file):   16540624 kB
Inactive(file): 40454640 kB
Unevictable:           0 kB
Mlocked:               0 kB
SwapTotal:      67059708 kB
SwapFree:       67059708 kB
Dirty:              1636 kB
Writeback:             0 kB
AnonPages:       3718968 kB
Mapped:           185688 kB
Shmem:              6488 kB
Slab:            2045712 kB
SReclaimable:    1981620 kB
SUnreclaim:        64092 kB
KernelStack:        6808 kB
PageTables:        48692 kB
NFS_Unstable:          0 kB
Bounce:                0 kB
WritebackTmp:          0 kB
CommitLimit:    100024428 kB
Committed_AS:    9570248 kB
VmallocTotal:   34359738367 kB
VmallocUsed:      397028 kB
VmallocChunk:   34359338300 kB
HardwareCorrupted:     0 kB
AnonHugePages:         0 kB
HugePages_Total:       0
HugePages_Free:        0
HugePages_Rsvd:        0
HugePages_Surp:        0
Hugepagesize:       2048 kB
DirectMap4k:       99264 kB
DirectMap2M:     6146048 kB
DirectMap1G:    60817408 kB


CPU:total 12 (6 cores per cpu, 2 threads per core) family 6 model 45 stepping 7, cmov, cx8, fxsr, mmx, sse, sse2, sse3, ssse3, sse4.1, sse4.2, popcnt, ht

/proc/cpuinfo:
processor	: 0
vendor_id	: GenuineIntel
cpu family	: 6
model		: 45
model name	: Intel(R) Xeon(R) CPU E5-2620 0 @ 2.00GHz
stepping	: 7
microcode	: 0x70b
cpu MHz		: 2000.050
cache size	: 15360 KB
physical id	: 0
siblings	: 12
core id		: 0
cpu cores	: 6
apicid		: 0
initial apicid	: 0
fpu		: yes
fpu_exception	: yes
cpuid level	: 13
wp		: yes
flags		: fpu vme de pse tsc msr pae mce cx8 apic sep mtrr pge mca cmov pat pse36 clflush dts acpi mmx fxsr sse sse2 ss ht tm pbe syscall nx pdpe1gb rdtscp lm constant_tsc arch_perfmon pebs bts rep_good nopl xtopology nonstop_tsc aperfmperf eagerfpu pni pclmulqdq dtes64 monitor ds_cpl vmx smx est tm2 ssse3 cx16 xtpr pdcm pcid dca sse4_1 sse4_2 x2apic popcnt tsc_deadline_timer aes xsave avx lahf_lm ida arat xsaveopt pln pts dtherm tpr_shadow vnmi flexpriority ept vpid
bogomips	: 4000.10
clflush size	: 64
cache_alignment	: 64
address sizes	: 46 bits physical, 48 bits virtual
power management:

processor	: 1
vendor_id	: GenuineIntel
cpu family	: 6
model		: 45
model name	: Intel(R) Xeon(R) CPU E5-2620 0 @ 2.00GHz
stepping	: 7
microcode	: 0x70b
cpu MHz		: 2000.050
cache size	: 15360 KB
physical id	: 0
siblings	: 12
core id		: 1
cpu cores	: 6
apicid		: 2
initial apicid	: 2
fpu		: yes
fpu_exception	: yes
cpuid level	: 13
wp		: yes
flags		: fpu vme de pse tsc msr pae mce cx8 apic sep mtrr pge mca cmov pat pse36 clflush dts acpi mmx fxsr sse sse2 ss ht tm pbe syscall nx pdpe1gb rdtscp lm constant_tsc arch_perfmon pebs bts rep_good nopl xtopology nonstop_tsc aperfmperf eagerfpu pni pclmulqdq dtes64 monitor ds_cpl vmx smx est tm2 ssse3 cx16 xtpr pdcm pcid dca sse4_1 sse4_2 x2apic popcnt tsc_deadline_timer aes xsave avx lahf_lm ida arat xsaveopt pln pts dtherm tpr_shadow vnmi flexpriority ept vpid
bogomips	: 4000.10
clflush size	: 64
cache_alignment	: 64
address sizes	: 46 bits physical, 48 bits virtual
power management:

processor	: 2
vendor_id	: GenuineIntel
cpu family	: 6
model		: 45
model name	: Intel(R) Xeon(R) CPU E5-2620 0 @ 2.00GHz
stepping	: 7
microcode	: 0x70b
cpu MHz		: 2000.050
cache size	: 15360 KB
physical id	: 0
siblings	: 12
core id		: 2
cpu cores	: 6
apicid		: 4
initial apicid	: 4
fpu		: yes
fpu_exception	: yes
cpuid level	: 13
wp		: yes
flags		: fpu vme de pse tsc msr pae mce cx8 apic sep mtrr pge mca cmov pat pse36 clflush dts acpi mmx fxsr sse sse2 ss ht tm pbe syscall nx pdpe1gb rdtscp lm constant_tsc arch_perfmon pebs bts rep_good nopl xtopology nonstop_tsc aperfmperf eagerfpu pni pclmulqdq dtes64 monitor ds_cpl vmx smx est tm2 ssse3 cx16 xtpr pdcm pcid dca sse4_1 sse4_2 x2apic popcnt tsc_deadline_timer aes xsave avx lahf_lm ida arat xsaveopt pln pts dtherm tpr_shadow vnmi flexpriority ept vpid
bogomips	: 4000.10
clflush size	: 64
cache_alignment	: 64
address sizes	: 46 bits physical, 48 bits virtual
power management:

processor	: 3
vendor_id	: GenuineIntel
cpu family	: 6
model		: 45
model name	: Intel(R) Xeon(R) CPU E5-2620 0 @ 2.00GHz
stepping	: 7
microcode	: 0x70b
cpu MHz		: 2000.050
cache size	: 15360 KB
physical id	: 0
siblings	: 12
core id		: 3
cpu cores	: 6
apicid		: 6
initial apicid	: 6
fpu		: yes
fpu_exception	: yes
cpuid level	: 13
wp		: yes
flags		: fpu vme de pse tsc msr pae mce cx8 apic sep mtrr pge mca cmov pat pse36 clflush dts acpi mmx fxsr sse sse2 ss ht tm pbe syscall nx pdpe1gb rdtscp lm constant_tsc arch_perfmon pebs bts rep_good nopl xtopology nonstop_tsc aperfmperf eagerfpu pni pclmulqdq dtes64 monitor ds_cpl vmx smx est tm2 ssse3 cx16 xtpr pdcm pcid dca sse4_1 sse4_2 x2apic popcnt tsc_deadline_timer aes xsave avx lahf_lm ida arat xsaveopt pln pts dtherm tpr_shadow vnmi flexpriority ept vpid
bogomips	: 4000.10
clflush size	: 64
cache_alignment	: 64
address sizes	: 46 bits physical, 48 bits virtual
power management:

processor	: 4
vendor_id	: GenuineIntel
cpu family	: 6
model		: 45
model name	: Intel(R) Xeon(R) CPU E5-2620 0 @ 2.00GHz
stepping	: 7
microcode	: 0x70b
cpu MHz		: 2000.050
cache size	: 15360 KB
physical id	: 0
siblings	: 12
core id		: 4
cpu cores	: 6
apicid		: 8
initial apicid	: 8
fpu		: yes
fpu_exception	: yes
cpuid level	: 13
wp		: yes
flags		: fpu vme de pse tsc msr pae mce cx8 apic sep mtrr pge mca cmov pat pse36 clflush dts acpi mmx fxsr sse sse2 ss ht tm pbe syscall nx pdpe1gb rdtscp lm constant_tsc arch_perfmon pebs bts rep_good nopl xtopology nonstop_tsc aperfmperf eagerfpu pni pclmulqdq dtes64 monitor ds_cpl vmx smx est tm2 ssse3 cx16 xtpr pdcm pcid dca sse4_1 sse4_2 x2apic popcnt tsc_deadline_timer aes xsave avx lahf_lm ida arat xsaveopt pln pts dtherm tpr_shadow vnmi flexpriority ept vpid
bogomips	: 4000.10
clflush size	: 64
cache_alignment	: 64
address sizes	: 46 bits physical, 48 bits virtual
power management:

processor	: 5
vendor_id	: GenuineIntel
cpu family	: 6
model		: 45
model name	: Intel(R) Xeon(R) CPU E5-2620 0 @ 2.00GHz
stepping	: 7
microcode	: 0x70b
cpu MHz		: 2000.050
cache size	: 15360 KB
physical id	: 0
siblings	: 12
core id		: 5
cpu cores	: 6
apicid		: 10
initial apicid	: 10
fpu		: yes
fpu_exception	: yes
cpuid level	: 13
wp		: yes
flags		: fpu vme de pse tsc msr pae mce cx8 apic sep mtrr pge mca cmov pat pse36 clflush dts acpi mmx fxsr sse sse2 ss ht tm pbe syscall nx pdpe1gb rdtscp lm constant_tsc arch_perfmon pebs bts rep_good nopl xtopology nonstop_tsc aperfmperf eagerfpu pni pclmulqdq dtes64 monitor ds_cpl vmx smx est tm2 ssse3 cx16 xtpr pdcm pcid dca sse4_1 sse4_2 x2apic popcnt tsc_deadline_timer aes xsave avx lahf_lm ida arat xsaveopt pln pts dtherm tpr_shadow vnmi flexpriority ept vpid
bogomips	: 4000.10
clflush size	: 64
cache_alignment	: 64
address sizes	: 46 bits physical, 48 bits virtual
power management:

processor	: 6
vendor_id	: GenuineIntel
cpu family	: 6
model		: 45
model name	: Intel(R) Xeon(R) CPU E5-2620 0 @ 2.00GHz
stepping	: 7
microcode	: 0x70b
cpu MHz		: 2000.050
cache size	: 15360 KB
physical id	: 0
siblings	: 12
core id		: 0
cpu cores	: 6
apicid		: 1
initial apicid	: 1
fpu		: yes
fpu_exception	: yes
cpuid level	: 13
wp		: yes
flags		: fpu vme de pse tsc msr pae mce cx8 apic sep mtrr pge mca cmov pat pse36 clflush dts acpi mmx fxsr sse sse2 ss ht tm pbe syscall nx pdpe1gb rdtscp lm constant_tsc arch_perfmon pebs bts rep_good nopl xtopology nonstop_tsc aperfmperf eagerfpu pni pclmulqdq dtes64 monitor ds_cpl vmx smx est tm2 ssse3 cx16 xtpr pdcm pcid dca sse4_1 sse4_2 x2apic popcnt tsc_deadline_timer aes xsave avx lahf_lm ida arat xsaveopt pln pts dtherm tpr_shadow vnmi flexpriority ept vpid
bogomips	: 4000.10
clflush size	: 64
cache_alignment	: 64
address sizes	: 46 bits physical, 48 bits virtual
power management:

processor	: 7
vendor_id	: GenuineIntel
cpu family	: 6
model		: 45
model name	: Intel(R) Xeon(R) CPU E5-2620 0 @ 2.00GHz
stepping	: 7
microcode	: 0x70b
cpu MHz		: 2000.050
cache size	: 15360 KB
physical id	: 0
siblings	: 12
core id		: 1
cpu cores	: 6
apicid		: 3
initial apicid	: 3
fpu		: yes
fpu_exception	: yes
cpuid level	: 13
wp		: yes
flags		: fpu vme de pse tsc msr pae mce cx8 apic sep mtrr pge mca cmov pat pse36 clflush dts acpi mmx fxsr sse sse2 ss ht tm pbe syscall nx pdpe1gb rdtscp lm constant_tsc arch_perfmon pebs bts rep_good nopl xtopology nonstop_tsc aperfmperf eagerfpu pni pclmulqdq dtes64 monitor ds_cpl vmx smx est tm2 ssse3 cx16 xtpr pdcm pcid dca sse4_1 sse4_2 x2apic popcnt tsc_deadline_timer aes xsave avx lahf_lm ida arat xsaveopt pln pts dtherm tpr_shadow vnmi flexpriority ept vpid
bogomips	: 4000.10
clflush size	: 64
cache_alignment	: 64
address sizes	: 46 bits physical, 48 bits virtual
power management:

processor	: 8
vendor_id	: GenuineIntel
cpu family	: 6
model		: 45
model name	: Intel(R) Xeon(R) CPU E5-2620 0 @ 2.00GHz
stepping	: 7
microcode	: 0x70b
cpu MHz		: 2000.050
cache size	: 15360 KB
physical id	: 0
siblings	: 12
core id		: 2
cpu cores	: 6
apicid		: 5
initial apicid	: 5
fpu		: yes
fpu_exception	: yes
cpuid level	: 13
wp		: yes
flags		: fpu vme de pse tsc msr pae mce cx8 apic sep mtrr pge mca cmov pat pse36 clflush dts acpi mmx fxsr sse sse2 ss ht tm pbe syscall nx pdpe1gb rdtscp lm constant_tsc arch_perfmon pebs bts rep_good nopl xtopology nonstop_tsc aperfmperf eagerfpu pni pclmulqdq dtes64 monitor ds_cpl vmx smx est tm2 ssse3 cx16 xtpr pdcm pcid dca sse4_1 sse4_2 x2apic popcnt tsc_deadline_timer aes xsave avx lahf_lm ida arat xsaveopt pln pts dtherm tpr_shadow vnmi flexpriority ept vpid
bogomips	: 4000.10
clflush size	: 64
cache_alignment	: 64
address sizes	: 46 bits physical, 48 bits virtual
power management:

processor	: 9
vendor_id	: GenuineIntel
cpu family	: 6
model		: 45
model name	: Intel(R) Xeon(R) CPU E5-2620 0 @ 2.00GHz
stepping	: 7
microcode	: 0x70b
cpu MHz		: 2000.050
cache size	: 15360 KB
physical id	: 0
siblings	: 12
core id		: 3
cpu cores	: 6
apicid		: 7
initial apicid	: 7
fpu		: yes
fpu_exception	: yes
cpuid level	: 13
wp		: yes
flags		: fpu vme de pse tsc msr pae mce cx8 apic sep mtrr pge mca cmov pat pse36 clflush dts acpi mmx fxsr sse sse2 ss ht tm pbe syscall nx pdpe1gb rdtscp lm constant_tsc arch_perfmon pebs bts rep_good nopl xtopology nonstop_tsc aperfmperf eagerfpu pni pclmulqdq dtes64 monitor ds_cpl vmx smx est tm2 ssse3 cx16 xtpr pdcm pcid dca sse4_1 sse4_2 x2apic popcnt tsc_deadline_timer aes xsave avx lahf_lm ida arat xsaveopt pln pts dtherm tpr_shadow vnmi flexpriority ept vpid
bogomips	: 4000.10
clflush size	: 64
cache_alignment	: 64
address sizes	: 46 bits physical, 48 bits virtual
power management:

processor	: 10
vendor_id	: GenuineIntel
cpu family	: 6
model		: 45
model name	: Intel(R) Xeon(R) CPU E5-2620 0 @ 2.00GHz
stepping	: 7
microcode	: 0x70b
cpu MHz		: 2000.050
cache size	: 15360 KB
physical id	: 0
siblings	: 12
core id		: 4
cpu cores	: 6
apicid		: 9
initial apicid	: 9
fpu		: yes
fpu_exception	: yes
cpuid level	: 13
wp		: yes
flags		: fpu vme de pse tsc msr pae mce cx8 apic sep mtrr pge mca cmov pat pse36 clflush dts acpi mmx fxsr sse sse2 ss ht tm pbe syscall nx pdpe1gb rdtscp lm constant_tsc arch_perfmon pebs bts rep_good nopl xtopology nonstop_tsc aperfmperf eagerfpu pni pclmulqdq dtes64 monitor ds_cpl vmx smx est tm2 ssse3 cx16 xtpr pdcm pcid dca sse4_1 sse4_2 x2apic popcnt tsc_deadline_timer aes xsave avx lahf_lm ida arat xsaveopt pln pts dtherm tpr_shadow vnmi flexpriority ept vpid
bogomips	: 4000.10
clflush size	: 64
cache_alignment	: 64
address sizes	: 46 bits physical, 48 bits virtual
power management:

processor	: 11
vendor_id	: GenuineIntel
cpu family	: 6
model		: 45
model name	: Intel(R) Xeon(R) CPU E5-2620 0 @ 2.00GHz
stepping	: 7
microcode	: 0x70b
cpu MHz		: 2000.050
cache size	: 15360 KB
physical id	: 0
siblings	: 12
core id		: 5
cpu cores	: 6
apicid		: 11
initial apicid	: 11
fpu		: yes
fpu_exception	: yes
cpuid level	: 13
wp		: yes
flags		: fpu vme de pse tsc msr pae mce cx8 apic sep mtrr pge mca cmov pat pse36 clflush dts acpi mmx fxsr sse sse2 ss ht tm pbe syscall nx pdpe1gb rdtscp lm constant_tsc arch_perfmon pebs bts rep_good nopl xtopology nonstop_tsc aperfmperf eagerfpu pni pclmulqdq dtes64 monitor ds_cpl vmx smx est tm2 ssse3 cx16 xtpr pdcm pcid dca sse4_1 sse4_2 x2apic popcnt tsc_deadline_timer aes xsave avx lahf_lm ida arat xsaveopt pln pts dtherm tpr_shadow vnmi flexpriority ept vpid
bogomips	: 4000.10
clflush size	: 64
cache_alignment	: 64
address sizes	: 46 bits physical, 48 bits virtual
power management:



Memory: 4k page, physical 65929444k(2657924k free), swap 67059708k(67059708k free)

vm_info: Java HotSpot(TM) 64-Bit Server VM (20.45-b01) for linux-amd64 JRE (1.6.0_45-b06), built on Mar 26 2013 14:07:02 by "java_re" with gcc 3.2.2 (SuSE Linux)

time: Wed Sep 16 21:35:40 2015
elapsed time: 1 seconds

