#
# A fatal error has been detected by the Java Runtime Environment:
#
#  SIGSEGV (0xb) at pc=0x000000000042a458, pid=8187, tid=140460006946624
#
# JRE version: 6.0_45-b06
# Java VM: Java HotSpot(TM) 64-Bit Server VM (20.45-b01 mixed mode linux-amd64 compressed oops)
# Problematic frame:
# C  [uniCAPMaster+0x2a458]  ntu::cap::load_hdfs_file_regular(std::vector<std::string, std::allocator<std::string> >, std::vector<long, std::allocator<long> >, std::string, std::string, long, hdfs_internal*)+0x38
#
# If you would like to submit a bug report, please visit:
#   http://java.sun.com/webapps/bugreport/crash.jsp
# The crash happened outside the Java Virtual Machine in native code.
# See problematic frame for where to report the bug.
#

---------------  T H R E A D  ---------------

Current thread (0x0000000001a19800):  JavaThread "main" [_thread_in_native, id=8187, stack(0x00007fff8530c000,0x00007fff8540c000)]

siginfo:si_signo=SIGSEGV: si_errno=0, si_code=1 (SEGV_MAPERR), si_addr=0x0000000000000000

Registers:
RAX=0x0000000000000000, RBX=0x0000000000000000, RCX=0x00007fff8540ba90, RDX=0x0000000000000030
RSP=0x00007fff8540ba40, RBP=0x0000000001a877b0, RSI=0x0000000002341168, RDI=0x0000000000672940
R8 =0x0000000001000000, R9 =0x0000000001a877b0, R10=0x0000000000000000, R11=0x000000000000004d
R12=0x00007fff8540bae0, R13=0x0000000000000000, R14=0x00007fff8540bb00, R15=0x00007fff8540bc70
RIP=0x000000000042a458, EFLAGS=0x0000000000010206, CSGSFS=0x0000000000000033, ERR=0x0000000000000004
  TRAPNO=0x000000000000000e

Top of Stack: (sp=0x00007fff8540ba40)
0x00007fff8540ba40:   00007fff8540baa0 0000000001a877b0
0x00007fff8540ba50:   0000000001000000 0000000000000000
0x00007fff8540ba60:   0000000000000000 000000000042abea
0x00007fff8540ba70:   0000000001a05828 0000000001a1b290
0x00007fff8540ba80:   0000000001a057f8 00007fbf6443ca0c
0x00007fff8540ba90:   0000000001a057c8 00007fbf63868720
0x00007fff8540baa0:   0000000002511a30 0000000002512d80
0x00007fff8540bab0:   0000000002513a30 00007fbf6353388a
0x00007fff8540bac0:   0000000000000000 0000000000000000
0x00007fff8540bad0:   0000000000000000 0000000000000000
0x00007fff8540bae0:   00000000025151e0 0000000002516530
0x00007fff8540baf0:   0000000002516530 00007fbf644414c9
0x00007fff8540bb00:   0000000000000000 0000000000000000
0x00007fff8540bb10:   0000000000000000 0000000001a1b258
0x00007fff8540bb20:   0000000001a877b0 00007fff8540bc60
0x00007fff8540bb30:   00007fff8540bbd0 00007fff8540bbf0
0x00007fff8540bb40:   0000000001000000 000000000042ae19
0x00007fff8540bb50:   0000000000000000 0000000000000000
0x00007fff8540bb60:   00000000ffffffff 0000000000000050
0x00007fff8540bb70:   0000000000000000 00007fff8540bcf0
0x00007fff8540bb80:   0000000000672100 0000000000000000
0x00007fff8540bb90:   0000000000000000 0000000000000000
0x00007fff8540bba0:   0000000000000000 00007fbf64b2a774
0x00007fff8540bbb0:   0000000001a05828 0000000000000000
0x00007fff8540bbc0:   00007fbf63cba2a0 0000007c00000077
0x00007fff8540bbd0:   0000000001a057f8 00007fff8540bcf0
0x00007fff8540bbe0:   00007fff8540bd00 0000000000429158
0x00007fff8540bbf0:   0000000001a057c8 00007fbf64b31235
0x00007fff8540bc00:   0000000000000000 0000000001a05828
0x00007fff8540bc10:   00007fff8540bd50 00007fff8540bcf0
0x00007fff8540bc20:   00007fff8540bd00 0000000000429158
0x00007fff8540bc30:   00007fff8540be90 0000000000000000 

Instructions: (pc=0x000000000042a458)
0x000000000042a438:   29 d0 48 c1 f8 03 48 85 c0 74 69 0f 1f 44 00 00
0x000000000042a448:   48 8b 34 da 49 8b 06 bf 40 29 67 00 48 8b 56 e8
0x000000000042a458:   4c 8b 2c d8 48 83 c3 01 e8 5b da ff ff ba 02 00
0x000000000042a468:   00 00 48 89 c5 be e3 b9 45 00 48 89 c7 e8 46 da 

Register to memory mapping:

RAX=0x0000000000000000 is an unknown value
RBX=0x0000000000000000 is an unknown value
RCX=0x00007fff8540ba90 is pointing into the stack for thread: 0x0000000001a19800
RDX=0x0000000000000030 is an unknown value
RSP=0x00007fff8540ba40 is pointing into the stack for thread: 0x0000000001a19800
RBP=0x0000000001a877b0 is a global jni handle
RSI=0x0000000002341168 is an unknown value
RDI=0x0000000000672940: _ZSt4cout+0 in ./uniCAPMaster at 0x0000000000400000
R8 =0x0000000001000000 is an unknown value
R9 =0x0000000001a877b0 is a global jni handle
R10=0x0000000000000000 is an unknown value
R11=0x000000000000004d is an unknown value
R12=0x00007fff8540bae0 is pointing into the stack for thread: 0x0000000001a19800
R13=0x0000000000000000 is an unknown value
R14=0x00007fff8540bb00 is pointing into the stack for thread: 0x0000000001a19800
R15=0x00007fff8540bc70 is pointing into the stack for thread: 0x0000000001a19800


Stack: [0x00007fff8530c000,0x00007fff8540c000],  sp=0x00007fff8540ba40,  free space=1022k
Native frames: (J=compiled Java code, j=interpreted, Vv=VM code, C=native code)
C  [uniCAPMaster+0x2a458]  ntu::cap::load_hdfs_file_regular(std::vector<std::string, std::allocator<std::string> >, std::vector<long, std::allocator<long> >, std::string, std::string, long, hdfs_internal*)+0x38


---------------  P R O C E S S  ---------------

Java Threads: ( => current thread )
  0x000000000228d800 JavaThread "IPC Parameter Sending Thread #0" daemon [_thread_blocked, id=8207, stack(0x00007fbf13801000,0x00007fbf13902000)]
  0x0000000002462000 JavaThread "IPC Client (621631806) connection to BDP-00/192.168.0.21:9000 from mapred" daemon [_thread_blocked, id=8206, stack(0x00007fbf13902000,0x00007fbf13a03000)]
  0x0000000001aaf000 JavaThread "Low Memory Detector" daemon [_thread_blocked, id=8204, stack(0x00007fbf5851a000,0x00007fbf5861b000)]
  0x0000000001aad000 JavaThread "C2 CompilerThread1" daemon [_thread_blocked, id=8203, stack(0x00007fbf5861b000,0x00007fbf5871c000)]
  0x0000000001aaa000 JavaThread "C2 CompilerThread0" daemon [_thread_blocked, id=8202, stack(0x00007fbf5871c000,0x00007fbf5881d000)]
  0x0000000001aa8000 JavaThread "Signal Dispatcher" daemon [_thread_blocked, id=8201, stack(0x00007fbf5881d000,0x00007fbf5891e000)]
  0x0000000001a8c000 JavaThread "Finalizer" daemon [_thread_blocked, id=8200, stack(0x00007fbf59002000,0x00007fbf59103000)]
  0x0000000001a8a000 JavaThread "Reference Handler" daemon [_thread_blocked, id=8199, stack(0x00007fbf59103000,0x00007fbf59204000)]
=>0x0000000001a19800 JavaThread "main" [_thread_in_native, id=8187, stack(0x00007fff8530c000,0x00007fff8540c000)]

Other Threads:
  0x0000000001a83000 VMThread [stack: 0x00007fbf59204000,0x00007fbf59305000] [id=8198]
  0x0000000001ac2000 WatcherThread [stack: 0x00007fbf58419000,0x00007fbf5851a000] [id=8205]

VM state:not at safepoint (normal execution)

VM Mutex/Monitor currently owned by a thread: None

Heap
 PSYoungGen      total 300480K, used 51589K [0x00000006b0a00000, 0x00000006c5950000, 0x0000000800000000)
  eden space 257600K, 20% used [0x00000006b0a00000,0x00000006b3c617d0,0x00000006c0590000)
  from space 42880K, 0% used [0x00000006c2f70000,0x00000006c2f70000,0x00000006c5950000)
  to   space 42880K, 0% used [0x00000006c0590000,0x00000006c0590000,0x00000006c2f70000)
 PSOldGen        total 686848K, used 0K [0x0000000411e00000, 0x000000043bcc0000, 0x00000006b0a00000)
  object space 686848K, 0% used [0x0000000411e00000,0x0000000411e00000,0x000000043bcc0000)
 PSPermGen       total 21248K, used 17182K [0x000000040cc00000, 0x000000040e0c0000, 0x0000000411e00000)
  object space 21248K, 80% used [0x000000040cc00000,0x000000040dcc79a0,0x000000040e0c0000)

Code Cache  [0x00007fbf5dec9000, 0x00007fbf5e139000, 0x00007fbf60ec9000)
 total_blobs=422 nmethods=134 adapters=242 free_code_cache=49464128 largest_free_block=7552

Dynamic libraries:
00400000-00472000 r-xp 00000000 08:01 2912318                            /home/mapred/unicap/bin/uniCAPMaster
00671000-00672000 r--p 00071000 08:01 2912318                            /home/mapred/unicap/bin/uniCAPMaster
00672000-00673000 rw-p 00072000 08:01 2912318                            /home/mapred/unicap/bin/uniCAPMaster
00673000-00674000 rw-p 00000000 00:00 0 
019f2000-02524000 rw-p 00000000 00:00 0                                  [heap]
40cc00000-40e0c0000 rw-p 00000000 00:00 0 
40e0c0000-411e00000 rw-p 00000000 00:00 0 
411e00000-43bcc0000 rw-p 00000000 00:00 0 
43bcc0000-6b0a00000 rw-p 00000000 00:00 0 
6b0a00000-6c5950000 rw-p 00000000 00:00 0 
6c5950000-800000000 rw-p 00000000 00:00 0 
7fbf00000000-7fbf00021000 rw-p 00000000 00:00 0 
7fbf00021000-7fbf04000000 ---p 00000000 00:00 0 
7fbf08000000-7fbf08022000 rw-p 00000000 00:00 0 
7fbf08022000-7fbf0c000000 ---p 00000000 00:00 0 
7fbf0c000000-7fbf0c021000 rw-p 00000000 00:00 0 
7fbf0c021000-7fbf10000000 ---p 00000000 00:00 0 
7fbf13801000-7fbf13804000 ---p 00000000 00:00 0 
7fbf13804000-7fbf13902000 rwxp 00000000 00:00 0                          [stack:8207]
7fbf13902000-7fbf13905000 ---p 00000000 00:00 0 
7fbf13905000-7fbf13a03000 rwxp 00000000 00:00 0                          [stack:8206]
7fbf13a03000-7fbf13a0a000 r-xp 00000000 08:01 1186966                    /opt/jdk1.6.0_45/jre/lib/amd64/libnio.so
7fbf13a0a000-7fbf13b09000 ---p 00007000 08:01 1186966                    /opt/jdk1.6.0_45/jre/lib/amd64/libnio.so
7fbf13b09000-7fbf13b0b000 rw-p 00006000 08:01 1186966                    /opt/jdk1.6.0_45/jre/lib/amd64/libnio.so
7fbf13b0b000-7fbf13c8c000 rw-p 00000000 00:00 0 
7fbf13c8c000-7fbf13c9f000 r-xp 00000000 08:01 1186965                    /opt/jdk1.6.0_45/jre/lib/amd64/libnet.so
7fbf13c9f000-7fbf13da0000 ---p 00013000 08:01 1186965                    /opt/jdk1.6.0_45/jre/lib/amd64/libnet.so
7fbf13da0000-7fbf13da3000 rw-p 00014000 08:01 1186965                    /opt/jdk1.6.0_45/jre/lib/amd64/libnet.so
7fbf13da3000-7fbf13da6000 r--s 00013000 08:01 1187046                    /opt/jdk1.6.0_45/jre/lib/jce.jar
7fbf13da6000-7fbf13da7000 r-xp 00000000 08:01 1186968                    /opt/jdk1.6.0_45/jre/lib/amd64/libjaas_unix.so
7fbf13da7000-7fbf13ea6000 ---p 00001000 08:01 1186968                    /opt/jdk1.6.0_45/jre/lib/amd64/libjaas_unix.so
7fbf13ea6000-7fbf13ea8000 rw-p 00000000 08:01 1186968                    /opt/jdk1.6.0_45/jre/lib/amd64/libjaas_unix.so
7fbf13ef6000-7fbf13ef9000 r--s 00036000 08:01 1186861                    /opt/jdk1.6.0_45/jre/lib/ext/sunpkcs11.jar
7fbf13ef9000-7fbf13eff000 r-xp 00000000 08:01 1187006                    /opt/jdk1.6.0_45/jre/lib/amd64/libmanagement.so
7fbf13eff000-7fbf13ffe000 ---p 00006000 08:01 1187006                    /opt/jdk1.6.0_45/jre/lib/amd64/libmanagement.so
7fbf13ffe000-7fbf14000000 rw-p 00005000 08:01 1187006                    /opt/jdk1.6.0_45/jre/lib/amd64/libmanagement.so
7fbf14000000-7fbf1482b000 rw-p 00000000 00:00 0 
7fbf1482b000-7fbf18000000 ---p 00000000 00:00 0 
7fbf18000000-7fbf18021000 rw-p 00000000 00:00 0 
7fbf18021000-7fbf1c000000 ---p 00000000 00:00 0 
7fbf1c000000-7fbf1c021000 rw-p 00000000 00:00 0 
7fbf1c021000-7fbf20000000 ---p 00000000 00:00 0 
7fbf20000000-7fbf215e4000 rw-p 00000000 00:00 0 
7fbf215e4000-7fbf24000000 ---p 00000000 00:00 0 
7fbf24000000-7fbf24021000 rw-p 00000000 00:00 0 
7fbf24021000-7fbf28000000 ---p 00000000 00:00 0 
7fbf28000000-7fbf28021000 rw-p 00000000 00:00 0 
7fbf28021000-7fbf2c000000 ---p 00000000 00:00 0 
7fbf2c000000-7fbf2c021000 rw-p 00000000 00:00 0 
7fbf2c021000-7fbf30000000 ---p 00000000 00:00 0 
7fbf30000000-7fbf30021000 rw-p 00000000 00:00 0 
7fbf30021000-7fbf34000000 ---p 00000000 00:00 0 
7fbf34000000-7fbf34021000 rw-p 00000000 00:00 0 
7fbf34021000-7fbf38000000 ---p 00000000 00:00 0 
7fbf38000000-7fbf38021000 rw-p 00000000 00:00 0 
7fbf38021000-7fbf3c000000 ---p 00000000 00:00 0 
7fbf3c000000-7fbf3c021000 rw-p 00000000 00:00 0 
7fbf3c021000-7fbf40000000 ---p 00000000 00:00 0 
7fbf40000000-7fbf40021000 rw-p 00000000 00:00 0 
7fbf40021000-7fbf44000000 ---p 00000000 00:00 0 
7fbf44000000-7fbf44021000 rw-p 00000000 00:00 0 
7fbf44021000-7fbf48000000 ---p 00000000 00:00 0 
7fbf48000000-7fbf48021000 rw-p 00000000 00:00 0 
7fbf48021000-7fbf4c000000 ---p 00000000 00:00 0 
7fbf4c000000-7fbf4c021000 rw-p 00000000 00:00 0 
7fbf4c021000-7fbf50000000 ---p 00000000 00:00 0 
7fbf50000000-7fbf50021000 rw-p 00000000 00:00 0 
7fbf50021000-7fbf54000000 ---p 00000000 00:00 0 
7fbf54000000-7fbf54021000 rw-p 00000000 00:00 0 
7fbf54021000-7fbf58000000 ---p 00000000 00:00 0 
7fbf58000000-7fbf58007000 r--s 00096000 08:01 1187010                    /opt/jdk1.6.0_45/jre/lib/jsse.jar
7fbf58007000-7fbf58066000 r--s 00bac000 08:01 1317107                    /opt/jdk1.6.0_45/lib/tools.jar
7fbf58066000-7fbf5806c000 r--s 0001e000 08:01 1317102                    /opt/jdk1.6.0_45/lib/dt.jar
7fbf5806c000-7fbf5806e000 r--s 00007000 08:01 2507108                    /usr/lib/parquet/parquet-pig-1.2.5-cdh4.7.0-sources.jar
7fbf5806e000-7fbf5806f000 r--s 00000000 08:01 2498634                    /usr/lib/parquet/parquet-scrooge-1.2.5-cdh4.7.0-sources.jar
7fbf5806f000-7fbf58070000 r--s 00003000 08:01 2507115                    /usr/lib/parquet/parquet-scrooge-1.2.5-cdh4.7.0.jar
7fbf58070000-7fbf58073000 r--s 00024000 08:01 2497992                    /usr/lib/parquet/parquet-pig-1.2.5-cdh4.7.0-javadoc.jar
7fbf58073000-7fbf58074000 r--s 00000000 08:01 2493611                    /usr/lib/parquet/parquet-format-1.0.0-cdh4.7.0-sources.jar
7fbf58074000-7fbf58076000 r--s 00001000 08:01 2507109                    /usr/lib/parquet/parquet-cascading-1.2.5-cdh4.7.0-sources.jar
7fbf58076000-7fbf58088000 r--s 000e9000 08:01 2498001                    /usr/lib/parquet/parquet-pig-1.2.5-cdh4.7.0.jar
7fbf58088000-7fbf58089000 r--s 0000e000 08:01 2497986                    /usr/lib/parquet/parquet-cascading-1.2.5-cdh4.7.0-javadoc.jar
7fbf58089000-7fbf5808b000 r--s 00008000 08:01 2498377                    /usr/lib/parquet/parquet-generator-1.2.5-cdh4.7.0-javadoc.jar
7fbf5808b000-7fbf580a3000 r--s 00196000 08:01 2507307                    /usr/lib/hadoop-0.20-mapreduce/hadoop-core-2.0.0-mr1-cdh4.7.0.jar
7fbf580a3000-7fbf580ac000 r--s 000a4000 08:01 2507449                    /usr/lib/hadoop-0.20-mapreduce/lib/hsqldb-1.8.0.10.jar
7fbf580ac000-7fbf580ad000 r--s 00003000 08:01 2507113                    /usr/lib/parquet/parquet-common-1.2.5-cdh4.7.0.jar
7fbf580ad000-7fbf580ae000 r--s 00000000 08:01 2507107                    /usr/lib/parquet/parquet-pig-bundle-1.2.5-cdh4.7.0-sources.jar
7fbf580ae000-7fbf580b0000 r--s 00011000 08:01 2493615                    /usr/lib/parquet/parquet-hive-1.2.5-cdh4.7.0.jar
7fbf580b0000-7fbf580df000 r--s 0024e000 08:01 2507119                    /usr/lib/parquet/parquet-pig-bundle-1.2.5-cdh4.7.0.jar
7fbf580df000-7fbf580e0000 r--s 00001000 08:01 2507116                    /usr/lib/parquet/parquet-common-1.2.5-cdh4.7.0-sources.jar
7fbf580e0000-7fbf580e1000 r--s 0000c000 08:01 2507102                    /usr/lib/parquet/parquet-avro-1.2.5-cdh4.7.0-javadoc.jar
7fbf580e1000-7fbf580e9000 r--s 00066000 08:01 2491117                    /usr/lib/parquet/parquet-format-1.0.0-cdh4.7.0.jar
7fbf580e9000-7fbf580ea000 r--s 00001000 08:01 2497974                    /usr/lib/parquet/parquet-generator-1.2.5-cdh4.7.0-sources.jar
7fbf580ea000-7fbf580ee000 r--s 00023000 08:01 2507500                    /usr/lib/hadoop-yarn/hadoop-yarn-server-common-2.0.0-cdh4.7.0.jar
7fbf580ee000-7fbf580f0000 r--s 00008000 08:01 2507570                    /usr/lib/hadoop-mapreduce/hadoop-mapreduce-client-jobclient-2.0.0-cdh4.7.0.jar
7fbf580f0000-7fbf580fe000 r--s 000f9000 08:01 2507539                    /usr/lib/hadoop-yarn/hadoop-yarn-common-2.0.0-cdh4.7.0.jar
7fbf580fe000-7fbf580ff000 r--s 00009000 08:01 2507517                    /usr/lib/hadoop-yarn/hadoop-yarn-client-2.0.0-cdh4.7.0.jar
7fbf580ff000-7fbf58108000 r--s 0006a000 08:01 2507582                    /usr/lib/hadoop-mapreduce/hadoop-mapreduce-client-app-2.0.0-cdh4.7.0.jar
7fbf58108000-7fbf58112000 r--s 00089000 08:01 2507581                    /usr/lib/hadoop-mapreduce/hadoop-mapreduce-client-common-2.0.0-cdh4.7.0.jar
7fbf58112000-7fbf58123000 r--s 00102000 08:01 2507513                    /usr/lib/hadoop-yarn/hadoop-yarn-api-2.0.0-cdh4.7.0.jar
7fbf58123000-7fbf58124000 r--s 00006000 08:01 2507579                    /usr/lib/hadoop-mapreduce/hadoop-mapreduce-client-shuffle-2.0.0-cdh4.7.0.jar
7fbf58124000-7fbf58133000 r--s 000b2000 08:01 2507527                    /usr/lib/hadoop-yarn/lib/netty-3.2.4.Final.jar
7fbf58133000-7fbf5814a000 r--s 00145000 08:01 2507563                    /usr/lib/hadoop-mapreduce/hadoop-mapreduce-client-core-2.0.0-cdh4.7.0.jar
7fbf5814a000-7fbf5814e000 r--s 00042000 08:01 2507106                    /usr/lib/parquet/parquet-thrift-1.2.5-cdh4.7.0-javadoc.jar
7fbf5814e000-7fbf58153000 r--s 00053000 08:01 2507105                    /usr/lib/parquet/parquet-hadoop-1.2.5-cdh4.7.0-javadoc.jar
7fbf58153000-7fbf58166000 r--s 000fa000 08:01 2498288                    /usr/lib/parquet/parquet-hadoop-1.2.5-cdh4.7.0.jar
7fbf58166000-7fbf5816f000 r--s 000a6000 08:01 2507114                    /usr/lib/parquet/parquet-column-1.2.5-cdh4.7.0-javadoc.jar
7fbf5816f000-7fbf58171000 r--s 0000a000 08:01 2507110                    /usr/lib/parquet/parquet-avro-1.2.5-cdh4.7.0.jar
7fbf58171000-7fbf58173000 r--s 0000b000 08:01 2507174                    /usr/lib/hadoop/hadoop-auth-2.0.0-cdh4.7.0.jar
7fbf58173000-7fbf58188000 r--s 000fc000 08:01 2507118                    /usr/lib/parquet/parquet-thrift-1.2.5-cdh4.7.0.jar
7fbf58188000-7fbf58198000 r--s 0009d000 08:01 2494466                    /usr/lib/parquet/parquet-column-1.2.5-cdh4.7.0.jar
7fbf58198000-7fbf5819e000 r--s 0003e000 08:01 2497980                    /usr/lib/parquet/parquet-encoding-1.2.5-cdh4.7.0.jar
7fbf5819e000-7fbf581b2000 r--s 00121000 08:01 2507168                    /usr/lib/hadoop/hadoop-common-2.0.0-cdh4.7.0-tests.jar
7fbf581b2000-7fbf581b4000 r--s 0000c000 08:01 2507117                    /usr/lib/parquet/parquet-common-1.2.5-cdh4.7.0-javadoc.jar
7fbf581b4000-7fbf581b6000 r--s 00014000 08:01 2507111                    /usr/lib/parquet/parquet-hadoop-1.2.5-cdh4.7.0-sources.jar
7fbf581b6000-7fbf581b8000 r--s 0000c000 08:01 2498680                    /usr/lib/parquet/parquet-thrift-1.2.5-cdh4.7.0-sources.jar
7fbf581b8000-7fbf581b9000 r--s 00004000 08:01 2507104                    /usr/lib/parquet/parquet-avro-1.2.5-cdh4.7.0-sources.jar
7fbf581b9000-7fbf581ba000 r--s 00001000 08:01 2507103                    /usr/lib/parquet/parquet-test-hadoop2-1.2.5-cdh4.7.0.jar
7fbf581ba000-7fbf581bc000 r--s 00016000 08:01 2507101                    /usr/lib/parquet/parquet-encoding-1.2.5-cdh4.7.0-javadoc.jar
7fbf581bc000-7fbf581be000 r--s 00004000 08:01 2507169                    /usr/lib/hadoop/hadoop-annotations-2.0.0-cdh4.7.0.jar
7fbf581be000-7fbf581c0000 r--s 00004000 08:01 2493609                    /usr/lib/parquet/parquet-format-1.0.0-cdh4.7.0-javadoc.jar
7fbf581c0000-7fbf581c2000 r--s 00004000 08:01 2497989                    /usr/lib/parquet/parquet-cascading-1.2.5-cdh4.7.0.jar
7fbf581c2000-7fbf581c4000 r--s 00006000 08:01 2498383                    /usr/lib/parquet/parquet-scrooge-1.2.5-cdh4.7.0-javadoc.jar
7fbf581c4000-7fbf581c6000 r--s 00008000 08:01 2507120                    /usr/lib/parquet/parquet-hive-1.2.5-cdh4.7.0-sources.jar
7fbf581c6000-7fbf581c7000 r--s 00003000 08:01 2507112                    /usr/lib/parquet/parquet-generator-1.2.5-cdh4.7.0.jar
7fbf581c7000-7fbf581ca000 r--s 0002a000 08:01 2497983                    /usr/lib/parquet/parquet-hive-1.2.5-cdh4.7.0-javadoc.jar
7fbf581ca000-7fbf581ce000 r--s 0001d000 08:01 2497977                    /usr/lib/parquet/parquet-column-1.2.5-cdh4.7.0-sources.jar
7fbf581ce000-7fbf581cf000 r--s 00004000 08:01 2498381                    /usr/lib/parquet/parquet-encoding-1.2.5-cdh4.7.0-sources.jar
7fbf581cf000-7fbf581f4000 r--s 00213000 08:01 2507170                    /usr/lib/hadoop/hadoop-common-2.0.0-cdh4.7.0.jar
7fbf581f4000-7fbf581f6000 r--s 0000e000 08:01 2507224                    /usr/lib/hadoop/lib/activation-1.1.jar
7fbf581f6000-7fbf581fb000 r--s 0003e000 08:01 2507179                    /usr/lib/hadoop/lib/commons-net-3.1.jar
7fbf581fb000-7fbf581fc000 r--s 00004000 08:01 2507225                    /usr/lib/hadoop/lib/jackson-jaxrs-1.8.8.jar
7fbf581fc000-7fbf58200000 r--s 00034000 08:01 2507211                    /usr/lib/hadoop/lib/jackson-core-asl-1.8.8.jar
7fbf58200000-7fbf58202000 r--s 00006000 08:01 2507221                    /usr/lib/hadoop/lib/paranamer-2.3.jar
7fbf58202000-7fbf5820c000 r--s 00066000 08:01 2507231                    /usr/lib/hadoop/lib/jersey-core-1.8.jar
7fbf5820c000-7fbf58212000 r--s 00034000 08:01 2507184                    /usr/lib/hadoop/lib/junit-4.8.2.jar
7fbf58212000-7fbf58216000 r--s 00020000 08:01 2507183                    /usr/lib/hadoop/lib/commons-digester-1.8.jar
7fbf58216000-7fbf58218000 r--s 00005000 08:01 2507176                    /usr/lib/hadoop/lib/slf4j-api-1.6.1.jar
7fbf58218000-7fbf5821a000 r--s 00014000 08:01 2507192                    /usr/lib/hadoop/lib/jline-0.9.94.jar
7fbf5821a000-7fbf5822d000 r--s 000c7000 08:01 2507195                    /usr/lib/hadoop/lib/jaxb-impl-2.2.3-1.jar
7fbf5822d000-7fbf58234000 r--s 00044000 08:01 2507217                    /usr/lib/hadoop/lib/avro-1.7.4.jar
7fbf58234000-7fbf58237000 r--s 00025000 08:01 2507222                    /usr/lib/hadoop/lib/commons-io-2.1.jar
7fbf58237000-7fbf5823b000 r--s 00014000 08:01 2507194                    /usr/lib/hadoop/lib/xz-1.0.jar
7fbf5823b000-7fbf5825c000 r--s 00172000 08:01 2507218                    /usr/lib/hadoop/lib/guava-11.0.2.jar
7fbf5825c000-7fbf58260000 r--s 0002f000 08:01 2507228                    /usr/lib/hadoop/lib/commons-beanutils-core-1.8.0.jar
7fbf58260000-7fbf58271000 r--s 000bb000 08:01 2507212                    /usr/lib/hadoop/lib/commons-math-2.1.jar
7fbf58271000-7fbf58272000 r--s 00002000 08:01 2507185                    /usr/lib/hadoop/lib/kfs-0.3.jar
7fbf58272000-7fbf5827f000 r--s 00097000 08:01 2507180                    /usr/lib/hadoop/lib/jackson-mapper-asl-1.8.8.jar
7fbf5827f000-7fbf58282000 r--s 00017000 08:01 2507214                    /usr/lib/hadoop/lib/jaxb-api-2.2.2.jar
7fbf58282000-7fbf58287000 r--s 00036000 08:01 2507227                    /usr/lib/hadoop/lib/commons-compress-1.4.1.jar
7fbf58287000-7fbf58299000 r--s 00131000 08:01 2507049                    /usr/lib/zookeeper/zookeeper-3.4.5-cdh4.7.0.jar
7fbf58299000-7fbf5829c000 r--s 00019000 08:01 2507215                    /usr/lib/hadoop/lib/commons-el-1.0.jar
7fbf5829c000-7fbf582a1000 r--s 0005f000 08:01 2507213                    /usr/lib/hadoop/lib/jasper-compiler-5.5.23.jar
7fbf582a1000-7fbf582a3000 r--s 0000d000 08:01 2507219                    /usr/lib/hadoop/lib/commons-logging-1.1.1.jar
7fbf582a3000-7fbf582a8000 r--s 0002a000 08:01 2507196                    /usr/lib/hadoop/lib/commons-beanutils-1.7.0.jar
7fbf582a8000-7fbf582ae000 r--s 00068000 08:01 2507234                    /usr/lib/hadoop/lib/protobuf-java-2.4.0a.jar
7fbf582ae000-7fbf582af000 r--s 00007000 08:01 2507186                    /usr/lib/hadoop/lib/jackson-xc-1.8.8.jar
7fbf582af000-7fbf582b1000 r--s 00009000 08:01 2507200                    /usr/lib/hadoop/lib/commons-cli-1.2.jar
7fbf582b1000-7fbf582b3000 r--s 00011000 08:01 2507199                    /usr/lib/hadoop/lib/jasper-runtime-5.5.23.jar
7fbf582b3000-7fbf582b5000 r--s 0000d000 08:01 2507201                    /usr/lib/hadoop/lib/commons-codec-1.4.jar
7fbf582b5000-7fbf582d2000 r--s 0013e000 08:01 2507197                    /usr/lib/hadoop/lib/mockito-all-1.8.5.jar
7fbf582d2000-7fbf582d8000 r--s 0007e000 08:01 2507178                    /usr/lib/hadoop/lib/jetty-6.1.26.cloudera.2.jar
7fbf582d8000-7fbf582e9000 r--s 00099000 08:01 2507181                    /usr/lib/hadoop/lib/jersey-server-1.8.jar
7fbf582e9000-7fbf582ea000 r--s 00003000 08:01 2507182                    /usr/lib/hadoop/lib/xmlenc-0.52.jar
7fbf582ea000-7fbf582ec000 r--s 00005000 08:01 2507188                    /usr/lib/hadoop/lib/stax-api-1.0.1.jar
7fbf582ec000-7fbf582ee000 r--s 00018000 08:01 2507229                    /usr/lib/hadoop/lib/servlet-api-2.5.jar
7fbf582ee000-7fbf582f2000 r--s 00028000 08:01 2507177                    /usr/lib/hadoop/lib/jetty-util-6.1.26.cloudera.2.jar
7fbf582f2000-7fbf582f8000 r--s 00045000 08:01 2507193                    /usr/lib/hadoop/lib/commons-httpclient-3.1.jar
7fbf582f8000-7fbf582fe000 r--s 00043000 08:01 2507220                    /usr/lib/hadoop/lib/commons-configuration-1.6.jar
7fbf582fe000-7fbf58301000 r--s 0002b000 08:01 2507232                    /usr/lib/hadoop/lib/jsch-0.1.42.jar
7fbf58301000-7fbf58304000 r--s 00006000 08:01 2507191                    /usr/lib/hadoop/lib/jsr305-1.3.9.jar
7fbf58304000-7fbf58305000 r--s 0000a000 08:01 2507210                    /usr/lib/hadoop/lib/asm-3.2.jar
7fbf58305000-7fbf58307000 r--s 0000f000 08:01 2507233                    /usr/lib/hadoop/lib/jettison-1.1.jar
7fbf58307000-7fbf5830c000 r--s 00040000 08:01 2507226                    /usr/lib/hadoop/lib/commons-lang-2.5.jar
7fbf5830c000-7fbf58310000 r--s 00021000 08:01 2507189                    /usr/lib/hadoop/lib/jersey-json-1.8.jar
7fbf58310000-7fbf58312000 r--s 000f2000 08:01 2507216                    /usr/lib/hadoop/lib/snappy-java-1.0.4.1.jar
7fbf58312000-7fbf58315000 r--s 00016000 08:01 2507187                    /usr/lib/hadoop/lib/jsp-api-2.1.jar
7fbf58315000-7fbf5831a000 r--s 0004a000 08:01 2507190                    /usr/lib/hadoop/lib/jets3t-0.6.1.jar
7fbf5831a000-7fbf58323000 r--s 0006f000 08:01 2507198                    /usr/lib/hadoop/lib/log4j-1.2.17.jar
7fbf58323000-7fbf5833d000 r--s 0013b000 08:01 2507223                    /usr/lib/hadoop/lib/cloudera-jets3t-2.0.0-cdh4.7.0.jar
7fbf5833d000-7fbf5834b000 r--s 0007f000 08:01 2507230                    /usr/lib/hadoop/lib/commons-collections-3.2.1.jar
7fbf5834b000-7fbf5835f000 r--s 00193000 08:01 2507248                    /usr/lib/hadoop-hdfs/hadoop-hdfs-2.0.0-cdh4.7.0-tests.jar
7fbf5835f000-7fbf5839a000 r--s 00421000 08:01 2507249                    /usr/lib/hadoop-hdfs/hadoop-hdfs-2.0.0-cdh4.7.0.jar
7fbf5839a000-7fbf5839c000 r--s 00003000 08:01 2507295                    /usr/lib/hadoop-hdfs/lib/commons-daemon-1.0.3.jar
7fbf5839c000-7fbf583a0000 r--s 00034000 08:01 2507293                    /usr/lib/hadoop-hdfs/lib/jackson-core-asl-1.8.8.jar
7fbf583a0000-7fbf583aa000 r--s 00066000 08:01 2507302                    /usr/lib/hadoop-hdfs/lib/jersey-core-1.8.jar
7fbf583aa000-7fbf583ac000 r--s 00014000 08:01 2507287                    /usr/lib/hadoop-hdfs/lib/jline-0.9.94.jar
7fbf583ac000-7fbf583af000 r--s 00025000 08:01 2507299                    /usr/lib/hadoop-hdfs/lib/commons-io-2.1.jar
7fbf583af000-7fbf583d0000 r--s 00172000 08:01 2507297                    /usr/lib/hadoop-hdfs/lib/guava-11.0.2.jar
7fbf583d0000-7fbf583dd000 r--s 00097000 08:01 2507282                    /usr/lib/hadoop-hdfs/lib/jackson-mapper-asl-1.8.8.jar
7fbf583dd000-7fbf583ef000 r--s 00131000 08:01 2507296                    /usr/lib/hadoop-hdfs/lib/zookeeper-3.4.5-cdh4.7.0.jar
7fbf583ef000-7fbf583f2000 r--s 00019000 08:01 2507294                    /usr/lib/hadoop-hdfs/lib/commons-el-1.0.jar
7fbf583f2000-7fbf583f4000 r--s 0000d000 08:01 2507298                    /usr/lib/hadoop-hdfs/lib/commons-logging-1.1.1.jar
7fbf583f4000-7fbf583fa000 r--s 00068000 08:01 2507303                    /usr/lib/hadoop-hdfs/lib/protobuf-java-2.4.0a.jar
7fbf583fa000-7fbf583fc000 r--s 00009000 08:01 2507290                    /usr/lib/hadoop-hdfs/lib/commons-cli-1.2.jar
7fbf583fc000-7fbf583fe000 r--s 00011000 08:01 2507289                    /usr/lib/hadoop-hdfs/lib/jasper-runtime-5.5.23.jar
7fbf583fe000-7fbf58400000 r--s 0000d000 08:01 2507291                    /usr/lib/hadoop-hdfs/lib/commons-codec-1.4.jar
7fbf58400000-7fbf58406000 r--s 0007e000 08:01 2507281                    /usr/lib/hadoop-hdfs/lib/jetty-6.1.26.cloudera.2.jar
7fbf58406000-7fbf58417000 r--s 00099000 08:01 2507283                    /usr/lib/hadoop-hdfs/lib/jersey-server-1.8.jar
7fbf58417000-7fbf58419000 r--s 00018000 08:01 2507301                    /usr/lib/hadoop-hdfs/lib/servlet-api-2.5.jar
7fbf58419000-7fbf5841a000 ---p 00000000 00:00 0 
7fbf5841a000-7fbf5851a000 rwxp 00000000 00:00 0                          [stack:8205]
7fbf5851a000-7fbf5851d000 ---p 00000000 00:00 0 
7fbf5851d000-7fbf5861b000 rwxp 00000000 00:00 0                          [stack:8204]
7fbf5861b000-7fbf5861e000 ---p 00000000 00:00 0 
7fbf5861e000-7fbf5871c000 rwxp 00000000 00:00 0                          [stack:8203]
7fbf5871c000-7fbf5871f000 ---p 00000000 00:00 0 
7fbf5871f000-7fbf5881d000 rwxp 00000000 00:00 0                          [stack:8202]
7fbf5881d000-7fbf58820000 ---p 00000000 00:00 0 
7fbf58820000-7fbf5891e000 rwxp 00000000 00:00 0                          [stack:8201]
7fbf5891e000-7fbf59002000 r--p 00000000 08:01 2497244                    /usr/lib/locale/locale-archive
7fbf59002000-7fbf59005000 ---p 00000000 00:00 0 
7fbf59005000-7fbf59103000 rwxp 00000000 00:00 0                          [stack:8200]
7fbf59103000-7fbf59106000 ---p 00000000 00:00 0 
7fbf59106000-7fbf59204000 rwxp 00000000 00:00 0                          [stack:8199]
7fbf59204000-7fbf59205000 ---p 00000000 00:00 0 
7fbf59205000-7fbf59305000 rwxp 00000000 00:00 0                          [stack:8198]
7fbf59305000-7fbf59e44000 rw-p 00000000 00:00 0 
7fbf59e44000-7fbf59fdd000 r--s 03087000 08:01 1187055                    /opt/jdk1.6.0_45/jre/lib/rt.jar
7fbf59fdd000-7fbf5a005000 rw-p 00000000 00:00 0 
7fbf5a005000-7fbf5a006000 ---p 00000000 00:00 0 
7fbf5a006000-7fbf5a106000 rwxp 00000000 00:00 0                          [stack:8197]
7fbf5a106000-7fbf5a107000 ---p 00000000 00:00 0 
7fbf5a107000-7fbf5a207000 rwxp 00000000 00:00 0                          [stack:8196]
7fbf5a207000-7fbf5a208000 ---p 00000000 00:00 0 
7fbf5a208000-7fbf5a308000 rwxp 00000000 00:00 0                          [stack:8195]
7fbf5a308000-7fbf5a309000 ---p 00000000 00:00 0 
7fbf5a309000-7fbf5a409000 rwxp 00000000 00:00 0                          [stack:8194]
7fbf5a409000-7fbf5a40a000 ---p 00000000 00:00 0 
7fbf5a40a000-7fbf5a50a000 rwxp 00000000 00:00 0                          [stack:8193]
7fbf5a50a000-7fbf5a50b000 ---p 00000000 00:00 0 
7fbf5a50b000-7fbf5a60b000 rwxp 00000000 00:00 0                          [stack:8192]
7fbf5a60b000-7fbf5a60c000 ---p 00000000 00:00 0 
7fbf5a60c000-7fbf5a70c000 rwxp 00000000 00:00 0                          [stack:8191]
7fbf5a70c000-7fbf5a70d000 ---p 00000000 00:00 0 
7fbf5a70d000-7fbf5a80d000 rwxp 00000000 00:00 0                          [stack:8190]
7fbf5a80d000-7fbf5a80e000 ---p 00000000 00:00 0 
7fbf5a80e000-7fbf5a90e000 rwxp 00000000 00:00 0                          [stack:8189]
7fbf5a90e000-7fbf5a90f000 ---p 00000000 00:00 0 
7fbf5a90f000-7fbf5aa0f000 rwxp 00000000 00:00 0                          [stack:8188]
7fbf5aa0f000-7fbf5aa1a000 rw-p 00000000 00:00 0 
7fbf5aa1a000-7fbf5aa38000 rw-p 00000000 00:00 0 
7fbf5aa38000-7fbf5ab88000 rw-p 00000000 00:00 0 
7fbf5ab88000-7fbf5bf2e000 rw-p 00000000 00:00 0 
7fbf5bf2e000-7fbf5bf39000 rw-p 00000000 00:00 0 
7fbf5bf39000-7fbf5bf57000 rw-p 00000000 00:00 0 
7fbf5bf57000-7fbf5c0a7000 rw-p 00000000 00:00 0 
7fbf5c0a7000-7fbf5d44d000 rw-p 00000000 00:00 0 
7fbf5d44d000-7fbf5d4f5000 rw-p 00000000 00:00 0 
7fbf5d4f5000-7fbf5dec8000 rw-p 00000000 00:00 0 
7fbf5dec8000-7fbf5dec9000 rw-p 00000000 00:00 0 
7fbf5dec9000-7fbf5e139000 rwxp 00000000 00:00 0 
7fbf5e139000-7fbf60ec9000 rw-p 00000000 00:00 0 
7fbf60ec9000-7fbf60ed7000 r-xp 00000000 08:01 1186976                    /opt/jdk1.6.0_45/jre/lib/amd64/libzip.so
7fbf60ed7000-7fbf60fd9000 ---p 0000e000 08:01 1186976                    /opt/jdk1.6.0_45/jre/lib/amd64/libzip.so
7fbf60fd9000-7fbf60fdc000 rw-p 00010000 08:01 1186976                    /opt/jdk1.6.0_45/jre/lib/amd64/libzip.so
7fbf60fdc000-7fbf60fdd000 rw-p 00000000 00:00 0 
7fbf60fdd000-7fbf60fe9000 r-xp 00000000 08:01 531515                     /lib/x86_64-linux-gnu/libnss_files-2.15.so
7fbf60fe9000-7fbf611e8000 ---p 0000c000 08:01 531515                     /lib/x86_64-linux-gnu/libnss_files-2.15.so
7fbf611e8000-7fbf611e9000 r--p 0000b000 08:01 531515                     /lib/x86_64-linux-gnu/libnss_files-2.15.so
7fbf611e9000-7fbf611ea000 rw-p 0000c000 08:01 531515                     /lib/x86_64-linux-gnu/libnss_files-2.15.so
7fbf611ea000-7fbf611f4000 r-xp 00000000 08:01 531511                     /lib/x86_64-linux-gnu/libnss_nis-2.15.so
7fbf611f4000-7fbf613f4000 ---p 0000a000 08:01 531511                     /lib/x86_64-linux-gnu/libnss_nis-2.15.so
7fbf613f4000-7fbf613f5000 r--p 0000a000 08:01 531511                     /lib/x86_64-linux-gnu/libnss_nis-2.15.so
7fbf613f5000-7fbf613f6000 rw-p 0000b000 08:01 531511                     /lib/x86_64-linux-gnu/libnss_nis-2.15.so
7fbf613f6000-7fbf613fe000 r-xp 00000000 08:01 531517                     /lib/x86_64-linux-gnu/libnss_compat-2.15.so
7fbf613fe000-7fbf615fd000 ---p 00008000 08:01 531517                     /lib/x86_64-linux-gnu/libnss_compat-2.15.so
7fbf615fd000-7fbf615fe000 r--p 00007000 08:01 531517                     /lib/x86_64-linux-gnu/libnss_compat-2.15.so
7fbf615fe000-7fbf615ff000 rw-p 00008000 08:01 531517                     /lib/x86_64-linux-gnu/libnss_compat-2.15.so
7fbf615ff000-7fbf61616000 r-xp 00000000 08:01 531514                     /lib/x86_64-linux-gnu/libnsl-2.15.so
7fbf61616000-7fbf61815000 ---p 00017000 08:01 531514                     /lib/x86_64-linux-gnu/libnsl-2.15.so
7fbf61815000-7fbf61816000 r--p 00016000 08:01 531514                     /lib/x86_64-linux-gnu/libnsl-2.15.so
7fbf61816000-7fbf61817000 rw-p 00017000 08:01 531514                     /lib/x86_64-linux-gnu/libnsl-2.15.so
7fbf61817000-7fbf61819000 rw-p 00000000 00:00 0 
7fbf61819000-7fbf61842000 r-xp 00000000 08:01 1186989                    /opt/jdk1.6.0_45/jre/lib/amd64/libjava.so
7fbf61842000-7fbf61941000 ---p 00029000 08:01 1186989                    /opt/jdk1.6.0_45/jre/lib/amd64/libjava.so
7fbf61941000-7fbf61948000 rw-p 00028000 08:01 1186989                    /opt/jdk1.6.0_45/jre/lib/amd64/libjava.so
7fbf61948000-7fbf6194f000 r-xp 00000000 08:01 531506                     /lib/x86_64-linux-gnu/librt-2.15.so
7fbf6194f000-7fbf61b4e000 ---p 00007000 08:01 531506                     /lib/x86_64-linux-gnu/librt-2.15.so
7fbf61b4e000-7fbf61b4f000 r--p 00006000 08:01 531506                     /lib/x86_64-linux-gnu/librt-2.15.so
7fbf61b4f000-7fbf61b50000 rw-p 00007000 08:01 531506                     /lib/x86_64-linux-gnu/librt-2.15.so
7fbf61b50000-7fbf61b66000 r-xp 00000000 08:01 528394                     /lib/x86_64-linux-gnu/libz.so.1.2.3.4
7fbf61b66000-7fbf61d65000 ---p 00016000 08:01 528394                     /lib/x86_64-linux-gnu/libz.so.1.2.3.4
7fbf61d65000-7fbf61d66000 r--p 00015000 08:01 528394                     /lib/x86_64-linux-gnu/libz.so.1.2.3.4
7fbf61d66000-7fbf61d67000 rw-p 00016000 08:01 528394                     /lib/x86_64-linux-gnu/libz.so.1.2.3.4
7fbf61d67000-7fbf61d69000 r-xp 00000000 08:01 531523                     /lib/x86_64-linux-gnu/libdl-2.15.so
7fbf61d69000-7fbf61f69000 ---p 00002000 08:01 531523                     /lib/x86_64-linux-gnu/libdl-2.15.so
7fbf61f69000-7fbf61f6a000 r--p 00002000 08:01 531523                     /lib/x86_64-linux-gnu/libdl-2.15.so
7fbf61f6a000-7fbf61f6b000 rw-p 00003000 08:01 531523                     /lib/x86_64-linux-gnu/libdl-2.15.so
7fbf61f6b000-7fbf62889000 r-xp 00000000 08:01 1316642                    /opt/jdk1.6.0_45/jre/lib/amd64/server/libjvm.so
7fbf62889000-7fbf6298b000 ---p 0091e000 08:01 1316642                    /opt/jdk1.6.0_45/jre/lib/amd64/server/libjvm.so
7fbf6298b000-7fbf62b41000 rw-p 00920000 08:01 1316642                    /opt/jdk1.6.0_45/jre/lib/amd64/server/libjvm.so
7fbf62b41000-7fbf62b7b000 rw-p 00000000 00:00 0 
7fbf62b7b000-7fbf62c76000 r-xp 00000000 08:01 531522                     /lib/x86_64-linux-gnu/libm-2.15.so
7fbf62c76000-7fbf62e75000 ---p 000fb000 08:01 531522                     /lib/x86_64-linux-gnu/libm-2.15.so
7fbf62e75000-7fbf62e76000 r--p 000fa000 08:01 531522                     /lib/x86_64-linux-gnu/libm-2.15.so
7fbf62e76000-7fbf62e77000 rw-p 000fb000 08:01 531522                     /lib/x86_64-linux-gnu/libm-2.15.so
7fbf62e77000-7fbf63029000 r-xp 00000000 08:01 528270                     /lib/x86_64-linux-gnu/libcrypto.so.1.0.0
7fbf63029000-7fbf63228000 ---p 001b2000 08:01 528270                     /lib/x86_64-linux-gnu/libcrypto.so.1.0.0
7fbf63228000-7fbf63243000 r--p 001b1000 08:01 528270                     /lib/x86_64-linux-gnu/libcrypto.so.1.0.0
7fbf63243000-7fbf6324e000 rw-p 001cc000 08:01 528270                     /lib/x86_64-linux-gnu/libcrypto.so.1.0.0
7fbf6324e000-7fbf63252000 rw-p 00000000 00:00 0 
7fbf63252000-7fbf632a7000 r-xp 00000000 08:01 528267                     /lib/x86_64-linux-gnu/libssl.so.1.0.0
7fbf632a7000-7fbf634a6000 ---p 00055000 08:01 528267                     /lib/x86_64-linux-gnu/libssl.so.1.0.0
7fbf634a6000-7fbf634a9000 r--p 00054000 08:01 528267                     /lib/x86_64-linux-gnu/libssl.so.1.0.0
7fbf634a9000-7fbf634b0000 rw-p 00057000 08:01 528267                     /lib/x86_64-linux-gnu/libssl.so.1.0.0
7fbf634b0000-7fbf63664000 r-xp 00000000 08:01 531512                     /lib/x86_64-linux-gnu/libc-2.15.so
7fbf63664000-7fbf63864000 ---p 001b4000 08:01 531512                     /lib/x86_64-linux-gnu/libc-2.15.so
7fbf63864000-7fbf63868000 r--p 001b4000 08:01 531512                     /lib/x86_64-linux-gnu/libc-2.15.so
7fbf63868000-7fbf6386a000 rw-p 001b8000 08:01 531512                     /lib/x86_64-linux-gnu/libc-2.15.so
7fbf6386a000-7fbf6386f000 rw-p 00000000 00:00 0 
7fbf6386f000-7fbf63887000 r-xp 00000000 08:01 531513                     /lib/x86_64-linux-gnu/libpthread-2.15.so
7fbf63887000-7fbf63a86000 ---p 00018000 08:01 531513                     /lib/x86_64-linux-gnu/libpthread-2.15.so
7fbf63a86000-7fbf63a87000 r--p 00017000 08:01 531513                     /lib/x86_64-linux-gnu/libpthread-2.15.so
7fbf63a87000-7fbf63a88000 rw-p 00018000 08:01 531513                     /lib/x86_64-linux-gnu/libpthread-2.15.so
7fbf63a88000-7fbf63a8c000 rw-p 00000000 00:00 0 
7fbf63a8c000-7fbf63aa2000 r-xp 00000000 08:01 528271                     /lib/x86_64-linux-gnu/libgcc_s.so.1
7fbf63aa2000-7fbf63ca1000 ---p 00016000 08:01 528271                     /lib/x86_64-linux-gnu/libgcc_s.so.1
7fbf63ca1000-7fbf63ca2000 r--p 00015000 08:01 528271                     /lib/x86_64-linux-gnu/libgcc_s.so.1
7fbf63ca2000-7fbf63ca3000 rw-p 00016000 08:01 528271                     /lib/x86_64-linux-gnu/libgcc_s.so.1
7fbf63ca3000-7fbf63e10000 r-xp 00000000 08:01 2521278                    /usr/lib/x86_64-linux-gnu/libstdc++.so.6.0.21
7fbf63e10000-7fbf64010000 ---p 0016d000 08:01 2521278                    /usr/lib/x86_64-linux-gnu/libstdc++.so.6.0.21
7fbf64010000-7fbf6401a000 r--p 0016d000 08:01 2521278                    /usr/lib/x86_64-linux-gnu/libstdc++.so.6.0.21
7fbf6401a000-7fbf6401c000 rw-p 00177000 08:01 2521278                    /usr/lib/x86_64-linux-gnu/libstdc++.so.6.0.21
7fbf6401c000-7fbf64020000 rw-p 00000000 00:00 0 
7fbf64020000-7fbf64034000 r-xp 00000000 08:01 2525251                    /usr/lib/x86_64-linux-gnu/libboost_filesystem.so.1.55.0
7fbf64034000-7fbf64234000 ---p 00014000 08:01 2525251                    /usr/lib/x86_64-linux-gnu/libboost_filesystem.so.1.55.0
7fbf64234000-7fbf64235000 r--p 00014000 08:01 2525251                    /usr/lib/x86_64-linux-gnu/libboost_filesystem.so.1.55.0
7fbf64235000-7fbf64236000 rw-p 00015000 08:01 2525251                    /usr/lib/x86_64-linux-gnu/libboost_filesystem.so.1.55.0
7fbf64236000-7fbf64239000 r-xp 00000000 08:01 2525247                    /usr/lib/x86_64-linux-gnu/libboost_system.so.1.55.0
7fbf64239000-7fbf64438000 ---p 00003000 08:01 2525247                    /usr/lib/x86_64-linux-gnu/libboost_system.so.1.55.0
7fbf64438000-7fbf64439000 r--p 00002000 08:01 2525247                    /usr/lib/x86_64-linux-gnu/libboost_system.so.1.55.0
7fbf64439000-7fbf6443a000 rw-p 00003000 08:01 2525247                    /usr/lib/x86_64-linux-gnu/libboost_system.so.1.55.0
7fbf6443a000-7fbf64446000 r-xp 00000000 08:01 2507820                    /usr/lib/libhdfs.so.0.0.0
7fbf64446000-7fbf64645000 ---p 0000c000 08:01 2507820                    /usr/lib/libhdfs.so.0.0.0
7fbf64645000-7fbf64646000 r--p 0000b000 08:01 2507820                    /usr/lib/libhdfs.so.0.0.0
7fbf64646000-7fbf64647000 rw-p 0000c000 08:01 2507820                    /usr/lib/libhdfs.so.0.0.0
7fbf64647000-7fbf64664000 r-xp 00000000 08:01 2772799                    /usr/local/lib/libglog.so.0.0.0
7fbf64664000-7fbf64863000 ---p 0001d000 08:01 2772799                    /usr/local/lib/libglog.so.0.0.0
7fbf64863000-7fbf64864000 r--p 0001c000 08:01 2772799                    /usr/local/lib/libglog.so.0.0.0
7fbf64864000-7fbf64865000 rw-p 0001d000 08:01 2772799                    /usr/local/lib/libglog.so.0.0.0
7fbf64865000-7fbf64875000 rw-p 00000000 00:00 0 
7fbf64875000-7fbf64914000 r-xp 00000000 08:01 2772706                    /usr/local/lib/libthrift-0.9.2.so
7fbf64914000-7fbf64b14000 ---p 0009f000 08:01 2772706                    /usr/local/lib/libthrift-0.9.2.so
7fbf64b14000-7fbf64b1a000 r--p 0009f000 08:01 2772706                    /usr/local/lib/libthrift-0.9.2.so
7fbf64b1a000-7fbf64b1c000 rw-p 000a5000 08:01 2772706                    /usr/local/lib/libthrift-0.9.2.so
7fbf64b1c000-7fbf64b3e000 r-xp 00000000 08:01 531521                     /lib/x86_64-linux-gnu/ld-2.15.so
7fbf64b3e000-7fbf64b3f000 r--s 00002000 08:01 2507054                    /usr/lib/zookeeper/lib/slf4j-log4j12-1.6.1.jar
7fbf64b3f000-7fbf64b43000 r--s 00028000 08:01 2507280                    /usr/lib/hadoop-hdfs/lib/jetty-util-6.1.26.cloudera.2.jar
7fbf64b43000-7fbf64b46000 r--s 00006000 08:01 2507286                    /usr/lib/hadoop-hdfs/lib/jsr305-1.3.9.jar
7fbf64b46000-7fbf64b4b000 r--s 00040000 08:01 2507300                    /usr/lib/hadoop-hdfs/lib/commons-lang-2.5.jar
7fbf64b4b000-7fbf64b55000 rw-p 00000000 00:00 0 
7fbf64b55000-7fbf64c0b000 rw-p 00000000 00:00 0 
7fbf64c0b000-7fbf64c18000 r-xp 00000000 08:01 1186971                    /opt/jdk1.6.0_45/jre/lib/amd64/libverify.so
7fbf64c18000-7fbf64d17000 ---p 0000d000 08:01 1186971                    /opt/jdk1.6.0_45/jre/lib/amd64/libverify.so
7fbf64d17000-7fbf64d1a000 rw-p 0000c000 08:01 1186971                    /opt/jdk1.6.0_45/jre/lib/amd64/libverify.so
7fbf64d1a000-7fbf64d23000 rw-p 00000000 00:00 0 
7fbf64d23000-7fbf64d24000 r--s 00003000 08:01 2507284                    /usr/lib/hadoop-hdfs/lib/xmlenc-0.52.jar
7fbf64d24000-7fbf64d25000 r--s 0000a000 08:01 2507292                    /usr/lib/hadoop-hdfs/lib/asm-3.2.jar
7fbf64d25000-7fbf64d28000 r--s 00016000 08:01 2507285                    /usr/lib/hadoop-hdfs/lib/jsp-api-2.1.jar
7fbf64d28000-7fbf64d31000 r--s 0006f000 08:01 2507288                    /usr/lib/hadoop-hdfs/lib/log4j-1.2.17.jar
7fbf64d31000-7fbf64d39000 rw-s 00000000 08:01 2230619                    /tmp/hsperfdata_mapred/8187
7fbf64d39000-7fbf64d3a000 rw-p 00000000 00:00 0 
7fbf64d3a000-7fbf64d3b000 r--p 00000000 00:00 0 
7fbf64d3b000-7fbf64d3e000 rw-p 00000000 00:00 0 
7fbf64d3e000-7fbf64d3f000 r--p 00022000 08:01 531521                     /lib/x86_64-linux-gnu/ld-2.15.so
7fbf64d3f000-7fbf64d41000 rw-p 00023000 08:01 531521                     /lib/x86_64-linux-gnu/ld-2.15.so
7fff8530c000-7fff8530f000 ---p 00000000 00:00 0 
7fff85310000-7fff8540c000 rwxp 00000000 00:00 0                          [stack]
7fff8540c000-7fff85412000 rw-p 00000000 00:00 0 
7fff855e3000-7fff855e5000 r-xp 00000000 00:00 0                          [vdso]
ffffffffff600000-ffffffffff601000 r-xp 00000000 00:00 0                  [vsyscall]

VM Arguments:
java_command: <unknown>
Launcher Type: generic

Environment Variables:
JAVA_HOME=/opt/jdk1.6.0_45
JRE_HOME=/opt/jdk1.6.0_45/jre
PATH=/opt/gocode/bin:/opt/jdk1.6.0_45/bin:/opt/jdk1.6.0_45/jre/bin:/usr/local/go/bin:/usr/local/sbin:/usr/local/bin:/usr/sbin:/usr/bin:/sbin:/bin:/usr/games
LD_LIBRARY_PATH=/opt/jdk1.6.0_45/jre/lib/amd64/server:/c++/Linux-amd64-64/lib:/usr/local/lib:/usr/lib
SHELL=/bin/bash

Signal Handlers:
SIGSEGV: [libjvm.so+0x862a30], sa_mask[0]=0x7ffbfeff, sa_flags=0x10000004
SIGBUS: [libjvm.so+0x862a30], sa_mask[0]=0x7ffbfeff, sa_flags=0x10000004
SIGFPE: [libjvm.so+0x7106f0], sa_mask[0]=0x7ffbfeff, sa_flags=0x10000004
SIGPIPE: [libjvm.so+0x7106f0], sa_mask[0]=0x7ffbfeff, sa_flags=0x10000004
SIGXFSZ: [libjvm.so+0x7106f0], sa_mask[0]=0x7ffbfeff, sa_flags=0x10000004
SIGILL: [libjvm.so+0x7106f0], sa_mask[0]=0x7ffbfeff, sa_flags=0x10000004
SIGUSR1: SIG_DFL, sa_mask[0]=0x00000000, sa_flags=0x00000000
SIGUSR2: [libjvm.so+0x713520], sa_mask[0]=0x00000000, sa_flags=0x10000004
SIGHUP: [libjvm.so+0x713120], sa_mask[0]=0x7ffbfeff, sa_flags=0x10000004
SIGINT: [libjvm.so+0x713120], sa_mask[0]=0x7ffbfeff, sa_flags=0x10000004
SIGTERM: [libjvm.so+0x713120], sa_mask[0]=0x7ffbfeff, sa_flags=0x10000004
SIGQUIT: [libjvm.so+0x713120], sa_mask[0]=0x7ffbfeff, sa_flags=0x10000004


---------------  S Y S T E M  ---------------

OS:wheezy/sid

uname:Linux 3.11.0-15-generic #25~precise1-Ubuntu SMP Thu Jan 30 17:39:31 UTC 2014 x86_64
libc:glibc 2.15 NPTL 2.15 
rlimit: STACK 8192k, CORE 0k, NPROC 65536, NOFILE 32768, AS infinity
load average:2.75 1.51 1.21

/proc/meminfo:
MemTotal:       65929444 kB
MemFree:         2907060 kB
Buffers:          512192 kB
Cached:         56248144 kB
SwapCached:            0 kB
Active:         19726760 kB
Inactive:       40756000 kB
Active(anon):    3248500 kB
Inactive(anon):   480524 kB
Active(file):   16478260 kB
Inactive(file): 40275476 kB
Unevictable:           0 kB
Mlocked:               0 kB
SwapTotal:      67059708 kB
SwapFree:       67059708 kB
Dirty:              5568 kB
Writeback:             0 kB
AnonPages:       3722732 kB
Mapped:           185432 kB
Shmem:              6592 kB
Slab:            2036084 kB
SReclaimable:    1972604 kB
SUnreclaim:        63480 kB
KernelStack:        6816 kB
PageTables:        48172 kB
NFS_Unstable:          0 kB
Bounce:                0 kB
WritebackTmp:          0 kB
CommitLimit:    100024428 kB
Committed_AS:    9581616 kB
VmallocTotal:   34359738367 kB
VmallocUsed:      397028 kB
VmallocChunk:   34359338300 kB
HardwareCorrupted:     0 kB
AnonHugePages:         0 kB
HugePages_Total:       0
HugePages_Free:        0
HugePages_Rsvd:        0
HugePages_Surp:        0
Hugepagesize:       2048 kB
DirectMap4k:       99264 kB
DirectMap2M:     6146048 kB
DirectMap1G:    60817408 kB


CPU:total 12 (6 cores per cpu, 2 threads per core) family 6 model 45 stepping 7, cmov, cx8, fxsr, mmx, sse, sse2, sse3, ssse3, sse4.1, sse4.2, popcnt, ht

/proc/cpuinfo:
processor	: 0
vendor_id	: GenuineIntel
cpu family	: 6
model		: 45
model name	: Intel(R) Xeon(R) CPU E5-2620 0 @ 2.00GHz
stepping	: 7
microcode	: 0x70b
cpu MHz		: 2000.050
cache size	: 15360 KB
physical id	: 0
siblings	: 12
core id		: 0
cpu cores	: 6
apicid		: 0
initial apicid	: 0
fpu		: yes
fpu_exception	: yes
cpuid level	: 13
wp		: yes
flags		: fpu vme de pse tsc msr pae mce cx8 apic sep mtrr pge mca cmov pat pse36 clflush dts acpi mmx fxsr sse sse2 ss ht tm pbe syscall nx pdpe1gb rdtscp lm constant_tsc arch_perfmon pebs bts rep_good nopl xtopology nonstop_tsc aperfmperf eagerfpu pni pclmulqdq dtes64 monitor ds_cpl vmx smx est tm2 ssse3 cx16 xtpr pdcm pcid dca sse4_1 sse4_2 x2apic popcnt tsc_deadline_timer aes xsave avx lahf_lm ida arat xsaveopt pln pts dtherm tpr_shadow vnmi flexpriority ept vpid
bogomips	: 4000.10
clflush size	: 64
cache_alignment	: 64
address sizes	: 46 bits physical, 48 bits virtual
power management:

processor	: 1
vendor_id	: GenuineIntel
cpu family	: 6
model		: 45
model name	: Intel(R) Xeon(R) CPU E5-2620 0 @ 2.00GHz
stepping	: 7
microcode	: 0x70b
cpu MHz		: 2000.050
cache size	: 15360 KB
physical id	: 0
siblings	: 12
core id		: 1
cpu cores	: 6
apicid		: 2
initial apicid	: 2
fpu		: yes
fpu_exception	: yes
cpuid level	: 13
wp		: yes
flags		: fpu vme de pse tsc msr pae mce cx8 apic sep mtrr pge mca cmov pat pse36 clflush dts acpi mmx fxsr sse sse2 ss ht tm pbe syscall nx pdpe1gb rdtscp lm constant_tsc arch_perfmon pebs bts rep_good nopl xtopology nonstop_tsc aperfmperf eagerfpu pni pclmulqdq dtes64 monitor ds_cpl vmx smx est tm2 ssse3 cx16 xtpr pdcm pcid dca sse4_1 sse4_2 x2apic popcnt tsc_deadline_timer aes xsave avx lahf_lm ida arat xsaveopt pln pts dtherm tpr_shadow vnmi flexpriority ept vpid
bogomips	: 4000.10
clflush size	: 64
cache_alignment	: 64
address sizes	: 46 bits physical, 48 bits virtual
power management:

processor	: 2
vendor_id	: GenuineIntel
cpu family	: 6
model		: 45
model name	: Intel(R) Xeon(R) CPU E5-2620 0 @ 2.00GHz
stepping	: 7
microcode	: 0x70b
cpu MHz		: 2000.050
cache size	: 15360 KB
physical id	: 0
siblings	: 12
core id		: 2
cpu cores	: 6
apicid		: 4
initial apicid	: 4
fpu		: yes
fpu_exception	: yes
cpuid level	: 13
wp		: yes
flags		: fpu vme de pse tsc msr pae mce cx8 apic sep mtrr pge mca cmov pat pse36 clflush dts acpi mmx fxsr sse sse2 ss ht tm pbe syscall nx pdpe1gb rdtscp lm constant_tsc arch_perfmon pebs bts rep_good nopl xtopology nonstop_tsc aperfmperf eagerfpu pni pclmulqdq dtes64 monitor ds_cpl vmx smx est tm2 ssse3 cx16 xtpr pdcm pcid dca sse4_1 sse4_2 x2apic popcnt tsc_deadline_timer aes xsave avx lahf_lm ida arat xsaveopt pln pts dtherm tpr_shadow vnmi flexpriority ept vpid
bogomips	: 4000.10
clflush size	: 64
cache_alignment	: 64
address sizes	: 46 bits physical, 48 bits virtual
power management:

processor	: 3
vendor_id	: GenuineIntel
cpu family	: 6
model		: 45
model name	: Intel(R) Xeon(R) CPU E5-2620 0 @ 2.00GHz
stepping	: 7
microcode	: 0x70b
cpu MHz		: 2000.050
cache size	: 15360 KB
physical id	: 0
siblings	: 12
core id		: 3
cpu cores	: 6
apicid		: 6
initial apicid	: 6
fpu		: yes
fpu_exception	: yes
cpuid level	: 13
wp		: yes
flags		: fpu vme de pse tsc msr pae mce cx8 apic sep mtrr pge mca cmov pat pse36 clflush dts acpi mmx fxsr sse sse2 ss ht tm pbe syscall nx pdpe1gb rdtscp lm constant_tsc arch_perfmon pebs bts rep_good nopl xtopology nonstop_tsc aperfmperf eagerfpu pni pclmulqdq dtes64 monitor ds_cpl vmx smx est tm2 ssse3 cx16 xtpr pdcm pcid dca sse4_1 sse4_2 x2apic popcnt tsc_deadline_timer aes xsave avx lahf_lm ida arat xsaveopt pln pts dtherm tpr_shadow vnmi flexpriority ept vpid
bogomips	: 4000.10
clflush size	: 64
cache_alignment	: 64
address sizes	: 46 bits physical, 48 bits virtual
power management:

processor	: 4
vendor_id	: GenuineIntel
cpu family	: 6
model		: 45
model name	: Intel(R) Xeon(R) CPU E5-2620 0 @ 2.00GHz
stepping	: 7
microcode	: 0x70b
cpu MHz		: 2000.050
cache size	: 15360 KB
physical id	: 0
siblings	: 12
core id		: 4
cpu cores	: 6
apicid		: 8
initial apicid	: 8
fpu		: yes
fpu_exception	: yes
cpuid level	: 13
wp		: yes
flags		: fpu vme de pse tsc msr pae mce cx8 apic sep mtrr pge mca cmov pat pse36 clflush dts acpi mmx fxsr sse sse2 ss ht tm pbe syscall nx pdpe1gb rdtscp lm constant_tsc arch_perfmon pebs bts rep_good nopl xtopology nonstop_tsc aperfmperf eagerfpu pni pclmulqdq dtes64 monitor ds_cpl vmx smx est tm2 ssse3 cx16 xtpr pdcm pcid dca sse4_1 sse4_2 x2apic popcnt tsc_deadline_timer aes xsave avx lahf_lm ida arat xsaveopt pln pts dtherm tpr_shadow vnmi flexpriority ept vpid
bogomips	: 4000.10
clflush size	: 64
cache_alignment	: 64
address sizes	: 46 bits physical, 48 bits virtual
power management:

processor	: 5
vendor_id	: GenuineIntel
cpu family	: 6
model		: 45
model name	: Intel(R) Xeon(R) CPU E5-2620 0 @ 2.00GHz
stepping	: 7
microcode	: 0x70b
cpu MHz		: 2000.050
cache size	: 15360 KB
physical id	: 0
siblings	: 12
core id		: 5
cpu cores	: 6
apicid		: 10
initial apicid	: 10
fpu		: yes
fpu_exception	: yes
cpuid level	: 13
wp		: yes
flags		: fpu vme de pse tsc msr pae mce cx8 apic sep mtrr pge mca cmov pat pse36 clflush dts acpi mmx fxsr sse sse2 ss ht tm pbe syscall nx pdpe1gb rdtscp lm constant_tsc arch_perfmon pebs bts rep_good nopl xtopology nonstop_tsc aperfmperf eagerfpu pni pclmulqdq dtes64 monitor ds_cpl vmx smx est tm2 ssse3 cx16 xtpr pdcm pcid dca sse4_1 sse4_2 x2apic popcnt tsc_deadline_timer aes xsave avx lahf_lm ida arat xsaveopt pln pts dtherm tpr_shadow vnmi flexpriority ept vpid
bogomips	: 4000.10
clflush size	: 64
cache_alignment	: 64
address sizes	: 46 bits physical, 48 bits virtual
power management:

processor	: 6
vendor_id	: GenuineIntel
cpu family	: 6
model		: 45
model name	: Intel(R) Xeon(R) CPU E5-2620 0 @ 2.00GHz
stepping	: 7
microcode	: 0x70b
cpu MHz		: 2000.050
cache size	: 15360 KB
physical id	: 0
siblings	: 12
core id		: 0
cpu cores	: 6
apicid		: 1
initial apicid	: 1
fpu		: yes
fpu_exception	: yes
cpuid level	: 13
wp		: yes
flags		: fpu vme de pse tsc msr pae mce cx8 apic sep mtrr pge mca cmov pat pse36 clflush dts acpi mmx fxsr sse sse2 ss ht tm pbe syscall nx pdpe1gb rdtscp lm constant_tsc arch_perfmon pebs bts rep_good nopl xtopology nonstop_tsc aperfmperf eagerfpu pni pclmulqdq dtes64 monitor ds_cpl vmx smx est tm2 ssse3 cx16 xtpr pdcm pcid dca sse4_1 sse4_2 x2apic popcnt tsc_deadline_timer aes xsave avx lahf_lm ida arat xsaveopt pln pts dtherm tpr_shadow vnmi flexpriority ept vpid
bogomips	: 4000.10
clflush size	: 64
cache_alignment	: 64
address sizes	: 46 bits physical, 48 bits virtual
power management:

processor	: 7
vendor_id	: GenuineIntel
cpu family	: 6
model		: 45
model name	: Intel(R) Xeon(R) CPU E5-2620 0 @ 2.00GHz
stepping	: 7
microcode	: 0x70b
cpu MHz		: 2000.050
cache size	: 15360 KB
physical id	: 0
siblings	: 12
core id		: 1
cpu cores	: 6
apicid		: 3
initial apicid	: 3
fpu		: yes
fpu_exception	: yes
cpuid level	: 13
wp		: yes
flags		: fpu vme de pse tsc msr pae mce cx8 apic sep mtrr pge mca cmov pat pse36 clflush dts acpi mmx fxsr sse sse2 ss ht tm pbe syscall nx pdpe1gb rdtscp lm constant_tsc arch_perfmon pebs bts rep_good nopl xtopology nonstop_tsc aperfmperf eagerfpu pni pclmulqdq dtes64 monitor ds_cpl vmx smx est tm2 ssse3 cx16 xtpr pdcm pcid dca sse4_1 sse4_2 x2apic popcnt tsc_deadline_timer aes xsave avx lahf_lm ida arat xsaveopt pln pts dtherm tpr_shadow vnmi flexpriority ept vpid
bogomips	: 4000.10
clflush size	: 64
cache_alignment	: 64
address sizes	: 46 bits physical, 48 bits virtual
power management:

processor	: 8
vendor_id	: GenuineIntel
cpu family	: 6
model		: 45
model name	: Intel(R) Xeon(R) CPU E5-2620 0 @ 2.00GHz
stepping	: 7
microcode	: 0x70b
cpu MHz		: 2000.050
cache size	: 15360 KB
physical id	: 0
siblings	: 12
core id		: 2
cpu cores	: 6
apicid		: 5
initial apicid	: 5
fpu		: yes
fpu_exception	: yes
cpuid level	: 13
wp		: yes
flags		: fpu vme de pse tsc msr pae mce cx8 apic sep mtrr pge mca cmov pat pse36 clflush dts acpi mmx fxsr sse sse2 ss ht tm pbe syscall nx pdpe1gb rdtscp lm constant_tsc arch_perfmon pebs bts rep_good nopl xtopology nonstop_tsc aperfmperf eagerfpu pni pclmulqdq dtes64 monitor ds_cpl vmx smx est tm2 ssse3 cx16 xtpr pdcm pcid dca sse4_1 sse4_2 x2apic popcnt tsc_deadline_timer aes xsave avx lahf_lm ida arat xsaveopt pln pts dtherm tpr_shadow vnmi flexpriority ept vpid
bogomips	: 4000.10
clflush size	: 64
cache_alignment	: 64
address sizes	: 46 bits physical, 48 bits virtual
power management:

processor	: 9
vendor_id	: GenuineIntel
cpu family	: 6
model		: 45
model name	: Intel(R) Xeon(R) CPU E5-2620 0 @ 2.00GHz
stepping	: 7
microcode	: 0x70b
cpu MHz		: 2000.050
cache size	: 15360 KB
physical id	: 0
siblings	: 12
core id		: 3
cpu cores	: 6
apicid		: 7
initial apicid	: 7
fpu		: yes
fpu_exception	: yes
cpuid level	: 13
wp		: yes
flags		: fpu vme de pse tsc msr pae mce cx8 apic sep mtrr pge mca cmov pat pse36 clflush dts acpi mmx fxsr sse sse2 ss ht tm pbe syscall nx pdpe1gb rdtscp lm constant_tsc arch_perfmon pebs bts rep_good nopl xtopology nonstop_tsc aperfmperf eagerfpu pni pclmulqdq dtes64 monitor ds_cpl vmx smx est tm2 ssse3 cx16 xtpr pdcm pcid dca sse4_1 sse4_2 x2apic popcnt tsc_deadline_timer aes xsave avx lahf_lm ida arat xsaveopt pln pts dtherm tpr_shadow vnmi flexpriority ept vpid
bogomips	: 4000.10
clflush size	: 64
cache_alignment	: 64
address sizes	: 46 bits physical, 48 bits virtual
power management:

processor	: 10
vendor_id	: GenuineIntel
cpu family	: 6
model		: 45
model name	: Intel(R) Xeon(R) CPU E5-2620 0 @ 2.00GHz
stepping	: 7
microcode	: 0x70b
cpu MHz		: 2000.050
cache size	: 15360 KB
physical id	: 0
siblings	: 12
core id		: 4
cpu cores	: 6
apicid		: 9
initial apicid	: 9
fpu		: yes
fpu_exception	: yes
cpuid level	: 13
wp		: yes
flags		: fpu vme de pse tsc msr pae mce cx8 apic sep mtrr pge mca cmov pat pse36 clflush dts acpi mmx fxsr sse sse2 ss ht tm pbe syscall nx pdpe1gb rdtscp lm constant_tsc arch_perfmon pebs bts rep_good nopl xtopology nonstop_tsc aperfmperf eagerfpu pni pclmulqdq dtes64 monitor ds_cpl vmx smx est tm2 ssse3 cx16 xtpr pdcm pcid dca sse4_1 sse4_2 x2apic popcnt tsc_deadline_timer aes xsave avx lahf_lm ida arat xsaveopt pln pts dtherm tpr_shadow vnmi flexpriority ept vpid
bogomips	: 4000.10
clflush size	: 64
cache_alignment	: 64
address sizes	: 46 bits physical, 48 bits virtual
power management:

processor	: 11
vendor_id	: GenuineIntel
cpu family	: 6
model		: 45
model name	: Intel(R) Xeon(R) CPU E5-2620 0 @ 2.00GHz
stepping	: 7
microcode	: 0x70b
cpu MHz		: 2000.050
cache size	: 15360 KB
physical id	: 0
siblings	: 12
core id		: 5
cpu cores	: 6
apicid		: 11
initial apicid	: 11
fpu		: yes
fpu_exception	: yes
cpuid level	: 13
wp		: yes
flags		: fpu vme de pse tsc msr pae mce cx8 apic sep mtrr pge mca cmov pat pse36 clflush dts acpi mmx fxsr sse sse2 ss ht tm pbe syscall nx pdpe1gb rdtscp lm constant_tsc arch_perfmon pebs bts rep_good nopl xtopology nonstop_tsc aperfmperf eagerfpu pni pclmulqdq dtes64 monitor ds_cpl vmx smx est tm2 ssse3 cx16 xtpr pdcm pcid dca sse4_1 sse4_2 x2apic popcnt tsc_deadline_timer aes xsave avx lahf_lm ida arat xsaveopt pln pts dtherm tpr_shadow vnmi flexpriority ept vpid
bogomips	: 4000.10
clflush size	: 64
cache_alignment	: 64
address sizes	: 46 bits physical, 48 bits virtual
power management:



Memory: 4k page, physical 65929444k(2907060k free), swap 67059708k(67059708k free)

vm_info: Java HotSpot(TM) 64-Bit Server VM (20.45-b01) for linux-amd64 JRE (1.6.0_45-b06), built on Mar 26 2013 14:07:02 by "java_re" with gcc 3.2.2 (SuSE Linux)

time: Thu Sep 17 11:05:23 2015
elapsed time: 1 seconds

