#
# A fatal error has been detected by the Java Runtime Environment:
#
#  SIGSEGV (0xb) at pc=0x00007fd5908db81c, pid=19303, tid=140555255031616
#
# JRE version: 6.0_45-b06
# Java VM: Java HotSpot(TM) 64-Bit Server VM (20.45-b01 mixed mode linux-amd64 compressed oops)
# Problematic frame:
# C  [libc.so.6+0x8281c]  char+0x1c
#
# If you would like to submit a bug report, please visit:
#   http://java.sun.com/webapps/bugreport/crash.jsp
# The crash happened outside the Java Virtual Machine in native code.
# See problematic frame for where to report the bug.
#

---------------  T H R E A D  ---------------

Current thread (0x0000000002169800):  JavaThread "main" [_thread_in_native, id=19303, stack(0x00007fff778fe000,0x00007fff779fe000)]

siginfo:si_signo=SIGSEGV: si_errno=0, si_code=1 (SEGV_MAPERR), si_addr=0x00000000000000f9

Registers:
RAX=0x0000000000000000, RBX=0x0000000002abcee0, RCX=0x0000000000000400, RDX=0x00007fd5913c0768
RSP=0x00007fff779fd898, RBP=0x0000000000000050, RSI=0x000000000000000c, RDI=0x0000000000000101
R8 =0x00007fd590c13a90, R9 =0x0000000000000001, R10=0x00007fff779fd660, R11=0x00007fd5917ea550
R12=0x0000000000000410, R13=0x000000000000000d, R14=0x0000000000000000, R15=0x00000000021557b0
RIP=0x00007fd5908db81c, EFLAGS=0x0000000000010202, CSGSFS=0x0000000000000033, ERR=0x0000000000000004
  TRAPNO=0x000000000000000e

Top of Stack: (sp=0x00007fff779fd898)
0x00007fff779fd898:   00007fd5917e552d 0000000002abcee0
0x00007fff779fd8a8:   00007fd5917ea57d 0000000002abcee0
0x00007fff779fd8b8:   0000000000672940 0000000002abca90
0x00007fff779fd8c8:   0000000000428670 00000000021d7710
0x00007fff779fd8d8:   000000004d16fb9d 00007fd50000000d
0x00007fff779fd8e8:   00007fff779fda60 00007fd5920e92c8
0x00007fff779fd8f8:   00007fd591ecf523 0000000000000000
0x00007fff779fd908:   00007fd5920c6c08 00007fd500000001
0x00007fff779fd918:   0000000000000000 0000000100000001
0x00007fff779fd928:   00007fd5920e92c8 00000000e1092706
0x00007fff779fd938:   00007fd5920e9620 00007fff779fdab0
0x00007fff779fd948:   000000003413181d 00007fd5920c6c08
0x00007fff779fd958:   00007fff779fdad0 0000000000000000
0x00007fff779fd968:   00007fd5920e9620 0000000100000000
0x00007fff779fd978:   00007fd5920c6c08 00007fd500000001
0x00007fff779fd988:   0000000000411291 0000000000000001
0x00007fff779fd998:   00007fd5920e92c8 00007fd5920e24f8
0x00007fff779fd9a8:   000000000040f609 00007fd5915df648
0x00007fff779fd9b8:   0000000000403400 0000000100000000
0x00007fff779fd9c8:   000000010000001c 00007fd5910566e8
0x00007fff779fd9d8:   00007fd5920c9000 00000001779fdb50
0x00007fff779fd9e8:   00000000e1092706 0000000000000000
0x00007fff779fd9f8:   0000000000411906 00000000ffffffff
0x00007fff779fda08:   00007fd591ecf523 0000000000000000
0x00007fff779fda18:   00000000006733e0 0000000000672010
0x00007fff779fda28:   0000000000000000 0000000000000000
0x00007fff779fda38:   0000000000000000 0000000000000000
0x00007fff779fda48:   0000000000000060 0000000000000000
0x00007fff779fda58:   0000003100000004 0000006e0000005b
0x00007fff779fda68:   0000007c00000077 00000000ffffffff
0x00007fff779fda78:   00007fd590c11720 0000000000000003
0x00007fff779fda88:   0000000000000030 00000000006724e8 

Instructions: (pc=0x00007fd5908db81c)
0x00007fd5908db7fc:   0f 1f 40 00 48 8b 05 a1 56 33 00 48 8b 00 48 85
0x00007fd5908db80c:   c0 0f 85 bf 00 00 00 48 85 ff 0f 84 b4 00 00 00
0x00007fd5908db81c:   48 8b 77 f8 48 8d 47 f0 40 f6 c6 02 75 26 83 e6
0x00007fd5908db82c:   04 48 8d 3d ec 5e 33 00 74 0d 48 89 c2 48 81 e2 

Register to memory mapping:

RAX=0x0000000000000000 is an unknown value
RBX=0x0000000002abcee0 is an unknown value
RCX=0x0000000000000400 is an unknown value
RDX=0x00007fd5913c0768: _ZTVSo+0x18 in /usr/lib/x86_64-linux-gnu/libstdc++.so.6 at 0x00007fd59104c000
RSP=0x00007fff779fd898 is pointing into the stack for thread: 0x0000000002169800
RBP=0x0000000000000050 is an unknown value
RSI=0x000000000000000c is an unknown value
RDI=0x0000000000000101 is an unknown value
R8 =0x00007fd590c13a90: <offset 0x3baa90> in /lib/x86_64-linux-gnu/libc.so.6 at 0x00007fd590859000
R9 =0x0000000000000001 is an unknown value
R10=0x00007fff779fd660 is pointing into the stack for thread: 0x0000000002169800
R11=0x00007fd5917ea550: hdfsFreeFileInfo+0 in /usr/lib/libhdfs.so.0.0.0 at 0x00007fd5917e3000
R12=0x0000000000000410 is an unknown value
R13=0x000000000000000d is an unknown value
R14=0x0000000000000000 is an unknown value
R15=0x00000000021557b0 is an unknown value


Stack: [0x00007fff778fe000,0x00007fff779fe000],  sp=0x00007fff779fd898,  free space=1022k
Native frames: (J=compiled Java code, j=interpreted, Vv=VM code, C=native code)
C  [libc.so.6+0x8281c]  char+0x1c

[error occurred during error reporting (printing native stack), id 0xb]


---------------  P R O C E S S  ---------------

Java Threads: ( => current thread )
  0x00000000028e4800 JavaThread "IPC Parameter Sending Thread #0" daemon [_thread_blocked, id=19323, stack(0x00007fd584ba8000,0x00007fd584ca9000)]
  0x00000000029dd800 JavaThread "IPC Client (621631806) connection to BDP-00/192.168.0.21:9000 from mapred" daemon [_thread_blocked, id=19322, stack(0x00007fd584ca9000,0x00007fd584daa000)]
  0x00000000021ff000 JavaThread "Low Memory Detector" daemon [_thread_blocked, id=19320, stack(0x00007fd5858c3000,0x00007fd5859c4000)]
  0x00000000021fd000 JavaThread "C2 CompilerThread1" daemon [_thread_blocked, id=19319, stack(0x00007fd5859c4000,0x00007fd585ac5000)]
  0x00000000021fa000 JavaThread "C2 CompilerThread0" daemon [_thread_in_native, id=19318, stack(0x00007fd585ac5000,0x00007fd585bc6000)]
  0x00000000021f8000 JavaThread "Signal Dispatcher" daemon [_thread_blocked, id=19317, stack(0x00007fd585bc6000,0x00007fd585cc7000)]
  0x00000000021db800 JavaThread "Finalizer" daemon [_thread_blocked, id=19316, stack(0x00007fd5863ab000,0x00007fd5864ac000)]
  0x00000000021da000 JavaThread "Reference Handler" daemon [_thread_blocked, id=19315, stack(0x00007fd5864ac000,0x00007fd5865ad000)]
=>0x0000000002169800 JavaThread "main" [_thread_in_native, id=19303, stack(0x00007fff778fe000,0x00007fff779fe000)]

Other Threads:
  0x00000000021d3000 VMThread [stack: 0x00007fd5865ad000,0x00007fd5866ae000] [id=19314]
  0x0000000002212000 WatcherThread [stack: 0x00007fd5857c2000,0x00007fd5858c3000] [id=19321]

VM state:not at safepoint (normal execution)

VM Mutex/Monitor currently owned by a thread: None

Heap
 PSYoungGen      total 300480K, used 46433K [0x00000006b0a00000, 0x00000006c5950000, 0x0000000800000000)
  eden space 257600K, 18% used [0x00000006b0a00000,0x00000006b3758748,0x00000006c0590000)
  from space 42880K, 0% used [0x00000006c2f70000,0x00000006c2f70000,0x00000006c5950000)
  to   space 42880K, 0% used [0x00000006c0590000,0x00000006c0590000,0x00000006c2f70000)
 PSOldGen        total 686848K, used 0K [0x0000000411e00000, 0x000000043bcc0000, 0x00000006b0a00000)
  object space 686848K, 0% used [0x0000000411e00000,0x0000000411e00000,0x000000043bcc0000)
 PSPermGen       total 21248K, used 17145K [0x000000040cc00000, 0x000000040e0c0000, 0x0000000411e00000)
  object space 21248K, 80% used [0x000000040cc00000,0x000000040dcbe6b0,0x000000040e0c0000)

Code Cache  [0x00007fd58b272000, 0x00007fd58b4e2000, 0x00007fd58e272000)
 total_blobs=407 nmethods=119 adapters=242 free_code_cache=49488768 largest_free_block=25280

Dynamic libraries:
00400000-00472000 r-xp 00000000 08:01 2912291                            /home/mapred/unicap/bin/uniCAPMaster
00671000-00672000 r--p 00071000 08:01 2912291                            /home/mapred/unicap/bin/uniCAPMaster
00672000-00673000 rw-p 00072000 08:01 2912291                            /home/mapred/unicap/bin/uniCAPMaster
00673000-00674000 rw-p 00000000 00:00 0 
02142000-02bcc000 rw-p 00000000 00:00 0                                  [heap]
40cc00000-40e0c0000 rw-p 00000000 00:00 0 
40e0c0000-411e00000 rw-p 00000000 00:00 0 
411e00000-43bcc0000 rw-p 00000000 00:00 0 
43bcc0000-6b0a00000 rw-p 00000000 00:00 0 
6b0a00000-6c5950000 rw-p 00000000 00:00 0 
6c5950000-800000000 rw-p 00000000 00:00 0 
7fd530000000-7fd530021000 rw-p 00000000 00:00 0 
7fd530021000-7fd534000000 ---p 00000000 00:00 0 
7fd538000000-7fd538021000 rw-p 00000000 00:00 0 
7fd538021000-7fd53c000000 ---p 00000000 00:00 0 
7fd53c000000-7fd53c022000 rw-p 00000000 00:00 0 
7fd53c022000-7fd540000000 ---p 00000000 00:00 0 
7fd540000000-7fd5407dd000 rw-p 00000000 00:00 0 
7fd5407dd000-7fd544000000 ---p 00000000 00:00 0 
7fd544000000-7fd544021000 rw-p 00000000 00:00 0 
7fd544021000-7fd548000000 ---p 00000000 00:00 0 
7fd548000000-7fd548021000 rw-p 00000000 00:00 0 
7fd548021000-7fd54c000000 ---p 00000000 00:00 0 
7fd54c000000-7fd54d5fc000 rw-p 00000000 00:00 0 
7fd54d5fc000-7fd550000000 ---p 00000000 00:00 0 
7fd550000000-7fd550021000 rw-p 00000000 00:00 0 
7fd550021000-7fd554000000 ---p 00000000 00:00 0 
7fd554000000-7fd554021000 rw-p 00000000 00:00 0 
7fd554021000-7fd558000000 ---p 00000000 00:00 0 
7fd558000000-7fd558021000 rw-p 00000000 00:00 0 
7fd558021000-7fd55c000000 ---p 00000000 00:00 0 
7fd55c000000-7fd55c021000 rw-p 00000000 00:00 0 
7fd55c021000-7fd560000000 ---p 00000000 00:00 0 
7fd560000000-7fd560021000 rw-p 00000000 00:00 0 
7fd560021000-7fd564000000 ---p 00000000 00:00 0 
7fd564000000-7fd564021000 rw-p 00000000 00:00 0 
7fd564021000-7fd568000000 ---p 00000000 00:00 0 
7fd568000000-7fd568021000 rw-p 00000000 00:00 0 
7fd568021000-7fd56c000000 ---p 00000000 00:00 0 
7fd56c000000-7fd56c021000 rw-p 00000000 00:00 0 
7fd56c021000-7fd570000000 ---p 00000000 00:00 0 
7fd570000000-7fd570021000 rw-p 00000000 00:00 0 
7fd570021000-7fd574000000 ---p 00000000 00:00 0 
7fd574000000-7fd574021000 rw-p 00000000 00:00 0 
7fd574021000-7fd578000000 ---p 00000000 00:00 0 
7fd578000000-7fd578021000 rw-p 00000000 00:00 0 
7fd578021000-7fd57c000000 ---p 00000000 00:00 0 
7fd57c000000-7fd57c021000 rw-p 00000000 00:00 0 
7fd57c021000-7fd580000000 ---p 00000000 00:00 0 
7fd580000000-7fd580021000 rw-p 00000000 00:00 0 
7fd580021000-7fd584000000 ---p 00000000 00:00 0 
7fd584ba8000-7fd584bab000 ---p 00000000 00:00 0 
7fd584bab000-7fd584ca9000 rwxp 00000000 00:00 0                          [stack:19323]
7fd584ca9000-7fd584cac000 ---p 00000000 00:00 0 
7fd584cac000-7fd584daa000 rwxp 00000000 00:00 0                          [stack:19322]
7fd584daa000-7fd584db1000 r-xp 00000000 08:01 1186966                    /opt/jdk1.6.0_45/jre/lib/amd64/libnio.so
7fd584db1000-7fd584eb0000 ---p 00007000 08:01 1186966                    /opt/jdk1.6.0_45/jre/lib/amd64/libnio.so
7fd584eb0000-7fd584eb2000 rw-p 00006000 08:01 1186966                    /opt/jdk1.6.0_45/jre/lib/amd64/libnio.so
7fd584eb2000-7fd585033000 rw-p 00000000 00:00 0 
7fd585033000-7fd585046000 r-xp 00000000 08:01 1186965                    /opt/jdk1.6.0_45/jre/lib/amd64/libnet.so
7fd585046000-7fd585147000 ---p 00013000 08:01 1186965                    /opt/jdk1.6.0_45/jre/lib/amd64/libnet.so
7fd585147000-7fd58514a000 rw-p 00014000 08:01 1186965                    /opt/jdk1.6.0_45/jre/lib/amd64/libnet.so
7fd58514a000-7fd58514d000 r--s 00013000 08:01 1187046                    /opt/jdk1.6.0_45/jre/lib/jce.jar
7fd58514d000-7fd58514e000 r-xp 00000000 08:01 1186968                    /opt/jdk1.6.0_45/jre/lib/amd64/libjaas_unix.so
7fd58514e000-7fd58524d000 ---p 00001000 08:01 1186968                    /opt/jdk1.6.0_45/jre/lib/amd64/libjaas_unix.so
7fd58524d000-7fd58524f000 rw-p 00000000 08:01 1186968                    /opt/jdk1.6.0_45/jre/lib/amd64/libjaas_unix.so
7fd58529c000-7fd58529d000 rw-p 00000000 00:00 0 
7fd58529d000-7fd5852a0000 r--s 00036000 08:01 1186861                    /opt/jdk1.6.0_45/jre/lib/ext/sunpkcs11.jar
7fd5852a0000-7fd5852a6000 r-xp 00000000 08:01 1187006                    /opt/jdk1.6.0_45/jre/lib/amd64/libmanagement.so
7fd5852a6000-7fd5853a5000 ---p 00006000 08:01 1187006                    /opt/jdk1.6.0_45/jre/lib/amd64/libmanagement.so
7fd5853a5000-7fd5853a7000 rw-p 00005000 08:01 1187006                    /opt/jdk1.6.0_45/jre/lib/amd64/libmanagement.so
7fd5853a7000-7fd5853ae000 r--s 00096000 08:01 1187010                    /opt/jdk1.6.0_45/jre/lib/jsse.jar
7fd5853ae000-7fd58540d000 r--s 00bac000 08:01 1317107                    /opt/jdk1.6.0_45/lib/tools.jar
7fd58540d000-7fd585413000 r--s 0001e000 08:01 1317102                    /opt/jdk1.6.0_45/lib/dt.jar
7fd585413000-7fd585415000 r--s 00007000 08:01 2507108                    /usr/lib/parquet/parquet-pig-1.2.5-cdh4.7.0-sources.jar
7fd585415000-7fd585416000 r--s 00000000 08:01 2498634                    /usr/lib/parquet/parquet-scrooge-1.2.5-cdh4.7.0-sources.jar
7fd585416000-7fd585417000 r--s 00003000 08:01 2507115                    /usr/lib/parquet/parquet-scrooge-1.2.5-cdh4.7.0.jar
7fd585417000-7fd58541a000 r--s 00024000 08:01 2497992                    /usr/lib/parquet/parquet-pig-1.2.5-cdh4.7.0-javadoc.jar
7fd58541a000-7fd58541b000 r--s 00000000 08:01 2493611                    /usr/lib/parquet/parquet-format-1.0.0-cdh4.7.0-sources.jar
7fd58541b000-7fd58541d000 r--s 00001000 08:01 2507109                    /usr/lib/parquet/parquet-cascading-1.2.5-cdh4.7.0-sources.jar
7fd58541d000-7fd58542f000 r--s 000e9000 08:01 2498001                    /usr/lib/parquet/parquet-pig-1.2.5-cdh4.7.0.jar
7fd58542f000-7fd585430000 r--s 0000e000 08:01 2497986                    /usr/lib/parquet/parquet-cascading-1.2.5-cdh4.7.0-javadoc.jar
7fd585430000-7fd585432000 r--s 00008000 08:01 2498377                    /usr/lib/parquet/parquet-generator-1.2.5-cdh4.7.0-javadoc.jar
7fd585432000-7fd58544a000 r--s 00196000 08:01 2507307                    /usr/lib/hadoop-0.20-mapreduce/hadoop-core-2.0.0-mr1-cdh4.7.0.jar
7fd58544a000-7fd585453000 r--s 000a4000 08:01 2507449                    /usr/lib/hadoop-0.20-mapreduce/lib/hsqldb-1.8.0.10.jar
7fd585453000-7fd585454000 r--s 00003000 08:01 2507113                    /usr/lib/parquet/parquet-common-1.2.5-cdh4.7.0.jar
7fd585454000-7fd585455000 r--s 00000000 08:01 2507107                    /usr/lib/parquet/parquet-pig-bundle-1.2.5-cdh4.7.0-sources.jar
7fd585455000-7fd585457000 r--s 00011000 08:01 2493615                    /usr/lib/parquet/parquet-hive-1.2.5-cdh4.7.0.jar
7fd585457000-7fd585486000 r--s 0024e000 08:01 2507119                    /usr/lib/parquet/parquet-pig-bundle-1.2.5-cdh4.7.0.jar
7fd585486000-7fd585487000 r--s 00001000 08:01 2507116                    /usr/lib/parquet/parquet-common-1.2.5-cdh4.7.0-sources.jar
7fd585487000-7fd585488000 r--s 0000c000 08:01 2507102                    /usr/lib/parquet/parquet-avro-1.2.5-cdh4.7.0-javadoc.jar
7fd585488000-7fd585490000 r--s 00066000 08:01 2491117                    /usr/lib/parquet/parquet-format-1.0.0-cdh4.7.0.jar
7fd585490000-7fd585491000 r--s 00001000 08:01 2497974                    /usr/lib/parquet/parquet-generator-1.2.5-cdh4.7.0-sources.jar
7fd585491000-7fd585495000 r--s 00023000 08:01 2507500                    /usr/lib/hadoop-yarn/hadoop-yarn-server-common-2.0.0-cdh4.7.0.jar
7fd585495000-7fd585497000 r--s 00008000 08:01 2507570                    /usr/lib/hadoop-mapreduce/hadoop-mapreduce-client-jobclient-2.0.0-cdh4.7.0.jar
7fd585497000-7fd5854a5000 r--s 000f9000 08:01 2507539                    /usr/lib/hadoop-yarn/hadoop-yarn-common-2.0.0-cdh4.7.0.jar
7fd5854a5000-7fd5854a6000 r--s 00009000 08:01 2507517                    /usr/lib/hadoop-yarn/hadoop-yarn-client-2.0.0-cdh4.7.0.jar
7fd5854a6000-7fd5854af000 r--s 0006a000 08:01 2507582                    /usr/lib/hadoop-mapreduce/hadoop-mapreduce-client-app-2.0.0-cdh4.7.0.jar
7fd5854af000-7fd5854b9000 r--s 00089000 08:01 2507581                    /usr/lib/hadoop-mapreduce/hadoop-mapreduce-client-common-2.0.0-cdh4.7.0.jar
7fd5854b9000-7fd5854ca000 r--s 00102000 08:01 2507513                    /usr/lib/hadoop-yarn/hadoop-yarn-api-2.0.0-cdh4.7.0.jar
7fd5854ca000-7fd5854cb000 r--s 00006000 08:01 2507579                    /usr/lib/hadoop-mapreduce/hadoop-mapreduce-client-shuffle-2.0.0-cdh4.7.0.jar
7fd5854cb000-7fd5854da000 r--s 000b2000 08:01 2507527                    /usr/lib/hadoop-yarn/lib/netty-3.2.4.Final.jar
7fd5854da000-7fd5854f1000 r--s 00145000 08:01 2507563                    /usr/lib/hadoop-mapreduce/hadoop-mapreduce-client-core-2.0.0-cdh4.7.0.jar
7fd5854f1000-7fd5854f5000 r--s 00042000 08:01 2507106                    /usr/lib/parquet/parquet-thrift-1.2.5-cdh4.7.0-javadoc.jar
7fd5854f5000-7fd5854fa000 r--s 00053000 08:01 2507105                    /usr/lib/parquet/parquet-hadoop-1.2.5-cdh4.7.0-javadoc.jar
7fd5854fa000-7fd58550d000 r--s 000fa000 08:01 2498288                    /usr/lib/parquet/parquet-hadoop-1.2.5-cdh4.7.0.jar
7fd58550d000-7fd585516000 r--s 000a6000 08:01 2507114                    /usr/lib/parquet/parquet-column-1.2.5-cdh4.7.0-javadoc.jar
7fd585516000-7fd585518000 r--s 0000a000 08:01 2507110                    /usr/lib/parquet/parquet-avro-1.2.5-cdh4.7.0.jar
7fd585518000-7fd58551a000 r--s 0000b000 08:01 2507174                    /usr/lib/hadoop/hadoop-auth-2.0.0-cdh4.7.0.jar
7fd58551a000-7fd58552f000 r--s 000fc000 08:01 2507118                    /usr/lib/parquet/parquet-thrift-1.2.5-cdh4.7.0.jar
7fd58552f000-7fd58553f000 r--s 0009d000 08:01 2494466                    /usr/lib/parquet/parquet-column-1.2.5-cdh4.7.0.jar
7fd58553f000-7fd585545000 r--s 0003e000 08:01 2497980                    /usr/lib/parquet/parquet-encoding-1.2.5-cdh4.7.0.jar
7fd585545000-7fd585559000 r--s 00121000 08:01 2507168                    /usr/lib/hadoop/hadoop-common-2.0.0-cdh4.7.0-tests.jar
7fd585559000-7fd58555b000 r--s 0000c000 08:01 2507117                    /usr/lib/parquet/parquet-common-1.2.5-cdh4.7.0-javadoc.jar
7fd58555b000-7fd58555d000 r--s 00014000 08:01 2507111                    /usr/lib/parquet/parquet-hadoop-1.2.5-cdh4.7.0-sources.jar
7fd58555d000-7fd58555f000 r--s 0000c000 08:01 2498680                    /usr/lib/parquet/parquet-thrift-1.2.5-cdh4.7.0-sources.jar
7fd58555f000-7fd585560000 r--s 00004000 08:01 2507104                    /usr/lib/parquet/parquet-avro-1.2.5-cdh4.7.0-sources.jar
7fd585560000-7fd585561000 r--s 00001000 08:01 2507103                    /usr/lib/parquet/parquet-test-hadoop2-1.2.5-cdh4.7.0.jar
7fd585561000-7fd585563000 r--s 00016000 08:01 2507101                    /usr/lib/parquet/parquet-encoding-1.2.5-cdh4.7.0-javadoc.jar
7fd585563000-7fd585565000 r--s 00004000 08:01 2507169                    /usr/lib/hadoop/hadoop-annotations-2.0.0-cdh4.7.0.jar
7fd585565000-7fd585567000 r--s 00004000 08:01 2493609                    /usr/lib/parquet/parquet-format-1.0.0-cdh4.7.0-javadoc.jar
7fd585567000-7fd585569000 r--s 00004000 08:01 2497989                    /usr/lib/parquet/parquet-cascading-1.2.5-cdh4.7.0.jar
7fd585569000-7fd58556b000 r--s 00006000 08:01 2498383                    /usr/lib/parquet/parquet-scrooge-1.2.5-cdh4.7.0-javadoc.jar
7fd58556b000-7fd58556d000 r--s 00008000 08:01 2507120                    /usr/lib/parquet/parquet-hive-1.2.5-cdh4.7.0-sources.jar
7fd58556d000-7fd58556e000 r--s 00003000 08:01 2507112                    /usr/lib/parquet/parquet-generator-1.2.5-cdh4.7.0.jar
7fd58556e000-7fd585571000 r--s 0002a000 08:01 2497983                    /usr/lib/parquet/parquet-hive-1.2.5-cdh4.7.0-javadoc.jar
7fd585571000-7fd585575000 r--s 0001d000 08:01 2497977                    /usr/lib/parquet/parquet-column-1.2.5-cdh4.7.0-sources.jar
7fd585575000-7fd585576000 r--s 00004000 08:01 2498381                    /usr/lib/parquet/parquet-encoding-1.2.5-cdh4.7.0-sources.jar
7fd585576000-7fd58559b000 r--s 00213000 08:01 2507170                    /usr/lib/hadoop/hadoop-common-2.0.0-cdh4.7.0.jar
7fd58559b000-7fd58559d000 r--s 0000e000 08:01 2507224                    /usr/lib/hadoop/lib/activation-1.1.jar
7fd58559d000-7fd5855a2000 r--s 0003e000 08:01 2507179                    /usr/lib/hadoop/lib/commons-net-3.1.jar
7fd5855a2000-7fd5855a3000 r--s 00004000 08:01 2507225                    /usr/lib/hadoop/lib/jackson-jaxrs-1.8.8.jar
7fd5855a3000-7fd5855a7000 r--s 00034000 08:01 2507211                    /usr/lib/hadoop/lib/jackson-core-asl-1.8.8.jar
7fd5855a7000-7fd5855a9000 r--s 00006000 08:01 2507221                    /usr/lib/hadoop/lib/paranamer-2.3.jar
7fd5855a9000-7fd5855b3000 r--s 00066000 08:01 2507231                    /usr/lib/hadoop/lib/jersey-core-1.8.jar
7fd5855b3000-7fd5855b9000 r--s 00034000 08:01 2507184                    /usr/lib/hadoop/lib/junit-4.8.2.jar
7fd5855b9000-7fd5855bd000 r--s 00020000 08:01 2507183                    /usr/lib/hadoop/lib/commons-digester-1.8.jar
7fd5855bd000-7fd5855bf000 r--s 00005000 08:01 2507176                    /usr/lib/hadoop/lib/slf4j-api-1.6.1.jar
7fd5855bf000-7fd5855c1000 r--s 00014000 08:01 2507192                    /usr/lib/hadoop/lib/jline-0.9.94.jar
7fd5855c1000-7fd5855d4000 r--s 000c7000 08:01 2507195                    /usr/lib/hadoop/lib/jaxb-impl-2.2.3-1.jar
7fd5855d4000-7fd5855db000 r--s 00044000 08:01 2507217                    /usr/lib/hadoop/lib/avro-1.7.4.jar
7fd5855db000-7fd5855de000 r--s 00025000 08:01 2507222                    /usr/lib/hadoop/lib/commons-io-2.1.jar
7fd5855de000-7fd5855e2000 r--s 00014000 08:01 2507194                    /usr/lib/hadoop/lib/xz-1.0.jar
7fd5855e2000-7fd585603000 r--s 00172000 08:01 2507218                    /usr/lib/hadoop/lib/guava-11.0.2.jar
7fd585603000-7fd585607000 r--s 0002f000 08:01 2507228                    /usr/lib/hadoop/lib/commons-beanutils-core-1.8.0.jar
7fd585607000-7fd585618000 r--s 000bb000 08:01 2507212                    /usr/lib/hadoop/lib/commons-math-2.1.jar
7fd585618000-7fd585619000 r--s 00002000 08:01 2507185                    /usr/lib/hadoop/lib/kfs-0.3.jar
7fd585619000-7fd585626000 r--s 00097000 08:01 2507180                    /usr/lib/hadoop/lib/jackson-mapper-asl-1.8.8.jar
7fd585626000-7fd585629000 r--s 00017000 08:01 2507214                    /usr/lib/hadoop/lib/jaxb-api-2.2.2.jar
7fd585629000-7fd58562e000 r--s 00036000 08:01 2507227                    /usr/lib/hadoop/lib/commons-compress-1.4.1.jar
7fd58562e000-7fd585640000 r--s 00131000 08:01 2507049                    /usr/lib/zookeeper/zookeeper-3.4.5-cdh4.7.0.jar
7fd585640000-7fd585643000 r--s 00019000 08:01 2507215                    /usr/lib/hadoop/lib/commons-el-1.0.jar
7fd585643000-7fd585648000 r--s 0005f000 08:01 2507213                    /usr/lib/hadoop/lib/jasper-compiler-5.5.23.jar
7fd585648000-7fd58564a000 r--s 0000d000 08:01 2507219                    /usr/lib/hadoop/lib/commons-logging-1.1.1.jar
7fd58564a000-7fd58564f000 r--s 0002a000 08:01 2507196                    /usr/lib/hadoop/lib/commons-beanutils-1.7.0.jar
7fd58564f000-7fd585655000 r--s 00068000 08:01 2507234                    /usr/lib/hadoop/lib/protobuf-java-2.4.0a.jar
7fd585655000-7fd585656000 r--s 00007000 08:01 2507186                    /usr/lib/hadoop/lib/jackson-xc-1.8.8.jar
7fd585656000-7fd585658000 r--s 00009000 08:01 2507200                    /usr/lib/hadoop/lib/commons-cli-1.2.jar
7fd585658000-7fd58565a000 r--s 00011000 08:01 2507199                    /usr/lib/hadoop/lib/jasper-runtime-5.5.23.jar
7fd58565a000-7fd58565c000 r--s 0000d000 08:01 2507201                    /usr/lib/hadoop/lib/commons-codec-1.4.jar
7fd58565c000-7fd585679000 r--s 0013e000 08:01 2507197                    /usr/lib/hadoop/lib/mockito-all-1.8.5.jar
7fd585679000-7fd58567f000 r--s 0007e000 08:01 2507178                    /usr/lib/hadoop/lib/jetty-6.1.26.cloudera.2.jar
7fd58567f000-7fd585690000 r--s 00099000 08:01 2507181                    /usr/lib/hadoop/lib/jersey-server-1.8.jar
7fd585690000-7fd585691000 r--s 00003000 08:01 2507182                    /usr/lib/hadoop/lib/xmlenc-0.52.jar
7fd585691000-7fd585693000 r--s 00005000 08:01 2507188                    /usr/lib/hadoop/lib/stax-api-1.0.1.jar
7fd585693000-7fd585695000 r--s 00018000 08:01 2507229                    /usr/lib/hadoop/lib/servlet-api-2.5.jar
7fd585695000-7fd585699000 r--s 00028000 08:01 2507177                    /usr/lib/hadoop/lib/jetty-util-6.1.26.cloudera.2.jar
7fd585699000-7fd58569f000 r--s 00045000 08:01 2507193                    /usr/lib/hadoop/lib/commons-httpclient-3.1.jar
7fd58569f000-7fd5856a5000 r--s 00043000 08:01 2507220                    /usr/lib/hadoop/lib/commons-configuration-1.6.jar
7fd5856a5000-7fd5856a8000 r--s 0002b000 08:01 2507232                    /usr/lib/hadoop/lib/jsch-0.1.42.jar
7fd5856a8000-7fd5856ab000 r--s 00006000 08:01 2507191                    /usr/lib/hadoop/lib/jsr305-1.3.9.jar
7fd5856ab000-7fd5856ac000 r--s 0000a000 08:01 2507210                    /usr/lib/hadoop/lib/asm-3.2.jar
7fd5856ac000-7fd5856ae000 r--s 0000f000 08:01 2507233                    /usr/lib/hadoop/lib/jettison-1.1.jar
7fd5856ae000-7fd5856b3000 r--s 00040000 08:01 2507226                    /usr/lib/hadoop/lib/commons-lang-2.5.jar
7fd5856b3000-7fd5856b7000 r--s 00021000 08:01 2507189                    /usr/lib/hadoop/lib/jersey-json-1.8.jar
7fd5856b7000-7fd5856b9000 r--s 000f2000 08:01 2507216                    /usr/lib/hadoop/lib/snappy-java-1.0.4.1.jar
7fd5856b9000-7fd5856bc000 r--s 00016000 08:01 2507187                    /usr/lib/hadoop/lib/jsp-api-2.1.jar
7fd5856bc000-7fd5856c1000 r--s 0004a000 08:01 2507190                    /usr/lib/hadoop/lib/jets3t-0.6.1.jar
7fd5856c1000-7fd5856ca000 r--s 0006f000 08:01 2507198                    /usr/lib/hadoop/lib/log4j-1.2.17.jar
7fd5856ca000-7fd5856e4000 r--s 0013b000 08:01 2507223                    /usr/lib/hadoop/lib/cloudera-jets3t-2.0.0-cdh4.7.0.jar
7fd5856e4000-7fd5856f2000 r--s 0007f000 08:01 2507230                    /usr/lib/hadoop/lib/commons-collections-3.2.1.jar
7fd5856f2000-7fd585706000 r--s 00193000 08:01 2507248                    /usr/lib/hadoop-hdfs/hadoop-hdfs-2.0.0-cdh4.7.0-tests.jar
7fd585706000-7fd585741000 r--s 00421000 08:01 2507249                    /usr/lib/hadoop-hdfs/hadoop-hdfs-2.0.0-cdh4.7.0.jar
7fd585741000-7fd585743000 r--s 00003000 08:01 2507295                    /usr/lib/hadoop-hdfs/lib/commons-daemon-1.0.3.jar
7fd585743000-7fd585747000 r--s 00034000 08:01 2507293                    /usr/lib/hadoop-hdfs/lib/jackson-core-asl-1.8.8.jar
7fd585747000-7fd585751000 r--s 00066000 08:01 2507302                    /usr/lib/hadoop-hdfs/lib/jersey-core-1.8.jar
7fd585751000-7fd585753000 r--s 00014000 08:01 2507287                    /usr/lib/hadoop-hdfs/lib/jline-0.9.94.jar
7fd585753000-7fd585756000 r--s 00025000 08:01 2507299                    /usr/lib/hadoop-hdfs/lib/commons-io-2.1.jar
7fd585756000-7fd585777000 r--s 00172000 08:01 2507297                    /usr/lib/hadoop-hdfs/lib/guava-11.0.2.jar
7fd585777000-7fd585784000 r--s 00097000 08:01 2507282                    /usr/lib/hadoop-hdfs/lib/jackson-mapper-asl-1.8.8.jar
7fd585784000-7fd585796000 r--s 00131000 08:01 2507296                    /usr/lib/hadoop-hdfs/lib/zookeeper-3.4.5-cdh4.7.0.jar
7fd585796000-7fd585799000 r--s 00019000 08:01 2507294                    /usr/lib/hadoop-hdfs/lib/commons-el-1.0.jar
7fd585799000-7fd58579b000 r--s 0000d000 08:01 2507298                    /usr/lib/hadoop-hdfs/lib/commons-logging-1.1.1.jar
7fd58579b000-7fd5857a1000 r--s 00068000 08:01 2507303                    /usr/lib/hadoop-hdfs/lib/protobuf-java-2.4.0a.jar
7fd5857a1000-7fd5857a3000 r--s 00009000 08:01 2507290                    /usr/lib/hadoop-hdfs/lib/commons-cli-1.2.jar
7fd5857a3000-7fd5857a5000 r--s 00011000 08:01 2507289                    /usr/lib/hadoop-hdfs/lib/jasper-runtime-5.5.23.jar
7fd5857a5000-7fd5857a7000 r--s 0000d000 08:01 2507291                    /usr/lib/hadoop-hdfs/lib/commons-codec-1.4.jar
7fd5857a7000-7fd5857ad000 r--s 0007e000 08:01 2507281                    /usr/lib/hadoop-hdfs/lib/jetty-6.1.26.cloudera.2.jar
7fd5857ad000-7fd5857be000 r--s 00099000 08:01 2507283                    /usr/lib/hadoop-hdfs/lib/jersey-server-1.8.jar
7fd5857be000-7fd5857c2000 r--s 00028000 08:01 2507280                    /usr/lib/hadoop-hdfs/lib/jetty-util-6.1.26.cloudera.2.jar
7fd5857c2000-7fd5857c3000 ---p 00000000 00:00 0 
7fd5857c3000-7fd5858c3000 rwxp 00000000 00:00 0                          [stack:19321]
7fd5858c3000-7fd5858c6000 ---p 00000000 00:00 0 
7fd5858c6000-7fd5859c4000 rwxp 00000000 00:00 0                          [stack:19320]
7fd5859c4000-7fd5859c7000 ---p 00000000 00:00 0 
7fd5859c7000-7fd585ac5000 rwxp 00000000 00:00 0                          [stack:19319]
7fd585ac5000-7fd585ac8000 ---p 00000000 00:00 0 
7fd585ac8000-7fd585bc6000 rwxp 00000000 00:00 0                          [stack:19318]
7fd585bc6000-7fd585bc9000 ---p 00000000 00:00 0 
7fd585bc9000-7fd585cc7000 rwxp 00000000 00:00 0                          [stack:19317]
7fd585cc7000-7fd5863ab000 r--p 00000000 08:01 2497244                    /usr/lib/locale/locale-archive
7fd5863ab000-7fd5863ae000 ---p 00000000 00:00 0 
7fd5863ae000-7fd5864ac000 rwxp 00000000 00:00 0                          [stack:19316]
7fd5864ac000-7fd5864af000 ---p 00000000 00:00 0 
7fd5864af000-7fd5865ad000 rwxp 00000000 00:00 0                          [stack:19315]
7fd5865ad000-7fd5865ae000 ---p 00000000 00:00 0 
7fd5865ae000-7fd5866ae000 rwxp 00000000 00:00 0                          [stack:19314]
7fd5866ae000-7fd5871ed000 rw-p 00000000 00:00 0 
7fd5871ed000-7fd587386000 r--s 03087000 08:01 1187055                    /opt/jdk1.6.0_45/jre/lib/rt.jar
7fd587386000-7fd5873ae000 rw-p 00000000 00:00 0 
7fd5873ae000-7fd5873af000 ---p 00000000 00:00 0 
7fd5873af000-7fd5874af000 rwxp 00000000 00:00 0                          [stack:19313]
7fd5874af000-7fd5874b0000 ---p 00000000 00:00 0 
7fd5874b0000-7fd5875b0000 rwxp 00000000 00:00 0                          [stack:19312]
7fd5875b0000-7fd5875b1000 ---p 00000000 00:00 0 
7fd5875b1000-7fd5876b1000 rwxp 00000000 00:00 0                          [stack:19311]
7fd5876b1000-7fd5876b2000 ---p 00000000 00:00 0 
7fd5876b2000-7fd5877b2000 rwxp 00000000 00:00 0                          [stack:19310]
7fd5877b2000-7fd5877b3000 ---p 00000000 00:00 0 
7fd5877b3000-7fd5878b3000 rwxp 00000000 00:00 0                          [stack:19309]
7fd5878b3000-7fd5878b4000 ---p 00000000 00:00 0 
7fd5878b4000-7fd5879b4000 rwxp 00000000 00:00 0                          [stack:19308]
7fd5879b4000-7fd5879b5000 ---p 00000000 00:00 0 
7fd5879b5000-7fd587ab5000 rwxp 00000000 00:00 0                          [stack:19307]
7fd587ab5000-7fd587ab6000 ---p 00000000 00:00 0 
7fd587ab6000-7fd587bb6000 rwxp 00000000 00:00 0                          [stack:19306]
7fd587bb6000-7fd587bb7000 ---p 00000000 00:00 0 
7fd587bb7000-7fd587cb7000 rwxp 00000000 00:00 0                          [stack:19305]
7fd587cb7000-7fd587cb8000 ---p 00000000 00:00 0 
7fd587cb8000-7fd587db8000 rwxp 00000000 00:00 0                          [stack:19304]
7fd587db8000-7fd587dc3000 rw-p 00000000 00:00 0 
7fd587dc3000-7fd587de1000 rw-p 00000000 00:00 0 
7fd587de1000-7fd587f31000 rw-p 00000000 00:00 0 
7fd587f31000-7fd5892d7000 rw-p 00000000 00:00 0 
7fd5892d7000-7fd5892e2000 rw-p 00000000 00:00 0 
7fd5892e2000-7fd589300000 rw-p 00000000 00:00 0 
7fd589300000-7fd589450000 rw-p 00000000 00:00 0 
7fd589450000-7fd58a7f6000 rw-p 00000000 00:00 0 
7fd58a7f6000-7fd58a89e000 rw-p 00000000 00:00 0 
7fd58a89e000-7fd58b271000 rw-p 00000000 00:00 0 
7fd58b271000-7fd58b272000 rw-p 00000000 00:00 0 
7fd58b272000-7fd58b4e2000 rwxp 00000000 00:00 0 
7fd58b4e2000-7fd58e272000 rw-p 00000000 00:00 0 
7fd58e272000-7fd58e280000 r-xp 00000000 08:01 1186976                    /opt/jdk1.6.0_45/jre/lib/amd64/libzip.so
7fd58e280000-7fd58e382000 ---p 0000e000 08:01 1186976                    /opt/jdk1.6.0_45/jre/lib/amd64/libzip.so
7fd58e382000-7fd58e385000 rw-p 00010000 08:01 1186976                    /opt/jdk1.6.0_45/jre/lib/amd64/libzip.so
7fd58e385000-7fd58e386000 rw-p 00000000 00:00 0 
7fd58e386000-7fd58e392000 r-xp 00000000 08:01 531515                     /lib/x86_64-linux-gnu/libnss_files-2.15.so
7fd58e392000-7fd58e591000 ---p 0000c000 08:01 531515                     /lib/x86_64-linux-gnu/libnss_files-2.15.so
7fd58e591000-7fd58e592000 r--p 0000b000 08:01 531515                     /lib/x86_64-linux-gnu/libnss_files-2.15.so
7fd58e592000-7fd58e593000 rw-p 0000c000 08:01 531515                     /lib/x86_64-linux-gnu/libnss_files-2.15.so
7fd58e593000-7fd58e59d000 r-xp 00000000 08:01 531511                     /lib/x86_64-linux-gnu/libnss_nis-2.15.so
7fd58e59d000-7fd58e79d000 ---p 0000a000 08:01 531511                     /lib/x86_64-linux-gnu/libnss_nis-2.15.so
7fd58e79d000-7fd58e79e000 r--p 0000a000 08:01 531511                     /lib/x86_64-linux-gnu/libnss_nis-2.15.so
7fd58e79e000-7fd58e79f000 rw-p 0000b000 08:01 531511                     /lib/x86_64-linux-gnu/libnss_nis-2.15.so
7fd58e79f000-7fd58e7a7000 r-xp 00000000 08:01 531517                     /lib/x86_64-linux-gnu/libnss_compat-2.15.so
7fd58e7a7000-7fd58e9a6000 ---p 00008000 08:01 531517                     /lib/x86_64-linux-gnu/libnss_compat-2.15.so
7fd58e9a6000-7fd58e9a7000 r--p 00007000 08:01 531517                     /lib/x86_64-linux-gnu/libnss_compat-2.15.so
7fd58e9a7000-7fd58e9a8000 rw-p 00008000 08:01 531517                     /lib/x86_64-linux-gnu/libnss_compat-2.15.so
7fd58e9a8000-7fd58e9bf000 r-xp 00000000 08:01 531514                     /lib/x86_64-linux-gnu/libnsl-2.15.so
7fd58e9bf000-7fd58ebbe000 ---p 00017000 08:01 531514                     /lib/x86_64-linux-gnu/libnsl-2.15.so
7fd58ebbe000-7fd58ebbf000 r--p 00016000 08:01 531514                     /lib/x86_64-linux-gnu/libnsl-2.15.so
7fd58ebbf000-7fd58ebc0000 rw-p 00017000 08:01 531514                     /lib/x86_64-linux-gnu/libnsl-2.15.so
7fd58ebc0000-7fd58ebc2000 rw-p 00000000 00:00 0 
7fd58ebc2000-7fd58ebeb000 r-xp 00000000 08:01 1186989                    /opt/jdk1.6.0_45/jre/lib/amd64/libjava.so
7fd58ebeb000-7fd58ecea000 ---p 00029000 08:01 1186989                    /opt/jdk1.6.0_45/jre/lib/amd64/libjava.so
7fd58ecea000-7fd58ecf1000 rw-p 00028000 08:01 1186989                    /opt/jdk1.6.0_45/jre/lib/amd64/libjava.so
7fd58ecf1000-7fd58ecf8000 r-xp 00000000 08:01 531506                     /lib/x86_64-linux-gnu/librt-2.15.so
7fd58ecf8000-7fd58eef7000 ---p 00007000 08:01 531506                     /lib/x86_64-linux-gnu/librt-2.15.so
7fd58eef7000-7fd58eef8000 r--p 00006000 08:01 531506                     /lib/x86_64-linux-gnu/librt-2.15.so
7fd58eef8000-7fd58eef9000 rw-p 00007000 08:01 531506                     /lib/x86_64-linux-gnu/librt-2.15.so
7fd58eef9000-7fd58ef0f000 r-xp 00000000 08:01 528394                     /lib/x86_64-linux-gnu/libz.so.1.2.3.4
7fd58ef0f000-7fd58f10e000 ---p 00016000 08:01 528394                     /lib/x86_64-linux-gnu/libz.so.1.2.3.4
7fd58f10e000-7fd58f10f000 r--p 00015000 08:01 528394                     /lib/x86_64-linux-gnu/libz.so.1.2.3.4
7fd58f10f000-7fd58f110000 rw-p 00016000 08:01 528394                     /lib/x86_64-linux-gnu/libz.so.1.2.3.4
7fd58f110000-7fd58f112000 r-xp 00000000 08:01 531523                     /lib/x86_64-linux-gnu/libdl-2.15.so
7fd58f112000-7fd58f312000 ---p 00002000 08:01 531523                     /lib/x86_64-linux-gnu/libdl-2.15.so
7fd58f312000-7fd58f313000 r--p 00002000 08:01 531523                     /lib/x86_64-linux-gnu/libdl-2.15.so
7fd58f313000-7fd58f314000 rw-p 00003000 08:01 531523                     /lib/x86_64-linux-gnu/libdl-2.15.so
7fd58f314000-7fd58fc32000 r-xp 00000000 08:01 1316642                    /opt/jdk1.6.0_45/jre/lib/amd64/server/libjvm.so
7fd58fc32000-7fd58fd34000 ---p 0091e000 08:01 1316642                    /opt/jdk1.6.0_45/jre/lib/amd64/server/libjvm.so
7fd58fd34000-7fd58feea000 rw-p 00920000 08:01 1316642                    /opt/jdk1.6.0_45/jre/lib/amd64/server/libjvm.so
7fd58feea000-7fd58ff24000 rw-p 00000000 00:00 0 
7fd58ff24000-7fd59001f000 r-xp 00000000 08:01 531522                     /lib/x86_64-linux-gnu/libm-2.15.so
7fd59001f000-7fd59021e000 ---p 000fb000 08:01 531522                     /lib/x86_64-linux-gnu/libm-2.15.so
7fd59021e000-7fd59021f000 r--p 000fa000 08:01 531522                     /lib/x86_64-linux-gnu/libm-2.15.so
7fd59021f000-7fd590220000 rw-p 000fb000 08:01 531522                     /lib/x86_64-linux-gnu/libm-2.15.so
7fd590220000-7fd5903d2000 r-xp 00000000 08:01 528270                     /lib/x86_64-linux-gnu/libcrypto.so.1.0.0
7fd5903d2000-7fd5905d1000 ---p 001b2000 08:01 528270                     /lib/x86_64-linux-gnu/libcrypto.so.1.0.0
7fd5905d1000-7fd5905ec000 r--p 001b1000 08:01 528270                     /lib/x86_64-linux-gnu/libcrypto.so.1.0.0
7fd5905ec000-7fd5905f7000 rw-p 001cc000 08:01 528270                     /lib/x86_64-linux-gnu/libcrypto.so.1.0.0
7fd5905f7000-7fd5905fb000 rw-p 00000000 00:00 0 
7fd5905fb000-7fd590650000 r-xp 00000000 08:01 528267                     /lib/x86_64-linux-gnu/libssl.so.1.0.0
7fd590650000-7fd59084f000 ---p 00055000 08:01 528267                     /lib/x86_64-linux-gnu/libssl.so.1.0.0
7fd59084f000-7fd590852000 r--p 00054000 08:01 528267                     /lib/x86_64-linux-gnu/libssl.so.1.0.0
7fd590852000-7fd590859000 rw-p 00057000 08:01 528267                     /lib/x86_64-linux-gnu/libssl.so.1.0.0
7fd590859000-7fd590a0d000 r-xp 00000000 08:01 531512                     /lib/x86_64-linux-gnu/libc-2.15.so
7fd590a0d000-7fd590c0d000 ---p 001b4000 08:01 531512                     /lib/x86_64-linux-gnu/libc-2.15.so
7fd590c0d000-7fd590c11000 r--p 001b4000 08:01 531512                     /lib/x86_64-linux-gnu/libc-2.15.so
7fd590c11000-7fd590c13000 rw-p 001b8000 08:01 531512                     /lib/x86_64-linux-gnu/libc-2.15.so
7fd590c13000-7fd590c18000 rw-p 00000000 00:00 0 
7fd590c18000-7fd590c30000 r-xp 00000000 08:01 531513                     /lib/x86_64-linux-gnu/libpthread-2.15.so
7fd590c30000-7fd590e2f000 ---p 00018000 08:01 531513                     /lib/x86_64-linux-gnu/libpthread-2.15.so
7fd590e2f000-7fd590e30000 r--p 00017000 08:01 531513                     /lib/x86_64-linux-gnu/libpthread-2.15.so
7fd590e30000-7fd590e31000 rw-p 00018000 08:01 531513                     /lib/x86_64-linux-gnu/libpthread-2.15.so
7fd590e31000-7fd590e35000 rw-p 00000000 00:00 0 
7fd590e35000-7fd590e4b000 r-xp 00000000 08:01 528271                     /lib/x86_64-linux-gnu/libgcc_s.so.1
7fd590e4b000-7fd59104a000 ---p 00016000 08:01 528271                     /lib/x86_64-linux-gnu/libgcc_s.so.1
7fd59104a000-7fd59104b000 r--p 00015000 08:01 528271                     /lib/x86_64-linux-gnu/libgcc_s.so.1
7fd59104b000-7fd59104c000 rw-p 00016000 08:01 528271                     /lib/x86_64-linux-gnu/libgcc_s.so.1
7fd59104c000-7fd5911b9000 r-xp 00000000 08:01 2521278                    /usr/lib/x86_64-linux-gnu/libstdc++.so.6.0.21
7fd5911b9000-7fd5913b9000 ---p 0016d000 08:01 2521278                    /usr/lib/x86_64-linux-gnu/libstdc++.so.6.0.21
7fd5913b9000-7fd5913c3000 r--p 0016d000 08:01 2521278                    /usr/lib/x86_64-linux-gnu/libstdc++.so.6.0.21
7fd5913c3000-7fd5913c5000 rw-p 00177000 08:01 2521278                    /usr/lib/x86_64-linux-gnu/libstdc++.so.6.0.21
7fd5913c5000-7fd5913c9000 rw-p 00000000 00:00 0 
7fd5913c9000-7fd5913dd000 r-xp 00000000 08:01 2525251                    /usr/lib/x86_64-linux-gnu/libboost_filesystem.so.1.55.0
7fd5913dd000-7fd5915dd000 ---p 00014000 08:01 2525251                    /usr/lib/x86_64-linux-gnu/libboost_filesystem.so.1.55.0
7fd5915dd000-7fd5915de000 r--p 00014000 08:01 2525251                    /usr/lib/x86_64-linux-gnu/libboost_filesystem.so.1.55.0
7fd5915de000-7fd5915df000 rw-p 00015000 08:01 2525251                    /usr/lib/x86_64-linux-gnu/libboost_filesystem.so.1.55.0
7fd5915df000-7fd5915e2000 r-xp 00000000 08:01 2525247                    /usr/lib/x86_64-linux-gnu/libboost_system.so.1.55.0
7fd5915e2000-7fd5917e1000 ---p 00003000 08:01 2525247                    /usr/lib/x86_64-linux-gnu/libboost_system.so.1.55.0
7fd5917e1000-7fd5917e2000 r--p 00002000 08:01 2525247                    /usr/lib/x86_64-linux-gnu/libboost_system.so.1.55.0
7fd5917e2000-7fd5917e3000 rw-p 00003000 08:01 2525247                    /usr/lib/x86_64-linux-gnu/libboost_system.so.1.55.0
7fd5917e3000-7fd5917ef000 r-xp 00000000 08:01 2507820                    /usr/lib/libhdfs.so.0.0.0
7fd5917ef000-7fd5919ee000 ---p 0000c000 08:01 2507820                    /usr/lib/libhdfs.so.0.0.0
7fd5919ee000-7fd5919ef000 r--p 0000b000 08:01 2507820                    /usr/lib/libhdfs.so.0.0.0
7fd5919ef000-7fd5919f0000 rw-p 0000c000 08:01 2507820                    /usr/lib/libhdfs.so.0.0.0
7fd5919f0000-7fd591a0d000 r-xp 00000000 08:01 2772799                    /usr/local/lib/libglog.so.0.0.0
7fd591a0d000-7fd591c0c000 ---p 0001d000 08:01 2772799                    /usr/local/lib/libglog.so.0.0.0
7fd591c0c000-7fd591c0d000 r--p 0001c000 08:01 2772799                    /usr/local/lib/libglog.so.0.0.0
7fd591c0d000-7fd591c0e000 rw-p 0001d000 08:01 2772799                    /usr/local/lib/libglog.so.0.0.0
7fd591c0e000-7fd591c1e000 rw-p 00000000 00:00 0 
7fd591c1e000-7fd591cbd000 r-xp 00000000 08:01 2772706                    /usr/local/lib/libthrift-0.9.2.so
7fd591cbd000-7fd591ebd000 ---p 0009f000 08:01 2772706                    /usr/local/lib/libthrift-0.9.2.so
7fd591ebd000-7fd591ec3000 r--p 0009f000 08:01 2772706                    /usr/local/lib/libthrift-0.9.2.so
7fd591ec3000-7fd591ec5000 rw-p 000a5000 08:01 2772706                    /usr/local/lib/libthrift-0.9.2.so
7fd591ec5000-7fd591ee7000 r-xp 00000000 08:01 531521                     /lib/x86_64-linux-gnu/ld-2.15.so
7fd591ee7000-7fd591ee8000 r--s 00002000 08:01 2507054                    /usr/lib/zookeeper/lib/slf4j-log4j12-1.6.1.jar
7fd591ee8000-7fd591eea000 r--s 00018000 08:01 2507301                    /usr/lib/hadoop-hdfs/lib/servlet-api-2.5.jar
7fd591eea000-7fd591eed000 r--s 00006000 08:01 2507286                    /usr/lib/hadoop-hdfs/lib/jsr305-1.3.9.jar
7fd591eed000-7fd591ef2000 r--s 00040000 08:01 2507300                    /usr/lib/hadoop-hdfs/lib/commons-lang-2.5.jar
7fd591ef2000-7fd591efc000 rw-p 00000000 00:00 0 
7fd591efc000-7fd591fb2000 rw-p 00000000 00:00 0 
7fd591fb2000-7fd591fbf000 r-xp 00000000 08:01 1186971                    /opt/jdk1.6.0_45/jre/lib/amd64/libverify.so
7fd591fbf000-7fd5920be000 ---p 0000d000 08:01 1186971                    /opt/jdk1.6.0_45/jre/lib/amd64/libverify.so
7fd5920be000-7fd5920c1000 rw-p 0000c000 08:01 1186971                    /opt/jdk1.6.0_45/jre/lib/amd64/libverify.so
7fd5920c1000-7fd5920ca000 rw-p 00000000 00:00 0 
7fd5920ca000-7fd5920cb000 r--s 00003000 08:01 2507284                    /usr/lib/hadoop-hdfs/lib/xmlenc-0.52.jar
7fd5920cb000-7fd5920cc000 r--s 0000a000 08:01 2507292                    /usr/lib/hadoop-hdfs/lib/asm-3.2.jar
7fd5920cc000-7fd5920cf000 r--s 00016000 08:01 2507285                    /usr/lib/hadoop-hdfs/lib/jsp-api-2.1.jar
7fd5920cf000-7fd5920d8000 r--s 0006f000 08:01 2507288                    /usr/lib/hadoop-hdfs/lib/log4j-1.2.17.jar
7fd5920d8000-7fd5920e0000 rw-s 00000000 08:01 2230619                    /tmp/hsperfdata_mapred/19303
7fd5920e0000-7fd5920e1000 rw-p 00000000 00:00 0 
7fd5920e1000-7fd5920e2000 r--p 00000000 00:00 0 
7fd5920e2000-7fd5920e5000 rw-p 00000000 00:00 0 
7fd5920e5000-7fd5920e7000 r-xp 00000000 00:00 0                          [vdso]
7fd5920e7000-7fd5920e8000 r--p 00022000 08:01 531521                     /lib/x86_64-linux-gnu/ld-2.15.so
7fd5920e8000-7fd5920ea000 rw-p 00023000 08:01 531521                     /lib/x86_64-linux-gnu/ld-2.15.so
7fff778fe000-7fff77901000 ---p 00000000 00:00 0 
7fff77902000-7fff779fe000 rwxp 00000000 00:00 0                          [stack]
7fff779fe000-7fff77a05000 rw-p 00000000 00:00 0 
ffffffffff600000-ffffffffff601000 r-xp 00000000 00:00 0                  [vsyscall]

VM Arguments:
java_command: <unknown>
Launcher Type: generic

Environment Variables:
JAVA_HOME=/opt/jdk1.6.0_45
JRE_HOME=/opt/jdk1.6.0_45/jre
PATH=/opt/gocode/bin:/opt/jdk1.6.0_45/bin:/opt/jdk1.6.0_45/jre/bin:/usr/local/go/bin:/usr/local/sbin:/usr/local/bin:/usr/sbin:/usr/bin:/sbin:/bin:/usr/games
LD_LIBRARY_PATH=/opt/jdk1.6.0_45/jre/lib/amd64/server:/c++/Linux-amd64-64/lib:/usr/local/lib:/usr/lib
SHELL=/bin/bash

Signal Handlers:
SIGSEGV: [libjvm.so+0x862a30], sa_mask[0]=0x7ffbfeff, sa_flags=0x10000004
SIGBUS: [libjvm.so+0x862a30], sa_mask[0]=0x7ffbfeff, sa_flags=0x10000004
SIGFPE: [libjvm.so+0x7106f0], sa_mask[0]=0x7ffbfeff, sa_flags=0x10000004
SIGPIPE: [libjvm.so+0x7106f0], sa_mask[0]=0x7ffbfeff, sa_flags=0x10000004
SIGXFSZ: [libjvm.so+0x7106f0], sa_mask[0]=0x7ffbfeff, sa_flags=0x10000004
SIGILL: [libjvm.so+0x7106f0], sa_mask[0]=0x7ffbfeff, sa_flags=0x10000004
SIGUSR1: SIG_DFL, sa_mask[0]=0x00000000, sa_flags=0x00000000
SIGUSR2: [libjvm.so+0x713520], sa_mask[0]=0x00000000, sa_flags=0x10000004
SIGHUP: [libjvm.so+0x713120], sa_mask[0]=0x7ffbfeff, sa_flags=0x10000004
SIGINT: [libjvm.so+0x713120], sa_mask[0]=0x7ffbfeff, sa_flags=0x10000004
SIGTERM: [libjvm.so+0x713120], sa_mask[0]=0x7ffbfeff, sa_flags=0x10000004
SIGQUIT: [libjvm.so+0x713120], sa_mask[0]=0x7ffbfeff, sa_flags=0x10000004


---------------  S Y S T E M  ---------------

OS:wheezy/sid

uname:Linux 3.11.0-15-generic #25~precise1-Ubuntu SMP Thu Jan 30 17:39:31 UTC 2014 x86_64
libc:glibc 2.15 NPTL 2.15 
rlimit: STACK 8192k, CORE 0k, NPROC 65536, NOFILE 32768, AS infinity
load average:1.14 1.13 1.14

/proc/meminfo:
MemTotal:       65929444 kB
MemFree:         2789536 kB
Buffers:          512124 kB
Cached:         56332508 kB
SwapCached:            0 kB
Active:         19879728 kB
Inactive:       40714536 kB
Active(anon):    3275716 kB
Inactive(anon):   480540 kB
Active(file):   16604012 kB
Inactive(file): 40233996 kB
Unevictable:           0 kB
Mlocked:               0 kB
SwapTotal:      67059708 kB
SwapFree:       67059708 kB
Dirty:              1308 kB
Writeback:             0 kB
AnonPages:       3749724 kB
Mapped:           187424 kB
Shmem:              6608 kB
Slab:            2041120 kB
SReclaimable:    1975792 kB
SUnreclaim:        65328 kB
KernelStack:        6872 kB
PageTables:        50220 kB
NFS_Unstable:          0 kB
Bounce:                0 kB
WritebackTmp:          0 kB
CommitLimit:    100024428 kB
Committed_AS:    9565964 kB
VmallocTotal:   34359738367 kB
VmallocUsed:      397028 kB
VmallocChunk:   34359338300 kB
HardwareCorrupted:     0 kB
AnonHugePages:         0 kB
HugePages_Total:       0
HugePages_Free:        0
HugePages_Rsvd:        0
HugePages_Surp:        0
Hugepagesize:       2048 kB
DirectMap4k:       99264 kB
DirectMap2M:     6146048 kB
DirectMap1G:    60817408 kB


CPU:total 12 (6 cores per cpu, 2 threads per core) family 6 model 45 stepping 7, cmov, cx8, fxsr, mmx, sse, sse2, sse3, ssse3, sse4.1, sse4.2, popcnt, ht

/proc/cpuinfo:
processor	: 0
vendor_id	: GenuineIntel
cpu family	: 6
model		: 45
model name	: Intel(R) Xeon(R) CPU E5-2620 0 @ 2.00GHz
stepping	: 7
microcode	: 0x70b
cpu MHz		: 2000.050
cache size	: 15360 KB
physical id	: 0
siblings	: 12
core id		: 0
cpu cores	: 6
apicid		: 0
initial apicid	: 0
fpu		: yes
fpu_exception	: yes
cpuid level	: 13
wp		: yes
flags		: fpu vme de pse tsc msr pae mce cx8 apic sep mtrr pge mca cmov pat pse36 clflush dts acpi mmx fxsr sse sse2 ss ht tm pbe syscall nx pdpe1gb rdtscp lm constant_tsc arch_perfmon pebs bts rep_good nopl xtopology nonstop_tsc aperfmperf eagerfpu pni pclmulqdq dtes64 monitor ds_cpl vmx smx est tm2 ssse3 cx16 xtpr pdcm pcid dca sse4_1 sse4_2 x2apic popcnt tsc_deadline_timer aes xsave avx lahf_lm ida arat xsaveopt pln pts dtherm tpr_shadow vnmi flexpriority ept vpid
bogomips	: 4000.10
clflush size	: 64
cache_alignment	: 64
address sizes	: 46 bits physical, 48 bits virtual
power management:

processor	: 1
vendor_id	: GenuineIntel
cpu family	: 6
model		: 45
model name	: Intel(R) Xeon(R) CPU E5-2620 0 @ 2.00GHz
stepping	: 7
microcode	: 0x70b
cpu MHz		: 2000.050
cache size	: 15360 KB
physical id	: 0
siblings	: 12
core id		: 1
cpu cores	: 6
apicid		: 2
initial apicid	: 2
fpu		: yes
fpu_exception	: yes
cpuid level	: 13
wp		: yes
flags		: fpu vme de pse tsc msr pae mce cx8 apic sep mtrr pge mca cmov pat pse36 clflush dts acpi mmx fxsr sse sse2 ss ht tm pbe syscall nx pdpe1gb rdtscp lm constant_tsc arch_perfmon pebs bts rep_good nopl xtopology nonstop_tsc aperfmperf eagerfpu pni pclmulqdq dtes64 monitor ds_cpl vmx smx est tm2 ssse3 cx16 xtpr pdcm pcid dca sse4_1 sse4_2 x2apic popcnt tsc_deadline_timer aes xsave avx lahf_lm ida arat xsaveopt pln pts dtherm tpr_shadow vnmi flexpriority ept vpid
bogomips	: 4000.10
clflush size	: 64
cache_alignment	: 64
address sizes	: 46 bits physical, 48 bits virtual
power management:

processor	: 2
vendor_id	: GenuineIntel
cpu family	: 6
model		: 45
model name	: Intel(R) Xeon(R) CPU E5-2620 0 @ 2.00GHz
stepping	: 7
microcode	: 0x70b
cpu MHz		: 2000.050
cache size	: 15360 KB
physical id	: 0
siblings	: 12
core id		: 2
cpu cores	: 6
apicid		: 4
initial apicid	: 4
fpu		: yes
fpu_exception	: yes
cpuid level	: 13
wp		: yes
flags		: fpu vme de pse tsc msr pae mce cx8 apic sep mtrr pge mca cmov pat pse36 clflush dts acpi mmx fxsr sse sse2 ss ht tm pbe syscall nx pdpe1gb rdtscp lm constant_tsc arch_perfmon pebs bts rep_good nopl xtopology nonstop_tsc aperfmperf eagerfpu pni pclmulqdq dtes64 monitor ds_cpl vmx smx est tm2 ssse3 cx16 xtpr pdcm pcid dca sse4_1 sse4_2 x2apic popcnt tsc_deadline_timer aes xsave avx lahf_lm ida arat xsaveopt pln pts dtherm tpr_shadow vnmi flexpriority ept vpid
bogomips	: 4000.10
clflush size	: 64
cache_alignment	: 64
address sizes	: 46 bits physical, 48 bits virtual
power management:

processor	: 3
vendor_id	: GenuineIntel
cpu family	: 6
model		: 45
model name	: Intel(R) Xeon(R) CPU E5-2620 0 @ 2.00GHz
stepping	: 7
microcode	: 0x70b
cpu MHz		: 2000.050
cache size	: 15360 KB
physical id	: 0
siblings	: 12
core id		: 3
cpu cores	: 6
apicid		: 6
initial apicid	: 6
fpu		: yes
fpu_exception	: yes
cpuid level	: 13
wp		: yes
flags		: fpu vme de pse tsc msr pae mce cx8 apic sep mtrr pge mca cmov pat pse36 clflush dts acpi mmx fxsr sse sse2 ss ht tm pbe syscall nx pdpe1gb rdtscp lm constant_tsc arch_perfmon pebs bts rep_good nopl xtopology nonstop_tsc aperfmperf eagerfpu pni pclmulqdq dtes64 monitor ds_cpl vmx smx est tm2 ssse3 cx16 xtpr pdcm pcid dca sse4_1 sse4_2 x2apic popcnt tsc_deadline_timer aes xsave avx lahf_lm ida arat xsaveopt pln pts dtherm tpr_shadow vnmi flexpriority ept vpid
bogomips	: 4000.10
clflush size	: 64
cache_alignment	: 64
address sizes	: 46 bits physical, 48 bits virtual
power management:

processor	: 4
vendor_id	: GenuineIntel
cpu family	: 6
model		: 45
model name	: Intel(R) Xeon(R) CPU E5-2620 0 @ 2.00GHz
stepping	: 7
microcode	: 0x70b
cpu MHz		: 2000.050
cache size	: 15360 KB
physical id	: 0
siblings	: 12
core id		: 4
cpu cores	: 6
apicid		: 8
initial apicid	: 8
fpu		: yes
fpu_exception	: yes
cpuid level	: 13
wp		: yes
flags		: fpu vme de pse tsc msr pae mce cx8 apic sep mtrr pge mca cmov pat pse36 clflush dts acpi mmx fxsr sse sse2 ss ht tm pbe syscall nx pdpe1gb rdtscp lm constant_tsc arch_perfmon pebs bts rep_good nopl xtopology nonstop_tsc aperfmperf eagerfpu pni pclmulqdq dtes64 monitor ds_cpl vmx smx est tm2 ssse3 cx16 xtpr pdcm pcid dca sse4_1 sse4_2 x2apic popcnt tsc_deadline_timer aes xsave avx lahf_lm ida arat xsaveopt pln pts dtherm tpr_shadow vnmi flexpriority ept vpid
bogomips	: 4000.10
clflush size	: 64
cache_alignment	: 64
address sizes	: 46 bits physical, 48 bits virtual
power management:

processor	: 5
vendor_id	: GenuineIntel
cpu family	: 6
model		: 45
model name	: Intel(R) Xeon(R) CPU E5-2620 0 @ 2.00GHz
stepping	: 7
microcode	: 0x70b
cpu MHz		: 2000.050
cache size	: 15360 KB
physical id	: 0
siblings	: 12
core id		: 5
cpu cores	: 6
apicid		: 10
initial apicid	: 10
fpu		: yes
fpu_exception	: yes
cpuid level	: 13
wp		: yes
flags		: fpu vme de pse tsc msr pae mce cx8 apic sep mtrr pge mca cmov pat pse36 clflush dts acpi mmx fxsr sse sse2 ss ht tm pbe syscall nx pdpe1gb rdtscp lm constant_tsc arch_perfmon pebs bts rep_good nopl xtopology nonstop_tsc aperfmperf eagerfpu pni pclmulqdq dtes64 monitor ds_cpl vmx smx est tm2 ssse3 cx16 xtpr pdcm pcid dca sse4_1 sse4_2 x2apic popcnt tsc_deadline_timer aes xsave avx lahf_lm ida arat xsaveopt pln pts dtherm tpr_shadow vnmi flexpriority ept vpid
bogomips	: 4000.10
clflush size	: 64
cache_alignment	: 64
address sizes	: 46 bits physical, 48 bits virtual
power management:

processor	: 6
vendor_id	: GenuineIntel
cpu family	: 6
model		: 45
model name	: Intel(R) Xeon(R) CPU E5-2620 0 @ 2.00GHz
stepping	: 7
microcode	: 0x70b
cpu MHz		: 2000.050
cache size	: 15360 KB
physical id	: 0
siblings	: 12
core id		: 0
cpu cores	: 6
apicid		: 1
initial apicid	: 1
fpu		: yes
fpu_exception	: yes
cpuid level	: 13
wp		: yes
flags		: fpu vme de pse tsc msr pae mce cx8 apic sep mtrr pge mca cmov pat pse36 clflush dts acpi mmx fxsr sse sse2 ss ht tm pbe syscall nx pdpe1gb rdtscp lm constant_tsc arch_perfmon pebs bts rep_good nopl xtopology nonstop_tsc aperfmperf eagerfpu pni pclmulqdq dtes64 monitor ds_cpl vmx smx est tm2 ssse3 cx16 xtpr pdcm pcid dca sse4_1 sse4_2 x2apic popcnt tsc_deadline_timer aes xsave avx lahf_lm ida arat xsaveopt pln pts dtherm tpr_shadow vnmi flexpriority ept vpid
bogomips	: 4000.10
clflush size	: 64
cache_alignment	: 64
address sizes	: 46 bits physical, 48 bits virtual
power management:

processor	: 7
vendor_id	: GenuineIntel
cpu family	: 6
model		: 45
model name	: Intel(R) Xeon(R) CPU E5-2620 0 @ 2.00GHz
stepping	: 7
microcode	: 0x70b
cpu MHz		: 2000.050
cache size	: 15360 KB
physical id	: 0
siblings	: 12
core id		: 1
cpu cores	: 6
apicid		: 3
initial apicid	: 3
fpu		: yes
fpu_exception	: yes
cpuid level	: 13
wp		: yes
flags		: fpu vme de pse tsc msr pae mce cx8 apic sep mtrr pge mca cmov pat pse36 clflush dts acpi mmx fxsr sse sse2 ss ht tm pbe syscall nx pdpe1gb rdtscp lm constant_tsc arch_perfmon pebs bts rep_good nopl xtopology nonstop_tsc aperfmperf eagerfpu pni pclmulqdq dtes64 monitor ds_cpl vmx smx est tm2 ssse3 cx16 xtpr pdcm pcid dca sse4_1 sse4_2 x2apic popcnt tsc_deadline_timer aes xsave avx lahf_lm ida arat xsaveopt pln pts dtherm tpr_shadow vnmi flexpriority ept vpid
bogomips	: 4000.10
clflush size	: 64
cache_alignment	: 64
address sizes	: 46 bits physical, 48 bits virtual
power management:

processor	: 8
vendor_id	: GenuineIntel
cpu family	: 6
model		: 45
model name	: Intel(R) Xeon(R) CPU E5-2620 0 @ 2.00GHz
stepping	: 7
microcode	: 0x70b
cpu MHz		: 2000.050
cache size	: 15360 KB
physical id	: 0
siblings	: 12
core id		: 2
cpu cores	: 6
apicid		: 5
initial apicid	: 5
fpu		: yes
fpu_exception	: yes
cpuid level	: 13
wp		: yes
flags		: fpu vme de pse tsc msr pae mce cx8 apic sep mtrr pge mca cmov pat pse36 clflush dts acpi mmx fxsr sse sse2 ss ht tm pbe syscall nx pdpe1gb rdtscp lm constant_tsc arch_perfmon pebs bts rep_good nopl xtopology nonstop_tsc aperfmperf eagerfpu pni pclmulqdq dtes64 monitor ds_cpl vmx smx est tm2 ssse3 cx16 xtpr pdcm pcid dca sse4_1 sse4_2 x2apic popcnt tsc_deadline_timer aes xsave avx lahf_lm ida arat xsaveopt pln pts dtherm tpr_shadow vnmi flexpriority ept vpid
bogomips	: 4000.10
clflush size	: 64
cache_alignment	: 64
address sizes	: 46 bits physical, 48 bits virtual
power management:

processor	: 9
vendor_id	: GenuineIntel
cpu family	: 6
model		: 45
model name	: Intel(R) Xeon(R) CPU E5-2620 0 @ 2.00GHz
stepping	: 7
microcode	: 0x70b
cpu MHz		: 2000.050
cache size	: 15360 KB
physical id	: 0
siblings	: 12
core id		: 3
cpu cores	: 6
apicid		: 7
initial apicid	: 7
fpu		: yes
fpu_exception	: yes
cpuid level	: 13
wp		: yes
flags		: fpu vme de pse tsc msr pae mce cx8 apic sep mtrr pge mca cmov pat pse36 clflush dts acpi mmx fxsr sse sse2 ss ht tm pbe syscall nx pdpe1gb rdtscp lm constant_tsc arch_perfmon pebs bts rep_good nopl xtopology nonstop_tsc aperfmperf eagerfpu pni pclmulqdq dtes64 monitor ds_cpl vmx smx est tm2 ssse3 cx16 xtpr pdcm pcid dca sse4_1 sse4_2 x2apic popcnt tsc_deadline_timer aes xsave avx lahf_lm ida arat xsaveopt pln pts dtherm tpr_shadow vnmi flexpriority ept vpid
bogomips	: 4000.10
clflush size	: 64
cache_alignment	: 64
address sizes	: 46 bits physical, 48 bits virtual
power management:

processor	: 10
vendor_id	: GenuineIntel
cpu family	: 6
model		: 45
model name	: Intel(R) Xeon(R) CPU E5-2620 0 @ 2.00GHz
stepping	: 7
microcode	: 0x70b
cpu MHz		: 2000.050
cache size	: 15360 KB
physical id	: 0
siblings	: 12
core id		: 4
cpu cores	: 6
apicid		: 9
initial apicid	: 9
fpu		: yes
fpu_exception	: yes
cpuid level	: 13
wp		: yes
flags		: fpu vme de pse tsc msr pae mce cx8 apic sep mtrr pge mca cmov pat pse36 clflush dts acpi mmx fxsr sse sse2 ss ht tm pbe syscall nx pdpe1gb rdtscp lm constant_tsc arch_perfmon pebs bts rep_good nopl xtopology nonstop_tsc aperfmperf eagerfpu pni pclmulqdq dtes64 monitor ds_cpl vmx smx est tm2 ssse3 cx16 xtpr pdcm pcid dca sse4_1 sse4_2 x2apic popcnt tsc_deadline_timer aes xsave avx lahf_lm ida arat xsaveopt pln pts dtherm tpr_shadow vnmi flexpriority ept vpid
bogomips	: 4000.10
clflush size	: 64
cache_alignment	: 64
address sizes	: 46 bits physical, 48 bits virtual
power management:

processor	: 11
vendor_id	: GenuineIntel
cpu family	: 6
model		: 45
model name	: Intel(R) Xeon(R) CPU E5-2620 0 @ 2.00GHz
stepping	: 7
microcode	: 0x70b
cpu MHz		: 2000.050
cache size	: 15360 KB
physical id	: 0
siblings	: 12
core id		: 5
cpu cores	: 6
apicid		: 11
initial apicid	: 11
fpu		: yes
fpu_exception	: yes
cpuid level	: 13
wp		: yes
flags		: fpu vme de pse tsc msr pae mce cx8 apic sep mtrr pge mca cmov pat pse36 clflush dts acpi mmx fxsr sse sse2 ss ht tm pbe syscall nx pdpe1gb rdtscp lm constant_tsc arch_perfmon pebs bts rep_good nopl xtopology nonstop_tsc aperfmperf eagerfpu pni pclmulqdq dtes64 monitor ds_cpl vmx smx est tm2 ssse3 cx16 xtpr pdcm pcid dca sse4_1 sse4_2 x2apic popcnt tsc_deadline_timer aes xsave avx lahf_lm ida arat xsaveopt pln pts dtherm tpr_shadow vnmi flexpriority ept vpid
bogomips	: 4000.10
clflush size	: 64
cache_alignment	: 64
address sizes	: 46 bits physical, 48 bits virtual
power management:



Memory: 4k page, physical 65929444k(2789536k free), swap 67059708k(67059708k free)

vm_info: Java HotSpot(TM) 64-Bit Server VM (20.45-b01) for linux-amd64 JRE (1.6.0_45-b06), built on Mar 26 2013 14:07:02 by "java_re" with gcc 3.2.2 (SuSE Linux)

time: Wed Sep 16 23:19:31 2015
elapsed time: 1 seconds

