#
# A fatal error has been detected by the Java Runtime Environment:
#
#  SIGSEGV (0xb) at pc=0x000000000042a458, pid=7835, tid=140364367550272
#
# JRE version: 6.0_45-b06
# Java VM: Java HotSpot(TM) 64-Bit Server VM (20.45-b01 mixed mode linux-amd64 compressed oops)
# Problematic frame:
# C  [uniCAPMaster+0x2a458]  ntu::cap::load_hdfs_file_regular(std::vector<std::string, std::allocator<std::string> >, std::vector<long, std::allocator<long> >, std::string, std::string, long, hdfs_internal*)+0x38
#
# If you would like to submit a bug report, please visit:
#   http://java.sun.com/webapps/bugreport/crash.jsp
# The crash happened outside the Java Virtual Machine in native code.
# See problematic frame for where to report the bug.
#

---------------  T H R E A D  ---------------

Current thread (0x00000000011c0800):  JavaThread "main" [_thread_in_native, id=7835, stack(0x00007fffa796e000,0x00007fffa7a6e000)]

siginfo:si_signo=SIGSEGV: si_errno=0, si_code=1 (SEGV_MAPERR), si_addr=0x0000000000000000

Registers:
RAX=0x0000000000000000, RBX=0x0000000000000000, RCX=0x00007fffa7a6cf00, RDX=0x0000000000000030
RSP=0x00007fffa7a6ceb0, RBP=0x000000000122e7b0, RSI=0x0000000001c423f8, RDI=0x0000000000672940
R8 =0x0000000001000000, R9 =0x000000000122e7b0, R10=0x0000000000000000, R11=0x000000000000004d
R12=0x00007fffa7a6cf50, R13=0x0000000000000000, R14=0x00007fffa7a6cf70, R15=0x00007fffa7a6d0e0
RIP=0x000000000042a458, EFLAGS=0x0000000000010206, CSGSFS=0x0000000000000033, ERR=0x0000000000000004
  TRAPNO=0x000000000000000e

Top of Stack: (sp=0x00007fffa7a6ceb0)
0x00007fffa7a6ceb0:   00007fffa7a6cf10 000000000122e7b0
0x00007fffa7a6cec0:   0000000001000000 0000000000000000
0x00007fffa7a6ced0:   0000000000000000 000000000042abea
0x00007fffa7a6cee0:   00000000011ac828 00000000011c2290
0x00007fffa7a6cef0:   00000000011ac7f8 00007fa91fb66a0c
0x00007fffa7a6cf00:   00000000011ac7c8 00007fa91ef92720
0x00007fffa7a6cf10:   0000000001cf88d0 0000000001cf9c20
0x00007fffa7a6cf20:   0000000001cfa8d0 00007fa91ec5d88a
0x00007fffa7a6cf30:   0000000000000000 0000000000000000
0x00007fffa7a6cf40:   0000000000000000 0000000000000000
0x00007fffa7a6cf50:   0000000001cfc080 0000000001cfd3d0
0x00007fffa7a6cf60:   0000000001cfd3d0 00007fa91fb6b4c9
0x00007fffa7a6cf70:   0000000000000000 0000000000000000
0x00007fffa7a6cf80:   0000000000000000 00000000011c2258
0x00007fffa7a6cf90:   000000000122e7b0 00007fffa7a6d0d0
0x00007fffa7a6cfa0:   00007fffa7a6d040 00007fffa7a6d060
0x00007fffa7a6cfb0:   0000000001000000 000000000042ae19
0x00007fffa7a6cfc0:   0000000000000000 0000000000000000
0x00007fffa7a6cfd0:   00000000ffffffff 0000000000000050
0x00007fffa7a6cfe0:   0000000000000000 00007fffa7a6d160
0x00007fffa7a6cff0:   0000000000672100 0000000000000000
0x00007fffa7a6d000:   0000000000000000 0000000000000000
0x00007fffa7a6d010:   0000000000000000 00007fa920254774
0x00007fffa7a6d020:   00000000011ac828 0000000000000000
0x00007fffa7a6d030:   00007fa91f3e42a0 0000007c00000077
0x00007fffa7a6d040:   00000000011ac7f8 00007fffa7a6d160
0x00007fffa7a6d050:   00007fffa7a6d170 0000000000429158
0x00007fffa7a6d060:   00000000011ac7c8 00007fa92025b235
0x00007fffa7a6d070:   0000000000000000 00000000011ac828
0x00007fffa7a6d080:   00007fffa7a6d1c0 00007fffa7a6d160
0x00007fffa7a6d090:   00007fffa7a6d170 0000000000429158
0x00007fffa7a6d0a0:   00007fffa7a6d300 0000000000000000 

Instructions: (pc=0x000000000042a458)
0x000000000042a438:   29 d0 48 c1 f8 03 48 85 c0 74 69 0f 1f 44 00 00
0x000000000042a448:   48 8b 34 da 49 8b 06 bf 40 29 67 00 48 8b 56 e8
0x000000000042a458:   4c 8b 2c d8 48 83 c3 01 e8 5b da ff ff ba 02 00
0x000000000042a468:   00 00 48 89 c5 be e3 b9 45 00 48 89 c7 e8 46 da 

Register to memory mapping:

RAX=0x0000000000000000 is an unknown value
RBX=0x0000000000000000 is an unknown value
RCX=0x00007fffa7a6cf00 is pointing into the stack for thread: 0x00000000011c0800
RDX=0x0000000000000030 is an unknown value
RSP=0x00007fffa7a6ceb0 is pointing into the stack for thread: 0x00000000011c0800
RBP=0x000000000122e7b0 is a global jni handle
RSI=0x0000000001c423f8 is an unknown value
RDI=0x0000000000672940: _ZSt4cout+0 in ./uniCAPMaster at 0x0000000000400000
R8 =0x0000000001000000 is an unknown value
R9 =0x000000000122e7b0 is a global jni handle
R10=0x0000000000000000 is an unknown value
R11=0x000000000000004d is an unknown value
R12=0x00007fffa7a6cf50 is pointing into the stack for thread: 0x00000000011c0800
R13=0x0000000000000000 is an unknown value
R14=0x00007fffa7a6cf70 is pointing into the stack for thread: 0x00000000011c0800
R15=0x00007fffa7a6d0e0 is pointing into the stack for thread: 0x00000000011c0800


Stack: [0x00007fffa796e000,0x00007fffa7a6e000],  sp=0x00007fffa7a6ceb0,  free space=1019k
Native frames: (J=compiled Java code, j=interpreted, Vv=VM code, C=native code)
C  [uniCAPMaster+0x2a458]  ntu::cap::load_hdfs_file_regular(std::vector<std::string, std::allocator<std::string> >, std::vector<long, std::allocator<long> >, std::string, std::string, long, hdfs_internal*)+0x38


---------------  P R O C E S S  ---------------

Java Threads: ( => current thread )
  0x0000000001c6a800 JavaThread "IPC Parameter Sending Thread #0" daemon [_thread_blocked, id=7857, stack(0x00007fa8def2b000,0x00007fa8df02c000)]
  0x0000000001a2f800 JavaThread "IPC Client (621631806) connection to BDP-00/192.168.0.21:9000 from mapred" daemon [_thread_blocked, id=7856, stack(0x00007fa8df02c000,0x00007fa8df12d000)]
  0x0000000001256000 JavaThread "Low Memory Detector" daemon [_thread_blocked, id=7852, stack(0x00007fa8dfbfc000,0x00007fa8dfcfd000)]
  0x0000000001254000 JavaThread "C2 CompilerThread1" daemon [_thread_blocked, id=7851, stack(0x00007fa8dfcfd000,0x00007fa8dfdfe000)]
  0x0000000001251000 JavaThread "C2 CompilerThread0" daemon [_thread_blocked, id=7850, stack(0x00007fa8dfdfe000,0x00007fa8dfeff000)]
  0x000000000124f000 JavaThread "Signal Dispatcher" daemon [_thread_blocked, id=7849, stack(0x00007fa8dfeff000,0x00007fa8e0000000)]
  0x0000000001233000 JavaThread "Finalizer" daemon [_thread_blocked, id=7848, stack(0x00007fa91472c000,0x00007fa91482d000)]
  0x0000000001231000 JavaThread "Reference Handler" daemon [_thread_blocked, id=7847, stack(0x00007fa91482d000,0x00007fa91492e000)]
=>0x00000000011c0800 JavaThread "main" [_thread_in_native, id=7835, stack(0x00007fffa796e000,0x00007fffa7a6e000)]

Other Threads:
  0x000000000122a000 VMThread [stack: 0x00007fa91492e000,0x00007fa914a2f000] [id=7846]
  0x0000000001261000 WatcherThread [stack: 0x00007fa8dfafb000,0x00007fa8dfbfc000] [id=7853]

VM state:not at safepoint (normal execution)

VM Mutex/Monitor currently owned by a thread: None

Heap
 PSYoungGen      total 300480K, used 51589K [0x00000006b0a00000, 0x00000006c5950000, 0x0000000800000000)
  eden space 257600K, 20% used [0x00000006b0a00000,0x00000006b3c617d0,0x00000006c0590000)
  from space 42880K, 0% used [0x00000006c2f70000,0x00000006c2f70000,0x00000006c5950000)
  to   space 42880K, 0% used [0x00000006c0590000,0x00000006c0590000,0x00000006c2f70000)
 PSOldGen        total 686848K, used 0K [0x0000000411e00000, 0x000000043bcc0000, 0x00000006b0a00000)
  object space 686848K, 0% used [0x0000000411e00000,0x0000000411e00000,0x000000043bcc0000)
 PSPermGen       total 21248K, used 17182K [0x000000040cc00000, 0x000000040e0c0000, 0x0000000411e00000)
  object space 21248K, 80% used [0x000000040cc00000,0x000000040dcc79e0,0x000000040e0c0000)

Code Cache  [0x00007fa9195f3000, 0x00007fa919863000, 0x00007fa91c5f3000)
 total_blobs=422 nmethods=134 adapters=242 free_code_cache=49464128 largest_free_block=7552

Dynamic libraries:
00400000-00472000 r-xp 00000000 08:01 2912291                            /home/mapred/unicap/bin/uniCAPMaster
00671000-00672000 r--p 00071000 08:01 2912291                            /home/mapred/unicap/bin/uniCAPMaster
00672000-00673000 rw-p 00072000 08:01 2912291                            /home/mapred/unicap/bin/uniCAPMaster
00673000-00674000 rw-p 00000000 00:00 0 
01199000-01d09000 rw-p 00000000 00:00 0                                  [heap]
40cc00000-40e0c0000 rw-p 00000000 00:00 0 
40e0c0000-411e00000 rw-p 00000000 00:00 0 
411e00000-43bcc0000 rw-p 00000000 00:00 0 
43bcc0000-6b0a00000 rw-p 00000000 00:00 0 
6b0a00000-6c5950000 rw-p 00000000 00:00 0 
6c5950000-800000000 rw-p 00000000 00:00 0 
7fa8c0000000-7fa8c0022000 rw-p 00000000 00:00 0 
7fa8c0022000-7fa8c4000000 ---p 00000000 00:00 0 
7fa8c4000000-7fa8c4021000 rw-p 00000000 00:00 0 
7fa8c4021000-7fa8c8000000 ---p 00000000 00:00 0 
7fa8c8000000-7fa8c8021000 rw-p 00000000 00:00 0 
7fa8c8021000-7fa8cc000000 ---p 00000000 00:00 0 
7fa8cc000000-7fa8cc021000 rw-p 00000000 00:00 0 
7fa8cc021000-7fa8d0000000 ---p 00000000 00:00 0 
7fa8d0000000-7fa8d15cf000 rw-p 00000000 00:00 0 
7fa8d15cf000-7fa8d4000000 ---p 00000000 00:00 0 
7fa8d4000000-7fa8d47b8000 rw-p 00000000 00:00 0 
7fa8d47b8000-7fa8d8000000 ---p 00000000 00:00 0 
7fa8d8000000-7fa8d8021000 rw-p 00000000 00:00 0 
7fa8d8021000-7fa8dc000000 ---p 00000000 00:00 0 
7fa8def2b000-7fa8def2e000 ---p 00000000 00:00 0 
7fa8def2e000-7fa8df02c000 rwxp 00000000 00:00 0                          [stack:7857]
7fa8df02c000-7fa8df02f000 ---p 00000000 00:00 0 
7fa8df02f000-7fa8df12d000 rwxp 00000000 00:00 0                          [stack:7856]
7fa8df12d000-7fa8df134000 r-xp 00000000 08:01 1186966                    /opt/jdk1.6.0_45/jre/lib/amd64/libnio.so
7fa8df134000-7fa8df233000 ---p 00007000 08:01 1186966                    /opt/jdk1.6.0_45/jre/lib/amd64/libnio.so
7fa8df233000-7fa8df235000 rw-p 00006000 08:01 1186966                    /opt/jdk1.6.0_45/jre/lib/amd64/libnio.so
7fa8df235000-7fa8df3b6000 rw-p 00000000 00:00 0 
7fa8df3b6000-7fa8df3c9000 r-xp 00000000 08:01 1186965                    /opt/jdk1.6.0_45/jre/lib/amd64/libnet.so
7fa8df3c9000-7fa8df4ca000 ---p 00013000 08:01 1186965                    /opt/jdk1.6.0_45/jre/lib/amd64/libnet.so
7fa8df4ca000-7fa8df4cd000 rw-p 00014000 08:01 1186965                    /opt/jdk1.6.0_45/jre/lib/amd64/libnet.so
7fa8df4cd000-7fa8df4d0000 r--s 00013000 08:01 1187046                    /opt/jdk1.6.0_45/jre/lib/jce.jar
7fa8df4d0000-7fa8df4d1000 r-xp 00000000 08:01 1186968                    /opt/jdk1.6.0_45/jre/lib/amd64/libjaas_unix.so
7fa8df4d1000-7fa8df5d0000 ---p 00001000 08:01 1186968                    /opt/jdk1.6.0_45/jre/lib/amd64/libjaas_unix.so
7fa8df5d0000-7fa8df5d2000 rw-p 00000000 08:01 1186968                    /opt/jdk1.6.0_45/jre/lib/amd64/libjaas_unix.so
7fa8df620000-7fa8df623000 r--s 00036000 08:01 1186861                    /opt/jdk1.6.0_45/jre/lib/ext/sunpkcs11.jar
7fa8df623000-7fa8df629000 r-xp 00000000 08:01 1187006                    /opt/jdk1.6.0_45/jre/lib/amd64/libmanagement.so
7fa8df629000-7fa8df728000 ---p 00006000 08:01 1187006                    /opt/jdk1.6.0_45/jre/lib/amd64/libmanagement.so
7fa8df728000-7fa8df72a000 rw-p 00005000 08:01 1187006                    /opt/jdk1.6.0_45/jre/lib/amd64/libmanagement.so
7fa8df72a000-7fa8df731000 r--s 00096000 08:01 1187010                    /opt/jdk1.6.0_45/jre/lib/jsse.jar
7fa8df731000-7fa8df790000 r--s 00bac000 08:01 1317107                    /opt/jdk1.6.0_45/lib/tools.jar
7fa8df790000-7fa8df796000 r--s 0001e000 08:01 1317102                    /opt/jdk1.6.0_45/lib/dt.jar
7fa8df796000-7fa8df798000 r--s 00007000 08:01 2507108                    /usr/lib/parquet/parquet-pig-1.2.5-cdh4.7.0-sources.jar
7fa8df798000-7fa8df799000 r--s 00000000 08:01 2498634                    /usr/lib/parquet/parquet-scrooge-1.2.5-cdh4.7.0-sources.jar
7fa8df799000-7fa8df79a000 r--s 00003000 08:01 2507115                    /usr/lib/parquet/parquet-scrooge-1.2.5-cdh4.7.0.jar
7fa8df79a000-7fa8df79d000 r--s 00024000 08:01 2497992                    /usr/lib/parquet/parquet-pig-1.2.5-cdh4.7.0-javadoc.jar
7fa8df79d000-7fa8df79e000 r--s 00000000 08:01 2493611                    /usr/lib/parquet/parquet-format-1.0.0-cdh4.7.0-sources.jar
7fa8df79e000-7fa8df7a0000 r--s 00001000 08:01 2507109                    /usr/lib/parquet/parquet-cascading-1.2.5-cdh4.7.0-sources.jar
7fa8df7a0000-7fa8df7b2000 r--s 000e9000 08:01 2498001                    /usr/lib/parquet/parquet-pig-1.2.5-cdh4.7.0.jar
7fa8df7b2000-7fa8df7b3000 r--s 0000e000 08:01 2497986                    /usr/lib/parquet/parquet-cascading-1.2.5-cdh4.7.0-javadoc.jar
7fa8df7b3000-7fa8df7b5000 r--s 00008000 08:01 2498377                    /usr/lib/parquet/parquet-generator-1.2.5-cdh4.7.0-javadoc.jar
7fa8df7b5000-7fa8df7cd000 r--s 00196000 08:01 2507307                    /usr/lib/hadoop-0.20-mapreduce/hadoop-core-2.0.0-mr1-cdh4.7.0.jar
7fa8df7cd000-7fa8df7d6000 r--s 000a4000 08:01 2507449                    /usr/lib/hadoop-0.20-mapreduce/lib/hsqldb-1.8.0.10.jar
7fa8df7d6000-7fa8df7d7000 r--s 00003000 08:01 2507113                    /usr/lib/parquet/parquet-common-1.2.5-cdh4.7.0.jar
7fa8df7d7000-7fa8df7d8000 r--s 00000000 08:01 2507107                    /usr/lib/parquet/parquet-pig-bundle-1.2.5-cdh4.7.0-sources.jar
7fa8df7d8000-7fa8df7da000 r--s 00011000 08:01 2493615                    /usr/lib/parquet/parquet-hive-1.2.5-cdh4.7.0.jar
7fa8df7da000-7fa8df809000 r--s 0024e000 08:01 2507119                    /usr/lib/parquet/parquet-pig-bundle-1.2.5-cdh4.7.0.jar
7fa8df809000-7fa8df80a000 r--s 00001000 08:01 2507116                    /usr/lib/parquet/parquet-common-1.2.5-cdh4.7.0-sources.jar
7fa8df80a000-7fa8df80b000 r--s 0000c000 08:01 2507102                    /usr/lib/parquet/parquet-avro-1.2.5-cdh4.7.0-javadoc.jar
7fa8df80b000-7fa8df813000 r--s 00066000 08:01 2491117                    /usr/lib/parquet/parquet-format-1.0.0-cdh4.7.0.jar
7fa8df813000-7fa8df814000 r--s 00001000 08:01 2497974                    /usr/lib/parquet/parquet-generator-1.2.5-cdh4.7.0-sources.jar
7fa8df814000-7fa8df818000 r--s 00023000 08:01 2507500                    /usr/lib/hadoop-yarn/hadoop-yarn-server-common-2.0.0-cdh4.7.0.jar
7fa8df818000-7fa8df81a000 r--s 00008000 08:01 2507570                    /usr/lib/hadoop-mapreduce/hadoop-mapreduce-client-jobclient-2.0.0-cdh4.7.0.jar
7fa8df81a000-7fa8df828000 r--s 000f9000 08:01 2507539                    /usr/lib/hadoop-yarn/hadoop-yarn-common-2.0.0-cdh4.7.0.jar
7fa8df828000-7fa8df829000 r--s 00009000 08:01 2507517                    /usr/lib/hadoop-yarn/hadoop-yarn-client-2.0.0-cdh4.7.0.jar
7fa8df829000-7fa8df832000 r--s 0006a000 08:01 2507582                    /usr/lib/hadoop-mapreduce/hadoop-mapreduce-client-app-2.0.0-cdh4.7.0.jar
7fa8df832000-7fa8df83c000 r--s 00089000 08:01 2507581                    /usr/lib/hadoop-mapreduce/hadoop-mapreduce-client-common-2.0.0-cdh4.7.0.jar
7fa8df83c000-7fa8df84d000 r--s 00102000 08:01 2507513                    /usr/lib/hadoop-yarn/hadoop-yarn-api-2.0.0-cdh4.7.0.jar
7fa8df84d000-7fa8df84e000 r--s 00006000 08:01 2507579                    /usr/lib/hadoop-mapreduce/hadoop-mapreduce-client-shuffle-2.0.0-cdh4.7.0.jar
7fa8df84e000-7fa8df85d000 r--s 000b2000 08:01 2507527                    /usr/lib/hadoop-yarn/lib/netty-3.2.4.Final.jar
7fa8df85d000-7fa8df874000 r--s 00145000 08:01 2507563                    /usr/lib/hadoop-mapreduce/hadoop-mapreduce-client-core-2.0.0-cdh4.7.0.jar
7fa8df874000-7fa8df878000 r--s 00042000 08:01 2507106                    /usr/lib/parquet/parquet-thrift-1.2.5-cdh4.7.0-javadoc.jar
7fa8df878000-7fa8df87d000 r--s 00053000 08:01 2507105                    /usr/lib/parquet/parquet-hadoop-1.2.5-cdh4.7.0-javadoc.jar
7fa8df87d000-7fa8df890000 r--s 000fa000 08:01 2498288                    /usr/lib/parquet/parquet-hadoop-1.2.5-cdh4.7.0.jar
7fa8df890000-7fa8df899000 r--s 000a6000 08:01 2507114                    /usr/lib/parquet/parquet-column-1.2.5-cdh4.7.0-javadoc.jar
7fa8df899000-7fa8df89b000 r--s 0000a000 08:01 2507110                    /usr/lib/parquet/parquet-avro-1.2.5-cdh4.7.0.jar
7fa8df89b000-7fa8df89d000 r--s 0000b000 08:01 2507174                    /usr/lib/hadoop/hadoop-auth-2.0.0-cdh4.7.0.jar
7fa8df89d000-7fa8df8b2000 r--s 000fc000 08:01 2507118                    /usr/lib/parquet/parquet-thrift-1.2.5-cdh4.7.0.jar
7fa8df8b2000-7fa8df8c2000 r--s 0009d000 08:01 2494466                    /usr/lib/parquet/parquet-column-1.2.5-cdh4.7.0.jar
7fa8df8c2000-7fa8df8c8000 r--s 0003e000 08:01 2497980                    /usr/lib/parquet/parquet-encoding-1.2.5-cdh4.7.0.jar
7fa8df8c8000-7fa8df8dc000 r--s 00121000 08:01 2507168                    /usr/lib/hadoop/hadoop-common-2.0.0-cdh4.7.0-tests.jar
7fa8df8dc000-7fa8df8de000 r--s 0000c000 08:01 2507117                    /usr/lib/parquet/parquet-common-1.2.5-cdh4.7.0-javadoc.jar
7fa8df8de000-7fa8df8e0000 r--s 00014000 08:01 2507111                    /usr/lib/parquet/parquet-hadoop-1.2.5-cdh4.7.0-sources.jar
7fa8df8e0000-7fa8df8e2000 r--s 0000c000 08:01 2498680                    /usr/lib/parquet/parquet-thrift-1.2.5-cdh4.7.0-sources.jar
7fa8df8e2000-7fa8df8e3000 r--s 00004000 08:01 2507104                    /usr/lib/parquet/parquet-avro-1.2.5-cdh4.7.0-sources.jar
7fa8df8e3000-7fa8df8e4000 r--s 00001000 08:01 2507103                    /usr/lib/parquet/parquet-test-hadoop2-1.2.5-cdh4.7.0.jar
7fa8df8e4000-7fa8df8e6000 r--s 00016000 08:01 2507101                    /usr/lib/parquet/parquet-encoding-1.2.5-cdh4.7.0-javadoc.jar
7fa8df8e6000-7fa8df8e8000 r--s 00004000 08:01 2507169                    /usr/lib/hadoop/hadoop-annotations-2.0.0-cdh4.7.0.jar
7fa8df8e8000-7fa8df8ea000 r--s 00004000 08:01 2493609                    /usr/lib/parquet/parquet-format-1.0.0-cdh4.7.0-javadoc.jar
7fa8df8ea000-7fa8df8ec000 r--s 00004000 08:01 2497989                    /usr/lib/parquet/parquet-cascading-1.2.5-cdh4.7.0.jar
7fa8df8ec000-7fa8df8ee000 r--s 00006000 08:01 2498383                    /usr/lib/parquet/parquet-scrooge-1.2.5-cdh4.7.0-javadoc.jar
7fa8df8ee000-7fa8df8f0000 r--s 00008000 08:01 2507120                    /usr/lib/parquet/parquet-hive-1.2.5-cdh4.7.0-sources.jar
7fa8df8f0000-7fa8df8f1000 r--s 00003000 08:01 2507112                    /usr/lib/parquet/parquet-generator-1.2.5-cdh4.7.0.jar
7fa8df8f1000-7fa8df8f4000 r--s 0002a000 08:01 2497983                    /usr/lib/parquet/parquet-hive-1.2.5-cdh4.7.0-javadoc.jar
7fa8df8f4000-7fa8df8f8000 r--s 0001d000 08:01 2497977                    /usr/lib/parquet/parquet-column-1.2.5-cdh4.7.0-sources.jar
7fa8df8f8000-7fa8df8f9000 r--s 00004000 08:01 2498381                    /usr/lib/parquet/parquet-encoding-1.2.5-cdh4.7.0-sources.jar
7fa8df8f9000-7fa8df91e000 r--s 00213000 08:01 2507170                    /usr/lib/hadoop/hadoop-common-2.0.0-cdh4.7.0.jar
7fa8df91e000-7fa8df920000 r--s 0000e000 08:01 2507224                    /usr/lib/hadoop/lib/activation-1.1.jar
7fa8df920000-7fa8df925000 r--s 0003e000 08:01 2507179                    /usr/lib/hadoop/lib/commons-net-3.1.jar
7fa8df925000-7fa8df926000 r--s 00004000 08:01 2507225                    /usr/lib/hadoop/lib/jackson-jaxrs-1.8.8.jar
7fa8df926000-7fa8df92a000 r--s 00034000 08:01 2507211                    /usr/lib/hadoop/lib/jackson-core-asl-1.8.8.jar
7fa8df92a000-7fa8df92c000 r--s 00006000 08:01 2507221                    /usr/lib/hadoop/lib/paranamer-2.3.jar
7fa8df92c000-7fa8df936000 r--s 00066000 08:01 2507231                    /usr/lib/hadoop/lib/jersey-core-1.8.jar
7fa8df936000-7fa8df93c000 r--s 00034000 08:01 2507184                    /usr/lib/hadoop/lib/junit-4.8.2.jar
7fa8df93c000-7fa8df940000 r--s 00020000 08:01 2507183                    /usr/lib/hadoop/lib/commons-digester-1.8.jar
7fa8df940000-7fa8df942000 r--s 00005000 08:01 2507176                    /usr/lib/hadoop/lib/slf4j-api-1.6.1.jar
7fa8df942000-7fa8df944000 r--s 00014000 08:01 2507192                    /usr/lib/hadoop/lib/jline-0.9.94.jar
7fa8df944000-7fa8df957000 r--s 000c7000 08:01 2507195                    /usr/lib/hadoop/lib/jaxb-impl-2.2.3-1.jar
7fa8df957000-7fa8df95e000 r--s 00044000 08:01 2507217                    /usr/lib/hadoop/lib/avro-1.7.4.jar
7fa8df95e000-7fa8df961000 r--s 00025000 08:01 2507222                    /usr/lib/hadoop/lib/commons-io-2.1.jar
7fa8df961000-7fa8df965000 r--s 00014000 08:01 2507194                    /usr/lib/hadoop/lib/xz-1.0.jar
7fa8df965000-7fa8df986000 r--s 00172000 08:01 2507218                    /usr/lib/hadoop/lib/guava-11.0.2.jar
7fa8df986000-7fa8df98a000 r--s 0002f000 08:01 2507228                    /usr/lib/hadoop/lib/commons-beanutils-core-1.8.0.jar
7fa8df98a000-7fa8df99b000 r--s 000bb000 08:01 2507212                    /usr/lib/hadoop/lib/commons-math-2.1.jar
7fa8df99b000-7fa8df99c000 r--s 00002000 08:01 2507185                    /usr/lib/hadoop/lib/kfs-0.3.jar
7fa8df99c000-7fa8df9a9000 r--s 00097000 08:01 2507180                    /usr/lib/hadoop/lib/jackson-mapper-asl-1.8.8.jar
7fa8df9a9000-7fa8df9ac000 r--s 00017000 08:01 2507214                    /usr/lib/hadoop/lib/jaxb-api-2.2.2.jar
7fa8df9ac000-7fa8df9b1000 r--s 00036000 08:01 2507227                    /usr/lib/hadoop/lib/commons-compress-1.4.1.jar
7fa8df9b1000-7fa8df9c3000 r--s 00131000 08:01 2507049                    /usr/lib/zookeeper/zookeeper-3.4.5-cdh4.7.0.jar
7fa8df9c3000-7fa8df9c6000 r--s 00019000 08:01 2507215                    /usr/lib/hadoop/lib/commons-el-1.0.jar
7fa8df9c6000-7fa8df9cb000 r--s 0005f000 08:01 2507213                    /usr/lib/hadoop/lib/jasper-compiler-5.5.23.jar
7fa8df9cb000-7fa8df9cd000 r--s 0000d000 08:01 2507219                    /usr/lib/hadoop/lib/commons-logging-1.1.1.jar
7fa8df9cd000-7fa8df9d2000 r--s 0002a000 08:01 2507196                    /usr/lib/hadoop/lib/commons-beanutils-1.7.0.jar
7fa8df9d2000-7fa8df9d8000 r--s 00068000 08:01 2507234                    /usr/lib/hadoop/lib/protobuf-java-2.4.0a.jar
7fa8df9d8000-7fa8df9d9000 r--s 00007000 08:01 2507186                    /usr/lib/hadoop/lib/jackson-xc-1.8.8.jar
7fa8df9d9000-7fa8df9db000 r--s 00009000 08:01 2507200                    /usr/lib/hadoop/lib/commons-cli-1.2.jar
7fa8df9db000-7fa8df9dd000 r--s 00011000 08:01 2507199                    /usr/lib/hadoop/lib/jasper-runtime-5.5.23.jar
7fa8df9dd000-7fa8df9df000 r--s 0000d000 08:01 2507201                    /usr/lib/hadoop/lib/commons-codec-1.4.jar
7fa8df9df000-7fa8df9fc000 r--s 0013e000 08:01 2507197                    /usr/lib/hadoop/lib/mockito-all-1.8.5.jar
7fa8df9fc000-7fa8dfa02000 r--s 0007e000 08:01 2507178                    /usr/lib/hadoop/lib/jetty-6.1.26.cloudera.2.jar
7fa8dfa02000-7fa8dfa13000 r--s 00099000 08:01 2507181                    /usr/lib/hadoop/lib/jersey-server-1.8.jar
7fa8dfa13000-7fa8dfa14000 r--s 00003000 08:01 2507182                    /usr/lib/hadoop/lib/xmlenc-0.52.jar
7fa8dfa14000-7fa8dfa16000 r--s 00005000 08:01 2507188                    /usr/lib/hadoop/lib/stax-api-1.0.1.jar
7fa8dfa16000-7fa8dfa18000 r--s 00018000 08:01 2507229                    /usr/lib/hadoop/lib/servlet-api-2.5.jar
7fa8dfa18000-7fa8dfa1c000 r--s 00028000 08:01 2507177                    /usr/lib/hadoop/lib/jetty-util-6.1.26.cloudera.2.jar
7fa8dfa1c000-7fa8dfa22000 r--s 00045000 08:01 2507193                    /usr/lib/hadoop/lib/commons-httpclient-3.1.jar
7fa8dfa22000-7fa8dfa28000 r--s 00043000 08:01 2507220                    /usr/lib/hadoop/lib/commons-configuration-1.6.jar
7fa8dfa28000-7fa8dfa2b000 r--s 0002b000 08:01 2507232                    /usr/lib/hadoop/lib/jsch-0.1.42.jar
7fa8dfa2b000-7fa8dfa2e000 r--s 00006000 08:01 2507191                    /usr/lib/hadoop/lib/jsr305-1.3.9.jar
7fa8dfa2e000-7fa8dfa30000 r--s 0000f000 08:01 2507233                    /usr/lib/hadoop/lib/jettison-1.1.jar
7fa8dfa30000-7fa8dfa35000 r--s 00040000 08:01 2507226                    /usr/lib/hadoop/lib/commons-lang-2.5.jar
7fa8dfa35000-7fa8dfa39000 r--s 00021000 08:01 2507189                    /usr/lib/hadoop/lib/jersey-json-1.8.jar
7fa8dfa39000-7fa8dfa3b000 r--s 000f2000 08:01 2507216                    /usr/lib/hadoop/lib/snappy-java-1.0.4.1.jar
7fa8dfa3b000-7fa8dfa3e000 r--s 00016000 08:01 2507187                    /usr/lib/hadoop/lib/jsp-api-2.1.jar
7fa8dfa3e000-7fa8dfa43000 r--s 0004a000 08:01 2507190                    /usr/lib/hadoop/lib/jets3t-0.6.1.jar
7fa8dfa43000-7fa8dfa4c000 r--s 0006f000 08:01 2507198                    /usr/lib/hadoop/lib/log4j-1.2.17.jar
7fa8dfa4c000-7fa8dfa66000 r--s 0013b000 08:01 2507223                    /usr/lib/hadoop/lib/cloudera-jets3t-2.0.0-cdh4.7.0.jar
7fa8dfa66000-7fa8dfa74000 r--s 0007f000 08:01 2507230                    /usr/lib/hadoop/lib/commons-collections-3.2.1.jar
7fa8dfa74000-7fa8dfa88000 r--s 00193000 08:01 2507248                    /usr/lib/hadoop-hdfs/hadoop-hdfs-2.0.0-cdh4.7.0-tests.jar
7fa8dfa88000-7fa8dfac3000 r--s 00421000 08:01 2507249                    /usr/lib/hadoop-hdfs/hadoop-hdfs-2.0.0-cdh4.7.0.jar
7fa8dfac3000-7fa8dfacd000 r--s 00066000 08:01 2507302                    /usr/lib/hadoop-hdfs/lib/jersey-core-1.8.jar
7fa8dfacd000-7fa8dfaee000 r--s 00172000 08:01 2507297                    /usr/lib/hadoop-hdfs/lib/guava-11.0.2.jar
7fa8dfaee000-7fa8dfafb000 r--s 00097000 08:01 2507282                    /usr/lib/hadoop-hdfs/lib/jackson-mapper-asl-1.8.8.jar
7fa8dfafb000-7fa8dfafc000 ---p 00000000 00:00 0 
7fa8dfafc000-7fa8dfbfc000 rwxp 00000000 00:00 0                          [stack:7853]
7fa8dfbfc000-7fa8dfbff000 ---p 00000000 00:00 0 
7fa8dfbff000-7fa8dfcfd000 rwxp 00000000 00:00 0                          [stack:7852]
7fa8dfcfd000-7fa8dfd00000 ---p 00000000 00:00 0 
7fa8dfd00000-7fa8dfdfe000 rwxp 00000000 00:00 0                          [stack:7851]
7fa8dfdfe000-7fa8dfe01000 ---p 00000000 00:00 0 
7fa8dfe01000-7fa8dfeff000 rwxp 00000000 00:00 0                          [stack:7850]
7fa8dfeff000-7fa8dff02000 ---p 00000000 00:00 0 
7fa8dff02000-7fa8e0000000 rwxp 00000000 00:00 0                          [stack:7849]
7fa8e0000000-7fa8e0021000 rw-p 00000000 00:00 0 
7fa8e0021000-7fa8e4000000 ---p 00000000 00:00 0 
7fa8e4000000-7fa8e4021000 rw-p 00000000 00:00 0 
7fa8e4021000-7fa8e8000000 ---p 00000000 00:00 0 
7fa8e8000000-7fa8e8021000 rw-p 00000000 00:00 0 
7fa8e8021000-7fa8ec000000 ---p 00000000 00:00 0 
7fa8ec000000-7fa8ec021000 rw-p 00000000 00:00 0 
7fa8ec021000-7fa8f0000000 ---p 00000000 00:00 0 
7fa8f0000000-7fa8f0021000 rw-p 00000000 00:00 0 
7fa8f0021000-7fa8f4000000 ---p 00000000 00:00 0 
7fa8f4000000-7fa8f4021000 rw-p 00000000 00:00 0 
7fa8f4021000-7fa8f8000000 ---p 00000000 00:00 0 
7fa8f8000000-7fa8f8021000 rw-p 00000000 00:00 0 
7fa8f8021000-7fa8fc000000 ---p 00000000 00:00 0 
7fa8fc000000-7fa8fc021000 rw-p 00000000 00:00 0 
7fa8fc021000-7fa900000000 ---p 00000000 00:00 0 
7fa900000000-7fa900021000 rw-p 00000000 00:00 0 
7fa900021000-7fa904000000 ---p 00000000 00:00 0 
7fa904000000-7fa904021000 rw-p 00000000 00:00 0 
7fa904021000-7fa908000000 ---p 00000000 00:00 0 
7fa908000000-7fa908021000 rw-p 00000000 00:00 0 
7fa908021000-7fa90c000000 ---p 00000000 00:00 0 
7fa90c000000-7fa90c021000 rw-p 00000000 00:00 0 
7fa90c021000-7fa910000000 ---p 00000000 00:00 0 
7fa910000000-7fa910021000 rw-p 00000000 00:00 0 
7fa910021000-7fa914000000 ---p 00000000 00:00 0 
7fa914000000-7fa914001000 r--s 0000a000 08:01 2507210                    /usr/lib/hadoop/lib/asm-3.2.jar
7fa914001000-7fa914003000 r--s 00003000 08:01 2507295                    /usr/lib/hadoop-hdfs/lib/commons-daemon-1.0.3.jar
7fa914003000-7fa914007000 r--s 00034000 08:01 2507293                    /usr/lib/hadoop-hdfs/lib/jackson-core-asl-1.8.8.jar
7fa914007000-7fa914009000 r--s 00014000 08:01 2507287                    /usr/lib/hadoop-hdfs/lib/jline-0.9.94.jar
7fa914009000-7fa91400c000 r--s 00025000 08:01 2507299                    /usr/lib/hadoop-hdfs/lib/commons-io-2.1.jar
7fa91400c000-7fa91401e000 r--s 00131000 08:01 2507296                    /usr/lib/hadoop-hdfs/lib/zookeeper-3.4.5-cdh4.7.0.jar
7fa91401e000-7fa914021000 r--s 00019000 08:01 2507294                    /usr/lib/hadoop-hdfs/lib/commons-el-1.0.jar
7fa914021000-7fa914023000 r--s 0000d000 08:01 2507298                    /usr/lib/hadoop-hdfs/lib/commons-logging-1.1.1.jar
7fa914023000-7fa914029000 r--s 00068000 08:01 2507303                    /usr/lib/hadoop-hdfs/lib/protobuf-java-2.4.0a.jar
7fa914029000-7fa91402b000 r--s 00009000 08:01 2507290                    /usr/lib/hadoop-hdfs/lib/commons-cli-1.2.jar
7fa91402b000-7fa91402d000 r--s 00011000 08:01 2507289                    /usr/lib/hadoop-hdfs/lib/jasper-runtime-5.5.23.jar
7fa91402d000-7fa91402f000 r--s 0000d000 08:01 2507291                    /usr/lib/hadoop-hdfs/lib/commons-codec-1.4.jar
7fa91402f000-7fa914035000 r--s 0007e000 08:01 2507281                    /usr/lib/hadoop-hdfs/lib/jetty-6.1.26.cloudera.2.jar
7fa914035000-7fa914046000 r--s 00099000 08:01 2507283                    /usr/lib/hadoop-hdfs/lib/jersey-server-1.8.jar
7fa914046000-7fa914048000 r--s 00018000 08:01 2507301                    /usr/lib/hadoop-hdfs/lib/servlet-api-2.5.jar
7fa914048000-7fa91472c000 r--p 00000000 08:01 2497244                    /usr/lib/locale/locale-archive
7fa91472c000-7fa91472f000 ---p 00000000 00:00 0 
7fa91472f000-7fa91482d000 rwxp 00000000 00:00 0                          [stack:7848]
7fa91482d000-7fa914830000 ---p 00000000 00:00 0 
7fa914830000-7fa91492e000 rwxp 00000000 00:00 0                          [stack:7847]
7fa91492e000-7fa91492f000 ---p 00000000 00:00 0 
7fa91492f000-7fa914a2f000 rwxp 00000000 00:00 0                          [stack:7846]
7fa914a2f000-7fa91556e000 rw-p 00000000 00:00 0 
7fa91556e000-7fa915707000 r--s 03087000 08:01 1187055                    /opt/jdk1.6.0_45/jre/lib/rt.jar
7fa915707000-7fa91572f000 rw-p 00000000 00:00 0 
7fa91572f000-7fa915730000 ---p 00000000 00:00 0 
7fa915730000-7fa915830000 rwxp 00000000 00:00 0                          [stack:7845]
7fa915830000-7fa915831000 ---p 00000000 00:00 0 
7fa915831000-7fa915931000 rwxp 00000000 00:00 0                          [stack:7844]
7fa915931000-7fa915932000 ---p 00000000 00:00 0 
7fa915932000-7fa915a32000 rwxp 00000000 00:00 0                          [stack:7843]
7fa915a32000-7fa915a33000 ---p 00000000 00:00 0 
7fa915a33000-7fa915b33000 rwxp 00000000 00:00 0                          [stack:7842]
7fa915b33000-7fa915b34000 ---p 00000000 00:00 0 
7fa915b34000-7fa915c34000 rwxp 00000000 00:00 0                          [stack:7841]
7fa915c34000-7fa915c35000 ---p 00000000 00:00 0 
7fa915c35000-7fa915d35000 rwxp 00000000 00:00 0                          [stack:7840]
7fa915d35000-7fa915d36000 ---p 00000000 00:00 0 
7fa915d36000-7fa915e36000 rwxp 00000000 00:00 0                          [stack:7839]
7fa915e36000-7fa915e37000 ---p 00000000 00:00 0 
7fa915e37000-7fa915f37000 rwxp 00000000 00:00 0                          [stack:7838]
7fa915f37000-7fa915f38000 ---p 00000000 00:00 0 
7fa915f38000-7fa916038000 rwxp 00000000 00:00 0                          [stack:7837]
7fa916038000-7fa916039000 ---p 00000000 00:00 0 
7fa916039000-7fa916139000 rwxp 00000000 00:00 0                          [stack:7836]
7fa916139000-7fa916144000 rw-p 00000000 00:00 0 
7fa916144000-7fa916162000 rw-p 00000000 00:00 0 
7fa916162000-7fa9162b2000 rw-p 00000000 00:00 0 
7fa9162b2000-7fa917658000 rw-p 00000000 00:00 0 
7fa917658000-7fa917663000 rw-p 00000000 00:00 0 
7fa917663000-7fa917681000 rw-p 00000000 00:00 0 
7fa917681000-7fa9177d1000 rw-p 00000000 00:00 0 
7fa9177d1000-7fa918b77000 rw-p 00000000 00:00 0 
7fa918b77000-7fa918c1f000 rw-p 00000000 00:00 0 
7fa918c1f000-7fa9195f2000 rw-p 00000000 00:00 0 
7fa9195f2000-7fa9195f3000 rw-p 00000000 00:00 0 
7fa9195f3000-7fa919863000 rwxp 00000000 00:00 0 
7fa919863000-7fa91c5f3000 rw-p 00000000 00:00 0 
7fa91c5f3000-7fa91c601000 r-xp 00000000 08:01 1186976                    /opt/jdk1.6.0_45/jre/lib/amd64/libzip.so
7fa91c601000-7fa91c703000 ---p 0000e000 08:01 1186976                    /opt/jdk1.6.0_45/jre/lib/amd64/libzip.so
7fa91c703000-7fa91c706000 rw-p 00010000 08:01 1186976                    /opt/jdk1.6.0_45/jre/lib/amd64/libzip.so
7fa91c706000-7fa91c707000 rw-p 00000000 00:00 0 
7fa91c707000-7fa91c713000 r-xp 00000000 08:01 531515                     /lib/x86_64-linux-gnu/libnss_files-2.15.so
7fa91c713000-7fa91c912000 ---p 0000c000 08:01 531515                     /lib/x86_64-linux-gnu/libnss_files-2.15.so
7fa91c912000-7fa91c913000 r--p 0000b000 08:01 531515                     /lib/x86_64-linux-gnu/libnss_files-2.15.so
7fa91c913000-7fa91c914000 rw-p 0000c000 08:01 531515                     /lib/x86_64-linux-gnu/libnss_files-2.15.so
7fa91c914000-7fa91c91e000 r-xp 00000000 08:01 531511                     /lib/x86_64-linux-gnu/libnss_nis-2.15.so
7fa91c91e000-7fa91cb1e000 ---p 0000a000 08:01 531511                     /lib/x86_64-linux-gnu/libnss_nis-2.15.so
7fa91cb1e000-7fa91cb1f000 r--p 0000a000 08:01 531511                     /lib/x86_64-linux-gnu/libnss_nis-2.15.so
7fa91cb1f000-7fa91cb20000 rw-p 0000b000 08:01 531511                     /lib/x86_64-linux-gnu/libnss_nis-2.15.so
7fa91cb20000-7fa91cb28000 r-xp 00000000 08:01 531517                     /lib/x86_64-linux-gnu/libnss_compat-2.15.so
7fa91cb28000-7fa91cd27000 ---p 00008000 08:01 531517                     /lib/x86_64-linux-gnu/libnss_compat-2.15.so
7fa91cd27000-7fa91cd28000 r--p 00007000 08:01 531517                     /lib/x86_64-linux-gnu/libnss_compat-2.15.so
7fa91cd28000-7fa91cd29000 rw-p 00008000 08:01 531517                     /lib/x86_64-linux-gnu/libnss_compat-2.15.so
7fa91cd29000-7fa91cd40000 r-xp 00000000 08:01 531514                     /lib/x86_64-linux-gnu/libnsl-2.15.so
7fa91cd40000-7fa91cf3f000 ---p 00017000 08:01 531514                     /lib/x86_64-linux-gnu/libnsl-2.15.so
7fa91cf3f000-7fa91cf40000 r--p 00016000 08:01 531514                     /lib/x86_64-linux-gnu/libnsl-2.15.so
7fa91cf40000-7fa91cf41000 rw-p 00017000 08:01 531514                     /lib/x86_64-linux-gnu/libnsl-2.15.so
7fa91cf41000-7fa91cf43000 rw-p 00000000 00:00 0 
7fa91cf43000-7fa91cf6c000 r-xp 00000000 08:01 1186989                    /opt/jdk1.6.0_45/jre/lib/amd64/libjava.so
7fa91cf6c000-7fa91d06b000 ---p 00029000 08:01 1186989                    /opt/jdk1.6.0_45/jre/lib/amd64/libjava.so
7fa91d06b000-7fa91d072000 rw-p 00028000 08:01 1186989                    /opt/jdk1.6.0_45/jre/lib/amd64/libjava.so
7fa91d072000-7fa91d079000 r-xp 00000000 08:01 531506                     /lib/x86_64-linux-gnu/librt-2.15.so
7fa91d079000-7fa91d278000 ---p 00007000 08:01 531506                     /lib/x86_64-linux-gnu/librt-2.15.so
7fa91d278000-7fa91d279000 r--p 00006000 08:01 531506                     /lib/x86_64-linux-gnu/librt-2.15.so
7fa91d279000-7fa91d27a000 rw-p 00007000 08:01 531506                     /lib/x86_64-linux-gnu/librt-2.15.so
7fa91d27a000-7fa91d290000 r-xp 00000000 08:01 528394                     /lib/x86_64-linux-gnu/libz.so.1.2.3.4
7fa91d290000-7fa91d48f000 ---p 00016000 08:01 528394                     /lib/x86_64-linux-gnu/libz.so.1.2.3.4
7fa91d48f000-7fa91d490000 r--p 00015000 08:01 528394                     /lib/x86_64-linux-gnu/libz.so.1.2.3.4
7fa91d490000-7fa91d491000 rw-p 00016000 08:01 528394                     /lib/x86_64-linux-gnu/libz.so.1.2.3.4
7fa91d491000-7fa91d493000 r-xp 00000000 08:01 531523                     /lib/x86_64-linux-gnu/libdl-2.15.so
7fa91d493000-7fa91d693000 ---p 00002000 08:01 531523                     /lib/x86_64-linux-gnu/libdl-2.15.so
7fa91d693000-7fa91d694000 r--p 00002000 08:01 531523                     /lib/x86_64-linux-gnu/libdl-2.15.so
7fa91d694000-7fa91d695000 rw-p 00003000 08:01 531523                     /lib/x86_64-linux-gnu/libdl-2.15.so
7fa91d695000-7fa91dfb3000 r-xp 00000000 08:01 1316642                    /opt/jdk1.6.0_45/jre/lib/amd64/server/libjvm.so
7fa91dfb3000-7fa91e0b5000 ---p 0091e000 08:01 1316642                    /opt/jdk1.6.0_45/jre/lib/amd64/server/libjvm.so
7fa91e0b5000-7fa91e26b000 rw-p 00920000 08:01 1316642                    /opt/jdk1.6.0_45/jre/lib/amd64/server/libjvm.so
7fa91e26b000-7fa91e2a5000 rw-p 00000000 00:00 0 
7fa91e2a5000-7fa91e3a0000 r-xp 00000000 08:01 531522                     /lib/x86_64-linux-gnu/libm-2.15.so
7fa91e3a0000-7fa91e59f000 ---p 000fb000 08:01 531522                     /lib/x86_64-linux-gnu/libm-2.15.so
7fa91e59f000-7fa91e5a0000 r--p 000fa000 08:01 531522                     /lib/x86_64-linux-gnu/libm-2.15.so
7fa91e5a0000-7fa91e5a1000 rw-p 000fb000 08:01 531522                     /lib/x86_64-linux-gnu/libm-2.15.so
7fa91e5a1000-7fa91e753000 r-xp 00000000 08:01 528270                     /lib/x86_64-linux-gnu/libcrypto.so.1.0.0
7fa91e753000-7fa91e952000 ---p 001b2000 08:01 528270                     /lib/x86_64-linux-gnu/libcrypto.so.1.0.0
7fa91e952000-7fa91e96d000 r--p 001b1000 08:01 528270                     /lib/x86_64-linux-gnu/libcrypto.so.1.0.0
7fa91e96d000-7fa91e978000 rw-p 001cc000 08:01 528270                     /lib/x86_64-linux-gnu/libcrypto.so.1.0.0
7fa91e978000-7fa91e97c000 rw-p 00000000 00:00 0 
7fa91e97c000-7fa91e9d1000 r-xp 00000000 08:01 528267                     /lib/x86_64-linux-gnu/libssl.so.1.0.0
7fa91e9d1000-7fa91ebd0000 ---p 00055000 08:01 528267                     /lib/x86_64-linux-gnu/libssl.so.1.0.0
7fa91ebd0000-7fa91ebd3000 r--p 00054000 08:01 528267                     /lib/x86_64-linux-gnu/libssl.so.1.0.0
7fa91ebd3000-7fa91ebda000 rw-p 00057000 08:01 528267                     /lib/x86_64-linux-gnu/libssl.so.1.0.0
7fa91ebda000-7fa91ed8e000 r-xp 00000000 08:01 531512                     /lib/x86_64-linux-gnu/libc-2.15.so
7fa91ed8e000-7fa91ef8e000 ---p 001b4000 08:01 531512                     /lib/x86_64-linux-gnu/libc-2.15.so
7fa91ef8e000-7fa91ef92000 r--p 001b4000 08:01 531512                     /lib/x86_64-linux-gnu/libc-2.15.so
7fa91ef92000-7fa91ef94000 rw-p 001b8000 08:01 531512                     /lib/x86_64-linux-gnu/libc-2.15.so
7fa91ef94000-7fa91ef99000 rw-p 00000000 00:00 0 
7fa91ef99000-7fa91efb1000 r-xp 00000000 08:01 531513                     /lib/x86_64-linux-gnu/libpthread-2.15.so
7fa91efb1000-7fa91f1b0000 ---p 00018000 08:01 531513                     /lib/x86_64-linux-gnu/libpthread-2.15.so
7fa91f1b0000-7fa91f1b1000 r--p 00017000 08:01 531513                     /lib/x86_64-linux-gnu/libpthread-2.15.so
7fa91f1b1000-7fa91f1b2000 rw-p 00018000 08:01 531513                     /lib/x86_64-linux-gnu/libpthread-2.15.so
7fa91f1b2000-7fa91f1b6000 rw-p 00000000 00:00 0 
7fa91f1b6000-7fa91f1cc000 r-xp 00000000 08:01 528271                     /lib/x86_64-linux-gnu/libgcc_s.so.1
7fa91f1cc000-7fa91f3cb000 ---p 00016000 08:01 528271                     /lib/x86_64-linux-gnu/libgcc_s.so.1
7fa91f3cb000-7fa91f3cc000 r--p 00015000 08:01 528271                     /lib/x86_64-linux-gnu/libgcc_s.so.1
7fa91f3cc000-7fa91f3cd000 rw-p 00016000 08:01 528271                     /lib/x86_64-linux-gnu/libgcc_s.so.1
7fa91f3cd000-7fa91f53a000 r-xp 00000000 08:01 2521278                    /usr/lib/x86_64-linux-gnu/libstdc++.so.6.0.21
7fa91f53a000-7fa91f73a000 ---p 0016d000 08:01 2521278                    /usr/lib/x86_64-linux-gnu/libstdc++.so.6.0.21
7fa91f73a000-7fa91f744000 r--p 0016d000 08:01 2521278                    /usr/lib/x86_64-linux-gnu/libstdc++.so.6.0.21
7fa91f744000-7fa91f746000 rw-p 00177000 08:01 2521278                    /usr/lib/x86_64-linux-gnu/libstdc++.so.6.0.21
7fa91f746000-7fa91f74a000 rw-p 00000000 00:00 0 
7fa91f74a000-7fa91f75e000 r-xp 00000000 08:01 2525251                    /usr/lib/x86_64-linux-gnu/libboost_filesystem.so.1.55.0
7fa91f75e000-7fa91f95e000 ---p 00014000 08:01 2525251                    /usr/lib/x86_64-linux-gnu/libboost_filesystem.so.1.55.0
7fa91f95e000-7fa91f95f000 r--p 00014000 08:01 2525251                    /usr/lib/x86_64-linux-gnu/libboost_filesystem.so.1.55.0
7fa91f95f000-7fa91f960000 rw-p 00015000 08:01 2525251                    /usr/lib/x86_64-linux-gnu/libboost_filesystem.so.1.55.0
7fa91f960000-7fa91f963000 r-xp 00000000 08:01 2525247                    /usr/lib/x86_64-linux-gnu/libboost_system.so.1.55.0
7fa91f963000-7fa91fb62000 ---p 00003000 08:01 2525247                    /usr/lib/x86_64-linux-gnu/libboost_system.so.1.55.0
7fa91fb62000-7fa91fb63000 r--p 00002000 08:01 2525247                    /usr/lib/x86_64-linux-gnu/libboost_system.so.1.55.0
7fa91fb63000-7fa91fb64000 rw-p 00003000 08:01 2525247                    /usr/lib/x86_64-linux-gnu/libboost_system.so.1.55.0
7fa91fb64000-7fa91fb70000 r-xp 00000000 08:01 2507820                    /usr/lib/libhdfs.so.0.0.0
7fa91fb70000-7fa91fd6f000 ---p 0000c000 08:01 2507820                    /usr/lib/libhdfs.so.0.0.0
7fa91fd6f000-7fa91fd70000 r--p 0000b000 08:01 2507820                    /usr/lib/libhdfs.so.0.0.0
7fa91fd70000-7fa91fd71000 rw-p 0000c000 08:01 2507820                    /usr/lib/libhdfs.so.0.0.0
7fa91fd71000-7fa91fd8e000 r-xp 00000000 08:01 2772799                    /usr/local/lib/libglog.so.0.0.0
7fa91fd8e000-7fa91ff8d000 ---p 0001d000 08:01 2772799                    /usr/local/lib/libglog.so.0.0.0
7fa91ff8d000-7fa91ff8e000 r--p 0001c000 08:01 2772799                    /usr/local/lib/libglog.so.0.0.0
7fa91ff8e000-7fa91ff8f000 rw-p 0001d000 08:01 2772799                    /usr/local/lib/libglog.so.0.0.0
7fa91ff8f000-7fa91ff9f000 rw-p 00000000 00:00 0 
7fa91ff9f000-7fa92003e000 r-xp 00000000 08:01 2772706                    /usr/local/lib/libthrift-0.9.2.so
7fa92003e000-7fa92023e000 ---p 0009f000 08:01 2772706                    /usr/local/lib/libthrift-0.9.2.so
7fa92023e000-7fa920244000 r--p 0009f000 08:01 2772706                    /usr/local/lib/libthrift-0.9.2.so
7fa920244000-7fa920246000 rw-p 000a5000 08:01 2772706                    /usr/local/lib/libthrift-0.9.2.so
7fa920246000-7fa920268000 r-xp 00000000 08:01 531521                     /lib/x86_64-linux-gnu/ld-2.15.so
7fa920268000-7fa920269000 r--s 00002000 08:01 2507054                    /usr/lib/zookeeper/lib/slf4j-log4j12-1.6.1.jar
7fa920269000-7fa92026d000 r--s 00028000 08:01 2507280                    /usr/lib/hadoop-hdfs/lib/jetty-util-6.1.26.cloudera.2.jar
7fa92026d000-7fa920270000 r--s 00006000 08:01 2507286                    /usr/lib/hadoop-hdfs/lib/jsr305-1.3.9.jar
7fa920270000-7fa920275000 r--s 00040000 08:01 2507300                    /usr/lib/hadoop-hdfs/lib/commons-lang-2.5.jar
7fa920275000-7fa92027f000 rw-p 00000000 00:00 0 
7fa92027f000-7fa920335000 rw-p 00000000 00:00 0 
7fa920335000-7fa920342000 r-xp 00000000 08:01 1186971                    /opt/jdk1.6.0_45/jre/lib/amd64/libverify.so
7fa920342000-7fa920441000 ---p 0000d000 08:01 1186971                    /opt/jdk1.6.0_45/jre/lib/amd64/libverify.so
7fa920441000-7fa920444000 rw-p 0000c000 08:01 1186971                    /opt/jdk1.6.0_45/jre/lib/amd64/libverify.so
7fa920444000-7fa92044d000 rw-p 00000000 00:00 0 
7fa92044d000-7fa92044e000 r--s 00003000 08:01 2507284                    /usr/lib/hadoop-hdfs/lib/xmlenc-0.52.jar
7fa92044e000-7fa92044f000 r--s 0000a000 08:01 2507292                    /usr/lib/hadoop-hdfs/lib/asm-3.2.jar
7fa92044f000-7fa920452000 r--s 00016000 08:01 2507285                    /usr/lib/hadoop-hdfs/lib/jsp-api-2.1.jar
7fa920452000-7fa92045b000 r--s 0006f000 08:01 2507288                    /usr/lib/hadoop-hdfs/lib/log4j-1.2.17.jar
7fa92045b000-7fa920463000 rw-s 00000000 08:01 2230619                    /tmp/hsperfdata_mapred/7835
7fa920463000-7fa920464000 rw-p 00000000 00:00 0 
7fa920464000-7fa920465000 r--p 00000000 00:00 0 
7fa920465000-7fa920468000 rw-p 00000000 00:00 0 
7fa920468000-7fa920469000 r--p 00022000 08:01 531521                     /lib/x86_64-linux-gnu/ld-2.15.so
7fa920469000-7fa92046b000 rw-p 00023000 08:01 531521                     /lib/x86_64-linux-gnu/ld-2.15.so
7fffa796e000-7fffa7971000 ---p 00000000 00:00 0 
7fffa7972000-7fffa7a6e000 rwxp 00000000 00:00 0                          [stack]
7fffa7a6e000-7fffa7a74000 rw-p 00000000 00:00 0 
7fffa7bd3000-7fffa7bd5000 r-xp 00000000 00:00 0                          [vdso]
ffffffffff600000-ffffffffff601000 r-xp 00000000 00:00 0                  [vsyscall]

VM Arguments:
java_command: <unknown>
Launcher Type: generic

Environment Variables:
JAVA_HOME=/opt/jdk1.6.0_45
JRE_HOME=/opt/jdk1.6.0_45/jre
PATH=/opt/gocode/bin:/opt/jdk1.6.0_45/bin:/opt/jdk1.6.0_45/jre/bin:/usr/local/go/bin:/usr/local/sbin:/usr/local/bin:/usr/sbin:/usr/bin:/sbin:/bin:/usr/games
LD_LIBRARY_PATH=/opt/jdk1.6.0_45/jre/lib/amd64/server:/c++/Linux-amd64-64/lib:/usr/local/lib:/usr/lib
SHELL=/bin/bash

Signal Handlers:
SIGSEGV: [libjvm.so+0x862a30], sa_mask[0]=0x7ffbfeff, sa_flags=0x10000004
SIGBUS: [libjvm.so+0x862a30], sa_mask[0]=0x7ffbfeff, sa_flags=0x10000004
SIGFPE: [libjvm.so+0x7106f0], sa_mask[0]=0x7ffbfeff, sa_flags=0x10000004
SIGPIPE: [libjvm.so+0x7106f0], sa_mask[0]=0x7ffbfeff, sa_flags=0x10000004
SIGXFSZ: [libjvm.so+0x7106f0], sa_mask[0]=0x7ffbfeff, sa_flags=0x10000004
SIGILL: [libjvm.so+0x7106f0], sa_mask[0]=0x7ffbfeff, sa_flags=0x10000004
SIGUSR1: SIG_DFL, sa_mask[0]=0x00000000, sa_flags=0x00000000
SIGUSR2: [libjvm.so+0x713520], sa_mask[0]=0x00000000, sa_flags=0x10000004
SIGHUP: [libjvm.so+0x713120], sa_mask[0]=0x7ffbfeff, sa_flags=0x10000004
SIGINT: [libjvm.so+0x713120], sa_mask[0]=0x7ffbfeff, sa_flags=0x10000004
SIGTERM: [libjvm.so+0x713120], sa_mask[0]=0x7ffbfeff, sa_flags=0x10000004
SIGQUIT: [libjvm.so+0x713120], sa_mask[0]=0x7ffbfeff, sa_flags=0x10000004


---------------  S Y S T E M  ---------------

OS:wheezy/sid

uname:Linux 3.11.0-15-generic #25~precise1-Ubuntu SMP Thu Jan 30 17:39:31 UTC 2014 x86_64
libc:glibc 2.15 NPTL 2.15 
rlimit: STACK 8192k, CORE 0k, NPROC 65536, NOFILE 32768, AS infinity
load average:1.08 1.07 1.06

/proc/meminfo:
MemTotal:       65929444 kB
MemFree:         2906536 kB
Buffers:          512192 kB
Cached:         56247916 kB
SwapCached:            0 kB
Active:         19726688 kB
Inactive:       40756052 kB
Active(anon):    3248704 kB
Inactive(anon):   480524 kB
Active(file):   16477984 kB
Inactive(file): 40275528 kB
Unevictable:           0 kB
Mlocked:               0 kB
SwapTotal:      67059708 kB
SwapFree:       67059708 kB
Dirty:              2436 kB
Writeback:             0 kB
AnonPages:       3722760 kB
Mapped:           185412 kB
Shmem:              6592 kB
Slab:            2036216 kB
SReclaimable:    1972640 kB
SUnreclaim:        63576 kB
KernelStack:        6816 kB
PageTables:        48124 kB
NFS_Unstable:          0 kB
Bounce:                0 kB
WritebackTmp:          0 kB
CommitLimit:    100024428 kB
Committed_AS:    9663428 kB
VmallocTotal:   34359738367 kB
VmallocUsed:      397028 kB
VmallocChunk:   34359338300 kB
HardwareCorrupted:     0 kB
AnonHugePages:         0 kB
HugePages_Total:       0
HugePages_Free:        0
HugePages_Rsvd:        0
HugePages_Surp:        0
Hugepagesize:       2048 kB
DirectMap4k:       99264 kB
DirectMap2M:     6146048 kB
DirectMap1G:    60817408 kB


CPU:total 12 (6 cores per cpu, 2 threads per core) family 6 model 45 stepping 7, cmov, cx8, fxsr, mmx, sse, sse2, sse3, ssse3, sse4.1, sse4.2, popcnt, ht

/proc/cpuinfo:
processor	: 0
vendor_id	: GenuineIntel
cpu family	: 6
model		: 45
model name	: Intel(R) Xeon(R) CPU E5-2620 0 @ 2.00GHz
stepping	: 7
microcode	: 0x70b
cpu MHz		: 2000.050
cache size	: 15360 KB
physical id	: 0
siblings	: 12
core id		: 0
cpu cores	: 6
apicid		: 0
initial apicid	: 0
fpu		: yes
fpu_exception	: yes
cpuid level	: 13
wp		: yes
flags		: fpu vme de pse tsc msr pae mce cx8 apic sep mtrr pge mca cmov pat pse36 clflush dts acpi mmx fxsr sse sse2 ss ht tm pbe syscall nx pdpe1gb rdtscp lm constant_tsc arch_perfmon pebs bts rep_good nopl xtopology nonstop_tsc aperfmperf eagerfpu pni pclmulqdq dtes64 monitor ds_cpl vmx smx est tm2 ssse3 cx16 xtpr pdcm pcid dca sse4_1 sse4_2 x2apic popcnt tsc_deadline_timer aes xsave avx lahf_lm ida arat xsaveopt pln pts dtherm tpr_shadow vnmi flexpriority ept vpid
bogomips	: 4000.10
clflush size	: 64
cache_alignment	: 64
address sizes	: 46 bits physical, 48 bits virtual
power management:

processor	: 1
vendor_id	: GenuineIntel
cpu family	: 6
model		: 45
model name	: Intel(R) Xeon(R) CPU E5-2620 0 @ 2.00GHz
stepping	: 7
microcode	: 0x70b
cpu MHz		: 2000.050
cache size	: 15360 KB
physical id	: 0
siblings	: 12
core id		: 1
cpu cores	: 6
apicid		: 2
initial apicid	: 2
fpu		: yes
fpu_exception	: yes
cpuid level	: 13
wp		: yes
flags		: fpu vme de pse tsc msr pae mce cx8 apic sep mtrr pge mca cmov pat pse36 clflush dts acpi mmx fxsr sse sse2 ss ht tm pbe syscall nx pdpe1gb rdtscp lm constant_tsc arch_perfmon pebs bts rep_good nopl xtopology nonstop_tsc aperfmperf eagerfpu pni pclmulqdq dtes64 monitor ds_cpl vmx smx est tm2 ssse3 cx16 xtpr pdcm pcid dca sse4_1 sse4_2 x2apic popcnt tsc_deadline_timer aes xsave avx lahf_lm ida arat xsaveopt pln pts dtherm tpr_shadow vnmi flexpriority ept vpid
bogomips	: 4000.10
clflush size	: 64
cache_alignment	: 64
address sizes	: 46 bits physical, 48 bits virtual
power management:

processor	: 2
vendor_id	: GenuineIntel
cpu family	: 6
model		: 45
model name	: Intel(R) Xeon(R) CPU E5-2620 0 @ 2.00GHz
stepping	: 7
microcode	: 0x70b
cpu MHz		: 2000.050
cache size	: 15360 KB
physical id	: 0
siblings	: 12
core id		: 2
cpu cores	: 6
apicid		: 4
initial apicid	: 4
fpu		: yes
fpu_exception	: yes
cpuid level	: 13
wp		: yes
flags		: fpu vme de pse tsc msr pae mce cx8 apic sep mtrr pge mca cmov pat pse36 clflush dts acpi mmx fxsr sse sse2 ss ht tm pbe syscall nx pdpe1gb rdtscp lm constant_tsc arch_perfmon pebs bts rep_good nopl xtopology nonstop_tsc aperfmperf eagerfpu pni pclmulqdq dtes64 monitor ds_cpl vmx smx est tm2 ssse3 cx16 xtpr pdcm pcid dca sse4_1 sse4_2 x2apic popcnt tsc_deadline_timer aes xsave avx lahf_lm ida arat xsaveopt pln pts dtherm tpr_shadow vnmi flexpriority ept vpid
bogomips	: 4000.10
clflush size	: 64
cache_alignment	: 64
address sizes	: 46 bits physical, 48 bits virtual
power management:

processor	: 3
vendor_id	: GenuineIntel
cpu family	: 6
model		: 45
model name	: Intel(R) Xeon(R) CPU E5-2620 0 @ 2.00GHz
stepping	: 7
microcode	: 0x70b
cpu MHz		: 2000.050
cache size	: 15360 KB
physical id	: 0
siblings	: 12
core id		: 3
cpu cores	: 6
apicid		: 6
initial apicid	: 6
fpu		: yes
fpu_exception	: yes
cpuid level	: 13
wp		: yes
flags		: fpu vme de pse tsc msr pae mce cx8 apic sep mtrr pge mca cmov pat pse36 clflush dts acpi mmx fxsr sse sse2 ss ht tm pbe syscall nx pdpe1gb rdtscp lm constant_tsc arch_perfmon pebs bts rep_good nopl xtopology nonstop_tsc aperfmperf eagerfpu pni pclmulqdq dtes64 monitor ds_cpl vmx smx est tm2 ssse3 cx16 xtpr pdcm pcid dca sse4_1 sse4_2 x2apic popcnt tsc_deadline_timer aes xsave avx lahf_lm ida arat xsaveopt pln pts dtherm tpr_shadow vnmi flexpriority ept vpid
bogomips	: 4000.10
clflush size	: 64
cache_alignment	: 64
address sizes	: 46 bits physical, 48 bits virtual
power management:

processor	: 4
vendor_id	: GenuineIntel
cpu family	: 6
model		: 45
model name	: Intel(R) Xeon(R) CPU E5-2620 0 @ 2.00GHz
stepping	: 7
microcode	: 0x70b
cpu MHz		: 2000.050
cache size	: 15360 KB
physical id	: 0
siblings	: 12
core id		: 4
cpu cores	: 6
apicid		: 8
initial apicid	: 8
fpu		: yes
fpu_exception	: yes
cpuid level	: 13
wp		: yes
flags		: fpu vme de pse tsc msr pae mce cx8 apic sep mtrr pge mca cmov pat pse36 clflush dts acpi mmx fxsr sse sse2 ss ht tm pbe syscall nx pdpe1gb rdtscp lm constant_tsc arch_perfmon pebs bts rep_good nopl xtopology nonstop_tsc aperfmperf eagerfpu pni pclmulqdq dtes64 monitor ds_cpl vmx smx est tm2 ssse3 cx16 xtpr pdcm pcid dca sse4_1 sse4_2 x2apic popcnt tsc_deadline_timer aes xsave avx lahf_lm ida arat xsaveopt pln pts dtherm tpr_shadow vnmi flexpriority ept vpid
bogomips	: 4000.10
clflush size	: 64
cache_alignment	: 64
address sizes	: 46 bits physical, 48 bits virtual
power management:

processor	: 5
vendor_id	: GenuineIntel
cpu family	: 6
model		: 45
model name	: Intel(R) Xeon(R) CPU E5-2620 0 @ 2.00GHz
stepping	: 7
microcode	: 0x70b
cpu MHz		: 2000.050
cache size	: 15360 KB
physical id	: 0
siblings	: 12
core id		: 5
cpu cores	: 6
apicid		: 10
initial apicid	: 10
fpu		: yes
fpu_exception	: yes
cpuid level	: 13
wp		: yes
flags		: fpu vme de pse tsc msr pae mce cx8 apic sep mtrr pge mca cmov pat pse36 clflush dts acpi mmx fxsr sse sse2 ss ht tm pbe syscall nx pdpe1gb rdtscp lm constant_tsc arch_perfmon pebs bts rep_good nopl xtopology nonstop_tsc aperfmperf eagerfpu pni pclmulqdq dtes64 monitor ds_cpl vmx smx est tm2 ssse3 cx16 xtpr pdcm pcid dca sse4_1 sse4_2 x2apic popcnt tsc_deadline_timer aes xsave avx lahf_lm ida arat xsaveopt pln pts dtherm tpr_shadow vnmi flexpriority ept vpid
bogomips	: 4000.10
clflush size	: 64
cache_alignment	: 64
address sizes	: 46 bits physical, 48 bits virtual
power management:

processor	: 6
vendor_id	: GenuineIntel
cpu family	: 6
model		: 45
model name	: Intel(R) Xeon(R) CPU E5-2620 0 @ 2.00GHz
stepping	: 7
microcode	: 0x70b
cpu MHz		: 2000.050
cache size	: 15360 KB
physical id	: 0
siblings	: 12
core id		: 0
cpu cores	: 6
apicid		: 1
initial apicid	: 1
fpu		: yes
fpu_exception	: yes
cpuid level	: 13
wp		: yes
flags		: fpu vme de pse tsc msr pae mce cx8 apic sep mtrr pge mca cmov pat pse36 clflush dts acpi mmx fxsr sse sse2 ss ht tm pbe syscall nx pdpe1gb rdtscp lm constant_tsc arch_perfmon pebs bts rep_good nopl xtopology nonstop_tsc aperfmperf eagerfpu pni pclmulqdq dtes64 monitor ds_cpl vmx smx est tm2 ssse3 cx16 xtpr pdcm pcid dca sse4_1 sse4_2 x2apic popcnt tsc_deadline_timer aes xsave avx lahf_lm ida arat xsaveopt pln pts dtherm tpr_shadow vnmi flexpriority ept vpid
bogomips	: 4000.10
clflush size	: 64
cache_alignment	: 64
address sizes	: 46 bits physical, 48 bits virtual
power management:

processor	: 7
vendor_id	: GenuineIntel
cpu family	: 6
model		: 45
model name	: Intel(R) Xeon(R) CPU E5-2620 0 @ 2.00GHz
stepping	: 7
microcode	: 0x70b
cpu MHz		: 2000.050
cache size	: 15360 KB
physical id	: 0
siblings	: 12
core id		: 1
cpu cores	: 6
apicid		: 3
initial apicid	: 3
fpu		: yes
fpu_exception	: yes
cpuid level	: 13
wp		: yes
flags		: fpu vme de pse tsc msr pae mce cx8 apic sep mtrr pge mca cmov pat pse36 clflush dts acpi mmx fxsr sse sse2 ss ht tm pbe syscall nx pdpe1gb rdtscp lm constant_tsc arch_perfmon pebs bts rep_good nopl xtopology nonstop_tsc aperfmperf eagerfpu pni pclmulqdq dtes64 monitor ds_cpl vmx smx est tm2 ssse3 cx16 xtpr pdcm pcid dca sse4_1 sse4_2 x2apic popcnt tsc_deadline_timer aes xsave avx lahf_lm ida arat xsaveopt pln pts dtherm tpr_shadow vnmi flexpriority ept vpid
bogomips	: 4000.10
clflush size	: 64
cache_alignment	: 64
address sizes	: 46 bits physical, 48 bits virtual
power management:

processor	: 8
vendor_id	: GenuineIntel
cpu family	: 6
model		: 45
model name	: Intel(R) Xeon(R) CPU E5-2620 0 @ 2.00GHz
stepping	: 7
microcode	: 0x70b
cpu MHz		: 2000.050
cache size	: 15360 KB
physical id	: 0
siblings	: 12
core id		: 2
cpu cores	: 6
apicid		: 5
initial apicid	: 5
fpu		: yes
fpu_exception	: yes
cpuid level	: 13
wp		: yes
flags		: fpu vme de pse tsc msr pae mce cx8 apic sep mtrr pge mca cmov pat pse36 clflush dts acpi mmx fxsr sse sse2 ss ht tm pbe syscall nx pdpe1gb rdtscp lm constant_tsc arch_perfmon pebs bts rep_good nopl xtopology nonstop_tsc aperfmperf eagerfpu pni pclmulqdq dtes64 monitor ds_cpl vmx smx est tm2 ssse3 cx16 xtpr pdcm pcid dca sse4_1 sse4_2 x2apic popcnt tsc_deadline_timer aes xsave avx lahf_lm ida arat xsaveopt pln pts dtherm tpr_shadow vnmi flexpriority ept vpid
bogomips	: 4000.10
clflush size	: 64
cache_alignment	: 64
address sizes	: 46 bits physical, 48 bits virtual
power management:

processor	: 9
vendor_id	: GenuineIntel
cpu family	: 6
model		: 45
model name	: Intel(R) Xeon(R) CPU E5-2620 0 @ 2.00GHz
stepping	: 7
microcode	: 0x70b
cpu MHz		: 2000.050
cache size	: 15360 KB
physical id	: 0
siblings	: 12
core id		: 3
cpu cores	: 6
apicid		: 7
initial apicid	: 7
fpu		: yes
fpu_exception	: yes
cpuid level	: 13
wp		: yes
flags		: fpu vme de pse tsc msr pae mce cx8 apic sep mtrr pge mca cmov pat pse36 clflush dts acpi mmx fxsr sse sse2 ss ht tm pbe syscall nx pdpe1gb rdtscp lm constant_tsc arch_perfmon pebs bts rep_good nopl xtopology nonstop_tsc aperfmperf eagerfpu pni pclmulqdq dtes64 monitor ds_cpl vmx smx est tm2 ssse3 cx16 xtpr pdcm pcid dca sse4_1 sse4_2 x2apic popcnt tsc_deadline_timer aes xsave avx lahf_lm ida arat xsaveopt pln pts dtherm tpr_shadow vnmi flexpriority ept vpid
bogomips	: 4000.10
clflush size	: 64
cache_alignment	: 64
address sizes	: 46 bits physical, 48 bits virtual
power management:

processor	: 10
vendor_id	: GenuineIntel
cpu family	: 6
model		: 45
model name	: Intel(R) Xeon(R) CPU E5-2620 0 @ 2.00GHz
stepping	: 7
microcode	: 0x70b
cpu MHz		: 2000.050
cache size	: 15360 KB
physical id	: 0
siblings	: 12
core id		: 4
cpu cores	: 6
apicid		: 9
initial apicid	: 9
fpu		: yes
fpu_exception	: yes
cpuid level	: 13
wp		: yes
flags		: fpu vme de pse tsc msr pae mce cx8 apic sep mtrr pge mca cmov pat pse36 clflush dts acpi mmx fxsr sse sse2 ss ht tm pbe syscall nx pdpe1gb rdtscp lm constant_tsc arch_perfmon pebs bts rep_good nopl xtopology nonstop_tsc aperfmperf eagerfpu pni pclmulqdq dtes64 monitor ds_cpl vmx smx est tm2 ssse3 cx16 xtpr pdcm pcid dca sse4_1 sse4_2 x2apic popcnt tsc_deadline_timer aes xsave avx lahf_lm ida arat xsaveopt pln pts dtherm tpr_shadow vnmi flexpriority ept vpid
bogomips	: 4000.10
clflush size	: 64
cache_alignment	: 64
address sizes	: 46 bits physical, 48 bits virtual
power management:

processor	: 11
vendor_id	: GenuineIntel
cpu family	: 6
model		: 45
model name	: Intel(R) Xeon(R) CPU E5-2620 0 @ 2.00GHz
stepping	: 7
microcode	: 0x70b
cpu MHz		: 2000.050
cache size	: 15360 KB
physical id	: 0
siblings	: 12
core id		: 5
cpu cores	: 6
apicid		: 11
initial apicid	: 11
fpu		: yes
fpu_exception	: yes
cpuid level	: 13
wp		: yes
flags		: fpu vme de pse tsc msr pae mce cx8 apic sep mtrr pge mca cmov pat pse36 clflush dts acpi mmx fxsr sse sse2 ss ht tm pbe syscall nx pdpe1gb rdtscp lm constant_tsc arch_perfmon pebs bts rep_good nopl xtopology nonstop_tsc aperfmperf eagerfpu pni pclmulqdq dtes64 monitor ds_cpl vmx smx est tm2 ssse3 cx16 xtpr pdcm pcid dca sse4_1 sse4_2 x2apic popcnt tsc_deadline_timer aes xsave avx lahf_lm ida arat xsaveopt pln pts dtherm tpr_shadow vnmi flexpriority ept vpid
bogomips	: 4000.10
clflush size	: 64
cache_alignment	: 64
address sizes	: 46 bits physical, 48 bits virtual
power management:



Memory: 4k page, physical 65929444k(2906536k free), swap 67059708k(67059708k free)

vm_info: Java HotSpot(TM) 64-Bit Server VM (20.45-b01) for linux-amd64 JRE (1.6.0_45-b06), built on Mar 26 2013 14:07:02 by "java_re" with gcc 3.2.2 (SuSE Linux)

time: Thu Sep 17 11:04:15 2015
elapsed time: 1 seconds

